CRITICAL - 2023-01-25 11:21:59 --> Undefined variable: nm_rpl
#0 G:\PROJECT\UNIFA\RPL-UF\app\Views\Front\rpl-mahasiswa-upload.php(79): CodeIgniter\Debug\Exceptions->errorHandler(8, 'Undefined varia...', 'G:\\PROJECT\\UNIF...', 79, Array)
#1 G:\PROJECT\UNIFA\RPL-UF\vendor\codeigniter4\framework\system\View\View.php(230): include('G:\\PROJECT\\UNIF...')
#2 G:\PROJECT\UNIFA\RPL-UF\vendor\codeigniter4\framework\system\View\View.php(232): CodeIgniter\View\View->CodeIgniter\View\{closure}()
#3 G:\PROJECT\UNIFA\RPL-UF\vendor\codeigniter4\framework\system\Common.php(1250): CodeIgniter\View\View->render('Front/rpl-mahas...', Array, true)
#4 G:\PROJECT\UNIFA\RPL-UF\app\Controllers\Front.php(334): view('Front/rpl-mahas...', Array)
#5 G:\PROJECT\UNIFA\RPL-UF\vendor\codeigniter4\framework\system\CodeIgniter.php(931): App\Controllers\Front->Simpanberkas()
#6 G:\PROJECT\UNIFA\RPL-UF\vendor\codeigniter4\framework\system\CodeIgniter.php(439): CodeIgniter\CodeIgniter->runController(Object(App\Controllers\Front))
#7 G:\PROJECT\UNIFA\RPL-UF\vendor\codeigniter4\framework\system\CodeIgniter.php(339): CodeIgniter\CodeIgniter->handleRequest(NULL, Object(Config\Cache), false)
#8 G:\PROJECT\UNIFA\RPL-UF\public\index.php(45): CodeIgniter\CodeIgniter->run()
#9 G:\PROJECT\UNIFA\RPL-UF\vendor\codeigniter4\framework\system\Commands\Server\rewrite.php(45): require_once('G:\\PROJECT\\UNIF...')
#10 {main}
CRITICAL - 2023-01-25 11:23:40 --> Undefined variable: nm_rpl
#0 G:\PROJECT\UNIFA\RPL-UF\app\Views\Front\rpl-mahasiswa-upload.php(88): CodeIgniter\Debug\Exceptions->errorHandler(8, 'Undefined varia...', 'G:\\PROJECT\\UNIF...', 88, Array)
#1 G:\PROJECT\UNIFA\RPL-UF\vendor\codeigniter4\framework\system\View\View.php(230): include('G:\\PROJECT\\UNIF...')
#2 G:\PROJECT\UNIFA\RPL-UF\vendor\codeigniter4\framework\system\View\View.php(232): CodeIgniter\View\View->CodeIgniter\View\{closure}()
#3 G:\PROJECT\UNIFA\RPL-UF\vendor\codeigniter4\framework\system\Common.php(1250): CodeIgniter\View\View->render('Front/rpl-mahas...', Array, true)
#4 G:\PROJECT\UNIFA\RPL-UF\app\Controllers\Front.php(334): view('Front/rpl-mahas...', Array)
#5 G:\PROJECT\UNIFA\RPL-UF\vendor\codeigniter4\framework\system\CodeIgniter.php(931): App\Controllers\Front->Simpanberkas()
#6 G:\PROJECT\UNIFA\RPL-UF\vendor\codeigniter4\framework\system\CodeIgniter.php(439): CodeIgniter\CodeIgniter->runController(Object(App\Controllers\Front))
#7 G:\PROJECT\UNIFA\RPL-UF\vendor\codeigniter4\framework\system\CodeIgniter.php(339): CodeIgniter\CodeIgniter->handleRequest(NULL, Object(Config\Cache), false)
#8 G:\PROJECT\UNIFA\RPL-UF\public\index.php(45): CodeIgniter\CodeIgniter->run()
#9 G:\PROJECT\UNIFA\RPL-UF\vendor\codeigniter4\framework\system\Commands\Server\rewrite.php(45): require_once('G:\\PROJECT\\UNIF...')
#10 {main}
CRITICAL - 2023-01-25 11:25:51 --> Undefined variable: nm_rpl
#0 G:\PROJECT\UNIFA\RPL-UF\app\Views\Front\rpl-mahasiswa-upload.php(88): CodeIgniter\Debug\Exceptions->errorHandler(8, 'Undefined varia...', 'G:\\PROJECT\\UNIF...', 88, Array)
#1 G:\PROJECT\UNIFA\RPL-UF\vendor\codeigniter4\framework\system\View\View.php(230): include('G:\\PROJECT\\UNIF...')
#2 G:\PROJECT\UNIFA\RPL-UF\vendor\codeigniter4\framework\system\View\View.php(232): CodeIgniter\View\View->CodeIgniter\View\{closure}()
#3 G:\PROJECT\UNIFA\RPL-UF\vendor\codeigniter4\framework\system\Common.php(1250): CodeIgniter\View\View->render('Front/rpl-mahas...', Array, true)
#4 G:\PROJECT\UNIFA\RPL-UF\app\Controllers\Front.php(337): view('Front/rpl-mahas...', Array)
#5 G:\PROJECT\UNIFA\RPL-UF\vendor\codeigniter4\framework\system\CodeIgniter.php(931): App\Controllers\Front->Simpanberkas()
#6 G:\PROJECT\UNIFA\RPL-UF\vendor\codeigniter4\framework\system\CodeIgniter.php(439): CodeIgniter\CodeIgniter->runController(Object(App\Controllers\Front))
#7 G:\PROJECT\UNIFA\RPL-UF\vendor\codeigniter4\framework\system\CodeIgniter.php(339): CodeIgniter\CodeIgniter->handleRequest(NULL, Object(Config\Cache), false)
#8 G:\PROJECT\UNIFA\RPL-UF\public\index.php(45): CodeIgniter\CodeIgniter->run()
#9 G:\PROJECT\UNIFA\RPL-UF\vendor\codeigniter4\framework\system\Commands\Server\rewrite.php(45): require_once('G:\\PROJECT\\UNIF...')
#10 {main}
CRITICAL - 2023-01-25 11:25:56 --> Undefined variable: nm_rpl
#0 G:\PROJECT\UNIFA\RPL-UF\app\Views\Front\rpl-mahasiswa-upload.php(88): CodeIgniter\Debug\Exceptions->errorHandler(8, 'Undefined varia...', 'G:\\PROJECT\\UNIF...', 88, Array)
#1 G:\PROJECT\UNIFA\RPL-UF\vendor\codeigniter4\framework\system\View\View.php(230): include('G:\\PROJECT\\UNIF...')
#2 G:\PROJECT\UNIFA\RPL-UF\vendor\codeigniter4\framework\system\View\View.php(232): CodeIgniter\View\View->CodeIgniter\View\{closure}()
#3 G:\PROJECT\UNIFA\RPL-UF\vendor\codeigniter4\framework\system\Common.php(1250): CodeIgniter\View\View->render('Front/rpl-mahas...', Array, true)
#4 G:\PROJECT\UNIFA\RPL-UF\app\Controllers\Front.php(337): view('Front/rpl-mahas...', Array)
#5 G:\PROJECT\UNIFA\RPL-UF\vendor\codeigniter4\framework\system\CodeIgniter.php(931): App\Controllers\Front->Simpanberkas()
#6 G:\PROJECT\UNIFA\RPL-UF\vendor\codeigniter4\framework\system\CodeIgniter.php(439): CodeIgniter\CodeIgniter->runController(Object(App\Controllers\Front))
#7 G:\PROJECT\UNIFA\RPL-UF\vendor\codeigniter4\framework\system\CodeIgniter.php(339): CodeIgniter\CodeIgniter->handleRequest(NULL, Object(Config\Cache), false)
#8 G:\PROJECT\UNIFA\RPL-UF\public\index.php(45): CodeIgniter\CodeIgniter->run()
#9 G:\PROJECT\UNIFA\RPL-UF\vendor\codeigniter4\framework\system\Commands\Server\rewrite.php(45): require_once('G:\\PROJECT\\UNIF...')
#10 {main}
CRITICAL - 2023-01-25 11:26:22 --> Undefined offset: 0
#0 G:\PROJECT\UNIFA\RPL-UF\app\Views\Front\rpl-mahasiswa-upload.php(48): CodeIgniter\Debug\Exceptions->errorHandler(8, 'Undefined offse...', 'G:\\PROJECT\\UNIF...', 48, Array)
#1 G:\PROJECT\UNIFA\RPL-UF\vendor\codeigniter4\framework\system\View\View.php(230): include('G:\\PROJECT\\UNIF...')
#2 G:\PROJECT\UNIFA\RPL-UF\vendor\codeigniter4\framework\system\View\View.php(232): CodeIgniter\View\View->CodeIgniter\View\{closure}()
#3 G:\PROJECT\UNIFA\RPL-UF\vendor\codeigniter4\framework\system\Common.php(1250): CodeIgniter\View\View->render('Front/rpl-mahas...', Array, true)
#4 G:\PROJECT\UNIFA\RPL-UF\app\Controllers\Front.php(337): view('Front/rpl-mahas...', Array)
#5 G:\PROJECT\UNIFA\RPL-UF\vendor\codeigniter4\framework\system\CodeIgniter.php(931): App\Controllers\Front->Simpanberkas()
#6 G:\PROJECT\UNIFA\RPL-UF\vendor\codeigniter4\framework\system\CodeIgniter.php(439): CodeIgniter\CodeIgniter->runController(Object(App\Controllers\Front))
#7 G:\PROJECT\UNIFA\RPL-UF\vendor\codeigniter4\framework\system\CodeIgniter.php(339): CodeIgniter\CodeIgniter->handleRequest(NULL, Object(Config\Cache), false)
#8 G:\PROJECT\UNIFA\RPL-UF\public\index.php(45): CodeIgniter\CodeIgniter->run()
#9 G:\PROJECT\UNIFA\RPL-UF\vendor\codeigniter4\framework\system\Commands\Server\rewrite.php(45): require_once('G:\\PROJECT\\UNIF...')
#10 {main}
CRITICAL - 2023-01-25 11:35:46 --> Undefined offset: 0
#0 G:\PROJECT\UNIFA\RPL-UF\app\Views\Front\rpl-mahasiswa.php(52): CodeIgniter\Debug\Exceptions->errorHandler(8, 'Undefined offse...', 'G:\\PROJECT\\UNIF...', 52, Array)
#1 G:\PROJECT\UNIFA\RPL-UF\vendor\codeigniter4\framework\system\View\View.php(230): include('G:\\PROJECT\\UNIF...')
#2 G:\PROJECT\UNIFA\RPL-UF\vendor\codeigniter4\framework\system\View\View.php(232): CodeIgniter\View\View->CodeIgniter\View\{closure}()
#3 G:\PROJECT\UNIFA\RPL-UF\vendor\codeigniter4\framework\system\Common.php(1250): CodeIgniter\View\View->render('Front/rpl-mahas...', Array, true)
#4 G:\PROJECT\UNIFA\RPL-UF\app\Controllers\Front.php(193): view('Front/rpl-mahas...', Array)
#5 G:\PROJECT\UNIFA\RPL-UF\vendor\codeigniter4\framework\system\CodeIgniter.php(931): App\Controllers\Front->insertbiodata()
#6 G:\PROJECT\UNIFA\RPL-UF\vendor\codeigniter4\framework\system\CodeIgniter.php(439): CodeIgniter\CodeIgniter->runController(Object(App\Controllers\Front))
#7 G:\PROJECT\UNIFA\RPL-UF\vendor\codeigniter4\framework\system\CodeIgniter.php(339): CodeIgniter\CodeIgniter->handleRequest(NULL, Object(Config\Cache), false)
#8 G:\PROJECT\UNIFA\RPL-UF\public\index.php(45): CodeIgniter\CodeIgniter->run()
#9 G:\PROJECT\UNIFA\RPL-UF\vendor\codeigniter4\framework\system\Commands\Server\rewrite.php(45): require_once('G:\\PROJECT\\UNIF...')
#10 {main}
CRITICAL - 2023-01-25 12:00:45 --> Cannot use object of type stdClass as array
#0 G:\PROJECT\UNIFA\RPL-UF\vendor\codeigniter4\framework\system\View\View.php(230): include()
#1 G:\PROJECT\UNIFA\RPL-UF\vendor\codeigniter4\framework\system\View\View.php(232): CodeIgniter\View\View->CodeIgniter\View\{closure}()
#2 G:\PROJECT\UNIFA\RPL-UF\vendor\codeigniter4\framework\system\Common.php(1250): CodeIgniter\View\View->render('Front/rpl-layou...', Array, true)
#3 G:\PROJECT\UNIFA\RPL-UF\app\Controllers\Front.php(22): view('Front/rpl-layou...', Array)
#4 G:\PROJECT\UNIFA\RPL-UF\vendor\codeigniter4\framework\system\CodeIgniter.php(931): App\Controllers\Front->index()
#5 G:\PROJECT\UNIFA\RPL-UF\vendor\codeigniter4\framework\system\CodeIgniter.php(439): CodeIgniter\CodeIgniter->runController(Object(App\Controllers\Front))
#6 G:\PROJECT\UNIFA\RPL-UF\vendor\codeigniter4\framework\system\CodeIgniter.php(339): CodeIgniter\CodeIgniter->handleRequest(NULL, Object(Config\Cache), false)
#7 G:\PROJECT\UNIFA\RPL-UF\public\index.php(45): CodeIgniter\CodeIgniter->run()
#8 G:\PROJECT\UNIFA\RPL-UF\vendor\codeigniter4\framework\system\Commands\Server\rewrite.php(45): require_once('G:\\PROJECT\\UNIF...')
#9 {main}
CRITICAL - 2023-01-25 12:01:09 --> Cannot use object of type stdClass as array
#0 G:\PROJECT\UNIFA\RPL-UF\vendor\codeigniter4\framework\system\View\View.php(230): include()
#1 G:\PROJECT\UNIFA\RPL-UF\vendor\codeigniter4\framework\system\View\View.php(232): CodeIgniter\View\View->CodeIgniter\View\{closure}()
#2 G:\PROJECT\UNIFA\RPL-UF\vendor\codeigniter4\framework\system\Common.php(1250): CodeIgniter\View\View->render('Front/rpl-layou...', Array, true)
#3 G:\PROJECT\UNIFA\RPL-UF\app\Controllers\Front.php(22): view('Front/rpl-layou...', Array)
#4 G:\PROJECT\UNIFA\RPL-UF\vendor\codeigniter4\framework\system\CodeIgniter.php(931): App\Controllers\Front->index()
#5 G:\PROJECT\UNIFA\RPL-UF\vendor\codeigniter4\framework\system\CodeIgniter.php(439): CodeIgniter\CodeIgniter->runController(Object(App\Controllers\Front))
#6 G:\PROJECT\UNIFA\RPL-UF\vendor\codeigniter4\framework\system\CodeIgniter.php(339): CodeIgniter\CodeIgniter->handleRequest(NULL, Object(Config\Cache), false)
#7 G:\PROJECT\UNIFA\RPL-UF\public\index.php(45): CodeIgniter\CodeIgniter->run()
#8 G:\PROJECT\UNIFA\RPL-UF\vendor\codeigniter4\framework\system\Commands\Server\rewrite.php(45): require_once('G:\\PROJECT\\UNIF...')
#9 {main}
CRITICAL - 2023-01-25 12:04:06 --> Undefined offset: 0
#0 G:\PROJECT\UNIFA\RPL-UF\app\Views\Front\rpl-mahasiswa.php(52): CodeIgniter\Debug\Exceptions->errorHandler(8, 'Undefined offse...', 'G:\\PROJECT\\UNIF...', 52, Array)
#1 G:\PROJECT\UNIFA\RPL-UF\vendor\codeigniter4\framework\system\View\View.php(230): include('G:\\PROJECT\\UNIF...')
#2 G:\PROJECT\UNIFA\RPL-UF\vendor\codeigniter4\framework\system\View\View.php(232): CodeIgniter\View\View->CodeIgniter\View\{closure}()
#3 G:\PROJECT\UNIFA\RPL-UF\vendor\codeigniter4\framework\system\Common.php(1250): CodeIgniter\View\View->render('Front/rpl-mahas...', Array, true)
#4 G:\PROJECT\UNIFA\RPL-UF\app\Controllers\Front.php(241): view('Front/rpl-mahas...', Array)
#5 G:\PROJECT\UNIFA\RPL-UF\vendor\codeigniter4\framework\system\CodeIgniter.php(931): App\Controllers\Front->Pendaftar()
#6 G:\PROJECT\UNIFA\RPL-UF\vendor\codeigniter4\framework\system\CodeIgniter.php(439): CodeIgniter\CodeIgniter->runController(Object(App\Controllers\Front))
#7 G:\PROJECT\UNIFA\RPL-UF\vendor\codeigniter4\framework\system\CodeIgniter.php(339): CodeIgniter\CodeIgniter->handleRequest(NULL, Object(Config\Cache), false)
#8 G:\PROJECT\UNIFA\RPL-UF\public\index.php(45): CodeIgniter\CodeIgniter->run()
#9 G:\PROJECT\UNIFA\RPL-UF\vendor\codeigniter4\framework\system\Commands\Server\rewrite.php(45): require_once('G:\\PROJECT\\UNIF...')
#10 {main}
CRITICAL - 2023-01-25 12:07:56 --> Undefined index: kode_prodi
#0 G:\PROJECT\UNIFA\RPL-UF\app\Views\Front\rpl-mahasiswa.php(191): CodeIgniter\Debug\Exceptions->errorHandler(8, 'Undefined index...', 'G:\\PROJECT\\UNIF...', 191, Array)
#1 G:\PROJECT\UNIFA\RPL-UF\vendor\codeigniter4\framework\system\View\View.php(230): include('G:\\PROJECT\\UNIF...')
#2 G:\PROJECT\UNIFA\RPL-UF\vendor\codeigniter4\framework\system\View\View.php(232): CodeIgniter\View\View->CodeIgniter\View\{closure}()
#3 G:\PROJECT\UNIFA\RPL-UF\vendor\codeigniter4\framework\system\Common.php(1250): CodeIgniter\View\View->render('Front/rpl-mahas...', Array, true)
#4 G:\PROJECT\UNIFA\RPL-UF\app\Controllers\Front.php(241): view('Front/rpl-mahas...', Array)
#5 G:\PROJECT\UNIFA\RPL-UF\vendor\codeigniter4\framework\system\CodeIgniter.php(931): App\Controllers\Front->Pendaftar()
#6 G:\PROJECT\UNIFA\RPL-UF\vendor\codeigniter4\framework\system\CodeIgniter.php(439): CodeIgniter\CodeIgniter->runController(Object(App\Controllers\Front))
#7 G:\PROJECT\UNIFA\RPL-UF\vendor\codeigniter4\framework\system\CodeIgniter.php(339): CodeIgniter\CodeIgniter->handleRequest(NULL, Object(Config\Cache), false)
#8 G:\PROJECT\UNIFA\RPL-UF\public\index.php(45): CodeIgniter\CodeIgniter->run()
#9 G:\PROJECT\UNIFA\RPL-UF\vendor\codeigniter4\framework\system\Commands\Server\rewrite.php(45): require_once('G:\\PROJECT\\UNIF...')
#10 {main}
CRITICAL - 2023-01-25 12:13:25 --> Undefined index: kode_prodi
#0 G:\PROJECT\UNIFA\RPL-UF\app\Controllers\Front.php(363): CodeIgniter\Debug\Exceptions->errorHandler(8, 'Undefined index...', 'G:\\PROJECT\\UNIF...', 363, Array)
#1 G:\PROJECT\UNIFA\RPL-UF\vendor\codeigniter4\framework\system\CodeIgniter.php(931): App\Controllers\Front->AssesmentMandiri()
#2 G:\PROJECT\UNIFA\RPL-UF\vendor\codeigniter4\framework\system\CodeIgniter.php(439): CodeIgniter\CodeIgniter->runController(Object(App\Controllers\Front))
#3 G:\PROJECT\UNIFA\RPL-UF\vendor\codeigniter4\framework\system\CodeIgniter.php(339): CodeIgniter\CodeIgniter->handleRequest(NULL, Object(Config\Cache), false)
#4 G:\PROJECT\UNIFA\RPL-UF\public\index.php(45): CodeIgniter\CodeIgniter->run()
#5 G:\PROJECT\UNIFA\RPL-UF\vendor\codeigniter4\framework\system\Commands\Server\rewrite.php(45): require_once('G:\\PROJECT\\UNIF...')
#6 {main}
CRITICAL - 2023-01-25 13:17:02 --> Undefined variable: html
#0 G:\PROJECT\UNIFA\RPL-UF\app\Views\Front\rpl-assesment-mandiri.php(113): CodeIgniter\Debug\Exceptions->errorHandler(8, 'Undefined varia...', 'G:\\PROJECT\\UNIF...', 113, Array)
#1 G:\PROJECT\UNIFA\RPL-UF\vendor\codeigniter4\framework\system\View\View.php(230): include('G:\\PROJECT\\UNIF...')
#2 G:\PROJECT\UNIFA\RPL-UF\vendor\codeigniter4\framework\system\View\View.php(232): CodeIgniter\View\View->CodeIgniter\View\{closure}()
#3 G:\PROJECT\UNIFA\RPL-UF\vendor\codeigniter4\framework\system\Common.php(1250): CodeIgniter\View\View->render('Front/rpl-asses...', Array, true)
#4 G:\PROJECT\UNIFA\RPL-UF\app\Controllers\Front.php(368): view('Front/rpl-asses...', Array)
#5 G:\PROJECT\UNIFA\RPL-UF\vendor\codeigniter4\framework\system\CodeIgniter.php(931): App\Controllers\Front->AssesmentMandiri()
#6 G:\PROJECT\UNIFA\RPL-UF\vendor\codeigniter4\framework\system\CodeIgniter.php(439): CodeIgniter\CodeIgniter->runController(Object(App\Controllers\Front))
#7 G:\PROJECT\UNIFA\RPL-UF\vendor\codeigniter4\framework\system\CodeIgniter.php(339): CodeIgniter\CodeIgniter->handleRequest(NULL, Object(Config\Cache), false)
#8 G:\PROJECT\UNIFA\RPL-UF\public\index.php(45): CodeIgniter\CodeIgniter->run()
#9 G:\PROJECT\UNIFA\RPL-UF\vendor\codeigniter4\framework\system\Commands\Server\rewrite.php(45): require_once('G:\\PROJECT\\UNIF...')
#10 {main}
CRITICAL - 2023-01-25 13:17:22 --> Undefined variable: html
#0 G:\PROJECT\UNIFA\RPL-UF\app\Views\Front\rpl-assesment-mandiri.php(113): CodeIgniter\Debug\Exceptions->errorHandler(8, 'Undefined varia...', 'G:\\PROJECT\\UNIF...', 113, Array)
#1 G:\PROJECT\UNIFA\RPL-UF\vendor\codeigniter4\framework\system\View\View.php(230): include('G:\\PROJECT\\UNIF...')
#2 G:\PROJECT\UNIFA\RPL-UF\vendor\codeigniter4\framework\system\View\View.php(232): CodeIgniter\View\View->CodeIgniter\View\{closure}()
#3 G:\PROJECT\UNIFA\RPL-UF\vendor\codeigniter4\framework\system\Common.php(1250): CodeIgniter\View\View->render('Front/rpl-asses...', Array, true)
#4 G:\PROJECT\UNIFA\RPL-UF\app\Controllers\Front.php(368): view('Front/rpl-asses...', Array)
#5 G:\PROJECT\UNIFA\RPL-UF\vendor\codeigniter4\framework\system\CodeIgniter.php(931): App\Controllers\Front->AssesmentMandiri()
#6 G:\PROJECT\UNIFA\RPL-UF\vendor\codeigniter4\framework\system\CodeIgniter.php(439): CodeIgniter\CodeIgniter->runController(Object(App\Controllers\Front))
#7 G:\PROJECT\UNIFA\RPL-UF\vendor\codeigniter4\framework\system\CodeIgniter.php(339): CodeIgniter\CodeIgniter->handleRequest(NULL, Object(Config\Cache), false)
#8 G:\PROJECT\UNIFA\RPL-UF\public\index.php(45): CodeIgniter\CodeIgniter->run()
#9 G:\PROJECT\UNIFA\RPL-UF\vendor\codeigniter4\framework\system\Commands\Server\rewrite.php(45): require_once('G:\\PROJECT\\UNIF...')
#10 {main}
CRITICAL - 2023-01-25 13:36:34 --> Undefined offset: 0
#0 G:\PROJECT\UNIFA\RPL-UF\app\Controllers\Front.php(363): CodeIgniter\Debug\Exceptions->errorHandler(8, 'Undefined offse...', 'G:\\PROJECT\\UNIF...', 363, Array)
#1 G:\PROJECT\UNIFA\RPL-UF\vendor\codeigniter4\framework\system\CodeIgniter.php(931): App\Controllers\Front->AssesmentMandiri()
#2 G:\PROJECT\UNIFA\RPL-UF\vendor\codeigniter4\framework\system\CodeIgniter.php(439): CodeIgniter\CodeIgniter->runController(Object(App\Controllers\Front))
#3 G:\PROJECT\UNIFA\RPL-UF\vendor\codeigniter4\framework\system\CodeIgniter.php(339): CodeIgniter\CodeIgniter->handleRequest(NULL, Object(Config\Cache), false)
#4 G:\PROJECT\UNIFA\RPL-UF\public\index.php(45): CodeIgniter\CodeIgniter->run()
#5 G:\PROJECT\UNIFA\RPL-UF\vendor\codeigniter4\framework\system\Commands\Server\rewrite.php(45): require_once('G:\\PROJECT\\UNIF...')
#6 {main}
CRITICAL - 2023-01-25 14:07:11 --> Undefined offset: 0
#0 G:\PROJECT\UNIFA\RPL-UF\app\Controllers\Front.php(175): CodeIgniter\Debug\Exceptions->errorHandler(8, 'Undefined offse...', 'G:\\PROJECT\\UNIF...', 175, Array)
#1 G:\PROJECT\UNIFA\RPL-UF\vendor\codeigniter4\framework\system\CodeIgniter.php(931): App\Controllers\Front->insertbiodata()
#2 G:\PROJECT\UNIFA\RPL-UF\vendor\codeigniter4\framework\system\CodeIgniter.php(439): CodeIgniter\CodeIgniter->runController(Object(App\Controllers\Front))
#3 G:\PROJECT\UNIFA\RPL-UF\vendor\codeigniter4\framework\system\CodeIgniter.php(339): CodeIgniter\CodeIgniter->handleRequest(NULL, Object(Config\Cache), false)
#4 G:\PROJECT\UNIFA\RPL-UF\public\index.php(45): CodeIgniter\CodeIgniter->run()
#5 G:\PROJECT\UNIFA\RPL-UF\vendor\codeigniter4\framework\system\Commands\Server\rewrite.php(45): require_once('G:\\PROJECT\\UNIF...')
#6 {main}
CRITICAL - 2023-01-25 21:44:36 --> Undefined offset: 0
#0 G:\PROJECT\UNIFA\RPL-UF\app\Views\Front\rpl-mahasiswa.php(52): CodeIgniter\Debug\Exceptions->errorHandler(8, 'Undefined offse...', 'G:\\PROJECT\\UNIF...', 52, Array)
#1 G:\PROJECT\UNIFA\RPL-UF\vendor\codeigniter4\framework\system\View\View.php(230): include('G:\\PROJECT\\UNIF...')
#2 G:\PROJECT\UNIFA\RPL-UF\vendor\codeigniter4\framework\system\View\View.php(232): CodeIgniter\View\View->CodeIgniter\View\{closure}()
#3 G:\PROJECT\UNIFA\RPL-UF\vendor\codeigniter4\framework\system\Common.php(1250): CodeIgniter\View\View->render('Front/rpl-mahas...', Array, true)
#4 G:\PROJECT\UNIFA\RPL-UF\app\Controllers\Front.php(255): view('Front/rpl-mahas...', Array)
#5 G:\PROJECT\UNIFA\RPL-UF\vendor\codeigniter4\framework\system\CodeIgniter.php(931): App\Controllers\Front->Pendaftar()
#6 G:\PROJECT\UNIFA\RPL-UF\vendor\codeigniter4\framework\system\CodeIgniter.php(439): CodeIgniter\CodeIgniter->runController(Object(App\Controllers\Front))
#7 G:\PROJECT\UNIFA\RPL-UF\vendor\codeigniter4\framework\system\CodeIgniter.php(339): CodeIgniter\CodeIgniter->handleRequest(NULL, Object(Config\Cache), false)
#8 G:\PROJECT\UNIFA\RPL-UF\public\index.php(45): CodeIgniter\CodeIgniter->run()
#9 G:\PROJECT\UNIFA\RPL-UF\vendor\codeigniter4\framework\system\Commands\Server\rewrite.php(45): require_once('G:\\PROJECT\\UNIF...')
#10 {main}
CRITICAL - 2023-01-25 21:47:47 --> Undefined offset: 0
#0 G:\PROJECT\UNIFA\RPL-UF\app\Controllers\Front.php(377): CodeIgniter\Debug\Exceptions->errorHandler(8, 'Undefined offse...', 'G:\\PROJECT\\UNIF...', 377, Array)
#1 G:\PROJECT\UNIFA\RPL-UF\vendor\codeigniter4\framework\system\CodeIgniter.php(931): App\Controllers\Front->AssesmentMandiri()
#2 G:\PROJECT\UNIFA\RPL-UF\vendor\codeigniter4\framework\system\CodeIgniter.php(439): CodeIgniter\CodeIgniter->runController(Object(App\Controllers\Front))
#3 G:\PROJECT\UNIFA\RPL-UF\vendor\codeigniter4\framework\system\CodeIgniter.php(339): CodeIgniter\CodeIgniter->handleRequest(NULL, Object(Config\Cache), false)
#4 G:\PROJECT\UNIFA\RPL-UF\public\index.php(45): CodeIgniter\CodeIgniter->run()
#5 G:\PROJECT\UNIFA\RPL-UF\vendor\codeigniter4\framework\system\Commands\Server\rewrite.php(45): require_once('G:\\PROJECT\\UNIF...')
#6 {main}
CRITICAL - 2023-01-25 22:03:10 --> Undefined index: idcpmk
#0 G:\PROJECT\UNIFA\RPL-UF\app\Views\Front\rpl-assesment-mandiri.php(135): CodeIgniter\Debug\Exceptions->errorHandler(8, 'Undefined index...', 'G:\\PROJECT\\UNIF...', 135, Array)
#1 G:\PROJECT\UNIFA\RPL-UF\vendor\codeigniter4\framework\system\View\View.php(230): include('G:\\PROJECT\\UNIF...')
#2 G:\PROJECT\UNIFA\RPL-UF\vendor\codeigniter4\framework\system\View\View.php(232): CodeIgniter\View\View->CodeIgniter\View\{closure}()
#3 G:\PROJECT\UNIFA\RPL-UF\vendor\codeigniter4\framework\system\Common.php(1250): CodeIgniter\View\View->render('Front/rpl-asses...', Array, true)
#4 G:\PROJECT\UNIFA\RPL-UF\app\Controllers\Front.php(382): view('Front/rpl-asses...', Array)
#5 G:\PROJECT\UNIFA\RPL-UF\vendor\codeigniter4\framework\system\CodeIgniter.php(931): App\Controllers\Front->AssesmentMandiri()
#6 G:\PROJECT\UNIFA\RPL-UF\vendor\codeigniter4\framework\system\CodeIgniter.php(439): CodeIgniter\CodeIgniter->runController(Object(App\Controllers\Front))
#7 G:\PROJECT\UNIFA\RPL-UF\vendor\codeigniter4\framework\system\CodeIgniter.php(339): CodeIgniter\CodeIgniter->handleRequest(NULL, Object(Config\Cache), false)
#8 G:\PROJECT\UNIFA\RPL-UF\public\index.php(45): CodeIgniter\CodeIgniter->run()
#9 G:\PROJECT\UNIFA\RPL-UF\vendor\codeigniter4\framework\system\Commands\Server\rewrite.php(45): require_once('G:\\PROJECT\\UNIF...')
#10 {main}
CRITICAL - 2023-01-25 23:07:39 --> Array to string conversion
#0 G:\PROJECT\UNIFA\RPL-UF\app\Controllers\Front.php(407): CodeIgniter\Debug\Exceptions->errorHandler(8, 'Array to string...', 'G:\\PROJECT\\UNIF...', 407, Array)
#1 G:\PROJECT\UNIFA\RPL-UF\vendor\codeigniter4\framework\system\CodeIgniter.php(931): App\Controllers\Front->Klaimmk()
#2 G:\PROJECT\UNIFA\RPL-UF\vendor\codeigniter4\framework\system\CodeIgniter.php(439): CodeIgniter\CodeIgniter->runController(Object(App\Controllers\Front))
#3 G:\PROJECT\UNIFA\RPL-UF\vendor\codeigniter4\framework\system\CodeIgniter.php(339): CodeIgniter\CodeIgniter->handleRequest(NULL, Object(Config\Cache), false)
#4 G:\PROJECT\UNIFA\RPL-UF\public\index.php(45): CodeIgniter\CodeIgniter->run()
#5 G:\PROJECT\UNIFA\RPL-UF\vendor\codeigniter4\framework\system\Commands\Server\rewrite.php(45): require_once('G:\\PROJECT\\UNIF...')
#6 {main}
CRITICAL - 2023-01-25 23:13:20 --> Invalid argument supplied for foreach()
#0 G:\PROJECT\UNIFA\RPL-UF\app\Controllers\Front.php(408): CodeIgniter\Debug\Exceptions->errorHandler(2, 'Invalid argumen...', 'G:\\PROJECT\\UNIF...', 408, Array)
#1 G:\PROJECT\UNIFA\RPL-UF\vendor\codeigniter4\framework\system\CodeIgniter.php(931): App\Controllers\Front->Klaimmk()
#2 G:\PROJECT\UNIFA\RPL-UF\vendor\codeigniter4\framework\system\CodeIgniter.php(439): CodeIgniter\CodeIgniter->runController(Object(App\Controllers\Front))
#3 G:\PROJECT\UNIFA\RPL-UF\vendor\codeigniter4\framework\system\CodeIgniter.php(339): CodeIgniter\CodeIgniter->handleRequest(NULL, Object(Config\Cache), false)
#4 G:\PROJECT\UNIFA\RPL-UF\public\index.php(45): CodeIgniter\CodeIgniter->run()
#5 G:\PROJECT\UNIFA\RPL-UF\vendor\codeigniter4\framework\system\Commands\Server\rewrite.php(45): require_once('G:\\PROJECT\\UNIF...')
#6 {main}
CRITICAL - 2023-01-25 23:13:24 --> Invalid argument supplied for foreach()
#0 G:\PROJECT\UNIFA\RPL-UF\app\Controllers\Front.php(408): CodeIgniter\Debug\Exceptions->errorHandler(2, 'Invalid argumen...', 'G:\\PROJECT\\UNIF...', 408, Array)
#1 G:\PROJECT\UNIFA\RPL-UF\vendor\codeigniter4\framework\system\CodeIgniter.php(931): App\Controllers\Front->Klaimmk()
#2 G:\PROJECT\UNIFA\RPL-UF\vendor\codeigniter4\framework\system\CodeIgniter.php(439): CodeIgniter\CodeIgniter->runController(Object(App\Controllers\Front))
#3 G:\PROJECT\UNIFA\RPL-UF\vendor\codeigniter4\framework\system\CodeIgniter.php(339): CodeIgniter\CodeIgniter->handleRequest(NULL, Object(Config\Cache), false)
#4 G:\PROJECT\UNIFA\RPL-UF\public\index.php(45): CodeIgniter\CodeIgniter->run()
#5 G:\PROJECT\UNIFA\RPL-UF\vendor\codeigniter4\framework\system\Commands\Server\rewrite.php(45): require_once('G:\\PROJECT\\UNIF...')
#6 {main}
CRITICAL - 2023-01-25 23:15:35 --> Undefined offset: 0
#0 G:\PROJECT\UNIFA\RPL-UF\app\Controllers\Front.php(377): CodeIgniter\Debug\Exceptions->errorHandler(8, 'Undefined offse...', 'G:\\PROJECT\\UNIF...', 377, Array)
#1 G:\PROJECT\UNIFA\RPL-UF\vendor\codeigniter4\framework\system\CodeIgniter.php(931): App\Controllers\Front->AssesmentMandiri()
#2 G:\PROJECT\UNIFA\RPL-UF\vendor\codeigniter4\framework\system\CodeIgniter.php(439): CodeIgniter\CodeIgniter->runController(Object(App\Controllers\Front))
#3 G:\PROJECT\UNIFA\RPL-UF\vendor\codeigniter4\framework\system\CodeIgniter.php(339): CodeIgniter\CodeIgniter->handleRequest(NULL, Object(Config\Cache), false)
#4 G:\PROJECT\UNIFA\RPL-UF\public\index.php(45): CodeIgniter\CodeIgniter->run()
#5 G:\PROJECT\UNIFA\RPL-UF\vendor\codeigniter4\framework\system\Commands\Server\rewrite.php(45): require_once('G:\\PROJECT\\UNIF...')
#6 {main}
CRITICAL - 2023-01-25 23:15:49 --> Undefined offset: 0
#0 G:\PROJECT\UNIFA\RPL-UF\app\Views\Front\rpl-mahasiswa.php(52): CodeIgniter\Debug\Exceptions->errorHandler(8, 'Undefined offse...', 'G:\\PROJECT\\UNIF...', 52, Array)
#1 G:\PROJECT\UNIFA\RPL-UF\vendor\codeigniter4\framework\system\View\View.php(230): include('G:\\PROJECT\\UNIF...')
#2 G:\PROJECT\UNIFA\RPL-UF\vendor\codeigniter4\framework\system\View\View.php(232): CodeIgniter\View\View->CodeIgniter\View\{closure}()
#3 G:\PROJECT\UNIFA\RPL-UF\vendor\codeigniter4\framework\system\Common.php(1250): CodeIgniter\View\View->render('Front/rpl-mahas...', Array, true)
#4 G:\PROJECT\UNIFA\RPL-UF\app\Controllers\Front.php(255): view('Front/rpl-mahas...', Array)
#5 G:\PROJECT\UNIFA\RPL-UF\vendor\codeigniter4\framework\system\CodeIgniter.php(931): App\Controllers\Front->Pendaftar()
#6 G:\PROJECT\UNIFA\RPL-UF\vendor\codeigniter4\framework\system\CodeIgniter.php(439): CodeIgniter\CodeIgniter->runController(Object(App\Controllers\Front))
#7 G:\PROJECT\UNIFA\RPL-UF\vendor\codeigniter4\framework\system\CodeIgniter.php(339): CodeIgniter\CodeIgniter->handleRequest(NULL, Object(Config\Cache), false)
#8 G:\PROJECT\UNIFA\RPL-UF\public\index.php(45): CodeIgniter\CodeIgniter->run()
#9 G:\PROJECT\UNIFA\RPL-UF\vendor\codeigniter4\framework\system\Commands\Server\rewrite.php(45): require_once('G:\\PROJECT\\UNIF...')
#10 {main}
CRITICAL - 2023-01-25 23:19:25 --> Array to string conversion
#0 G:\PROJECT\UNIFA\RPL-UF\app\Controllers\Front.php(412): CodeIgniter\Debug\Exceptions->errorHandler(8, 'Array to string...', 'G:\\PROJECT\\UNIF...', 412, Array)
#1 G:\PROJECT\UNIFA\RPL-UF\vendor\codeigniter4\framework\system\CodeIgniter.php(931): App\Controllers\Front->Klaimmk()
#2 G:\PROJECT\UNIFA\RPL-UF\vendor\codeigniter4\framework\system\CodeIgniter.php(439): CodeIgniter\CodeIgniter->runController(Object(App\Controllers\Front))
#3 G:\PROJECT\UNIFA\RPL-UF\vendor\codeigniter4\framework\system\CodeIgniter.php(339): CodeIgniter\CodeIgniter->handleRequest(NULL, Object(Config\Cache), false)
#4 G:\PROJECT\UNIFA\RPL-UF\public\index.php(45): CodeIgniter\CodeIgniter->run()
#5 G:\PROJECT\UNIFA\RPL-UF\vendor\codeigniter4\framework\system\Commands\Server\rewrite.php(45): require_once('G:\\PROJECT\\UNIF...')
#6 {main}
CRITICAL - 2023-01-25 23:21:41 --> Trying to get property 'kdmk' of non-object
#0 G:\PROJECT\UNIFA\RPL-UF\app\Controllers\Front.php(409): CodeIgniter\Debug\Exceptions->errorHandler(8, 'Trying to get p...', 'G:\\PROJECT\\UNIF...', 409, Array)
#1 G:\PROJECT\UNIFA\RPL-UF\vendor\codeigniter4\framework\system\CodeIgniter.php(931): App\Controllers\Front->Klaimmk()
#2 G:\PROJECT\UNIFA\RPL-UF\vendor\codeigniter4\framework\system\CodeIgniter.php(439): CodeIgniter\CodeIgniter->runController(Object(App\Controllers\Front))
#3 G:\PROJECT\UNIFA\RPL-UF\vendor\codeigniter4\framework\system\CodeIgniter.php(339): CodeIgniter\CodeIgniter->handleRequest(NULL, Object(Config\Cache), false)
#4 G:\PROJECT\UNIFA\RPL-UF\public\index.php(45): CodeIgniter\CodeIgniter->run()
#5 G:\PROJECT\UNIFA\RPL-UF\vendor\codeigniter4\framework\system\Commands\Server\rewrite.php(45): require_once('G:\\PROJECT\\UNIF...')
#6 {main}
