CRITICAL - 2024-04-24 09:12:59 --> Undefined offset: 0
#0 /Users/macbookprom2/Desktop/PROJECT/silaju.unifa.ac.id/app/Controllers/Admin.php(2448): CodeIgniter\Debug\Exceptions->errorHandler(8, 'Undefined offse...', '/Users/macbookp...', 2448, Array)
#1 /Users/macbookprom2/Desktop/PROJECT/silaju.unifa.ac.id/app/Controllers/Admin.php(2510): App\Controllers\Admin->getasessorbynoregis('assets')
#2 /Users/macbookprom2/Desktop/PROJECT/silaju.unifa.ac.id/vendor/codeigniter4/framework/system/CodeIgniter.php(931): App\Controllers\Admin->tanggapanAsessorA1('assets', 'images', 'logo-dark.png')
#3 /Users/macbookprom2/Desktop/PROJECT/silaju.unifa.ac.id/vendor/codeigniter4/framework/system/CodeIgniter.php(439): CodeIgniter\CodeIgniter->runController(Object(App\Controllers\Admin))
#4 /Users/macbookprom2/Desktop/PROJECT/silaju.unifa.ac.id/vendor/codeigniter4/framework/system/CodeIgniter.php(339): CodeIgniter\CodeIgniter->handleRequest(NULL, Object(Config\Cache), false)
#5 /Users/macbookprom2/Desktop/PROJECT/silaju.unifa.ac.id/public/index.php(45): CodeIgniter\CodeIgniter->run()
#6 /Users/macbookprom2/Desktop/PROJECT/silaju.unifa.ac.id/vendor/codeigniter4/framework/system/Commands/Server/rewrite.php(45): require_once('/Users/macbookp...')
#7 {main}
CRITICAL - 2024-04-24 09:12:59 --> Undefined offset: 0
#0 /Users/macbookprom2/Desktop/PROJECT/silaju.unifa.ac.id/app/Controllers/Admin.php(2448): CodeIgniter\Debug\Exceptions->errorHandler(8, 'Undefined offse...', '/Users/macbookp...', 2448, Array)
#1 /Users/macbookprom2/Desktop/PROJECT/silaju.unifa.ac.id/app/Controllers/Admin.php(2510): App\Controllers\Admin->getasessorbynoregis('assets')
#2 /Users/macbookprom2/Desktop/PROJECT/silaju.unifa.ac.id/vendor/codeigniter4/framework/system/CodeIgniter.php(931): App\Controllers\Admin->tanggapanAsessorA1('assets', 'images', 'logo.svg')
#3 /Users/macbookprom2/Desktop/PROJECT/silaju.unifa.ac.id/vendor/codeigniter4/framework/system/CodeIgniter.php(439): CodeIgniter\CodeIgniter->runController(Object(App\Controllers\Admin))
#4 /Users/macbookprom2/Desktop/PROJECT/silaju.unifa.ac.id/vendor/codeigniter4/framework/system/CodeIgniter.php(339): CodeIgniter\CodeIgniter->handleRequest(NULL, Object(Config\Cache), false)
#5 /Users/macbookprom2/Desktop/PROJECT/silaju.unifa.ac.id/public/index.php(45): CodeIgniter\CodeIgniter->run()
#6 /Users/macbookprom2/Desktop/PROJECT/silaju.unifa.ac.id/vendor/codeigniter4/framework/system/Commands/Server/rewrite.php(45): require_once('/Users/macbookp...')
#7 {main}
CRITICAL - 2024-04-24 09:14:49 --> Undefined offset: 0
#0 /Users/macbookprom2/Desktop/PROJECT/silaju.unifa.ac.id/app/Controllers/Admin.php(2448): CodeIgniter\Debug\Exceptions->errorHandler(8, 'Undefined offse...', '/Users/macbookp...', 2448, Array)
#1 /Users/macbookprom2/Desktop/PROJECT/silaju.unifa.ac.id/app/Controllers/Admin.php(2510): App\Controllers\Admin->getasessorbynoregis('assets')
#2 /Users/macbookprom2/Desktop/PROJECT/silaju.unifa.ac.id/vendor/codeigniter4/framework/system/CodeIgniter.php(931): App\Controllers\Admin->tanggapanAsessorA1('assets', 'images', 'logo.svg')
#3 /Users/macbookprom2/Desktop/PROJECT/silaju.unifa.ac.id/vendor/codeigniter4/framework/system/CodeIgniter.php(439): CodeIgniter\CodeIgniter->runController(Object(App\Controllers\Admin))
#4 /Users/macbookprom2/Desktop/PROJECT/silaju.unifa.ac.id/vendor/codeigniter4/framework/system/CodeIgniter.php(339): CodeIgniter\CodeIgniter->handleRequest(NULL, Object(Config\Cache), false)
#5 /Users/macbookprom2/Desktop/PROJECT/silaju.unifa.ac.id/public/index.php(45): CodeIgniter\CodeIgniter->run()
#6 /Users/macbookprom2/Desktop/PROJECT/silaju.unifa.ac.id/vendor/codeigniter4/framework/system/Commands/Server/rewrite.php(45): require_once('/Users/macbookp...')
#7 {main}
CRITICAL - 2024-04-24 09:14:49 --> Undefined offset: 0
#0 /Users/macbookprom2/Desktop/PROJECT/silaju.unifa.ac.id/app/Controllers/Admin.php(2448): CodeIgniter\Debug\Exceptions->errorHandler(8, 'Undefined offse...', '/Users/macbookp...', 2448, Array)
#1 /Users/macbookprom2/Desktop/PROJECT/silaju.unifa.ac.id/app/Controllers/Admin.php(2510): App\Controllers\Admin->getasessorbynoregis('assets')
#2 /Users/macbookprom2/Desktop/PROJECT/silaju.unifa.ac.id/vendor/codeigniter4/framework/system/CodeIgniter.php(931): App\Controllers\Admin->tanggapanAsessorA1('assets', 'images', 'logo-dark.png')
#3 /Users/macbookprom2/Desktop/PROJECT/silaju.unifa.ac.id/vendor/codeigniter4/framework/system/CodeIgniter.php(439): CodeIgniter\CodeIgniter->runController(Object(App\Controllers\Admin))
#4 /Users/macbookprom2/Desktop/PROJECT/silaju.unifa.ac.id/vendor/codeigniter4/framework/system/CodeIgniter.php(339): CodeIgniter\CodeIgniter->handleRequest(NULL, Object(Config\Cache), false)
#5 /Users/macbookprom2/Desktop/PROJECT/silaju.unifa.ac.id/public/index.php(45): CodeIgniter\CodeIgniter->run()
#6 /Users/macbookprom2/Desktop/PROJECT/silaju.unifa.ac.id/vendor/codeigniter4/framework/system/Commands/Server/rewrite.php(45): require_once('/Users/macbookp...')
#7 {main}
