CRITICAL - 2023-08-31 03:37:53 --> Undefined offset: 0
#0 /Users/macbookprom2/Desktop/PROJECT/silaju.unifa.ac.id/app/Controllers/Admin.php(3412): CodeIgniter\Debug\Exceptions->errorHandler(8, 'Undefined offse...', '/Users/macbookp...', 3412, Array)
#1 /Users/macbookprom2/Desktop/PROJECT/silaju.unifa.ac.id/vendor/codeigniter4/framework/system/CodeIgniter.php(931): App\Controllers\Admin->form_nilai('assets', 'images', 'logo-dark.png')
#2 /Users/macbookprom2/Desktop/PROJECT/silaju.unifa.ac.id/vendor/codeigniter4/framework/system/CodeIgniter.php(439): CodeIgniter\CodeIgniter->runController(Object(App\Controllers\Admin))
#3 /Users/macbookprom2/Desktop/PROJECT/silaju.unifa.ac.id/vendor/codeigniter4/framework/system/CodeIgniter.php(339): CodeIgniter\CodeIgniter->handleRequest(NULL, Object(Config\Cache), false)
#4 /Users/macbookprom2/Desktop/PROJECT/silaju.unifa.ac.id/public/index.php(45): CodeIgniter\CodeIgniter->run()
#5 /Users/macbookprom2/Desktop/PROJECT/silaju.unifa.ac.id/vendor/codeigniter4/framework/system/Commands/Server/rewrite.php(45): require_once('/Users/macbookp...')
#6 {main}
CRITICAL - 2023-08-31 03:37:53 --> Undefined offset: 0
#0 /Users/macbookprom2/Desktop/PROJECT/silaju.unifa.ac.id/app/Controllers/Admin.php(3412): CodeIgniter\Debug\Exceptions->errorHandler(8, 'Undefined offse...', '/Users/macbookp...', 3412, Array)
#1 /Users/macbookprom2/Desktop/PROJECT/silaju.unifa.ac.id/vendor/codeigniter4/framework/system/CodeIgniter.php(931): App\Controllers\Admin->form_nilai('assets', 'images', 'logo.svg')
#2 /Users/macbookprom2/Desktop/PROJECT/silaju.unifa.ac.id/vendor/codeigniter4/framework/system/CodeIgniter.php(439): CodeIgniter\CodeIgniter->runController(Object(App\Controllers\Admin))
#3 /Users/macbookprom2/Desktop/PROJECT/silaju.unifa.ac.id/vendor/codeigniter4/framework/system/CodeIgniter.php(339): CodeIgniter\CodeIgniter->handleRequest(NULL, Object(Config\Cache), false)
#4 /Users/macbookprom2/Desktop/PROJECT/silaju.unifa.ac.id/public/index.php(45): CodeIgniter\CodeIgniter->run()
#5 /Users/macbookprom2/Desktop/PROJECT/silaju.unifa.ac.id/vendor/codeigniter4/framework/system/Commands/Server/rewrite.php(45): require_once('/Users/macbookp...')
#6 {main}
CRITICAL - 2023-08-31 03:38:05 --> Undefined offset: 0
#0 /Users/macbookprom2/Desktop/PROJECT/silaju.unifa.ac.id/app/Controllers/Admin.php(3412): CodeIgniter\Debug\Exceptions->errorHandler(8, 'Undefined offse...', '/Users/macbookp...', 3412, Array)
#1 /Users/macbookprom2/Desktop/PROJECT/silaju.unifa.ac.id/vendor/codeigniter4/framework/system/CodeIgniter.php(931): App\Controllers\Admin->form_nilai('assets', 'images', 'logo.svg')
#2 /Users/macbookprom2/Desktop/PROJECT/silaju.unifa.ac.id/vendor/codeigniter4/framework/system/CodeIgniter.php(439): CodeIgniter\CodeIgniter->runController(Object(App\Controllers\Admin))
#3 /Users/macbookprom2/Desktop/PROJECT/silaju.unifa.ac.id/vendor/codeigniter4/framework/system/CodeIgniter.php(339): CodeIgniter\CodeIgniter->handleRequest(NULL, Object(Config\Cache), false)
#4 /Users/macbookprom2/Desktop/PROJECT/silaju.unifa.ac.id/public/index.php(45): CodeIgniter\CodeIgniter->run()
#5 /Users/macbookprom2/Desktop/PROJECT/silaju.unifa.ac.id/vendor/codeigniter4/framework/system/Commands/Server/rewrite.php(45): require_once('/Users/macbookp...')
#6 {main}
CRITICAL - 2023-08-31 03:38:05 --> Undefined offset: 0
#0 /Users/macbookprom2/Desktop/PROJECT/silaju.unifa.ac.id/app/Controllers/Admin.php(3412): CodeIgniter\Debug\Exceptions->errorHandler(8, 'Undefined offse...', '/Users/macbookp...', 3412, Array)
#1 /Users/macbookprom2/Desktop/PROJECT/silaju.unifa.ac.id/vendor/codeigniter4/framework/system/CodeIgniter.php(931): App\Controllers\Admin->form_nilai('assets', 'images', 'logo-dark.png')
#2 /Users/macbookprom2/Desktop/PROJECT/silaju.unifa.ac.id/vendor/codeigniter4/framework/system/CodeIgniter.php(439): CodeIgniter\CodeIgniter->runController(Object(App\Controllers\Admin))
#3 /Users/macbookprom2/Desktop/PROJECT/silaju.unifa.ac.id/vendor/codeigniter4/framework/system/CodeIgniter.php(339): CodeIgniter\CodeIgniter->handleRequest(NULL, Object(Config\Cache), false)
#4 /Users/macbookprom2/Desktop/PROJECT/silaju.unifa.ac.id/public/index.php(45): CodeIgniter\CodeIgniter->run()
#5 /Users/macbookprom2/Desktop/PROJECT/silaju.unifa.ac.id/vendor/codeigniter4/framework/system/Commands/Server/rewrite.php(45): require_once('/Users/macbookp...')
#6 {main}
CRITICAL - 2023-08-31 03:38:13 --> Undefined offset: 0
#0 /Users/macbookprom2/Desktop/PROJECT/silaju.unifa.ac.id/app/Controllers/Admin.php(3412): CodeIgniter\Debug\Exceptions->errorHandler(8, 'Undefined offse...', '/Users/macbookp...', 3412, Array)
#1 /Users/macbookprom2/Desktop/PROJECT/silaju.unifa.ac.id/vendor/codeigniter4/framework/system/CodeIgniter.php(931): App\Controllers\Admin->form_nilai('assets', 'images', 'logo.svg')
#2 /Users/macbookprom2/Desktop/PROJECT/silaju.unifa.ac.id/vendor/codeigniter4/framework/system/CodeIgniter.php(439): CodeIgniter\CodeIgniter->runController(Object(App\Controllers\Admin))
#3 /Users/macbookprom2/Desktop/PROJECT/silaju.unifa.ac.id/vendor/codeigniter4/framework/system/CodeIgniter.php(339): CodeIgniter\CodeIgniter->handleRequest(NULL, Object(Config\Cache), false)
#4 /Users/macbookprom2/Desktop/PROJECT/silaju.unifa.ac.id/public/index.php(45): CodeIgniter\CodeIgniter->run()
#5 /Users/macbookprom2/Desktop/PROJECT/silaju.unifa.ac.id/vendor/codeigniter4/framework/system/Commands/Server/rewrite.php(45): require_once('/Users/macbookp...')
#6 {main}
CRITICAL - 2023-08-31 03:38:13 --> Undefined offset: 0
#0 /Users/macbookprom2/Desktop/PROJECT/silaju.unifa.ac.id/app/Controllers/Admin.php(3412): CodeIgniter\Debug\Exceptions->errorHandler(8, 'Undefined offse...', '/Users/macbookp...', 3412, Array)
#1 /Users/macbookprom2/Desktop/PROJECT/silaju.unifa.ac.id/vendor/codeigniter4/framework/system/CodeIgniter.php(931): App\Controllers\Admin->form_nilai('assets', 'images', 'logo-dark.png')
#2 /Users/macbookprom2/Desktop/PROJECT/silaju.unifa.ac.id/vendor/codeigniter4/framework/system/CodeIgniter.php(439): CodeIgniter\CodeIgniter->runController(Object(App\Controllers\Admin))
#3 /Users/macbookprom2/Desktop/PROJECT/silaju.unifa.ac.id/vendor/codeigniter4/framework/system/CodeIgniter.php(339): CodeIgniter\CodeIgniter->handleRequest(NULL, Object(Config\Cache), false)
#4 /Users/macbookprom2/Desktop/PROJECT/silaju.unifa.ac.id/public/index.php(45): CodeIgniter\CodeIgniter->run()
#5 /Users/macbookprom2/Desktop/PROJECT/silaju.unifa.ac.id/vendor/codeigniter4/framework/system/Commands/Server/rewrite.php(45): require_once('/Users/macbookp...')
#6 {main}
CRITICAL - 2023-08-31 03:38:32 --> Undefined offset: 0
#0 /Users/macbookprom2/Desktop/PROJECT/silaju.unifa.ac.id/app/Controllers/Admin.php(3412): CodeIgniter\Debug\Exceptions->errorHandler(8, 'Undefined offse...', '/Users/macbookp...', 3412, Array)
#1 /Users/macbookprom2/Desktop/PROJECT/silaju.unifa.ac.id/vendor/codeigniter4/framework/system/CodeIgniter.php(931): App\Controllers\Admin->form_nilai('assets', 'images', 'logo.svg')
#2 /Users/macbookprom2/Desktop/PROJECT/silaju.unifa.ac.id/vendor/codeigniter4/framework/system/CodeIgniter.php(439): CodeIgniter\CodeIgniter->runController(Object(App\Controllers\Admin))
#3 /Users/macbookprom2/Desktop/PROJECT/silaju.unifa.ac.id/vendor/codeigniter4/framework/system/CodeIgniter.php(339): CodeIgniter\CodeIgniter->handleRequest(NULL, Object(Config\Cache), false)
#4 /Users/macbookprom2/Desktop/PROJECT/silaju.unifa.ac.id/public/index.php(45): CodeIgniter\CodeIgniter->run()
#5 /Users/macbookprom2/Desktop/PROJECT/silaju.unifa.ac.id/vendor/codeigniter4/framework/system/Commands/Server/rewrite.php(45): require_once('/Users/macbookp...')
#6 {main}
CRITICAL - 2023-08-31 03:38:32 --> Undefined offset: 0
#0 /Users/macbookprom2/Desktop/PROJECT/silaju.unifa.ac.id/app/Controllers/Admin.php(3412): CodeIgniter\Debug\Exceptions->errorHandler(8, 'Undefined offse...', '/Users/macbookp...', 3412, Array)
#1 /Users/macbookprom2/Desktop/PROJECT/silaju.unifa.ac.id/vendor/codeigniter4/framework/system/CodeIgniter.php(931): App\Controllers\Admin->form_nilai('assets', 'images', 'logo-dark.png')
#2 /Users/macbookprom2/Desktop/PROJECT/silaju.unifa.ac.id/vendor/codeigniter4/framework/system/CodeIgniter.php(439): CodeIgniter\CodeIgniter->runController(Object(App\Controllers\Admin))
#3 /Users/macbookprom2/Desktop/PROJECT/silaju.unifa.ac.id/vendor/codeigniter4/framework/system/CodeIgniter.php(339): CodeIgniter\CodeIgniter->handleRequest(NULL, Object(Config\Cache), false)
#4 /Users/macbookprom2/Desktop/PROJECT/silaju.unifa.ac.id/public/index.php(45): CodeIgniter\CodeIgniter->run()
#5 /Users/macbookprom2/Desktop/PROJECT/silaju.unifa.ac.id/vendor/codeigniter4/framework/system/Commands/Server/rewrite.php(45): require_once('/Users/macbookp...')
#6 {main}
CRITICAL - 2023-08-31 03:38:36 --> Undefined offset: 0
#0 /Users/macbookprom2/Desktop/PROJECT/silaju.unifa.ac.id/app/Controllers/Admin.php(3412): CodeIgniter\Debug\Exceptions->errorHandler(8, 'Undefined offse...', '/Users/macbookp...', 3412, Array)
#1 /Users/macbookprom2/Desktop/PROJECT/silaju.unifa.ac.id/vendor/codeigniter4/framework/system/CodeIgniter.php(931): App\Controllers\Admin->form_nilai('assets', 'images', 'logo.svg')
#2 /Users/macbookprom2/Desktop/PROJECT/silaju.unifa.ac.id/vendor/codeigniter4/framework/system/CodeIgniter.php(439): CodeIgniter\CodeIgniter->runController(Object(App\Controllers\Admin))
#3 /Users/macbookprom2/Desktop/PROJECT/silaju.unifa.ac.id/vendor/codeigniter4/framework/system/CodeIgniter.php(339): CodeIgniter\CodeIgniter->handleRequest(NULL, Object(Config\Cache), false)
#4 /Users/macbookprom2/Desktop/PROJECT/silaju.unifa.ac.id/public/index.php(45): CodeIgniter\CodeIgniter->run()
#5 /Users/macbookprom2/Desktop/PROJECT/silaju.unifa.ac.id/vendor/codeigniter4/framework/system/Commands/Server/rewrite.php(45): require_once('/Users/macbookp...')
#6 {main}
CRITICAL - 2023-08-31 03:38:36 --> Undefined offset: 0
#0 /Users/macbookprom2/Desktop/PROJECT/silaju.unifa.ac.id/app/Controllers/Admin.php(3412): CodeIgniter\Debug\Exceptions->errorHandler(8, 'Undefined offse...', '/Users/macbookp...', 3412, Array)
#1 /Users/macbookprom2/Desktop/PROJECT/silaju.unifa.ac.id/vendor/codeigniter4/framework/system/CodeIgniter.php(931): App\Controllers\Admin->form_nilai('assets', 'images', 'logo-dark.png')
#2 /Users/macbookprom2/Desktop/PROJECT/silaju.unifa.ac.id/vendor/codeigniter4/framework/system/CodeIgniter.php(439): CodeIgniter\CodeIgniter->runController(Object(App\Controllers\Admin))
#3 /Users/macbookprom2/Desktop/PROJECT/silaju.unifa.ac.id/vendor/codeigniter4/framework/system/CodeIgniter.php(339): CodeIgniter\CodeIgniter->handleRequest(NULL, Object(Config\Cache), false)
#4 /Users/macbookprom2/Desktop/PROJECT/silaju.unifa.ac.id/public/index.php(45): CodeIgniter\CodeIgniter->run()
#5 /Users/macbookprom2/Desktop/PROJECT/silaju.unifa.ac.id/vendor/codeigniter4/framework/system/Commands/Server/rewrite.php(45): require_once('/Users/macbookp...')
#6 {main}
CRITICAL - 2023-08-31 03:38:42 --> Undefined offset: 0
#0 /Users/macbookprom2/Desktop/PROJECT/silaju.unifa.ac.id/app/Controllers/Admin.php(3412): CodeIgniter\Debug\Exceptions->errorHandler(8, 'Undefined offse...', '/Users/macbookp...', 3412, Array)
#1 /Users/macbookprom2/Desktop/PROJECT/silaju.unifa.ac.id/vendor/codeigniter4/framework/system/CodeIgniter.php(931): App\Controllers\Admin->form_nilai('assets', 'images', 'logo.svg')
#2 /Users/macbookprom2/Desktop/PROJECT/silaju.unifa.ac.id/vendor/codeigniter4/framework/system/CodeIgniter.php(439): CodeIgniter\CodeIgniter->runController(Object(App\Controllers\Admin))
#3 /Users/macbookprom2/Desktop/PROJECT/silaju.unifa.ac.id/vendor/codeigniter4/framework/system/CodeIgniter.php(339): CodeIgniter\CodeIgniter->handleRequest(NULL, Object(Config\Cache), false)
#4 /Users/macbookprom2/Desktop/PROJECT/silaju.unifa.ac.id/public/index.php(45): CodeIgniter\CodeIgniter->run()
#5 /Users/macbookprom2/Desktop/PROJECT/silaju.unifa.ac.id/vendor/codeigniter4/framework/system/Commands/Server/rewrite.php(45): require_once('/Users/macbookp...')
#6 {main}
CRITICAL - 2023-08-31 03:38:42 --> Undefined offset: 0
#0 /Users/macbookprom2/Desktop/PROJECT/silaju.unifa.ac.id/app/Controllers/Admin.php(3412): CodeIgniter\Debug\Exceptions->errorHandler(8, 'Undefined offse...', '/Users/macbookp...', 3412, Array)
#1 /Users/macbookprom2/Desktop/PROJECT/silaju.unifa.ac.id/vendor/codeigniter4/framework/system/CodeIgniter.php(931): App\Controllers\Admin->form_nilai('assets', 'images', 'logo-dark.png')
#2 /Users/macbookprom2/Desktop/PROJECT/silaju.unifa.ac.id/vendor/codeigniter4/framework/system/CodeIgniter.php(439): CodeIgniter\CodeIgniter->runController(Object(App\Controllers\Admin))
#3 /Users/macbookprom2/Desktop/PROJECT/silaju.unifa.ac.id/vendor/codeigniter4/framework/system/CodeIgniter.php(339): CodeIgniter\CodeIgniter->handleRequest(NULL, Object(Config\Cache), false)
#4 /Users/macbookprom2/Desktop/PROJECT/silaju.unifa.ac.id/public/index.php(45): CodeIgniter\CodeIgniter->run()
#5 /Users/macbookprom2/Desktop/PROJECT/silaju.unifa.ac.id/vendor/codeigniter4/framework/system/Commands/Server/rewrite.php(45): require_once('/Users/macbookp...')
#6 {main}
CRITICAL - 2023-08-31 03:38:48 --> Undefined offset: 0
#0 /Users/macbookprom2/Desktop/PROJECT/silaju.unifa.ac.id/app/Controllers/Admin.php(3412): CodeIgniter\Debug\Exceptions->errorHandler(8, 'Undefined offse...', '/Users/macbookp...', 3412, Array)
#1 /Users/macbookprom2/Desktop/PROJECT/silaju.unifa.ac.id/vendor/codeigniter4/framework/system/CodeIgniter.php(931): App\Controllers\Admin->form_nilai('assets', 'images', 'logo.svg')
#2 /Users/macbookprom2/Desktop/PROJECT/silaju.unifa.ac.id/vendor/codeigniter4/framework/system/CodeIgniter.php(439): CodeIgniter\CodeIgniter->runController(Object(App\Controllers\Admin))
#3 /Users/macbookprom2/Desktop/PROJECT/silaju.unifa.ac.id/vendor/codeigniter4/framework/system/CodeIgniter.php(339): CodeIgniter\CodeIgniter->handleRequest(NULL, Object(Config\Cache), false)
#4 /Users/macbookprom2/Desktop/PROJECT/silaju.unifa.ac.id/public/index.php(45): CodeIgniter\CodeIgniter->run()
#5 /Users/macbookprom2/Desktop/PROJECT/silaju.unifa.ac.id/vendor/codeigniter4/framework/system/Commands/Server/rewrite.php(45): require_once('/Users/macbookp...')
#6 {main}
CRITICAL - 2023-08-31 03:38:48 --> Undefined offset: 0
#0 /Users/macbookprom2/Desktop/PROJECT/silaju.unifa.ac.id/app/Controllers/Admin.php(3412): CodeIgniter\Debug\Exceptions->errorHandler(8, 'Undefined offse...', '/Users/macbookp...', 3412, Array)
#1 /Users/macbookprom2/Desktop/PROJECT/silaju.unifa.ac.id/vendor/codeigniter4/framework/system/CodeIgniter.php(931): App\Controllers\Admin->form_nilai('assets', 'images', 'logo-dark.png')
#2 /Users/macbookprom2/Desktop/PROJECT/silaju.unifa.ac.id/vendor/codeigniter4/framework/system/CodeIgniter.php(439): CodeIgniter\CodeIgniter->runController(Object(App\Controllers\Admin))
#3 /Users/macbookprom2/Desktop/PROJECT/silaju.unifa.ac.id/vendor/codeigniter4/framework/system/CodeIgniter.php(339): CodeIgniter\CodeIgniter->handleRequest(NULL, Object(Config\Cache), false)
#4 /Users/macbookprom2/Desktop/PROJECT/silaju.unifa.ac.id/public/index.php(45): CodeIgniter\CodeIgniter->run()
#5 /Users/macbookprom2/Desktop/PROJECT/silaju.unifa.ac.id/vendor/codeigniter4/framework/system/Commands/Server/rewrite.php(45): require_once('/Users/macbookp...')
#6 {main}
CRITICAL - 2023-08-31 03:38:54 --> Undefined offset: 0
#0 /Users/macbookprom2/Desktop/PROJECT/silaju.unifa.ac.id/app/Controllers/Admin.php(3412): CodeIgniter\Debug\Exceptions->errorHandler(8, 'Undefined offse...', '/Users/macbookp...', 3412, Array)
#1 /Users/macbookprom2/Desktop/PROJECT/silaju.unifa.ac.id/vendor/codeigniter4/framework/system/CodeIgniter.php(931): App\Controllers\Admin->form_nilai('assets', 'images', 'logo.svg')
#2 /Users/macbookprom2/Desktop/PROJECT/silaju.unifa.ac.id/vendor/codeigniter4/framework/system/CodeIgniter.php(439): CodeIgniter\CodeIgniter->runController(Object(App\Controllers\Admin))
#3 /Users/macbookprom2/Desktop/PROJECT/silaju.unifa.ac.id/vendor/codeigniter4/framework/system/CodeIgniter.php(339): CodeIgniter\CodeIgniter->handleRequest(NULL, Object(Config\Cache), false)
#4 /Users/macbookprom2/Desktop/PROJECT/silaju.unifa.ac.id/public/index.php(45): CodeIgniter\CodeIgniter->run()
#5 /Users/macbookprom2/Desktop/PROJECT/silaju.unifa.ac.id/vendor/codeigniter4/framework/system/Commands/Server/rewrite.php(45): require_once('/Users/macbookp...')
#6 {main}
CRITICAL - 2023-08-31 03:38:54 --> Undefined offset: 0
#0 /Users/macbookprom2/Desktop/PROJECT/silaju.unifa.ac.id/app/Controllers/Admin.php(3412): CodeIgniter\Debug\Exceptions->errorHandler(8, 'Undefined offse...', '/Users/macbookp...', 3412, Array)
#1 /Users/macbookprom2/Desktop/PROJECT/silaju.unifa.ac.id/vendor/codeigniter4/framework/system/CodeIgniter.php(931): App\Controllers\Admin->form_nilai('assets', 'images', 'logo-dark.png')
#2 /Users/macbookprom2/Desktop/PROJECT/silaju.unifa.ac.id/vendor/codeigniter4/framework/system/CodeIgniter.php(439): CodeIgniter\CodeIgniter->runController(Object(App\Controllers\Admin))
#3 /Users/macbookprom2/Desktop/PROJECT/silaju.unifa.ac.id/vendor/codeigniter4/framework/system/CodeIgniter.php(339): CodeIgniter\CodeIgniter->handleRequest(NULL, Object(Config\Cache), false)
#4 /Users/macbookprom2/Desktop/PROJECT/silaju.unifa.ac.id/public/index.php(45): CodeIgniter\CodeIgniter->run()
#5 /Users/macbookprom2/Desktop/PROJECT/silaju.unifa.ac.id/vendor/codeigniter4/framework/system/Commands/Server/rewrite.php(45): require_once('/Users/macbookp...')
#6 {main}
CRITICAL - 2023-08-31 03:39:08 --> Undefined offset: 0
#0 /Users/macbookprom2/Desktop/PROJECT/silaju.unifa.ac.id/app/Controllers/Admin.php(3412): CodeIgniter\Debug\Exceptions->errorHandler(8, 'Undefined offse...', '/Users/macbookp...', 3412, Array)
#1 /Users/macbookprom2/Desktop/PROJECT/silaju.unifa.ac.id/vendor/codeigniter4/framework/system/CodeIgniter.php(931): App\Controllers\Admin->form_nilai('assets', 'images', 'logo.svg')
#2 /Users/macbookprom2/Desktop/PROJECT/silaju.unifa.ac.id/vendor/codeigniter4/framework/system/CodeIgniter.php(439): CodeIgniter\CodeIgniter->runController(Object(App\Controllers\Admin))
#3 /Users/macbookprom2/Desktop/PROJECT/silaju.unifa.ac.id/vendor/codeigniter4/framework/system/CodeIgniter.php(339): CodeIgniter\CodeIgniter->handleRequest(NULL, Object(Config\Cache), false)
#4 /Users/macbookprom2/Desktop/PROJECT/silaju.unifa.ac.id/public/index.php(45): CodeIgniter\CodeIgniter->run()
#5 /Users/macbookprom2/Desktop/PROJECT/silaju.unifa.ac.id/vendor/codeigniter4/framework/system/Commands/Server/rewrite.php(45): require_once('/Users/macbookp...')
#6 {main}
CRITICAL - 2023-08-31 03:39:08 --> Undefined offset: 0
#0 /Users/macbookprom2/Desktop/PROJECT/silaju.unifa.ac.id/app/Controllers/Admin.php(3412): CodeIgniter\Debug\Exceptions->errorHandler(8, 'Undefined offse...', '/Users/macbookp...', 3412, Array)
#1 /Users/macbookprom2/Desktop/PROJECT/silaju.unifa.ac.id/vendor/codeigniter4/framework/system/CodeIgniter.php(931): App\Controllers\Admin->form_nilai('assets', 'images', 'logo-dark.png')
#2 /Users/macbookprom2/Desktop/PROJECT/silaju.unifa.ac.id/vendor/codeigniter4/framework/system/CodeIgniter.php(439): CodeIgniter\CodeIgniter->runController(Object(App\Controllers\Admin))
#3 /Users/macbookprom2/Desktop/PROJECT/silaju.unifa.ac.id/vendor/codeigniter4/framework/system/CodeIgniter.php(339): CodeIgniter\CodeIgniter->handleRequest(NULL, Object(Config\Cache), false)
#4 /Users/macbookprom2/Desktop/PROJECT/silaju.unifa.ac.id/public/index.php(45): CodeIgniter\CodeIgniter->run()
#5 /Users/macbookprom2/Desktop/PROJECT/silaju.unifa.ac.id/vendor/codeigniter4/framework/system/Commands/Server/rewrite.php(45): require_once('/Users/macbookp...')
#6 {main}
CRITICAL - 2023-08-31 03:41:16 --> Undefined offset: 0
#0 /Users/macbookprom2/Desktop/PROJECT/silaju.unifa.ac.id/app/Controllers/Admin.php(3412): CodeIgniter\Debug\Exceptions->errorHandler(8, 'Undefined offse...', '/Users/macbookp...', 3412, Array)
#1 /Users/macbookprom2/Desktop/PROJECT/silaju.unifa.ac.id/vendor/codeigniter4/framework/system/CodeIgniter.php(931): App\Controllers\Admin->form_nilai('20222')
#2 /Users/macbookprom2/Desktop/PROJECT/silaju.unifa.ac.id/vendor/codeigniter4/framework/system/CodeIgniter.php(439): CodeIgniter\CodeIgniter->runController(Object(App\Controllers\Admin))
#3 /Users/macbookprom2/Desktop/PROJECT/silaju.unifa.ac.id/vendor/codeigniter4/framework/system/CodeIgniter.php(339): CodeIgniter\CodeIgniter->handleRequest(NULL, Object(Config\Cache), false)
#4 /Users/macbookprom2/Desktop/PROJECT/silaju.unifa.ac.id/public/index.php(45): CodeIgniter\CodeIgniter->run()
#5 /Users/macbookprom2/Desktop/PROJECT/silaju.unifa.ac.id/vendor/codeigniter4/framework/system/Commands/Server/rewrite.php(45): require_once('/Users/macbookp...')
#6 {main}
CRITICAL - 2023-08-31 03:41:27 --> Undefined offset: 0
#0 /Users/macbookprom2/Desktop/PROJECT/silaju.unifa.ac.id/app/Controllers/Admin.php(3412): CodeIgniter\Debug\Exceptions->errorHandler(8, 'Undefined offse...', '/Users/macbookp...', 3412, Array)
#1 /Users/macbookprom2/Desktop/PROJECT/silaju.unifa.ac.id/vendor/codeigniter4/framework/system/CodeIgniter.php(931): App\Controllers\Admin->form_nilai('assets', 'images', 'logo.svg')
#2 /Users/macbookprom2/Desktop/PROJECT/silaju.unifa.ac.id/vendor/codeigniter4/framework/system/CodeIgniter.php(439): CodeIgniter\CodeIgniter->runController(Object(App\Controllers\Admin))
#3 /Users/macbookprom2/Desktop/PROJECT/silaju.unifa.ac.id/vendor/codeigniter4/framework/system/CodeIgniter.php(339): CodeIgniter\CodeIgniter->handleRequest(NULL, Object(Config\Cache), false)
#4 /Users/macbookprom2/Desktop/PROJECT/silaju.unifa.ac.id/public/index.php(45): CodeIgniter\CodeIgniter->run()
#5 /Users/macbookprom2/Desktop/PROJECT/silaju.unifa.ac.id/vendor/codeigniter4/framework/system/Commands/Server/rewrite.php(45): require_once('/Users/macbookp...')
#6 {main}
CRITICAL - 2023-08-31 03:41:27 --> Undefined offset: 0
#0 /Users/macbookprom2/Desktop/PROJECT/silaju.unifa.ac.id/app/Controllers/Admin.php(3412): CodeIgniter\Debug\Exceptions->errorHandler(8, 'Undefined offse...', '/Users/macbookp...', 3412, Array)
#1 /Users/macbookprom2/Desktop/PROJECT/silaju.unifa.ac.id/vendor/codeigniter4/framework/system/CodeIgniter.php(931): App\Controllers\Admin->form_nilai('assets', 'images', 'logo-dark.png')
#2 /Users/macbookprom2/Desktop/PROJECT/silaju.unifa.ac.id/vendor/codeigniter4/framework/system/CodeIgniter.php(439): CodeIgniter\CodeIgniter->runController(Object(App\Controllers\Admin))
#3 /Users/macbookprom2/Desktop/PROJECT/silaju.unifa.ac.id/vendor/codeigniter4/framework/system/CodeIgniter.php(339): CodeIgniter\CodeIgniter->handleRequest(NULL, Object(Config\Cache), false)
#4 /Users/macbookprom2/Desktop/PROJECT/silaju.unifa.ac.id/public/index.php(45): CodeIgniter\CodeIgniter->run()
#5 /Users/macbookprom2/Desktop/PROJECT/silaju.unifa.ac.id/vendor/codeigniter4/framework/system/Commands/Server/rewrite.php(45): require_once('/Users/macbookp...')
#6 {main}
CRITICAL - 2023-08-31 03:43:34 --> Undefined offset: 0
#0 /Users/macbookprom2/Desktop/PROJECT/silaju.unifa.ac.id/app/Controllers/Admin.php(3412): CodeIgniter\Debug\Exceptions->errorHandler(8, 'Undefined offse...', '/Users/macbookp...', 3412, Array)
#1 /Users/macbookprom2/Desktop/PROJECT/silaju.unifa.ac.id/vendor/codeigniter4/framework/system/CodeIgniter.php(931): App\Controllers\Admin->form_nilai('assets', 'images', 'logo.svg')
#2 /Users/macbookprom2/Desktop/PROJECT/silaju.unifa.ac.id/vendor/codeigniter4/framework/system/CodeIgniter.php(439): CodeIgniter\CodeIgniter->runController(Object(App\Controllers\Admin))
#3 /Users/macbookprom2/Desktop/PROJECT/silaju.unifa.ac.id/vendor/codeigniter4/framework/system/CodeIgniter.php(339): CodeIgniter\CodeIgniter->handleRequest(NULL, Object(Config\Cache), false)
#4 /Users/macbookprom2/Desktop/PROJECT/silaju.unifa.ac.id/public/index.php(45): CodeIgniter\CodeIgniter->run()
#5 /Users/macbookprom2/Desktop/PROJECT/silaju.unifa.ac.id/vendor/codeigniter4/framework/system/Commands/Server/rewrite.php(45): require_once('/Users/macbookp...')
#6 {main}
CRITICAL - 2023-08-31 03:43:34 --> Undefined offset: 0
#0 /Users/macbookprom2/Desktop/PROJECT/silaju.unifa.ac.id/app/Controllers/Admin.php(3412): CodeIgniter\Debug\Exceptions->errorHandler(8, 'Undefined offse...', '/Users/macbookp...', 3412, Array)
#1 /Users/macbookprom2/Desktop/PROJECT/silaju.unifa.ac.id/vendor/codeigniter4/framework/system/CodeIgniter.php(931): App\Controllers\Admin->form_nilai('assets', 'images', 'logo-dark.png')
#2 /Users/macbookprom2/Desktop/PROJECT/silaju.unifa.ac.id/vendor/codeigniter4/framework/system/CodeIgniter.php(439): CodeIgniter\CodeIgniter->runController(Object(App\Controllers\Admin))
#3 /Users/macbookprom2/Desktop/PROJECT/silaju.unifa.ac.id/vendor/codeigniter4/framework/system/CodeIgniter.php(339): CodeIgniter\CodeIgniter->handleRequest(NULL, Object(Config\Cache), false)
#4 /Users/macbookprom2/Desktop/PROJECT/silaju.unifa.ac.id/public/index.php(45): CodeIgniter\CodeIgniter->run()
#5 /Users/macbookprom2/Desktop/PROJECT/silaju.unifa.ac.id/vendor/codeigniter4/framework/system/Commands/Server/rewrite.php(45): require_once('/Users/macbookp...')
#6 {main}
CRITICAL - 2023-08-31 03:43:35 --> 3 : URL rejected: Malformed input to a URL function
#0 /Users/macbookprom2/Desktop/PROJECT/silaju.unifa.ac.id/vendor/codeigniter4/framework/system/HTTP/CURLRequest.php(795): CodeIgniter\HTTP\Exceptions\HTTPException::forCurlError('3', 'URL rejected: M...')
#1 /Users/macbookprom2/Desktop/PROJECT/silaju.unifa.ac.id/vendor/codeigniter4/framework/system/HTTP/CURLRequest.php(408): CodeIgniter\HTTP\CURLRequest->sendRequest(Array)
#2 /Users/macbookprom2/Desktop/PROJECT/silaju.unifa.ac.id/vendor/codeigniter4/framework/system/HTTP/CURLRequest.php(125): CodeIgniter\HTTP\CURLRequest->send('GET', 'http://localhos...')
#3 /Users/macbookprom2/Desktop/PROJECT/silaju.unifa.ac.id/app/Controllers/Admin.php(3462): CodeIgniter\HTTP\CURLRequest->request('GET', 'http://localhos...', Array)
#4 /Users/macbookprom2/Desktop/PROJECT/silaju.unifa.ac.id/app/Controllers/Admin.php(3475): App\Controllers\Admin->get_data_bynim('not found')
#5 /Users/macbookprom2/Desktop/PROJECT/silaju.unifa.ac.id/vendor/codeigniter4/framework/system/CodeIgniter.php(931): App\Controllers\Admin->data_mhs_siska_nim()
#6 /Users/macbookprom2/Desktop/PROJECT/silaju.unifa.ac.id/vendor/codeigniter4/framework/system/CodeIgniter.php(439): CodeIgniter\CodeIgniter->runController(Object(App\Controllers\Admin))
#7 /Users/macbookprom2/Desktop/PROJECT/silaju.unifa.ac.id/vendor/codeigniter4/framework/system/CodeIgniter.php(339): CodeIgniter\CodeIgniter->handleRequest(NULL, Object(Config\Cache), false)
#8 /Users/macbookprom2/Desktop/PROJECT/silaju.unifa.ac.id/public/index.php(45): CodeIgniter\CodeIgniter->run()
#9 /Users/macbookprom2/Desktop/PROJECT/silaju.unifa.ac.id/vendor/codeigniter4/framework/system/Commands/Server/rewrite.php(45): require_once('/Users/macbookp...')
#10 {main}
CRITICAL - 2023-08-31 03:43:36 --> 3 : URL rejected: Malformed input to a URL function
#0 /Users/macbookprom2/Desktop/PROJECT/silaju.unifa.ac.id/vendor/codeigniter4/framework/system/HTTP/CURLRequest.php(795): CodeIgniter\HTTP\Exceptions\HTTPException::forCurlError('3', 'URL rejected: M...')
#1 /Users/macbookprom2/Desktop/PROJECT/silaju.unifa.ac.id/vendor/codeigniter4/framework/system/HTTP/CURLRequest.php(408): CodeIgniter\HTTP\CURLRequest->sendRequest(Array)
#2 /Users/macbookprom2/Desktop/PROJECT/silaju.unifa.ac.id/vendor/codeigniter4/framework/system/HTTP/CURLRequest.php(125): CodeIgniter\HTTP\CURLRequest->send('GET', 'http://localhos...')
#3 /Users/macbookprom2/Desktop/PROJECT/silaju.unifa.ac.id/app/Controllers/Admin.php(3462): CodeIgniter\HTTP\CURLRequest->request('GET', 'http://localhos...', Array)
#4 /Users/macbookprom2/Desktop/PROJECT/silaju.unifa.ac.id/app/Controllers/Admin.php(3475): App\Controllers\Admin->get_data_bynim('not found')
#5 /Users/macbookprom2/Desktop/PROJECT/silaju.unifa.ac.id/vendor/codeigniter4/framework/system/CodeIgniter.php(931): App\Controllers\Admin->data_mhs_siska_nim()
#6 /Users/macbookprom2/Desktop/PROJECT/silaju.unifa.ac.id/vendor/codeigniter4/framework/system/CodeIgniter.php(439): CodeIgniter\CodeIgniter->runController(Object(App\Controllers\Admin))
#7 /Users/macbookprom2/Desktop/PROJECT/silaju.unifa.ac.id/vendor/codeigniter4/framework/system/CodeIgniter.php(339): CodeIgniter\CodeIgniter->handleRequest(NULL, Object(Config\Cache), false)
#8 /Users/macbookprom2/Desktop/PROJECT/silaju.unifa.ac.id/public/index.php(45): CodeIgniter\CodeIgniter->run()
#9 /Users/macbookprom2/Desktop/PROJECT/silaju.unifa.ac.id/vendor/codeigniter4/framework/system/Commands/Server/rewrite.php(45): require_once('/Users/macbookp...')
#10 {main}
CRITICAL - 2023-08-31 03:44:43 --> Undefined offset: 0
#0 /Users/macbookprom2/Desktop/PROJECT/silaju.unifa.ac.id/app/Controllers/Admin.php(3412): CodeIgniter\Debug\Exceptions->errorHandler(8, 'Undefined offse...', '/Users/macbookp...', 3412, Array)
#1 /Users/macbookprom2/Desktop/PROJECT/silaju.unifa.ac.id/vendor/codeigniter4/framework/system/CodeIgniter.php(931): App\Controllers\Admin->form_nilai('assets', 'images', 'logo.svg')
#2 /Users/macbookprom2/Desktop/PROJECT/silaju.unifa.ac.id/vendor/codeigniter4/framework/system/CodeIgniter.php(439): CodeIgniter\CodeIgniter->runController(Object(App\Controllers\Admin))
#3 /Users/macbookprom2/Desktop/PROJECT/silaju.unifa.ac.id/vendor/codeigniter4/framework/system/CodeIgniter.php(339): CodeIgniter\CodeIgniter->handleRequest(NULL, Object(Config\Cache), false)
#4 /Users/macbookprom2/Desktop/PROJECT/silaju.unifa.ac.id/public/index.php(45): CodeIgniter\CodeIgniter->run()
#5 /Users/macbookprom2/Desktop/PROJECT/silaju.unifa.ac.id/vendor/codeigniter4/framework/system/Commands/Server/rewrite.php(45): require_once('/Users/macbookp...')
#6 {main}
CRITICAL - 2023-08-31 03:44:43 --> Undefined offset: 0
#0 /Users/macbookprom2/Desktop/PROJECT/silaju.unifa.ac.id/app/Controllers/Admin.php(3412): CodeIgniter\Debug\Exceptions->errorHandler(8, 'Undefined offse...', '/Users/macbookp...', 3412, Array)
#1 /Users/macbookprom2/Desktop/PROJECT/silaju.unifa.ac.id/vendor/codeigniter4/framework/system/CodeIgniter.php(931): App\Controllers\Admin->form_nilai('assets', 'images', 'logo-dark.png')
#2 /Users/macbookprom2/Desktop/PROJECT/silaju.unifa.ac.id/vendor/codeigniter4/framework/system/CodeIgniter.php(439): CodeIgniter\CodeIgniter->runController(Object(App\Controllers\Admin))
#3 /Users/macbookprom2/Desktop/PROJECT/silaju.unifa.ac.id/vendor/codeigniter4/framework/system/CodeIgniter.php(339): CodeIgniter\CodeIgniter->handleRequest(NULL, Object(Config\Cache), false)
#4 /Users/macbookprom2/Desktop/PROJECT/silaju.unifa.ac.id/public/index.php(45): CodeIgniter\CodeIgniter->run()
#5 /Users/macbookprom2/Desktop/PROJECT/silaju.unifa.ac.id/vendor/codeigniter4/framework/system/Commands/Server/rewrite.php(45): require_once('/Users/macbookp...')
#6 {main}
CRITICAL - 2023-08-31 03:46:39 --> Undefined offset: 0
#0 /Users/macbookprom2/Desktop/PROJECT/silaju.unifa.ac.id/app/Controllers/Admin.php(3412): CodeIgniter\Debug\Exceptions->errorHandler(8, 'Undefined offse...', '/Users/macbookp...', 3412, Array)
#1 /Users/macbookprom2/Desktop/PROJECT/silaju.unifa.ac.id/vendor/codeigniter4/framework/system/CodeIgniter.php(931): App\Controllers\Admin->form_nilai('assets', 'images', 'logo.svg')
#2 /Users/macbookprom2/Desktop/PROJECT/silaju.unifa.ac.id/vendor/codeigniter4/framework/system/CodeIgniter.php(439): CodeIgniter\CodeIgniter->runController(Object(App\Controllers\Admin))
#3 /Users/macbookprom2/Desktop/PROJECT/silaju.unifa.ac.id/vendor/codeigniter4/framework/system/CodeIgniter.php(339): CodeIgniter\CodeIgniter->handleRequest(NULL, Object(Config\Cache), false)
#4 /Users/macbookprom2/Desktop/PROJECT/silaju.unifa.ac.id/public/index.php(45): CodeIgniter\CodeIgniter->run()
#5 /Users/macbookprom2/Desktop/PROJECT/silaju.unifa.ac.id/vendor/codeigniter4/framework/system/Commands/Server/rewrite.php(45): require_once('/Users/macbookp...')
#6 {main}
CRITICAL - 2023-08-31 03:46:39 --> Undefined offset: 0
#0 /Users/macbookprom2/Desktop/PROJECT/silaju.unifa.ac.id/app/Controllers/Admin.php(3412): CodeIgniter\Debug\Exceptions->errorHandler(8, 'Undefined offse...', '/Users/macbookp...', 3412, Array)
#1 /Users/macbookprom2/Desktop/PROJECT/silaju.unifa.ac.id/vendor/codeigniter4/framework/system/CodeIgniter.php(931): App\Controllers\Admin->form_nilai('assets', 'images', 'logo-dark.png')
#2 /Users/macbookprom2/Desktop/PROJECT/silaju.unifa.ac.id/vendor/codeigniter4/framework/system/CodeIgniter.php(439): CodeIgniter\CodeIgniter->runController(Object(App\Controllers\Admin))
#3 /Users/macbookprom2/Desktop/PROJECT/silaju.unifa.ac.id/vendor/codeigniter4/framework/system/CodeIgniter.php(339): CodeIgniter\CodeIgniter->handleRequest(NULL, Object(Config\Cache), false)
#4 /Users/macbookprom2/Desktop/PROJECT/silaju.unifa.ac.id/public/index.php(45): CodeIgniter\CodeIgniter->run()
#5 /Users/macbookprom2/Desktop/PROJECT/silaju.unifa.ac.id/vendor/codeigniter4/framework/system/Commands/Server/rewrite.php(45): require_once('/Users/macbookp...')
#6 {main}
CRITICAL - 2023-08-31 03:46:42 --> Undefined offset: 0
#0 /Users/macbookprom2/Desktop/PROJECT/silaju.unifa.ac.id/app/Controllers/Admin.php(3412): CodeIgniter\Debug\Exceptions->errorHandler(8, 'Undefined offse...', '/Users/macbookp...', 3412, Array)
#1 /Users/macbookprom2/Desktop/PROJECT/silaju.unifa.ac.id/vendor/codeigniter4/framework/system/CodeIgniter.php(931): App\Controllers\Admin->form_nilai('assets', 'images', 'logo.svg')
#2 /Users/macbookprom2/Desktop/PROJECT/silaju.unifa.ac.id/vendor/codeigniter4/framework/system/CodeIgniter.php(439): CodeIgniter\CodeIgniter->runController(Object(App\Controllers\Admin))
#3 /Users/macbookprom2/Desktop/PROJECT/silaju.unifa.ac.id/vendor/codeigniter4/framework/system/CodeIgniter.php(339): CodeIgniter\CodeIgniter->handleRequest(NULL, Object(Config\Cache), false)
#4 /Users/macbookprom2/Desktop/PROJECT/silaju.unifa.ac.id/public/index.php(45): CodeIgniter\CodeIgniter->run()
#5 /Users/macbookprom2/Desktop/PROJECT/silaju.unifa.ac.id/vendor/codeigniter4/framework/system/Commands/Server/rewrite.php(45): require_once('/Users/macbookp...')
#6 {main}
CRITICAL - 2023-08-31 03:46:42 --> Undefined offset: 0
#0 /Users/macbookprom2/Desktop/PROJECT/silaju.unifa.ac.id/app/Controllers/Admin.php(3412): CodeIgniter\Debug\Exceptions->errorHandler(8, 'Undefined offse...', '/Users/macbookp...', 3412, Array)
#1 /Users/macbookprom2/Desktop/PROJECT/silaju.unifa.ac.id/vendor/codeigniter4/framework/system/CodeIgniter.php(931): App\Controllers\Admin->form_nilai('assets', 'images', 'logo-dark.png')
#2 /Users/macbookprom2/Desktop/PROJECT/silaju.unifa.ac.id/vendor/codeigniter4/framework/system/CodeIgniter.php(439): CodeIgniter\CodeIgniter->runController(Object(App\Controllers\Admin))
#3 /Users/macbookprom2/Desktop/PROJECT/silaju.unifa.ac.id/vendor/codeigniter4/framework/system/CodeIgniter.php(339): CodeIgniter\CodeIgniter->handleRequest(NULL, Object(Config\Cache), false)
#4 /Users/macbookprom2/Desktop/PROJECT/silaju.unifa.ac.id/public/index.php(45): CodeIgniter\CodeIgniter->run()
#5 /Users/macbookprom2/Desktop/PROJECT/silaju.unifa.ac.id/vendor/codeigniter4/framework/system/Commands/Server/rewrite.php(45): require_once('/Users/macbookp...')
#6 {main}
CRITICAL - 2023-08-31 03:47:04 --> Undefined offset: 0
#0 /Users/macbookprom2/Desktop/PROJECT/silaju.unifa.ac.id/app/Controllers/Admin.php(3412): CodeIgniter\Debug\Exceptions->errorHandler(8, 'Undefined offse...', '/Users/macbookp...', 3412, Array)
#1 /Users/macbookprom2/Desktop/PROJECT/silaju.unifa.ac.id/vendor/codeigniter4/framework/system/CodeIgniter.php(931): App\Controllers\Admin->form_nilai('assets', 'images', 'logo.svg')
#2 /Users/macbookprom2/Desktop/PROJECT/silaju.unifa.ac.id/vendor/codeigniter4/framework/system/CodeIgniter.php(439): CodeIgniter\CodeIgniter->runController(Object(App\Controllers\Admin))
#3 /Users/macbookprom2/Desktop/PROJECT/silaju.unifa.ac.id/vendor/codeigniter4/framework/system/CodeIgniter.php(339): CodeIgniter\CodeIgniter->handleRequest(NULL, Object(Config\Cache), false)
#4 /Users/macbookprom2/Desktop/PROJECT/silaju.unifa.ac.id/public/index.php(45): CodeIgniter\CodeIgniter->run()
#5 /Users/macbookprom2/Desktop/PROJECT/silaju.unifa.ac.id/vendor/codeigniter4/framework/system/Commands/Server/rewrite.php(45): require_once('/Users/macbookp...')
#6 {main}
CRITICAL - 2023-08-31 03:47:04 --> Undefined offset: 0
#0 /Users/macbookprom2/Desktop/PROJECT/silaju.unifa.ac.id/app/Controllers/Admin.php(3412): CodeIgniter\Debug\Exceptions->errorHandler(8, 'Undefined offse...', '/Users/macbookp...', 3412, Array)
#1 /Users/macbookprom2/Desktop/PROJECT/silaju.unifa.ac.id/vendor/codeigniter4/framework/system/CodeIgniter.php(931): App\Controllers\Admin->form_nilai('assets', 'images', 'logo-dark.png')
#2 /Users/macbookprom2/Desktop/PROJECT/silaju.unifa.ac.id/vendor/codeigniter4/framework/system/CodeIgniter.php(439): CodeIgniter\CodeIgniter->runController(Object(App\Controllers\Admin))
#3 /Users/macbookprom2/Desktop/PROJECT/silaju.unifa.ac.id/vendor/codeigniter4/framework/system/CodeIgniter.php(339): CodeIgniter\CodeIgniter->handleRequest(NULL, Object(Config\Cache), false)
#4 /Users/macbookprom2/Desktop/PROJECT/silaju.unifa.ac.id/public/index.php(45): CodeIgniter\CodeIgniter->run()
#5 /Users/macbookprom2/Desktop/PROJECT/silaju.unifa.ac.id/vendor/codeigniter4/framework/system/Commands/Server/rewrite.php(45): require_once('/Users/macbookp...')
#6 {main}
CRITICAL - 2023-08-31 03:47:56 --> Undefined offset: 0
#0 /Users/macbookprom2/Desktop/PROJECT/silaju.unifa.ac.id/app/Controllers/Admin.php(3412): CodeIgniter\Debug\Exceptions->errorHandler(8, 'Undefined offse...', '/Users/macbookp...', 3412, Array)
#1 /Users/macbookprom2/Desktop/PROJECT/silaju.unifa.ac.id/vendor/codeigniter4/framework/system/CodeIgniter.php(931): App\Controllers\Admin->form_nilai('assets', 'images', 'logo.svg')
#2 /Users/macbookprom2/Desktop/PROJECT/silaju.unifa.ac.id/vendor/codeigniter4/framework/system/CodeIgniter.php(439): CodeIgniter\CodeIgniter->runController(Object(App\Controllers\Admin))
#3 /Users/macbookprom2/Desktop/PROJECT/silaju.unifa.ac.id/vendor/codeigniter4/framework/system/CodeIgniter.php(339): CodeIgniter\CodeIgniter->handleRequest(NULL, Object(Config\Cache), false)
#4 /Users/macbookprom2/Desktop/PROJECT/silaju.unifa.ac.id/public/index.php(45): CodeIgniter\CodeIgniter->run()
#5 /Users/macbookprom2/Desktop/PROJECT/silaju.unifa.ac.id/vendor/codeigniter4/framework/system/Commands/Server/rewrite.php(45): require_once('/Users/macbookp...')
#6 {main}
CRITICAL - 2023-08-31 03:47:56 --> Undefined offset: 0
#0 /Users/macbookprom2/Desktop/PROJECT/silaju.unifa.ac.id/app/Controllers/Admin.php(3412): CodeIgniter\Debug\Exceptions->errorHandler(8, 'Undefined offse...', '/Users/macbookp...', 3412, Array)
#1 /Users/macbookprom2/Desktop/PROJECT/silaju.unifa.ac.id/vendor/codeigniter4/framework/system/CodeIgniter.php(931): App\Controllers\Admin->form_nilai('assets', 'images', 'logo-dark.png')
#2 /Users/macbookprom2/Desktop/PROJECT/silaju.unifa.ac.id/vendor/codeigniter4/framework/system/CodeIgniter.php(439): CodeIgniter\CodeIgniter->runController(Object(App\Controllers\Admin))
#3 /Users/macbookprom2/Desktop/PROJECT/silaju.unifa.ac.id/vendor/codeigniter4/framework/system/CodeIgniter.php(339): CodeIgniter\CodeIgniter->handleRequest(NULL, Object(Config\Cache), false)
#4 /Users/macbookprom2/Desktop/PROJECT/silaju.unifa.ac.id/public/index.php(45): CodeIgniter\CodeIgniter->run()
#5 /Users/macbookprom2/Desktop/PROJECT/silaju.unifa.ac.id/vendor/codeigniter4/framework/system/Commands/Server/rewrite.php(45): require_once('/Users/macbookp...')
#6 {main}
CRITICAL - 2023-08-31 03:48:03 --> Undefined offset: 0
#0 /Users/macbookprom2/Desktop/PROJECT/silaju.unifa.ac.id/app/Controllers/Admin.php(3412): CodeIgniter\Debug\Exceptions->errorHandler(8, 'Undefined offse...', '/Users/macbookp...', 3412, Array)
#1 /Users/macbookprom2/Desktop/PROJECT/silaju.unifa.ac.id/vendor/codeigniter4/framework/system/CodeIgniter.php(931): App\Controllers\Admin->form_nilai('assets', 'images', 'logo.svg')
#2 /Users/macbookprom2/Desktop/PROJECT/silaju.unifa.ac.id/vendor/codeigniter4/framework/system/CodeIgniter.php(439): CodeIgniter\CodeIgniter->runController(Object(App\Controllers\Admin))
#3 /Users/macbookprom2/Desktop/PROJECT/silaju.unifa.ac.id/vendor/codeigniter4/framework/system/CodeIgniter.php(339): CodeIgniter\CodeIgniter->handleRequest(NULL, Object(Config\Cache), false)
#4 /Users/macbookprom2/Desktop/PROJECT/silaju.unifa.ac.id/public/index.php(45): CodeIgniter\CodeIgniter->run()
#5 /Users/macbookprom2/Desktop/PROJECT/silaju.unifa.ac.id/vendor/codeigniter4/framework/system/Commands/Server/rewrite.php(45): require_once('/Users/macbookp...')
#6 {main}
CRITICAL - 2023-08-31 03:48:03 --> Undefined offset: 0
#0 /Users/macbookprom2/Desktop/PROJECT/silaju.unifa.ac.id/app/Controllers/Admin.php(3412): CodeIgniter\Debug\Exceptions->errorHandler(8, 'Undefined offse...', '/Users/macbookp...', 3412, Array)
#1 /Users/macbookprom2/Desktop/PROJECT/silaju.unifa.ac.id/vendor/codeigniter4/framework/system/CodeIgniter.php(931): App\Controllers\Admin->form_nilai('assets', 'images', 'logo-dark.png')
#2 /Users/macbookprom2/Desktop/PROJECT/silaju.unifa.ac.id/vendor/codeigniter4/framework/system/CodeIgniter.php(439): CodeIgniter\CodeIgniter->runController(Object(App\Controllers\Admin))
#3 /Users/macbookprom2/Desktop/PROJECT/silaju.unifa.ac.id/vendor/codeigniter4/framework/system/CodeIgniter.php(339): CodeIgniter\CodeIgniter->handleRequest(NULL, Object(Config\Cache), false)
#4 /Users/macbookprom2/Desktop/PROJECT/silaju.unifa.ac.id/public/index.php(45): CodeIgniter\CodeIgniter->run()
#5 /Users/macbookprom2/Desktop/PROJECT/silaju.unifa.ac.id/vendor/codeigniter4/framework/system/Commands/Server/rewrite.php(45): require_once('/Users/macbookp...')
#6 {main}
CRITICAL - 2023-08-31 03:49:17 --> Undefined offset: 0
#0 /Users/macbookprom2/Desktop/PROJECT/silaju.unifa.ac.id/app/Controllers/Admin.php(3412): CodeIgniter\Debug\Exceptions->errorHandler(8, 'Undefined offse...', '/Users/macbookp...', 3412, Array)
#1 /Users/macbookprom2/Desktop/PROJECT/silaju.unifa.ac.id/vendor/codeigniter4/framework/system/CodeIgniter.php(931): App\Controllers\Admin->form_nilai('assets', 'images', 'logo.svg')
#2 /Users/macbookprom2/Desktop/PROJECT/silaju.unifa.ac.id/vendor/codeigniter4/framework/system/CodeIgniter.php(439): CodeIgniter\CodeIgniter->runController(Object(App\Controllers\Admin))
#3 /Users/macbookprom2/Desktop/PROJECT/silaju.unifa.ac.id/vendor/codeigniter4/framework/system/CodeIgniter.php(339): CodeIgniter\CodeIgniter->handleRequest(NULL, Object(Config\Cache), false)
#4 /Users/macbookprom2/Desktop/PROJECT/silaju.unifa.ac.id/public/index.php(45): CodeIgniter\CodeIgniter->run()
#5 /Users/macbookprom2/Desktop/PROJECT/silaju.unifa.ac.id/vendor/codeigniter4/framework/system/Commands/Server/rewrite.php(45): require_once('/Users/macbookp...')
#6 {main}
CRITICAL - 2023-08-31 03:49:17 --> Undefined offset: 0
#0 /Users/macbookprom2/Desktop/PROJECT/silaju.unifa.ac.id/app/Controllers/Admin.php(3412): CodeIgniter\Debug\Exceptions->errorHandler(8, 'Undefined offse...', '/Users/macbookp...', 3412, Array)
#1 /Users/macbookprom2/Desktop/PROJECT/silaju.unifa.ac.id/vendor/codeigniter4/framework/system/CodeIgniter.php(931): App\Controllers\Admin->form_nilai('assets', 'images', 'logo-dark.png')
#2 /Users/macbookprom2/Desktop/PROJECT/silaju.unifa.ac.id/vendor/codeigniter4/framework/system/CodeIgniter.php(439): CodeIgniter\CodeIgniter->runController(Object(App\Controllers\Admin))
#3 /Users/macbookprom2/Desktop/PROJECT/silaju.unifa.ac.id/vendor/codeigniter4/framework/system/CodeIgniter.php(339): CodeIgniter\CodeIgniter->handleRequest(NULL, Object(Config\Cache), false)
#4 /Users/macbookprom2/Desktop/PROJECT/silaju.unifa.ac.id/public/index.php(45): CodeIgniter\CodeIgniter->run()
#5 /Users/macbookprom2/Desktop/PROJECT/silaju.unifa.ac.id/vendor/codeigniter4/framework/system/Commands/Server/rewrite.php(45): require_once('/Users/macbookp...')
#6 {main}
CRITICAL - 2023-08-31 04:01:12 --> Undefined offset: 0
#0 /Users/macbookprom2/Desktop/PROJECT/silaju.unifa.ac.id/app/Controllers/Admin.php(3412): CodeIgniter\Debug\Exceptions->errorHandler(8, 'Undefined offse...', '/Users/macbookp...', 3412, Array)
#1 /Users/macbookprom2/Desktop/PROJECT/silaju.unifa.ac.id/vendor/codeigniter4/framework/system/CodeIgniter.php(931): App\Controllers\Admin->form_nilai('assets', 'images', 'logo.svg')
#2 /Users/macbookprom2/Desktop/PROJECT/silaju.unifa.ac.id/vendor/codeigniter4/framework/system/CodeIgniter.php(439): CodeIgniter\CodeIgniter->runController(Object(App\Controllers\Admin))
#3 /Users/macbookprom2/Desktop/PROJECT/silaju.unifa.ac.id/vendor/codeigniter4/framework/system/CodeIgniter.php(339): CodeIgniter\CodeIgniter->handleRequest(NULL, Object(Config\Cache), false)
#4 /Users/macbookprom2/Desktop/PROJECT/silaju.unifa.ac.id/public/index.php(45): CodeIgniter\CodeIgniter->run()
#5 /Users/macbookprom2/Desktop/PROJECT/silaju.unifa.ac.id/vendor/codeigniter4/framework/system/Commands/Server/rewrite.php(45): require_once('/Users/macbookp...')
#6 {main}
CRITICAL - 2023-08-31 04:01:12 --> Undefined offset: 0
#0 /Users/macbookprom2/Desktop/PROJECT/silaju.unifa.ac.id/app/Controllers/Admin.php(3412): CodeIgniter\Debug\Exceptions->errorHandler(8, 'Undefined offse...', '/Users/macbookp...', 3412, Array)
#1 /Users/macbookprom2/Desktop/PROJECT/silaju.unifa.ac.id/vendor/codeigniter4/framework/system/CodeIgniter.php(931): App\Controllers\Admin->form_nilai('assets', 'images', 'logo-dark.png')
#2 /Users/macbookprom2/Desktop/PROJECT/silaju.unifa.ac.id/vendor/codeigniter4/framework/system/CodeIgniter.php(439): CodeIgniter\CodeIgniter->runController(Object(App\Controllers\Admin))
#3 /Users/macbookprom2/Desktop/PROJECT/silaju.unifa.ac.id/vendor/codeigniter4/framework/system/CodeIgniter.php(339): CodeIgniter\CodeIgniter->handleRequest(NULL, Object(Config\Cache), false)
#4 /Users/macbookprom2/Desktop/PROJECT/silaju.unifa.ac.id/public/index.php(45): CodeIgniter\CodeIgniter->run()
#5 /Users/macbookprom2/Desktop/PROJECT/silaju.unifa.ac.id/vendor/codeigniter4/framework/system/Commands/Server/rewrite.php(45): require_once('/Users/macbookp...')
#6 {main}
CRITICAL - 2023-08-31 04:01:12 --> Undefined offset: 0
#0 /Users/macbookprom2/Desktop/PROJECT/silaju.unifa.ac.id/app/Controllers/Admin.php(3412): CodeIgniter\Debug\Exceptions->errorHandler(8, 'Undefined offse...', '/Users/macbookp...', 3412, Array)
#1 /Users/macbookprom2/Desktop/PROJECT/silaju.unifa.ac.id/vendor/codeigniter4/framework/system/CodeIgniter.php(931): App\Controllers\Admin->form_nilai('assets', 'images', 'logo.svg')
#2 /Users/macbookprom2/Desktop/PROJECT/silaju.unifa.ac.id/vendor/codeigniter4/framework/system/CodeIgniter.php(439): CodeIgniter\CodeIgniter->runController(Object(App\Controllers\Admin))
#3 /Users/macbookprom2/Desktop/PROJECT/silaju.unifa.ac.id/vendor/codeigniter4/framework/system/CodeIgniter.php(339): CodeIgniter\CodeIgniter->handleRequest(NULL, Object(Config\Cache), false)
#4 /Users/macbookprom2/Desktop/PROJECT/silaju.unifa.ac.id/public/index.php(45): CodeIgniter\CodeIgniter->run()
#5 /Users/macbookprom2/Desktop/PROJECT/silaju.unifa.ac.id/vendor/codeigniter4/framework/system/Commands/Server/rewrite.php(45): require_once('/Users/macbookp...')
#6 {main}
CRITICAL - 2023-08-31 04:01:12 --> Undefined offset: 0
#0 /Users/macbookprom2/Desktop/PROJECT/silaju.unifa.ac.id/app/Controllers/Admin.php(3412): CodeIgniter\Debug\Exceptions->errorHandler(8, 'Undefined offse...', '/Users/macbookp...', 3412, Array)
#1 /Users/macbookprom2/Desktop/PROJECT/silaju.unifa.ac.id/vendor/codeigniter4/framework/system/CodeIgniter.php(931): App\Controllers\Admin->form_nilai('assets', 'images', 'logo-dark.png')
#2 /Users/macbookprom2/Desktop/PROJECT/silaju.unifa.ac.id/vendor/codeigniter4/framework/system/CodeIgniter.php(439): CodeIgniter\CodeIgniter->runController(Object(App\Controllers\Admin))
#3 /Users/macbookprom2/Desktop/PROJECT/silaju.unifa.ac.id/vendor/codeigniter4/framework/system/CodeIgniter.php(339): CodeIgniter\CodeIgniter->handleRequest(NULL, Object(Config\Cache), false)
#4 /Users/macbookprom2/Desktop/PROJECT/silaju.unifa.ac.id/public/index.php(45): CodeIgniter\CodeIgniter->run()
#5 /Users/macbookprom2/Desktop/PROJECT/silaju.unifa.ac.id/vendor/codeigniter4/framework/system/Commands/Server/rewrite.php(45): require_once('/Users/macbookp...')
#6 {main}
CRITICAL - 2023-08-31 04:02:05 --> Undefined offset: 0
#0 /Users/macbookprom2/Desktop/PROJECT/silaju.unifa.ac.id/app/Controllers/Admin.php(3412): CodeIgniter\Debug\Exceptions->errorHandler(8, 'Undefined offse...', '/Users/macbookp...', 3412, Array)
#1 /Users/macbookprom2/Desktop/PROJECT/silaju.unifa.ac.id/vendor/codeigniter4/framework/system/CodeIgniter.php(931): App\Controllers\Admin->form_nilai('assets', 'images', 'logo.svg')
#2 /Users/macbookprom2/Desktop/PROJECT/silaju.unifa.ac.id/vendor/codeigniter4/framework/system/CodeIgniter.php(439): CodeIgniter\CodeIgniter->runController(Object(App\Controllers\Admin))
#3 /Users/macbookprom2/Desktop/PROJECT/silaju.unifa.ac.id/vendor/codeigniter4/framework/system/CodeIgniter.php(339): CodeIgniter\CodeIgniter->handleRequest(NULL, Object(Config\Cache), false)
#4 /Users/macbookprom2/Desktop/PROJECT/silaju.unifa.ac.id/public/index.php(45): CodeIgniter\CodeIgniter->run()
#5 /Users/macbookprom2/Desktop/PROJECT/silaju.unifa.ac.id/vendor/codeigniter4/framework/system/Commands/Server/rewrite.php(45): require_once('/Users/macbookp...')
#6 {main}
CRITICAL - 2023-08-31 04:02:05 --> Undefined offset: 0
#0 /Users/macbookprom2/Desktop/PROJECT/silaju.unifa.ac.id/app/Controllers/Admin.php(3412): CodeIgniter\Debug\Exceptions->errorHandler(8, 'Undefined offse...', '/Users/macbookp...', 3412, Array)
#1 /Users/macbookprom2/Desktop/PROJECT/silaju.unifa.ac.id/vendor/codeigniter4/framework/system/CodeIgniter.php(931): App\Controllers\Admin->form_nilai('assets', 'images', 'logo-dark.png')
#2 /Users/macbookprom2/Desktop/PROJECT/silaju.unifa.ac.id/vendor/codeigniter4/framework/system/CodeIgniter.php(439): CodeIgniter\CodeIgniter->runController(Object(App\Controllers\Admin))
#3 /Users/macbookprom2/Desktop/PROJECT/silaju.unifa.ac.id/vendor/codeigniter4/framework/system/CodeIgniter.php(339): CodeIgniter\CodeIgniter->handleRequest(NULL, Object(Config\Cache), false)
#4 /Users/macbookprom2/Desktop/PROJECT/silaju.unifa.ac.id/public/index.php(45): CodeIgniter\CodeIgniter->run()
#5 /Users/macbookprom2/Desktop/PROJECT/silaju.unifa.ac.id/vendor/codeigniter4/framework/system/Commands/Server/rewrite.php(45): require_once('/Users/macbookp...')
#6 {main}
CRITICAL - 2023-08-31 04:03:08 --> Undefined offset: 0
#0 /Users/macbookprom2/Desktop/PROJECT/silaju.unifa.ac.id/app/Controllers/Admin.php(3412): CodeIgniter\Debug\Exceptions->errorHandler(8, 'Undefined offse...', '/Users/macbookp...', 3412, Array)
#1 /Users/macbookprom2/Desktop/PROJECT/silaju.unifa.ac.id/vendor/codeigniter4/framework/system/CodeIgniter.php(931): App\Controllers\Admin->form_nilai('assets', 'images', 'logo.svg')
#2 /Users/macbookprom2/Desktop/PROJECT/silaju.unifa.ac.id/vendor/codeigniter4/framework/system/CodeIgniter.php(439): CodeIgniter\CodeIgniter->runController(Object(App\Controllers\Admin))
#3 /Users/macbookprom2/Desktop/PROJECT/silaju.unifa.ac.id/vendor/codeigniter4/framework/system/CodeIgniter.php(339): CodeIgniter\CodeIgniter->handleRequest(NULL, Object(Config\Cache), false)
#4 /Users/macbookprom2/Desktop/PROJECT/silaju.unifa.ac.id/public/index.php(45): CodeIgniter\CodeIgniter->run()
#5 /Users/macbookprom2/Desktop/PROJECT/silaju.unifa.ac.id/vendor/codeigniter4/framework/system/Commands/Server/rewrite.php(45): require_once('/Users/macbookp...')
#6 {main}
CRITICAL - 2023-08-31 04:03:08 --> Undefined offset: 0
#0 /Users/macbookprom2/Desktop/PROJECT/silaju.unifa.ac.id/app/Controllers/Admin.php(3412): CodeIgniter\Debug\Exceptions->errorHandler(8, 'Undefined offse...', '/Users/macbookp...', 3412, Array)
#1 /Users/macbookprom2/Desktop/PROJECT/silaju.unifa.ac.id/vendor/codeigniter4/framework/system/CodeIgniter.php(931): App\Controllers\Admin->form_nilai('assets', 'images', 'logo-dark.png')
#2 /Users/macbookprom2/Desktop/PROJECT/silaju.unifa.ac.id/vendor/codeigniter4/framework/system/CodeIgniter.php(439): CodeIgniter\CodeIgniter->runController(Object(App\Controllers\Admin))
#3 /Users/macbookprom2/Desktop/PROJECT/silaju.unifa.ac.id/vendor/codeigniter4/framework/system/CodeIgniter.php(339): CodeIgniter\CodeIgniter->handleRequest(NULL, Object(Config\Cache), false)
#4 /Users/macbookprom2/Desktop/PROJECT/silaju.unifa.ac.id/public/index.php(45): CodeIgniter\CodeIgniter->run()
#5 /Users/macbookprom2/Desktop/PROJECT/silaju.unifa.ac.id/vendor/codeigniter4/framework/system/Commands/Server/rewrite.php(45): require_once('/Users/macbookp...')
#6 {main}
CRITICAL - 2023-08-31 04:03:29 --> Undefined offset: 0
#0 /Users/macbookprom2/Desktop/PROJECT/silaju.unifa.ac.id/app/Controllers/Admin.php(3412): CodeIgniter\Debug\Exceptions->errorHandler(8, 'Undefined offse...', '/Users/macbookp...', 3412, Array)
#1 /Users/macbookprom2/Desktop/PROJECT/silaju.unifa.ac.id/vendor/codeigniter4/framework/system/CodeIgniter.php(931): App\Controllers\Admin->form_nilai('assets', 'images', 'logo.svg')
#2 /Users/macbookprom2/Desktop/PROJECT/silaju.unifa.ac.id/vendor/codeigniter4/framework/system/CodeIgniter.php(439): CodeIgniter\CodeIgniter->runController(Object(App\Controllers\Admin))
#3 /Users/macbookprom2/Desktop/PROJECT/silaju.unifa.ac.id/vendor/codeigniter4/framework/system/CodeIgniter.php(339): CodeIgniter\CodeIgniter->handleRequest(NULL, Object(Config\Cache), false)
#4 /Users/macbookprom2/Desktop/PROJECT/silaju.unifa.ac.id/public/index.php(45): CodeIgniter\CodeIgniter->run()
#5 /Users/macbookprom2/Desktop/PROJECT/silaju.unifa.ac.id/vendor/codeigniter4/framework/system/Commands/Server/rewrite.php(45): require_once('/Users/macbookp...')
#6 {main}
CRITICAL - 2023-08-31 04:03:29 --> Undefined offset: 0
#0 /Users/macbookprom2/Desktop/PROJECT/silaju.unifa.ac.id/app/Controllers/Admin.php(3412): CodeIgniter\Debug\Exceptions->errorHandler(8, 'Undefined offse...', '/Users/macbookp...', 3412, Array)
#1 /Users/macbookprom2/Desktop/PROJECT/silaju.unifa.ac.id/vendor/codeigniter4/framework/system/CodeIgniter.php(931): App\Controllers\Admin->form_nilai('assets', 'images', 'logo-dark.png')
#2 /Users/macbookprom2/Desktop/PROJECT/silaju.unifa.ac.id/vendor/codeigniter4/framework/system/CodeIgniter.php(439): CodeIgniter\CodeIgniter->runController(Object(App\Controllers\Admin))
#3 /Users/macbookprom2/Desktop/PROJECT/silaju.unifa.ac.id/vendor/codeigniter4/framework/system/CodeIgniter.php(339): CodeIgniter\CodeIgniter->handleRequest(NULL, Object(Config\Cache), false)
#4 /Users/macbookprom2/Desktop/PROJECT/silaju.unifa.ac.id/public/index.php(45): CodeIgniter\CodeIgniter->run()
#5 /Users/macbookprom2/Desktop/PROJECT/silaju.unifa.ac.id/vendor/codeigniter4/framework/system/Commands/Server/rewrite.php(45): require_once('/Users/macbookp...')
#6 {main}
CRITICAL - 2023-08-31 04:06:58 --> Undefined offset: 0
#0 /Users/macbookprom2/Desktop/PROJECT/silaju.unifa.ac.id/app/Controllers/Admin.php(3412): CodeIgniter\Debug\Exceptions->errorHandler(8, 'Undefined offse...', '/Users/macbookp...', 3412, Array)
#1 /Users/macbookprom2/Desktop/PROJECT/silaju.unifa.ac.id/vendor/codeigniter4/framework/system/CodeIgniter.php(931): App\Controllers\Admin->form_nilai('assets', 'images', 'logo.svg')
#2 /Users/macbookprom2/Desktop/PROJECT/silaju.unifa.ac.id/vendor/codeigniter4/framework/system/CodeIgniter.php(439): CodeIgniter\CodeIgniter->runController(Object(App\Controllers\Admin))
#3 /Users/macbookprom2/Desktop/PROJECT/silaju.unifa.ac.id/vendor/codeigniter4/framework/system/CodeIgniter.php(339): CodeIgniter\CodeIgniter->handleRequest(NULL, Object(Config\Cache), false)
#4 /Users/macbookprom2/Desktop/PROJECT/silaju.unifa.ac.id/public/index.php(45): CodeIgniter\CodeIgniter->run()
#5 /Users/macbookprom2/Desktop/PROJECT/silaju.unifa.ac.id/vendor/codeigniter4/framework/system/Commands/Server/rewrite.php(45): require_once('/Users/macbookp...')
#6 {main}
CRITICAL - 2023-08-31 04:06:58 --> Undefined offset: 0
#0 /Users/macbookprom2/Desktop/PROJECT/silaju.unifa.ac.id/app/Controllers/Admin.php(3412): CodeIgniter\Debug\Exceptions->errorHandler(8, 'Undefined offse...', '/Users/macbookp...', 3412, Array)
#1 /Users/macbookprom2/Desktop/PROJECT/silaju.unifa.ac.id/vendor/codeigniter4/framework/system/CodeIgniter.php(931): App\Controllers\Admin->form_nilai('assets', 'images', 'logo-dark.png')
#2 /Users/macbookprom2/Desktop/PROJECT/silaju.unifa.ac.id/vendor/codeigniter4/framework/system/CodeIgniter.php(439): CodeIgniter\CodeIgniter->runController(Object(App\Controllers\Admin))
#3 /Users/macbookprom2/Desktop/PROJECT/silaju.unifa.ac.id/vendor/codeigniter4/framework/system/CodeIgniter.php(339): CodeIgniter\CodeIgniter->handleRequest(NULL, Object(Config\Cache), false)
#4 /Users/macbookprom2/Desktop/PROJECT/silaju.unifa.ac.id/public/index.php(45): CodeIgniter\CodeIgniter->run()
#5 /Users/macbookprom2/Desktop/PROJECT/silaju.unifa.ac.id/vendor/codeigniter4/framework/system/Commands/Server/rewrite.php(45): require_once('/Users/macbookp...')
#6 {main}
CRITICAL - 2023-08-31 04:07:44 --> Undefined offset: 0
#0 /Users/macbookprom2/Desktop/PROJECT/silaju.unifa.ac.id/app/Controllers/Admin.php(3412): CodeIgniter\Debug\Exceptions->errorHandler(8, 'Undefined offse...', '/Users/macbookp...', 3412, Array)
#1 /Users/macbookprom2/Desktop/PROJECT/silaju.unifa.ac.id/vendor/codeigniter4/framework/system/CodeIgniter.php(931): App\Controllers\Admin->form_nilai('assets', 'images', 'logo.svg')
#2 /Users/macbookprom2/Desktop/PROJECT/silaju.unifa.ac.id/vendor/codeigniter4/framework/system/CodeIgniter.php(439): CodeIgniter\CodeIgniter->runController(Object(App\Controllers\Admin))
#3 /Users/macbookprom2/Desktop/PROJECT/silaju.unifa.ac.id/vendor/codeigniter4/framework/system/CodeIgniter.php(339): CodeIgniter\CodeIgniter->handleRequest(NULL, Object(Config\Cache), false)
#4 /Users/macbookprom2/Desktop/PROJECT/silaju.unifa.ac.id/public/index.php(45): CodeIgniter\CodeIgniter->run()
#5 /Users/macbookprom2/Desktop/PROJECT/silaju.unifa.ac.id/vendor/codeigniter4/framework/system/Commands/Server/rewrite.php(45): require_once('/Users/macbookp...')
#6 {main}
CRITICAL - 2023-08-31 04:07:44 --> Undefined offset: 0
#0 /Users/macbookprom2/Desktop/PROJECT/silaju.unifa.ac.id/app/Controllers/Admin.php(3412): CodeIgniter\Debug\Exceptions->errorHandler(8, 'Undefined offse...', '/Users/macbookp...', 3412, Array)
#1 /Users/macbookprom2/Desktop/PROJECT/silaju.unifa.ac.id/vendor/codeigniter4/framework/system/CodeIgniter.php(931): App\Controllers\Admin->form_nilai('assets', 'images', 'logo-dark.png')
#2 /Users/macbookprom2/Desktop/PROJECT/silaju.unifa.ac.id/vendor/codeigniter4/framework/system/CodeIgniter.php(439): CodeIgniter\CodeIgniter->runController(Object(App\Controllers\Admin))
#3 /Users/macbookprom2/Desktop/PROJECT/silaju.unifa.ac.id/vendor/codeigniter4/framework/system/CodeIgniter.php(339): CodeIgniter\CodeIgniter->handleRequest(NULL, Object(Config\Cache), false)
#4 /Users/macbookprom2/Desktop/PROJECT/silaju.unifa.ac.id/public/index.php(45): CodeIgniter\CodeIgniter->run()
#5 /Users/macbookprom2/Desktop/PROJECT/silaju.unifa.ac.id/vendor/codeigniter4/framework/system/Commands/Server/rewrite.php(45): require_once('/Users/macbookp...')
#6 {main}
CRITICAL - 2023-08-31 04:08:44 --> Undefined offset: 0
#0 /Users/macbookprom2/Desktop/PROJECT/silaju.unifa.ac.id/app/Controllers/Admin.php(3412): CodeIgniter\Debug\Exceptions->errorHandler(8, 'Undefined offse...', '/Users/macbookp...', 3412, Array)
#1 /Users/macbookprom2/Desktop/PROJECT/silaju.unifa.ac.id/vendor/codeigniter4/framework/system/CodeIgniter.php(931): App\Controllers\Admin->form_nilai('assets', 'images', 'logo.svg')
#2 /Users/macbookprom2/Desktop/PROJECT/silaju.unifa.ac.id/vendor/codeigniter4/framework/system/CodeIgniter.php(439): CodeIgniter\CodeIgniter->runController(Object(App\Controllers\Admin))
#3 /Users/macbookprom2/Desktop/PROJECT/silaju.unifa.ac.id/vendor/codeigniter4/framework/system/CodeIgniter.php(339): CodeIgniter\CodeIgniter->handleRequest(NULL, Object(Config\Cache), false)
#4 /Users/macbookprom2/Desktop/PROJECT/silaju.unifa.ac.id/public/index.php(45): CodeIgniter\CodeIgniter->run()
#5 /Users/macbookprom2/Desktop/PROJECT/silaju.unifa.ac.id/vendor/codeigniter4/framework/system/Commands/Server/rewrite.php(45): require_once('/Users/macbookp...')
#6 {main}
CRITICAL - 2023-08-31 04:08:44 --> Undefined offset: 0
#0 /Users/macbookprom2/Desktop/PROJECT/silaju.unifa.ac.id/app/Controllers/Admin.php(3412): CodeIgniter\Debug\Exceptions->errorHandler(8, 'Undefined offse...', '/Users/macbookp...', 3412, Array)
#1 /Users/macbookprom2/Desktop/PROJECT/silaju.unifa.ac.id/vendor/codeigniter4/framework/system/CodeIgniter.php(931): App\Controllers\Admin->form_nilai('assets', 'images', 'logo-dark.png')
#2 /Users/macbookprom2/Desktop/PROJECT/silaju.unifa.ac.id/vendor/codeigniter4/framework/system/CodeIgniter.php(439): CodeIgniter\CodeIgniter->runController(Object(App\Controllers\Admin))
#3 /Users/macbookprom2/Desktop/PROJECT/silaju.unifa.ac.id/vendor/codeigniter4/framework/system/CodeIgniter.php(339): CodeIgniter\CodeIgniter->handleRequest(NULL, Object(Config\Cache), false)
#4 /Users/macbookprom2/Desktop/PROJECT/silaju.unifa.ac.id/public/index.php(45): CodeIgniter\CodeIgniter->run()
#5 /Users/macbookprom2/Desktop/PROJECT/silaju.unifa.ac.id/vendor/codeigniter4/framework/system/Commands/Server/rewrite.php(45): require_once('/Users/macbookp...')
#6 {main}
CRITICAL - 2023-08-31 04:08:53 --> Undefined offset: 0
#0 /Users/macbookprom2/Desktop/PROJECT/silaju.unifa.ac.id/app/Controllers/Admin.php(3412): CodeIgniter\Debug\Exceptions->errorHandler(8, 'Undefined offse...', '/Users/macbookp...', 3412, Array)
#1 /Users/macbookprom2/Desktop/PROJECT/silaju.unifa.ac.id/vendor/codeigniter4/framework/system/CodeIgniter.php(931): App\Controllers\Admin->form_nilai('assets', 'images', 'logo.svg')
#2 /Users/macbookprom2/Desktop/PROJECT/silaju.unifa.ac.id/vendor/codeigniter4/framework/system/CodeIgniter.php(439): CodeIgniter\CodeIgniter->runController(Object(App\Controllers\Admin))
#3 /Users/macbookprom2/Desktop/PROJECT/silaju.unifa.ac.id/vendor/codeigniter4/framework/system/CodeIgniter.php(339): CodeIgniter\CodeIgniter->handleRequest(NULL, Object(Config\Cache), false)
#4 /Users/macbookprom2/Desktop/PROJECT/silaju.unifa.ac.id/public/index.php(45): CodeIgniter\CodeIgniter->run()
#5 /Users/macbookprom2/Desktop/PROJECT/silaju.unifa.ac.id/vendor/codeigniter4/framework/system/Commands/Server/rewrite.php(45): require_once('/Users/macbookp...')
#6 {main}
CRITICAL - 2023-08-31 04:08:53 --> Undefined offset: 0
#0 /Users/macbookprom2/Desktop/PROJECT/silaju.unifa.ac.id/app/Controllers/Admin.php(3412): CodeIgniter\Debug\Exceptions->errorHandler(8, 'Undefined offse...', '/Users/macbookp...', 3412, Array)
#1 /Users/macbookprom2/Desktop/PROJECT/silaju.unifa.ac.id/vendor/codeigniter4/framework/system/CodeIgniter.php(931): App\Controllers\Admin->form_nilai('assets', 'images', 'logo-dark.png')
#2 /Users/macbookprom2/Desktop/PROJECT/silaju.unifa.ac.id/vendor/codeigniter4/framework/system/CodeIgniter.php(439): CodeIgniter\CodeIgniter->runController(Object(App\Controllers\Admin))
#3 /Users/macbookprom2/Desktop/PROJECT/silaju.unifa.ac.id/vendor/codeigniter4/framework/system/CodeIgniter.php(339): CodeIgniter\CodeIgniter->handleRequest(NULL, Object(Config\Cache), false)
#4 /Users/macbookprom2/Desktop/PROJECT/silaju.unifa.ac.id/public/index.php(45): CodeIgniter\CodeIgniter->run()
#5 /Users/macbookprom2/Desktop/PROJECT/silaju.unifa.ac.id/vendor/codeigniter4/framework/system/Commands/Server/rewrite.php(45): require_once('/Users/macbookp...')
#6 {main}
CRITICAL - 2023-08-31 04:10:17 --> Undefined offset: 0
#0 /Users/macbookprom2/Desktop/PROJECT/silaju.unifa.ac.id/app/Controllers/Admin.php(3412): CodeIgniter\Debug\Exceptions->errorHandler(8, 'Undefined offse...', '/Users/macbookp...', 3412, Array)
#1 /Users/macbookprom2/Desktop/PROJECT/silaju.unifa.ac.id/vendor/codeigniter4/framework/system/CodeIgniter.php(931): App\Controllers\Admin->form_nilai('assets', 'images', 'logo.svg')
#2 /Users/macbookprom2/Desktop/PROJECT/silaju.unifa.ac.id/vendor/codeigniter4/framework/system/CodeIgniter.php(439): CodeIgniter\CodeIgniter->runController(Object(App\Controllers\Admin))
#3 /Users/macbookprom2/Desktop/PROJECT/silaju.unifa.ac.id/vendor/codeigniter4/framework/system/CodeIgniter.php(339): CodeIgniter\CodeIgniter->handleRequest(NULL, Object(Config\Cache), false)
#4 /Users/macbookprom2/Desktop/PROJECT/silaju.unifa.ac.id/public/index.php(45): CodeIgniter\CodeIgniter->run()
#5 /Users/macbookprom2/Desktop/PROJECT/silaju.unifa.ac.id/vendor/codeigniter4/framework/system/Commands/Server/rewrite.php(45): require_once('/Users/macbookp...')
#6 {main}
CRITICAL - 2023-08-31 04:10:17 --> Undefined offset: 0
#0 /Users/macbookprom2/Desktop/PROJECT/silaju.unifa.ac.id/app/Controllers/Admin.php(3412): CodeIgniter\Debug\Exceptions->errorHandler(8, 'Undefined offse...', '/Users/macbookp...', 3412, Array)
#1 /Users/macbookprom2/Desktop/PROJECT/silaju.unifa.ac.id/vendor/codeigniter4/framework/system/CodeIgniter.php(931): App\Controllers\Admin->form_nilai('assets', 'images', 'logo-dark.png')
#2 /Users/macbookprom2/Desktop/PROJECT/silaju.unifa.ac.id/vendor/codeigniter4/framework/system/CodeIgniter.php(439): CodeIgniter\CodeIgniter->runController(Object(App\Controllers\Admin))
#3 /Users/macbookprom2/Desktop/PROJECT/silaju.unifa.ac.id/vendor/codeigniter4/framework/system/CodeIgniter.php(339): CodeIgniter\CodeIgniter->handleRequest(NULL, Object(Config\Cache), false)
#4 /Users/macbookprom2/Desktop/PROJECT/silaju.unifa.ac.id/public/index.php(45): CodeIgniter\CodeIgniter->run()
#5 /Users/macbookprom2/Desktop/PROJECT/silaju.unifa.ac.id/vendor/codeigniter4/framework/system/Commands/Server/rewrite.php(45): require_once('/Users/macbookp...')
#6 {main}
CRITICAL - 2023-08-31 04:14:09 --> Undefined offset: 0
#0 /Users/macbookprom2/Desktop/PROJECT/silaju.unifa.ac.id/app/Controllers/Admin.php(3412): CodeIgniter\Debug\Exceptions->errorHandler(8, 'Undefined offse...', '/Users/macbookp...', 3412, Array)
#1 /Users/macbookprom2/Desktop/PROJECT/silaju.unifa.ac.id/vendor/codeigniter4/framework/system/CodeIgniter.php(931): App\Controllers\Admin->form_nilai('assets', 'images', 'logo.svg')
#2 /Users/macbookprom2/Desktop/PROJECT/silaju.unifa.ac.id/vendor/codeigniter4/framework/system/CodeIgniter.php(439): CodeIgniter\CodeIgniter->runController(Object(App\Controllers\Admin))
#3 /Users/macbookprom2/Desktop/PROJECT/silaju.unifa.ac.id/vendor/codeigniter4/framework/system/CodeIgniter.php(339): CodeIgniter\CodeIgniter->handleRequest(NULL, Object(Config\Cache), false)
#4 /Users/macbookprom2/Desktop/PROJECT/silaju.unifa.ac.id/public/index.php(45): CodeIgniter\CodeIgniter->run()
#5 /Users/macbookprom2/Desktop/PROJECT/silaju.unifa.ac.id/vendor/codeigniter4/framework/system/Commands/Server/rewrite.php(45): require_once('/Users/macbookp...')
#6 {main}
CRITICAL - 2023-08-31 04:14:09 --> Undefined offset: 0
#0 /Users/macbookprom2/Desktop/PROJECT/silaju.unifa.ac.id/app/Controllers/Admin.php(3412): CodeIgniter\Debug\Exceptions->errorHandler(8, 'Undefined offse...', '/Users/macbookp...', 3412, Array)
#1 /Users/macbookprom2/Desktop/PROJECT/silaju.unifa.ac.id/vendor/codeigniter4/framework/system/CodeIgniter.php(931): App\Controllers\Admin->form_nilai('assets', 'images', 'logo-dark.png')
#2 /Users/macbookprom2/Desktop/PROJECT/silaju.unifa.ac.id/vendor/codeigniter4/framework/system/CodeIgniter.php(439): CodeIgniter\CodeIgniter->runController(Object(App\Controllers\Admin))
#3 /Users/macbookprom2/Desktop/PROJECT/silaju.unifa.ac.id/vendor/codeigniter4/framework/system/CodeIgniter.php(339): CodeIgniter\CodeIgniter->handleRequest(NULL, Object(Config\Cache), false)
#4 /Users/macbookprom2/Desktop/PROJECT/silaju.unifa.ac.id/public/index.php(45): CodeIgniter\CodeIgniter->run()
#5 /Users/macbookprom2/Desktop/PROJECT/silaju.unifa.ac.id/vendor/codeigniter4/framework/system/Commands/Server/rewrite.php(45): require_once('/Users/macbookp...')
#6 {main}
CRITICAL - 2023-08-31 04:15:07 --> Undefined offset: 0
#0 /Users/macbookprom2/Desktop/PROJECT/silaju.unifa.ac.id/app/Controllers/Admin.php(3412): CodeIgniter\Debug\Exceptions->errorHandler(8, 'Undefined offse...', '/Users/macbookp...', 3412, Array)
#1 /Users/macbookprom2/Desktop/PROJECT/silaju.unifa.ac.id/vendor/codeigniter4/framework/system/CodeIgniter.php(931): App\Controllers\Admin->form_nilai('assets', 'images', 'logo.svg')
#2 /Users/macbookprom2/Desktop/PROJECT/silaju.unifa.ac.id/vendor/codeigniter4/framework/system/CodeIgniter.php(439): CodeIgniter\CodeIgniter->runController(Object(App\Controllers\Admin))
#3 /Users/macbookprom2/Desktop/PROJECT/silaju.unifa.ac.id/vendor/codeigniter4/framework/system/CodeIgniter.php(339): CodeIgniter\CodeIgniter->handleRequest(NULL, Object(Config\Cache), false)
#4 /Users/macbookprom2/Desktop/PROJECT/silaju.unifa.ac.id/public/index.php(45): CodeIgniter\CodeIgniter->run()
#5 /Users/macbookprom2/Desktop/PROJECT/silaju.unifa.ac.id/vendor/codeigniter4/framework/system/Commands/Server/rewrite.php(45): require_once('/Users/macbookp...')
#6 {main}
CRITICAL - 2023-08-31 04:15:07 --> Undefined offset: 0
#0 /Users/macbookprom2/Desktop/PROJECT/silaju.unifa.ac.id/app/Controllers/Admin.php(3412): CodeIgniter\Debug\Exceptions->errorHandler(8, 'Undefined offse...', '/Users/macbookp...', 3412, Array)
#1 /Users/macbookprom2/Desktop/PROJECT/silaju.unifa.ac.id/vendor/codeigniter4/framework/system/CodeIgniter.php(931): App\Controllers\Admin->form_nilai('assets', 'images', 'logo-dark.png')
#2 /Users/macbookprom2/Desktop/PROJECT/silaju.unifa.ac.id/vendor/codeigniter4/framework/system/CodeIgniter.php(439): CodeIgniter\CodeIgniter->runController(Object(App\Controllers\Admin))
#3 /Users/macbookprom2/Desktop/PROJECT/silaju.unifa.ac.id/vendor/codeigniter4/framework/system/CodeIgniter.php(339): CodeIgniter\CodeIgniter->handleRequest(NULL, Object(Config\Cache), false)
#4 /Users/macbookprom2/Desktop/PROJECT/silaju.unifa.ac.id/public/index.php(45): CodeIgniter\CodeIgniter->run()
#5 /Users/macbookprom2/Desktop/PROJECT/silaju.unifa.ac.id/vendor/codeigniter4/framework/system/Commands/Server/rewrite.php(45): require_once('/Users/macbookp...')
#6 {main}
CRITICAL - 2023-08-31 04:16:34 --> Undefined offset: 0
#0 /Users/macbookprom2/Desktop/PROJECT/silaju.unifa.ac.id/app/Controllers/Admin.php(3412): CodeIgniter\Debug\Exceptions->errorHandler(8, 'Undefined offse...', '/Users/macbookp...', 3412, Array)
#1 /Users/macbookprom2/Desktop/PROJECT/silaju.unifa.ac.id/vendor/codeigniter4/framework/system/CodeIgniter.php(931): App\Controllers\Admin->form_nilai('assets', 'images', 'logo.svg')
#2 /Users/macbookprom2/Desktop/PROJECT/silaju.unifa.ac.id/vendor/codeigniter4/framework/system/CodeIgniter.php(439): CodeIgniter\CodeIgniter->runController(Object(App\Controllers\Admin))
#3 /Users/macbookprom2/Desktop/PROJECT/silaju.unifa.ac.id/vendor/codeigniter4/framework/system/CodeIgniter.php(339): CodeIgniter\CodeIgniter->handleRequest(NULL, Object(Config\Cache), false)
#4 /Users/macbookprom2/Desktop/PROJECT/silaju.unifa.ac.id/public/index.php(45): CodeIgniter\CodeIgniter->run()
#5 /Users/macbookprom2/Desktop/PROJECT/silaju.unifa.ac.id/vendor/codeigniter4/framework/system/Commands/Server/rewrite.php(45): require_once('/Users/macbookp...')
#6 {main}
CRITICAL - 2023-08-31 04:16:34 --> Undefined offset: 0
#0 /Users/macbookprom2/Desktop/PROJECT/silaju.unifa.ac.id/app/Controllers/Admin.php(3412): CodeIgniter\Debug\Exceptions->errorHandler(8, 'Undefined offse...', '/Users/macbookp...', 3412, Array)
#1 /Users/macbookprom2/Desktop/PROJECT/silaju.unifa.ac.id/vendor/codeigniter4/framework/system/CodeIgniter.php(931): App\Controllers\Admin->form_nilai('assets', 'images', 'logo-dark.png')
#2 /Users/macbookprom2/Desktop/PROJECT/silaju.unifa.ac.id/vendor/codeigniter4/framework/system/CodeIgniter.php(439): CodeIgniter\CodeIgniter->runController(Object(App\Controllers\Admin))
#3 /Users/macbookprom2/Desktop/PROJECT/silaju.unifa.ac.id/vendor/codeigniter4/framework/system/CodeIgniter.php(339): CodeIgniter\CodeIgniter->handleRequest(NULL, Object(Config\Cache), false)
#4 /Users/macbookprom2/Desktop/PROJECT/silaju.unifa.ac.id/public/index.php(45): CodeIgniter\CodeIgniter->run()
#5 /Users/macbookprom2/Desktop/PROJECT/silaju.unifa.ac.id/vendor/codeigniter4/framework/system/Commands/Server/rewrite.php(45): require_once('/Users/macbookp...')
#6 {main}
CRITICAL - 2023-08-31 04:17:24 --> Undefined offset: 0
#0 /Users/macbookprom2/Desktop/PROJECT/silaju.unifa.ac.id/app/Controllers/Admin.php(3412): CodeIgniter\Debug\Exceptions->errorHandler(8, 'Undefined offse...', '/Users/macbookp...', 3412, Array)
#1 /Users/macbookprom2/Desktop/PROJECT/silaju.unifa.ac.id/vendor/codeigniter4/framework/system/CodeIgniter.php(931): App\Controllers\Admin->form_nilai('assets', 'images', 'logo.svg')
#2 /Users/macbookprom2/Desktop/PROJECT/silaju.unifa.ac.id/vendor/codeigniter4/framework/system/CodeIgniter.php(439): CodeIgniter\CodeIgniter->runController(Object(App\Controllers\Admin))
#3 /Users/macbookprom2/Desktop/PROJECT/silaju.unifa.ac.id/vendor/codeigniter4/framework/system/CodeIgniter.php(339): CodeIgniter\CodeIgniter->handleRequest(NULL, Object(Config\Cache), false)
#4 /Users/macbookprom2/Desktop/PROJECT/silaju.unifa.ac.id/public/index.php(45): CodeIgniter\CodeIgniter->run()
#5 /Users/macbookprom2/Desktop/PROJECT/silaju.unifa.ac.id/vendor/codeigniter4/framework/system/Commands/Server/rewrite.php(45): require_once('/Users/macbookp...')
#6 {main}
CRITICAL - 2023-08-31 04:17:24 --> Undefined offset: 0
#0 /Users/macbookprom2/Desktop/PROJECT/silaju.unifa.ac.id/app/Controllers/Admin.php(3412): CodeIgniter\Debug\Exceptions->errorHandler(8, 'Undefined offse...', '/Users/macbookp...', 3412, Array)
#1 /Users/macbookprom2/Desktop/PROJECT/silaju.unifa.ac.id/vendor/codeigniter4/framework/system/CodeIgniter.php(931): App\Controllers\Admin->form_nilai('assets', 'images', 'logo-dark.png')
#2 /Users/macbookprom2/Desktop/PROJECT/silaju.unifa.ac.id/vendor/codeigniter4/framework/system/CodeIgniter.php(439): CodeIgniter\CodeIgniter->runController(Object(App\Controllers\Admin))
#3 /Users/macbookprom2/Desktop/PROJECT/silaju.unifa.ac.id/vendor/codeigniter4/framework/system/CodeIgniter.php(339): CodeIgniter\CodeIgniter->handleRequest(NULL, Object(Config\Cache), false)
#4 /Users/macbookprom2/Desktop/PROJECT/silaju.unifa.ac.id/public/index.php(45): CodeIgniter\CodeIgniter->run()
#5 /Users/macbookprom2/Desktop/PROJECT/silaju.unifa.ac.id/vendor/codeigniter4/framework/system/Commands/Server/rewrite.php(45): require_once('/Users/macbookp...')
#6 {main}
CRITICAL - 2023-08-31 04:19:06 --> Undefined offset: 0
#0 /Users/macbookprom2/Desktop/PROJECT/silaju.unifa.ac.id/app/Controllers/Admin.php(3412): CodeIgniter\Debug\Exceptions->errorHandler(8, 'Undefined offse...', '/Users/macbookp...', 3412, Array)
#1 /Users/macbookprom2/Desktop/PROJECT/silaju.unifa.ac.id/vendor/codeigniter4/framework/system/CodeIgniter.php(931): App\Controllers\Admin->form_nilai('assets', 'images', 'logo.svg')
#2 /Users/macbookprom2/Desktop/PROJECT/silaju.unifa.ac.id/vendor/codeigniter4/framework/system/CodeIgniter.php(439): CodeIgniter\CodeIgniter->runController(Object(App\Controllers\Admin))
#3 /Users/macbookprom2/Desktop/PROJECT/silaju.unifa.ac.id/vendor/codeigniter4/framework/system/CodeIgniter.php(339): CodeIgniter\CodeIgniter->handleRequest(NULL, Object(Config\Cache), false)
#4 /Users/macbookprom2/Desktop/PROJECT/silaju.unifa.ac.id/public/index.php(45): CodeIgniter\CodeIgniter->run()
#5 /Users/macbookprom2/Desktop/PROJECT/silaju.unifa.ac.id/vendor/codeigniter4/framework/system/Commands/Server/rewrite.php(45): require_once('/Users/macbookp...')
#6 {main}
CRITICAL - 2023-08-31 04:19:06 --> Undefined offset: 0
#0 /Users/macbookprom2/Desktop/PROJECT/silaju.unifa.ac.id/app/Controllers/Admin.php(3412): CodeIgniter\Debug\Exceptions->errorHandler(8, 'Undefined offse...', '/Users/macbookp...', 3412, Array)
#1 /Users/macbookprom2/Desktop/PROJECT/silaju.unifa.ac.id/vendor/codeigniter4/framework/system/CodeIgniter.php(931): App\Controllers\Admin->form_nilai('assets', 'images', 'logo-dark.png')
#2 /Users/macbookprom2/Desktop/PROJECT/silaju.unifa.ac.id/vendor/codeigniter4/framework/system/CodeIgniter.php(439): CodeIgniter\CodeIgniter->runController(Object(App\Controllers\Admin))
#3 /Users/macbookprom2/Desktop/PROJECT/silaju.unifa.ac.id/vendor/codeigniter4/framework/system/CodeIgniter.php(339): CodeIgniter\CodeIgniter->handleRequest(NULL, Object(Config\Cache), false)
#4 /Users/macbookprom2/Desktop/PROJECT/silaju.unifa.ac.id/public/index.php(45): CodeIgniter\CodeIgniter->run()
#5 /Users/macbookprom2/Desktop/PROJECT/silaju.unifa.ac.id/vendor/codeigniter4/framework/system/Commands/Server/rewrite.php(45): require_once('/Users/macbookp...')
#6 {main}
CRITICAL - 2023-08-31 04:20:25 --> Undefined offset: 0
#0 /Users/macbookprom2/Desktop/PROJECT/silaju.unifa.ac.id/app/Controllers/Admin.php(3412): CodeIgniter\Debug\Exceptions->errorHandler(8, 'Undefined offse...', '/Users/macbookp...', 3412, Array)
#1 /Users/macbookprom2/Desktop/PROJECT/silaju.unifa.ac.id/vendor/codeigniter4/framework/system/CodeIgniter.php(931): App\Controllers\Admin->form_nilai('assets', 'images', 'logo.svg')
#2 /Users/macbookprom2/Desktop/PROJECT/silaju.unifa.ac.id/vendor/codeigniter4/framework/system/CodeIgniter.php(439): CodeIgniter\CodeIgniter->runController(Object(App\Controllers\Admin))
#3 /Users/macbookprom2/Desktop/PROJECT/silaju.unifa.ac.id/vendor/codeigniter4/framework/system/CodeIgniter.php(339): CodeIgniter\CodeIgniter->handleRequest(NULL, Object(Config\Cache), false)
#4 /Users/macbookprom2/Desktop/PROJECT/silaju.unifa.ac.id/public/index.php(45): CodeIgniter\CodeIgniter->run()
#5 /Users/macbookprom2/Desktop/PROJECT/silaju.unifa.ac.id/vendor/codeigniter4/framework/system/Commands/Server/rewrite.php(45): require_once('/Users/macbookp...')
#6 {main}
CRITICAL - 2023-08-31 04:20:25 --> Undefined offset: 0
#0 /Users/macbookprom2/Desktop/PROJECT/silaju.unifa.ac.id/app/Controllers/Admin.php(3412): CodeIgniter\Debug\Exceptions->errorHandler(8, 'Undefined offse...', '/Users/macbookp...', 3412, Array)
#1 /Users/macbookprom2/Desktop/PROJECT/silaju.unifa.ac.id/vendor/codeigniter4/framework/system/CodeIgniter.php(931): App\Controllers\Admin->form_nilai('assets', 'images', 'logo-dark.png')
#2 /Users/macbookprom2/Desktop/PROJECT/silaju.unifa.ac.id/vendor/codeigniter4/framework/system/CodeIgniter.php(439): CodeIgniter\CodeIgniter->runController(Object(App\Controllers\Admin))
#3 /Users/macbookprom2/Desktop/PROJECT/silaju.unifa.ac.id/vendor/codeigniter4/framework/system/CodeIgniter.php(339): CodeIgniter\CodeIgniter->handleRequest(NULL, Object(Config\Cache), false)
#4 /Users/macbookprom2/Desktop/PROJECT/silaju.unifa.ac.id/public/index.php(45): CodeIgniter\CodeIgniter->run()
#5 /Users/macbookprom2/Desktop/PROJECT/silaju.unifa.ac.id/vendor/codeigniter4/framework/system/Commands/Server/rewrite.php(45): require_once('/Users/macbookp...')
#6 {main}
CRITICAL - 2023-08-31 04:20:41 --> Undefined offset: 0
#0 /Users/macbookprom2/Desktop/PROJECT/silaju.unifa.ac.id/app/Controllers/Admin.php(3412): CodeIgniter\Debug\Exceptions->errorHandler(8, 'Undefined offse...', '/Users/macbookp...', 3412, Array)
#1 /Users/macbookprom2/Desktop/PROJECT/silaju.unifa.ac.id/vendor/codeigniter4/framework/system/CodeIgniter.php(931): App\Controllers\Admin->form_nilai('assets', 'images', 'logo.svg')
#2 /Users/macbookprom2/Desktop/PROJECT/silaju.unifa.ac.id/vendor/codeigniter4/framework/system/CodeIgniter.php(439): CodeIgniter\CodeIgniter->runController(Object(App\Controllers\Admin))
#3 /Users/macbookprom2/Desktop/PROJECT/silaju.unifa.ac.id/vendor/codeigniter4/framework/system/CodeIgniter.php(339): CodeIgniter\CodeIgniter->handleRequest(NULL, Object(Config\Cache), false)
#4 /Users/macbookprom2/Desktop/PROJECT/silaju.unifa.ac.id/public/index.php(45): CodeIgniter\CodeIgniter->run()
#5 /Users/macbookprom2/Desktop/PROJECT/silaju.unifa.ac.id/vendor/codeigniter4/framework/system/Commands/Server/rewrite.php(45): require_once('/Users/macbookp...')
#6 {main}
CRITICAL - 2023-08-31 04:20:41 --> Undefined offset: 0
#0 /Users/macbookprom2/Desktop/PROJECT/silaju.unifa.ac.id/app/Controllers/Admin.php(3412): CodeIgniter\Debug\Exceptions->errorHandler(8, 'Undefined offse...', '/Users/macbookp...', 3412, Array)
#1 /Users/macbookprom2/Desktop/PROJECT/silaju.unifa.ac.id/vendor/codeigniter4/framework/system/CodeIgniter.php(931): App\Controllers\Admin->form_nilai('assets', 'images', 'logo-dark.png')
#2 /Users/macbookprom2/Desktop/PROJECT/silaju.unifa.ac.id/vendor/codeigniter4/framework/system/CodeIgniter.php(439): CodeIgniter\CodeIgniter->runController(Object(App\Controllers\Admin))
#3 /Users/macbookprom2/Desktop/PROJECT/silaju.unifa.ac.id/vendor/codeigniter4/framework/system/CodeIgniter.php(339): CodeIgniter\CodeIgniter->handleRequest(NULL, Object(Config\Cache), false)
#4 /Users/macbookprom2/Desktop/PROJECT/silaju.unifa.ac.id/public/index.php(45): CodeIgniter\CodeIgniter->run()
#5 /Users/macbookprom2/Desktop/PROJECT/silaju.unifa.ac.id/vendor/codeigniter4/framework/system/Commands/Server/rewrite.php(45): require_once('/Users/macbookp...')
#6 {main}
