CRITICAL - 2023-02-24 01:13:03 --> syntax error, unexpected '->' (T_OBJECT_OPERATOR)
#0 /www/wwwroot/silaju.unifa.ac.id/vendor/codeigniter4/framework/system/Autoloader/Autoloader.php(282): CodeIgniter\Autoloader\Autoloader->includeFile()
#1 /www/wwwroot/silaju.unifa.ac.id/vendor/codeigniter4/framework/system/Autoloader/Autoloader.php(247): CodeIgniter\Autoloader\Autoloader->loadInNamespace()
#2 [internal function]: CodeIgniter\Autoloader\Autoloader->loadClass()
#3 [internal function]: spl_autoload_call()
#4 /www/wwwroot/silaju.unifa.ac.id/vendor/codeigniter4/framework/system/CodeIgniter.php(888): class_exists()
#5 /www/wwwroot/silaju.unifa.ac.id/vendor/codeigniter4/framework/system/CodeIgniter.php(424): CodeIgniter\CodeIgniter->startController()
#6 /www/wwwroot/silaju.unifa.ac.id/vendor/codeigniter4/framework/system/CodeIgniter.php(339): CodeIgniter\CodeIgniter->handleRequest()
#7 /www/wwwroot/silaju.unifa.ac.id/public/index.php(45): CodeIgniter\CodeIgniter->run()
#8 {main}
CRITICAL - 2023-02-24 01:15:27 --> syntax error, unexpected '->' (T_OBJECT_OPERATOR)
#0 /www/wwwroot/silaju.unifa.ac.id/vendor/codeigniter4/framework/system/Autoloader/Autoloader.php(282): CodeIgniter\Autoloader\Autoloader->includeFile()
#1 /www/wwwroot/silaju.unifa.ac.id/vendor/codeigniter4/framework/system/Autoloader/Autoloader.php(247): CodeIgniter\Autoloader\Autoloader->loadInNamespace()
#2 [internal function]: CodeIgniter\Autoloader\Autoloader->loadClass()
#3 [internal function]: spl_autoload_call()
#4 /www/wwwroot/silaju.unifa.ac.id/vendor/codeigniter4/framework/system/CodeIgniter.php(888): class_exists()
#5 /www/wwwroot/silaju.unifa.ac.id/vendor/codeigniter4/framework/system/CodeIgniter.php(424): CodeIgniter\CodeIgniter->startController()
#6 /www/wwwroot/silaju.unifa.ac.id/vendor/codeigniter4/framework/system/CodeIgniter.php(339): CodeIgniter\CodeIgniter->handleRequest()
#7 /www/wwwroot/silaju.unifa.ac.id/public/index.php(45): CodeIgniter\CodeIgniter->run()
#8 {main}
CRITICAL - 2023-02-24 01:15:30 --> syntax error, unexpected '->' (T_OBJECT_OPERATOR)
#0 /www/wwwroot/silaju.unifa.ac.id/vendor/codeigniter4/framework/system/Autoloader/Autoloader.php(282): CodeIgniter\Autoloader\Autoloader->includeFile()
#1 /www/wwwroot/silaju.unifa.ac.id/vendor/codeigniter4/framework/system/Autoloader/Autoloader.php(247): CodeIgniter\Autoloader\Autoloader->loadInNamespace()
#2 [internal function]: CodeIgniter\Autoloader\Autoloader->loadClass()
#3 [internal function]: spl_autoload_call()
#4 /www/wwwroot/silaju.unifa.ac.id/vendor/codeigniter4/framework/system/CodeIgniter.php(888): class_exists()
#5 /www/wwwroot/silaju.unifa.ac.id/vendor/codeigniter4/framework/system/CodeIgniter.php(424): CodeIgniter\CodeIgniter->startController()
#6 /www/wwwroot/silaju.unifa.ac.id/vendor/codeigniter4/framework/system/CodeIgniter.php(339): CodeIgniter\CodeIgniter->handleRequest()
#7 /www/wwwroot/silaju.unifa.ac.id/public/index.php(45): CodeIgniter\CodeIgniter->run()
#8 {main}
CRITICAL - 2023-02-24 01:15:31 --> syntax error, unexpected '->' (T_OBJECT_OPERATOR)
#0 /www/wwwroot/silaju.unifa.ac.id/vendor/codeigniter4/framework/system/Autoloader/Autoloader.php(282): CodeIgniter\Autoloader\Autoloader->includeFile()
#1 /www/wwwroot/silaju.unifa.ac.id/vendor/codeigniter4/framework/system/Autoloader/Autoloader.php(247): CodeIgniter\Autoloader\Autoloader->loadInNamespace()
#2 [internal function]: CodeIgniter\Autoloader\Autoloader->loadClass()
#3 [internal function]: spl_autoload_call()
#4 /www/wwwroot/silaju.unifa.ac.id/vendor/codeigniter4/framework/system/CodeIgniter.php(888): class_exists()
#5 /www/wwwroot/silaju.unifa.ac.id/vendor/codeigniter4/framework/system/CodeIgniter.php(424): CodeIgniter\CodeIgniter->startController()
#6 /www/wwwroot/silaju.unifa.ac.id/vendor/codeigniter4/framework/system/CodeIgniter.php(339): CodeIgniter\CodeIgniter->handleRequest()
#7 /www/wwwroot/silaju.unifa.ac.id/public/index.php(45): CodeIgniter\CodeIgniter->run()
#8 {main}
CRITICAL - 2023-02-24 01:15:31 --> syntax error, unexpected '->' (T_OBJECT_OPERATOR)
#0 /www/wwwroot/silaju.unifa.ac.id/vendor/codeigniter4/framework/system/Autoloader/Autoloader.php(282): CodeIgniter\Autoloader\Autoloader->includeFile()
#1 /www/wwwroot/silaju.unifa.ac.id/vendor/codeigniter4/framework/system/Autoloader/Autoloader.php(247): CodeIgniter\Autoloader\Autoloader->loadInNamespace()
#2 [internal function]: CodeIgniter\Autoloader\Autoloader->loadClass()
#3 [internal function]: spl_autoload_call()
#4 /www/wwwroot/silaju.unifa.ac.id/vendor/codeigniter4/framework/system/CodeIgniter.php(888): class_exists()
#5 /www/wwwroot/silaju.unifa.ac.id/vendor/codeigniter4/framework/system/CodeIgniter.php(424): CodeIgniter\CodeIgniter->startController()
#6 /www/wwwroot/silaju.unifa.ac.id/vendor/codeigniter4/framework/system/CodeIgniter.php(339): CodeIgniter\CodeIgniter->handleRequest()
#7 /www/wwwroot/silaju.unifa.ac.id/public/index.php(45): CodeIgniter\CodeIgniter->run()
#8 {main}
CRITICAL - 2023-02-24 01:15:36 --> syntax error, unexpected '->' (T_OBJECT_OPERATOR)
#0 /www/wwwroot/silaju.unifa.ac.id/vendor/codeigniter4/framework/system/Autoloader/Autoloader.php(282): CodeIgniter\Autoloader\Autoloader->includeFile()
#1 /www/wwwroot/silaju.unifa.ac.id/vendor/codeigniter4/framework/system/Autoloader/Autoloader.php(247): CodeIgniter\Autoloader\Autoloader->loadInNamespace()
#2 [internal function]: CodeIgniter\Autoloader\Autoloader->loadClass()
#3 [internal function]: spl_autoload_call()
#4 /www/wwwroot/silaju.unifa.ac.id/vendor/codeigniter4/framework/system/CodeIgniter.php(888): class_exists()
#5 /www/wwwroot/silaju.unifa.ac.id/vendor/codeigniter4/framework/system/CodeIgniter.php(424): CodeIgniter\CodeIgniter->startController()
#6 /www/wwwroot/silaju.unifa.ac.id/vendor/codeigniter4/framework/system/CodeIgniter.php(339): CodeIgniter\CodeIgniter->handleRequest()
#7 /www/wwwroot/silaju.unifa.ac.id/public/index.php(45): CodeIgniter\CodeIgniter->run()
#8 {main}
CRITICAL - 2023-02-24 01:37:34 --> syntax error, unexpected '->' (T_OBJECT_OPERATOR)
#0 /www/wwwroot/silaju.unifa.ac.id/vendor/codeigniter4/framework/system/Autoloader/Autoloader.php(282): CodeIgniter\Autoloader\Autoloader->includeFile()
#1 /www/wwwroot/silaju.unifa.ac.id/vendor/codeigniter4/framework/system/Autoloader/Autoloader.php(247): CodeIgniter\Autoloader\Autoloader->loadInNamespace()
#2 [internal function]: CodeIgniter\Autoloader\Autoloader->loadClass()
#3 [internal function]: spl_autoload_call()
#4 /www/wwwroot/silaju.unifa.ac.id/vendor/codeigniter4/framework/system/CodeIgniter.php(888): class_exists()
#5 /www/wwwroot/silaju.unifa.ac.id/vendor/codeigniter4/framework/system/CodeIgniter.php(424): CodeIgniter\CodeIgniter->startController()
#6 /www/wwwroot/silaju.unifa.ac.id/vendor/codeigniter4/framework/system/CodeIgniter.php(339): CodeIgniter\CodeIgniter->handleRequest()
#7 /www/wwwroot/silaju.unifa.ac.id/public/index.php(45): CodeIgniter\CodeIgniter->run()
#8 {main}
CRITICAL - 2023-02-24 08:33:17 --> Call to undefined method App\Models\ModelBiodata::getKlaimMhs
#0 /www/wwwroot/silaju.unifa.ac.id/app/Controllers/Admin.php(465): CodeIgniter\Model->__call()
#1 /www/wwwroot/silaju.unifa.ac.id/vendor/codeigniter4/framework/system/CodeIgniter.php(931): App\Controllers\Admin->adminklaimmhs()
#2 /www/wwwroot/silaju.unifa.ac.id/vendor/codeigniter4/framework/system/CodeIgniter.php(439): CodeIgniter\CodeIgniter->runController()
#3 /www/wwwroot/silaju.unifa.ac.id/vendor/codeigniter4/framework/system/CodeIgniter.php(339): CodeIgniter\CodeIgniter->handleRequest()
#4 /www/wwwroot/silaju.unifa.ac.id/public/index.php(45): CodeIgniter\CodeIgniter->run()
#5 {main}
CRITICAL - 2023-02-24 08:34:48 --> Call to undefined method App\Models\ModelBiodata::getKlaimMhs
#0 /www/wwwroot/silaju.unifa.ac.id/app/Controllers/Admin.php(465): CodeIgniter\Model->__call()
#1 /www/wwwroot/silaju.unifa.ac.id/vendor/codeigniter4/framework/system/CodeIgniter.php(931): App\Controllers\Admin->adminklaimmhs()
#2 /www/wwwroot/silaju.unifa.ac.id/vendor/codeigniter4/framework/system/CodeIgniter.php(439): CodeIgniter\CodeIgniter->runController()
#3 /www/wwwroot/silaju.unifa.ac.id/vendor/codeigniter4/framework/system/CodeIgniter.php(339): CodeIgniter\CodeIgniter->handleRequest()
#4 /www/wwwroot/silaju.unifa.ac.id/public/index.php(45): CodeIgniter\CodeIgniter->run()
#5 {main}
CRITICAL - 2023-02-24 08:52:51 --> syntax error, unexpected 'public' (T_PUBLIC)
#0 /www/wwwroot/silaju.unifa.ac.id/vendor/codeigniter4/framework/system/Autoloader/Autoloader.php(282): CodeIgniter\Autoloader\Autoloader->includeFile()
#1 /www/wwwroot/silaju.unifa.ac.id/vendor/codeigniter4/framework/system/Autoloader/Autoloader.php(247): CodeIgniter\Autoloader\Autoloader->loadInNamespace()
#2 [internal function]: CodeIgniter\Autoloader\Autoloader->loadClass()
#3 [internal function]: spl_autoload_call()
#4 /www/wwwroot/silaju.unifa.ac.id/vendor/codeigniter4/framework/system/CodeIgniter.php(888): class_exists()
#5 /www/wwwroot/silaju.unifa.ac.id/vendor/codeigniter4/framework/system/CodeIgniter.php(424): CodeIgniter\CodeIgniter->startController()
#6 /www/wwwroot/silaju.unifa.ac.id/vendor/codeigniter4/framework/system/CodeIgniter.php(339): CodeIgniter\CodeIgniter->handleRequest()
#7 /www/wwwroot/silaju.unifa.ac.id/public/index.php(45): CodeIgniter\CodeIgniter->run()
#8 {main}
CRITICAL - 2023-02-24 10:24:45 --> syntax error, unexpected '?>'
#0 /www/wwwroot/silaju.unifa.ac.id/vendor/codeigniter4/framework/system/View/View.php(232): CodeIgniter\View\View->CodeIgniter\View\{closure}()
#1 /www/wwwroot/silaju.unifa.ac.id/vendor/codeigniter4/framework/system/Common.php(1250): CodeIgniter\View\View->render()
#2 /www/wwwroot/silaju.unifa.ac.id/app/Controllers/Front.php(350): view()
#3 /www/wwwroot/silaju.unifa.ac.id/vendor/codeigniter4/framework/system/CodeIgniter.php(931): App\Controllers\Front->Pendaftar()
#4 /www/wwwroot/silaju.unifa.ac.id/vendor/codeigniter4/framework/system/CodeIgniter.php(439): CodeIgniter\CodeIgniter->runController()
#5 /www/wwwroot/silaju.unifa.ac.id/vendor/codeigniter4/framework/system/CodeIgniter.php(339): CodeIgniter\CodeIgniter->handleRequest()
#6 /www/wwwroot/silaju.unifa.ac.id/public/index.php(45): CodeIgniter\CodeIgniter->run()
#7 {main}
CRITICAL - 2023-02-24 10:29:05 --> Cannot use isset() on the result of an expression (you can use "null !== expression" instead)
#0 [internal function]: CodeIgniter\Debug\Exceptions->shutdownHandler()
#1 {main}
CRITICAL - 2023-02-24 10:30:02 --> Cannot use isset() on the result of an expression (you can use "null !== expression" instead)
#0 [internal function]: CodeIgniter\Debug\Exceptions->shutdownHandler()
#1 {main}
CRITICAL - 2023-02-24 10:35:47 --> Cannot use isset() on the result of an expression (you can use "null !== expression" instead)
#0 [internal function]: CodeIgniter\Debug\Exceptions->shutdownHandler()
#1 {main}
CRITICAL - 2023-02-24 10:50:10 --> syntax error, unexpected '->' (T_OBJECT_OPERATOR), expecting ')'
#0 /www/wwwroot/silaju.unifa.ac.id/vendor/codeigniter4/framework/system/View/View.php(232): CodeIgniter\View\View->CodeIgniter\View\{closure}()
#1 /www/wwwroot/silaju.unifa.ac.id/vendor/codeigniter4/framework/system/Common.php(1250): CodeIgniter\View\View->render()
#2 /www/wwwroot/silaju.unifa.ac.id/app/Controllers/Front.php(350): view()
#3 /www/wwwroot/silaju.unifa.ac.id/vendor/codeigniter4/framework/system/CodeIgniter.php(931): App\Controllers\Front->Pendaftar()
#4 /www/wwwroot/silaju.unifa.ac.id/vendor/codeigniter4/framework/system/CodeIgniter.php(439): CodeIgniter\CodeIgniter->runController()
#5 /www/wwwroot/silaju.unifa.ac.id/vendor/codeigniter4/framework/system/CodeIgniter.php(339): CodeIgniter\CodeIgniter->handleRequest()
#6 /www/wwwroot/silaju.unifa.ac.id/public/index.php(45): CodeIgniter\CodeIgniter->run()
#7 {main}
CRITICAL - 2023-02-24 11:06:16 --> syntax error, unexpected '->' (T_OBJECT_OPERATOR), expecting ';' or ','
#0 /www/wwwroot/silaju.unifa.ac.id/vendor/codeigniter4/framework/system/View/View.php(232): CodeIgniter\View\View->CodeIgniter\View\{closure}()
#1 /www/wwwroot/silaju.unifa.ac.id/vendor/codeigniter4/framework/system/Common.php(1250): CodeIgniter\View\View->render()
#2 /www/wwwroot/silaju.unifa.ac.id/app/Controllers/Front.php(350): view()
#3 /www/wwwroot/silaju.unifa.ac.id/vendor/codeigniter4/framework/system/CodeIgniter.php(931): App\Controllers\Front->Pendaftar()
#4 /www/wwwroot/silaju.unifa.ac.id/vendor/codeigniter4/framework/system/CodeIgniter.php(439): CodeIgniter\CodeIgniter->runController()
#5 /www/wwwroot/silaju.unifa.ac.id/vendor/codeigniter4/framework/system/CodeIgniter.php(339): CodeIgniter\CodeIgniter->handleRequest()
#6 /www/wwwroot/silaju.unifa.ac.id/public/index.php(45): CodeIgniter\CodeIgniter->run()
#7 {main}
CRITICAL - 2023-02-24 11:36:19 --> Undefined offset: 0
#0 /www/wwwroot/silaju.unifa.ac.id/app/Controllers/Admin.php(1267): CodeIgniter\Debug\Exceptions->errorHandler()
#1 /www/wwwroot/silaju.unifa.ac.id/app/Controllers/Admin.php(1277): App\Controllers\Admin->getasessorbynoregis()
#2 /www/wwwroot/silaju.unifa.ac.id/vendor/codeigniter4/framework/system/CodeIgniter.php(931): App\Controllers\Admin->tanggapanAsessor()
#3 /www/wwwroot/silaju.unifa.ac.id/vendor/codeigniter4/framework/system/CodeIgniter.php(439): CodeIgniter\CodeIgniter->runController()
#4 /www/wwwroot/silaju.unifa.ac.id/vendor/codeigniter4/framework/system/CodeIgniter.php(339): CodeIgniter\CodeIgniter->handleRequest()
#5 /www/wwwroot/silaju.unifa.ac.id/public/index.php(45): CodeIgniter\CodeIgniter->run()
#6 {main}
CRITICAL - 2023-02-24 11:36:19 --> Undefined offset: 0
#0 /www/wwwroot/silaju.unifa.ac.id/app/Controllers/Admin.php(1267): CodeIgniter\Debug\Exceptions->errorHandler()
#1 /www/wwwroot/silaju.unifa.ac.id/app/Controllers/Admin.php(1277): App\Controllers\Admin->getasessorbynoregis()
#2 /www/wwwroot/silaju.unifa.ac.id/vendor/codeigniter4/framework/system/CodeIgniter.php(931): App\Controllers\Admin->tanggapanAsessor()
#3 /www/wwwroot/silaju.unifa.ac.id/vendor/codeigniter4/framework/system/CodeIgniter.php(439): CodeIgniter\CodeIgniter->runController()
#4 /www/wwwroot/silaju.unifa.ac.id/vendor/codeigniter4/framework/system/CodeIgniter.php(339): CodeIgniter\CodeIgniter->handleRequest()
#5 /www/wwwroot/silaju.unifa.ac.id/public/index.php(45): CodeIgniter\CodeIgniter->run()
#6 {main}
CRITICAL - 2023-02-24 11:37:05 --> Undefined offset: 0
#0 /www/wwwroot/silaju.unifa.ac.id/app/Controllers/Admin.php(1267): CodeIgniter\Debug\Exceptions->errorHandler()
#1 /www/wwwroot/silaju.unifa.ac.id/app/Controllers/Admin.php(1277): App\Controllers\Admin->getasessorbynoregis()
#2 /www/wwwroot/silaju.unifa.ac.id/vendor/codeigniter4/framework/system/CodeIgniter.php(931): App\Controllers\Admin->tanggapanAsessor()
#3 /www/wwwroot/silaju.unifa.ac.id/vendor/codeigniter4/framework/system/CodeIgniter.php(439): CodeIgniter\CodeIgniter->runController()
#4 /www/wwwroot/silaju.unifa.ac.id/vendor/codeigniter4/framework/system/CodeIgniter.php(339): CodeIgniter\CodeIgniter->handleRequest()
#5 /www/wwwroot/silaju.unifa.ac.id/public/index.php(45): CodeIgniter\CodeIgniter->run()
#6 {main}
CRITICAL - 2023-02-24 11:37:05 --> Undefined offset: 0
#0 /www/wwwroot/silaju.unifa.ac.id/app/Controllers/Admin.php(1267): CodeIgniter\Debug\Exceptions->errorHandler()
#1 /www/wwwroot/silaju.unifa.ac.id/app/Controllers/Admin.php(1277): App\Controllers\Admin->getasessorbynoregis()
#2 /www/wwwroot/silaju.unifa.ac.id/vendor/codeigniter4/framework/system/CodeIgniter.php(931): App\Controllers\Admin->tanggapanAsessor()
#3 /www/wwwroot/silaju.unifa.ac.id/vendor/codeigniter4/framework/system/CodeIgniter.php(439): CodeIgniter\CodeIgniter->runController()
#4 /www/wwwroot/silaju.unifa.ac.id/vendor/codeigniter4/framework/system/CodeIgniter.php(339): CodeIgniter\CodeIgniter->handleRequest()
#5 /www/wwwroot/silaju.unifa.ac.id/public/index.php(45): CodeIgniter\CodeIgniter->run()
#6 {main}
CRITICAL - 2023-02-24 11:43:02 --> Undefined offset: 0
#0 /www/wwwroot/silaju.unifa.ac.id/app/Controllers/Admin.php(1267): CodeIgniter\Debug\Exceptions->errorHandler()
#1 /www/wwwroot/silaju.unifa.ac.id/app/Controllers/Admin.php(1277): App\Controllers\Admin->getasessorbynoregis()
#2 /www/wwwroot/silaju.unifa.ac.id/vendor/codeigniter4/framework/system/CodeIgniter.php(931): App\Controllers\Admin->tanggapanAsessor()
#3 /www/wwwroot/silaju.unifa.ac.id/vendor/codeigniter4/framework/system/CodeIgniter.php(439): CodeIgniter\CodeIgniter->runController()
#4 /www/wwwroot/silaju.unifa.ac.id/vendor/codeigniter4/framework/system/CodeIgniter.php(339): CodeIgniter\CodeIgniter->handleRequest()
#5 /www/wwwroot/silaju.unifa.ac.id/public/index.php(45): CodeIgniter\CodeIgniter->run()
#6 {main}
CRITICAL - 2023-02-24 11:43:02 --> Undefined offset: 0
#0 /www/wwwroot/silaju.unifa.ac.id/app/Controllers/Admin.php(1267): CodeIgniter\Debug\Exceptions->errorHandler()
#1 /www/wwwroot/silaju.unifa.ac.id/app/Controllers/Admin.php(1277): App\Controllers\Admin->getasessorbynoregis()
#2 /www/wwwroot/silaju.unifa.ac.id/vendor/codeigniter4/framework/system/CodeIgniter.php(931): App\Controllers\Admin->tanggapanAsessor()
#3 /www/wwwroot/silaju.unifa.ac.id/vendor/codeigniter4/framework/system/CodeIgniter.php(439): CodeIgniter\CodeIgniter->runController()
#4 /www/wwwroot/silaju.unifa.ac.id/vendor/codeigniter4/framework/system/CodeIgniter.php(339): CodeIgniter\CodeIgniter->handleRequest()
#5 /www/wwwroot/silaju.unifa.ac.id/public/index.php(45): CodeIgniter\CodeIgniter->run()
#6 {main}
CRITICAL - 2023-02-24 11:43:30 --> Undefined offset: 0
#0 /www/wwwroot/silaju.unifa.ac.id/app/Controllers/Admin.php(1267): CodeIgniter\Debug\Exceptions->errorHandler()
#1 /www/wwwroot/silaju.unifa.ac.id/app/Controllers/Admin.php(1277): App\Controllers\Admin->getasessorbynoregis()
#2 /www/wwwroot/silaju.unifa.ac.id/vendor/codeigniter4/framework/system/CodeIgniter.php(931): App\Controllers\Admin->tanggapanAsessor()
#3 /www/wwwroot/silaju.unifa.ac.id/vendor/codeigniter4/framework/system/CodeIgniter.php(439): CodeIgniter\CodeIgniter->runController()
#4 /www/wwwroot/silaju.unifa.ac.id/vendor/codeigniter4/framework/system/CodeIgniter.php(339): CodeIgniter\CodeIgniter->handleRequest()
#5 /www/wwwroot/silaju.unifa.ac.id/public/index.php(45): CodeIgniter\CodeIgniter->run()
#6 {main}
CRITICAL - 2023-02-24 11:43:30 --> Undefined offset: 0
#0 /www/wwwroot/silaju.unifa.ac.id/app/Controllers/Admin.php(1267): CodeIgniter\Debug\Exceptions->errorHandler()
#1 /www/wwwroot/silaju.unifa.ac.id/app/Controllers/Admin.php(1277): App\Controllers\Admin->getasessorbynoregis()
#2 /www/wwwroot/silaju.unifa.ac.id/vendor/codeigniter4/framework/system/CodeIgniter.php(931): App\Controllers\Admin->tanggapanAsessor()
#3 /www/wwwroot/silaju.unifa.ac.id/vendor/codeigniter4/framework/system/CodeIgniter.php(439): CodeIgniter\CodeIgniter->runController()
#4 /www/wwwroot/silaju.unifa.ac.id/vendor/codeigniter4/framework/system/CodeIgniter.php(339): CodeIgniter\CodeIgniter->handleRequest()
#5 /www/wwwroot/silaju.unifa.ac.id/public/index.php(45): CodeIgniter\CodeIgniter->run()
#6 {main}
CRITICAL - 2023-02-24 11:49:23 --> Undefined offset: 0
#0 /www/wwwroot/silaju.unifa.ac.id/app/Controllers/Admin.php(1267): CodeIgniter\Debug\Exceptions->errorHandler()
#1 /www/wwwroot/silaju.unifa.ac.id/app/Controllers/Admin.php(1277): App\Controllers\Admin->getasessorbynoregis()
#2 /www/wwwroot/silaju.unifa.ac.id/vendor/codeigniter4/framework/system/CodeIgniter.php(931): App\Controllers\Admin->tanggapanAsessor()
#3 /www/wwwroot/silaju.unifa.ac.id/vendor/codeigniter4/framework/system/CodeIgniter.php(439): CodeIgniter\CodeIgniter->runController()
#4 /www/wwwroot/silaju.unifa.ac.id/vendor/codeigniter4/framework/system/CodeIgniter.php(339): CodeIgniter\CodeIgniter->handleRequest()
#5 /www/wwwroot/silaju.unifa.ac.id/public/index.php(45): CodeIgniter\CodeIgniter->run()
#6 {main}
CRITICAL - 2023-02-24 11:49:23 --> Undefined offset: 0
#0 /www/wwwroot/silaju.unifa.ac.id/app/Controllers/Admin.php(1267): CodeIgniter\Debug\Exceptions->errorHandler()
#1 /www/wwwroot/silaju.unifa.ac.id/app/Controllers/Admin.php(1277): App\Controllers\Admin->getasessorbynoregis()
#2 /www/wwwroot/silaju.unifa.ac.id/vendor/codeigniter4/framework/system/CodeIgniter.php(931): App\Controllers\Admin->tanggapanAsessor()
#3 /www/wwwroot/silaju.unifa.ac.id/vendor/codeigniter4/framework/system/CodeIgniter.php(439): CodeIgniter\CodeIgniter->runController()
#4 /www/wwwroot/silaju.unifa.ac.id/vendor/codeigniter4/framework/system/CodeIgniter.php(339): CodeIgniter\CodeIgniter->handleRequest()
#5 /www/wwwroot/silaju.unifa.ac.id/public/index.php(45): CodeIgniter\CodeIgniter->run()
#6 {main}
CRITICAL - 2023-02-24 11:52:13 --> Trying to get property 'kode_prodi' of non-object
#0 /www/wwwroot/silaju.unifa.ac.id/app/Controllers/Admin.php(1651): CodeIgniter\Debug\Exceptions->errorHandler()
#1 /www/wwwroot/silaju.unifa.ac.id/app/Controllers/Admin.php(1552): App\Controllers\Admin->getKodeProdiBy()
#2 /www/wwwroot/silaju.unifa.ac.id/vendor/codeigniter4/framework/system/CodeIgniter.php(931): App\Controllers\Admin->validdekan()
#3 /www/wwwroot/silaju.unifa.ac.id/vendor/codeigniter4/framework/system/CodeIgniter.php(439): CodeIgniter\CodeIgniter->runController()
#4 /www/wwwroot/silaju.unifa.ac.id/vendor/codeigniter4/framework/system/CodeIgniter.php(339): CodeIgniter\CodeIgniter->handleRequest()
#5 /www/wwwroot/silaju.unifa.ac.id/public/index.php(45): CodeIgniter\CodeIgniter->run()
#6 {main}
CRITICAL - 2023-02-24 11:52:13 --> Trying to get property 'kode_prodi' of non-object
#0 /www/wwwroot/silaju.unifa.ac.id/app/Controllers/Admin.php(1651): CodeIgniter\Debug\Exceptions->errorHandler()
#1 /www/wwwroot/silaju.unifa.ac.id/app/Controllers/Admin.php(1552): App\Controllers\Admin->getKodeProdiBy()
#2 /www/wwwroot/silaju.unifa.ac.id/vendor/codeigniter4/framework/system/CodeIgniter.php(931): App\Controllers\Admin->validdekan()
#3 /www/wwwroot/silaju.unifa.ac.id/vendor/codeigniter4/framework/system/CodeIgniter.php(439): CodeIgniter\CodeIgniter->runController()
#4 /www/wwwroot/silaju.unifa.ac.id/vendor/codeigniter4/framework/system/CodeIgniter.php(339): CodeIgniter\CodeIgniter->handleRequest()
#5 /www/wwwroot/silaju.unifa.ac.id/public/index.php(45): CodeIgniter\CodeIgniter->run()
#6 {main}
CRITICAL - 2023-02-24 11:54:31 --> Undefined variable: sks
#0 /www/wwwroot/silaju.unifa.ac.id/app/Controllers/Front.php(762): CodeIgniter\Debug\Exceptions->errorHandler()
#1 /www/wwwroot/silaju.unifa.ac.id/vendor/codeigniter4/framework/system/CodeIgniter.php(931): App\Controllers\Front->AssesmentMandiri_mk()
#2 /www/wwwroot/silaju.unifa.ac.id/vendor/codeigniter4/framework/system/CodeIgniter.php(439): CodeIgniter\CodeIgniter->runController()
#3 /www/wwwroot/silaju.unifa.ac.id/vendor/codeigniter4/framework/system/CodeIgniter.php(339): CodeIgniter\CodeIgniter->handleRequest()
#4 /www/wwwroot/silaju.unifa.ac.id/public/index.php(45): CodeIgniter\CodeIgniter->run()
#5 {main}
CRITICAL - 2023-02-24 11:54:31 --> Undefined variable: sks
#0 /www/wwwroot/silaju.unifa.ac.id/app/Controllers/Front.php(762): CodeIgniter\Debug\Exceptions->errorHandler()
#1 /www/wwwroot/silaju.unifa.ac.id/vendor/codeigniter4/framework/system/CodeIgniter.php(931): App\Controllers\Front->AssesmentMandiri_mk()
#2 /www/wwwroot/silaju.unifa.ac.id/vendor/codeigniter4/framework/system/CodeIgniter.php(439): CodeIgniter\CodeIgniter->runController()
#3 /www/wwwroot/silaju.unifa.ac.id/vendor/codeigniter4/framework/system/CodeIgniter.php(339): CodeIgniter\CodeIgniter->handleRequest()
#4 /www/wwwroot/silaju.unifa.ac.id/public/index.php(45): CodeIgniter\CodeIgniter->run()
#5 {main}
CRITICAL - 2023-02-24 12:10:41 --> Trying to get property 'kode_prodi' of non-object
#0 /www/wwwroot/silaju.unifa.ac.id/app/Controllers/Admin.php(1651): CodeIgniter\Debug\Exceptions->errorHandler()
#1 /www/wwwroot/silaju.unifa.ac.id/app/Controllers/Admin.php(1313): App\Controllers\Admin->getKodeProdiBy()
#2 /www/wwwroot/silaju.unifa.ac.id/vendor/codeigniter4/framework/system/CodeIgniter.php(931): App\Controllers\Admin->validprodi()
#3 /www/wwwroot/silaju.unifa.ac.id/vendor/codeigniter4/framework/system/CodeIgniter.php(439): CodeIgniter\CodeIgniter->runController()
#4 /www/wwwroot/silaju.unifa.ac.id/vendor/codeigniter4/framework/system/CodeIgniter.php(339): CodeIgniter\CodeIgniter->handleRequest()
#5 /www/wwwroot/silaju.unifa.ac.id/public/index.php(45): CodeIgniter\CodeIgniter->run()
#6 {main}
CRITICAL - 2023-02-24 12:10:41 --> Trying to get property 'kode_prodi' of non-object
#0 /www/wwwroot/silaju.unifa.ac.id/app/Controllers/Admin.php(1651): CodeIgniter\Debug\Exceptions->errorHandler()
#1 /www/wwwroot/silaju.unifa.ac.id/app/Controllers/Admin.php(1313): App\Controllers\Admin->getKodeProdiBy()
#2 /www/wwwroot/silaju.unifa.ac.id/vendor/codeigniter4/framework/system/CodeIgniter.php(931): App\Controllers\Admin->validprodi()
#3 /www/wwwroot/silaju.unifa.ac.id/vendor/codeigniter4/framework/system/CodeIgniter.php(439): CodeIgniter\CodeIgniter->runController()
#4 /www/wwwroot/silaju.unifa.ac.id/vendor/codeigniter4/framework/system/CodeIgniter.php(339): CodeIgniter\CodeIgniter->handleRequest()
#5 /www/wwwroot/silaju.unifa.ac.id/public/index.php(45): CodeIgniter\CodeIgniter->run()
#6 {main}
CRITICAL - 2023-02-24 12:33:38 --> Trying to get property 'kode_prodi' of non-object
#0 /www/wwwroot/silaju.unifa.ac.id/app/Controllers/Admin.php(1651): CodeIgniter\Debug\Exceptions->errorHandler()
#1 /www/wwwroot/silaju.unifa.ac.id/app/Controllers/Admin.php(1313): App\Controllers\Admin->getKodeProdiBy()
#2 /www/wwwroot/silaju.unifa.ac.id/vendor/codeigniter4/framework/system/CodeIgniter.php(931): App\Controllers\Admin->validprodi()
#3 /www/wwwroot/silaju.unifa.ac.id/vendor/codeigniter4/framework/system/CodeIgniter.php(439): CodeIgniter\CodeIgniter->runController()
#4 /www/wwwroot/silaju.unifa.ac.id/vendor/codeigniter4/framework/system/CodeIgniter.php(339): CodeIgniter\CodeIgniter->handleRequest()
#5 /www/wwwroot/silaju.unifa.ac.id/public/index.php(45): CodeIgniter\CodeIgniter->run()
#6 {main}
CRITICAL - 2023-02-24 12:33:38 --> Trying to get property 'kode_prodi' of non-object
#0 /www/wwwroot/silaju.unifa.ac.id/app/Controllers/Admin.php(1651): CodeIgniter\Debug\Exceptions->errorHandler()
#1 /www/wwwroot/silaju.unifa.ac.id/app/Controllers/Admin.php(1313): App\Controllers\Admin->getKodeProdiBy()
#2 /www/wwwroot/silaju.unifa.ac.id/vendor/codeigniter4/framework/system/CodeIgniter.php(931): App\Controllers\Admin->validprodi()
#3 /www/wwwroot/silaju.unifa.ac.id/vendor/codeigniter4/framework/system/CodeIgniter.php(439): CodeIgniter\CodeIgniter->runController()
#4 /www/wwwroot/silaju.unifa.ac.id/vendor/codeigniter4/framework/system/CodeIgniter.php(339): CodeIgniter\CodeIgniter->handleRequest()
#5 /www/wwwroot/silaju.unifa.ac.id/public/index.php(45): CodeIgniter\CodeIgniter->run()
#6 {main}
CRITICAL - 2023-02-24 12:34:31 --> Trying to get property 'kode_prodi' of non-object
#0 /www/wwwroot/silaju.unifa.ac.id/app/Controllers/Admin.php(1651): CodeIgniter\Debug\Exceptions->errorHandler()
#1 /www/wwwroot/silaju.unifa.ac.id/app/Controllers/Admin.php(1313): App\Controllers\Admin->getKodeProdiBy()
#2 /www/wwwroot/silaju.unifa.ac.id/vendor/codeigniter4/framework/system/CodeIgniter.php(931): App\Controllers\Admin->validprodi()
#3 /www/wwwroot/silaju.unifa.ac.id/vendor/codeigniter4/framework/system/CodeIgniter.php(439): CodeIgniter\CodeIgniter->runController()
#4 /www/wwwroot/silaju.unifa.ac.id/vendor/codeigniter4/framework/system/CodeIgniter.php(339): CodeIgniter\CodeIgniter->handleRequest()
#5 /www/wwwroot/silaju.unifa.ac.id/public/index.php(45): CodeIgniter\CodeIgniter->run()
#6 {main}
CRITICAL - 2023-02-24 12:34:32 --> Trying to get property 'kode_prodi' of non-object
#0 /www/wwwroot/silaju.unifa.ac.id/app/Controllers/Admin.php(1651): CodeIgniter\Debug\Exceptions->errorHandler()
#1 /www/wwwroot/silaju.unifa.ac.id/app/Controllers/Admin.php(1313): App\Controllers\Admin->getKodeProdiBy()
#2 /www/wwwroot/silaju.unifa.ac.id/vendor/codeigniter4/framework/system/CodeIgniter.php(931): App\Controllers\Admin->validprodi()
#3 /www/wwwroot/silaju.unifa.ac.id/vendor/codeigniter4/framework/system/CodeIgniter.php(439): CodeIgniter\CodeIgniter->runController()
#4 /www/wwwroot/silaju.unifa.ac.id/vendor/codeigniter4/framework/system/CodeIgniter.php(339): CodeIgniter\CodeIgniter->handleRequest()
#5 /www/wwwroot/silaju.unifa.ac.id/public/index.php(45): CodeIgniter\CodeIgniter->run()
#6 {main}
CRITICAL - 2023-02-24 12:45:09 --> Undefined variable: sks
#0 /www/wwwroot/silaju.unifa.ac.id/app/Controllers/Front.php(762): CodeIgniter\Debug\Exceptions->errorHandler()
#1 /www/wwwroot/silaju.unifa.ac.id/vendor/codeigniter4/framework/system/CodeIgniter.php(931): App\Controllers\Front->AssesmentMandiri_mk()
#2 /www/wwwroot/silaju.unifa.ac.id/vendor/codeigniter4/framework/system/CodeIgniter.php(439): CodeIgniter\CodeIgniter->runController()
#3 /www/wwwroot/silaju.unifa.ac.id/vendor/codeigniter4/framework/system/CodeIgniter.php(339): CodeIgniter\CodeIgniter->handleRequest()
#4 /www/wwwroot/silaju.unifa.ac.id/public/index.php(45): CodeIgniter\CodeIgniter->run()
#5 {main}
CRITICAL - 2023-02-24 12:45:09 --> Undefined variable: sks
#0 /www/wwwroot/silaju.unifa.ac.id/app/Controllers/Front.php(762): CodeIgniter\Debug\Exceptions->errorHandler()
#1 /www/wwwroot/silaju.unifa.ac.id/vendor/codeigniter4/framework/system/CodeIgniter.php(931): App\Controllers\Front->AssesmentMandiri_mk()
#2 /www/wwwroot/silaju.unifa.ac.id/vendor/codeigniter4/framework/system/CodeIgniter.php(439): CodeIgniter\CodeIgniter->runController()
#3 /www/wwwroot/silaju.unifa.ac.id/vendor/codeigniter4/framework/system/CodeIgniter.php(339): CodeIgniter\CodeIgniter->handleRequest()
#4 /www/wwwroot/silaju.unifa.ac.id/public/index.php(45): CodeIgniter\CodeIgniter->run()
#5 {main}
