CRITICAL - 2023-10-04 11:00:39 --> Unknown column 'KDPROTBPRO' in 'where clause'
#0 /Users/macbookprom2/Desktop/PROJECT/silaju.unifa.ac.id/vendor/codeigniter4/framework/system/Database/MySQLi/Connection.php(329): mysqli->query('SELECT *\nFROM `...')
#1 /Users/macbookprom2/Desktop/PROJECT/silaju.unifa.ac.id/vendor/codeigniter4/framework/system/Database/BaseConnection.php(732): CodeIgniter\Database\MySQLi\Connection->execute('SELECT *\nFROM `...')
#2 /Users/macbookprom2/Desktop/PROJECT/silaju.unifa.ac.id/vendor/codeigniter4/framework/system/Database/BaseConnection.php(647): CodeIgniter\Database\BaseConnection->simpleQuery('SELECT *\nFROM `...')
#3 /Users/macbookprom2/Desktop/PROJECT/silaju.unifa.ac.id/vendor/codeigniter4/framework/system/Database/BaseBuilder.php(1881): CodeIgniter\Database\BaseConnection->query('SELECT *\nFROM `...', Array, false)
#4 /Users/macbookprom2/Desktop/PROJECT/silaju.unifa.ac.id/vendor/codeigniter4/framework/system/Model.php(197): CodeIgniter\Database\BaseBuilder->get()
#5 /Users/macbookprom2/Desktop/PROJECT/silaju.unifa.ac.id/vendor/codeigniter4/framework/system/BaseModel.php(603): CodeIgniter\Model->doFindAll(0, 0)
#6 /Users/macbookprom2/Desktop/PROJECT/silaju.unifa.ac.id/app/Controllers/Front.php(284): CodeIgniter\BaseModel->findAll()
#7 /Users/macbookprom2/Desktop/PROJECT/silaju.unifa.ac.id/vendor/codeigniter4/framework/system/CodeIgniter.php(931): App\Controllers\Front->getKab()
#8 /Users/macbookprom2/Desktop/PROJECT/silaju.unifa.ac.id/vendor/codeigniter4/framework/system/CodeIgniter.php(439): CodeIgniter\CodeIgniter->runController(Object(App\Controllers\Front))
#9 /Users/macbookprom2/Desktop/PROJECT/silaju.unifa.ac.id/vendor/codeigniter4/framework/system/CodeIgniter.php(339): CodeIgniter\CodeIgniter->handleRequest(NULL, Object(Config\Cache), false)
#10 /Users/macbookprom2/Desktop/PROJECT/silaju.unifa.ac.id/public/index.php(45): CodeIgniter\CodeIgniter->run()
#11 /Users/macbookprom2/Desktop/PROJECT/silaju.unifa.ac.id/vendor/codeigniter4/framework/system/Commands/Server/rewrite.php(45): require_once('/Users/macbookp...')
#12 {main}
CRITICAL - 2023-10-04 11:00:54 --> Unknown column 'KDPROTBPRO' in 'where clause'
#0 /Users/macbookprom2/Desktop/PROJECT/silaju.unifa.ac.id/vendor/codeigniter4/framework/system/Database/MySQLi/Connection.php(329): mysqli->query('SELECT *\nFROM `...')
#1 /Users/macbookprom2/Desktop/PROJECT/silaju.unifa.ac.id/vendor/codeigniter4/framework/system/Database/BaseConnection.php(732): CodeIgniter\Database\MySQLi\Connection->execute('SELECT *\nFROM `...')
#2 /Users/macbookprom2/Desktop/PROJECT/silaju.unifa.ac.id/vendor/codeigniter4/framework/system/Database/BaseConnection.php(647): CodeIgniter\Database\BaseConnection->simpleQuery('SELECT *\nFROM `...')
#3 /Users/macbookprom2/Desktop/PROJECT/silaju.unifa.ac.id/vendor/codeigniter4/framework/system/Database/BaseBuilder.php(1881): CodeIgniter\Database\BaseConnection->query('SELECT *\nFROM `...', Array, false)
#4 /Users/macbookprom2/Desktop/PROJECT/silaju.unifa.ac.id/vendor/codeigniter4/framework/system/Model.php(197): CodeIgniter\Database\BaseBuilder->get()
#5 /Users/macbookprom2/Desktop/PROJECT/silaju.unifa.ac.id/vendor/codeigniter4/framework/system/BaseModel.php(603): CodeIgniter\Model->doFindAll(0, 0)
#6 /Users/macbookprom2/Desktop/PROJECT/silaju.unifa.ac.id/app/Controllers/Front.php(284): CodeIgniter\BaseModel->findAll()
#7 /Users/macbookprom2/Desktop/PROJECT/silaju.unifa.ac.id/vendor/codeigniter4/framework/system/CodeIgniter.php(931): App\Controllers\Front->getKab()
#8 /Users/macbookprom2/Desktop/PROJECT/silaju.unifa.ac.id/vendor/codeigniter4/framework/system/CodeIgniter.php(439): CodeIgniter\CodeIgniter->runController(Object(App\Controllers\Front))
#9 /Users/macbookprom2/Desktop/PROJECT/silaju.unifa.ac.id/vendor/codeigniter4/framework/system/CodeIgniter.php(339): CodeIgniter\CodeIgniter->handleRequest(NULL, Object(Config\Cache), false)
#10 /Users/macbookprom2/Desktop/PROJECT/silaju.unifa.ac.id/public/index.php(45): CodeIgniter\CodeIgniter->run()
#11 /Users/macbookprom2/Desktop/PROJECT/silaju.unifa.ac.id/vendor/codeigniter4/framework/system/Commands/Server/rewrite.php(45): require_once('/Users/macbookp...')
#12 {main}
CRITICAL - 2023-10-04 11:01:13 --> Unknown column 'KDPROTBPRO' in 'where clause'
#0 /Users/macbookprom2/Desktop/PROJECT/silaju.unifa.ac.id/vendor/codeigniter4/framework/system/Database/MySQLi/Connection.php(329): mysqli->query('SELECT *\nFROM `...')
#1 /Users/macbookprom2/Desktop/PROJECT/silaju.unifa.ac.id/vendor/codeigniter4/framework/system/Database/BaseConnection.php(732): CodeIgniter\Database\MySQLi\Connection->execute('SELECT *\nFROM `...')
#2 /Users/macbookprom2/Desktop/PROJECT/silaju.unifa.ac.id/vendor/codeigniter4/framework/system/Database/BaseConnection.php(647): CodeIgniter\Database\BaseConnection->simpleQuery('SELECT *\nFROM `...')
#3 /Users/macbookprom2/Desktop/PROJECT/silaju.unifa.ac.id/vendor/codeigniter4/framework/system/Database/BaseBuilder.php(1881): CodeIgniter\Database\BaseConnection->query('SELECT *\nFROM `...', Array, false)
#4 /Users/macbookprom2/Desktop/PROJECT/silaju.unifa.ac.id/vendor/codeigniter4/framework/system/Model.php(197): CodeIgniter\Database\BaseBuilder->get()
#5 /Users/macbookprom2/Desktop/PROJECT/silaju.unifa.ac.id/vendor/codeigniter4/framework/system/BaseModel.php(603): CodeIgniter\Model->doFindAll(0, 0)
#6 /Users/macbookprom2/Desktop/PROJECT/silaju.unifa.ac.id/app/Controllers/Front.php(284): CodeIgniter\BaseModel->findAll()
#7 /Users/macbookprom2/Desktop/PROJECT/silaju.unifa.ac.id/vendor/codeigniter4/framework/system/CodeIgniter.php(931): App\Controllers\Front->getKab()
#8 /Users/macbookprom2/Desktop/PROJECT/silaju.unifa.ac.id/vendor/codeigniter4/framework/system/CodeIgniter.php(439): CodeIgniter\CodeIgniter->runController(Object(App\Controllers\Front))
#9 /Users/macbookprom2/Desktop/PROJECT/silaju.unifa.ac.id/vendor/codeigniter4/framework/system/CodeIgniter.php(339): CodeIgniter\CodeIgniter->handleRequest(NULL, Object(Config\Cache), false)
#10 /Users/macbookprom2/Desktop/PROJECT/silaju.unifa.ac.id/public/index.php(45): CodeIgniter\CodeIgniter->run()
#11 /Users/macbookprom2/Desktop/PROJECT/silaju.unifa.ac.id/vendor/codeigniter4/framework/system/Commands/Server/rewrite.php(45): require_once('/Users/macbookp...')
#12 {main}
CRITICAL - 2023-10-04 11:14:57 --> Expression #2 of SELECT list is not in GROUP BY clause and contains nonaggregated column 'rpl.uf.23.9.23.bio_peserta.nama' which is not functionally dependent on columns in GROUP BY clause; this is incompatible with sql_mode=only_full_group_by
#0 /Users/macbookprom2/Desktop/PROJECT/silaju.unifa.ac.id/vendor/codeigniter4/framework/system/Database/MySQLi/Connection.php(329): mysqli->query('(SELECT\n       ...')
#1 /Users/macbookprom2/Desktop/PROJECT/silaju.unifa.ac.id/vendor/codeigniter4/framework/system/Database/BaseConnection.php(732): CodeIgniter\Database\MySQLi\Connection->execute('(SELECT\n       ...')
#2 /Users/macbookprom2/Desktop/PROJECT/silaju.unifa.ac.id/vendor/codeigniter4/framework/system/Database/BaseConnection.php(647): CodeIgniter\Database\BaseConnection->simpleQuery('(SELECT\n       ...')
#3 /Users/macbookprom2/Desktop/PROJECT/silaju.unifa.ac.id/app/Models/ModelPesertaAsessor.php(103): CodeIgniter\Database\BaseConnection->query('(SELECT\n       ...')
#4 /Users/macbookprom2/Desktop/PROJECT/silaju.unifa.ac.id/app/Controllers/Admin.php(40): App\Models\ModelPesertaAsessor->getdataPesertaBelumPunyaAsessor('20231')
#5 /Users/macbookprom2/Desktop/PROJECT/silaju.unifa.ac.id/vendor/codeigniter4/framework/system/CodeIgniter.php(931): App\Controllers\Admin->index()
#6 /Users/macbookprom2/Desktop/PROJECT/silaju.unifa.ac.id/vendor/codeigniter4/framework/system/CodeIgniter.php(439): CodeIgniter\CodeIgniter->runController(Object(App\Controllers\Admin))
#7 /Users/macbookprom2/Desktop/PROJECT/silaju.unifa.ac.id/vendor/codeigniter4/framework/system/CodeIgniter.php(339): CodeIgniter\CodeIgniter->handleRequest(NULL, Object(Config\Cache), false)
#8 /Users/macbookprom2/Desktop/PROJECT/silaju.unifa.ac.id/public/index.php(45): CodeIgniter\CodeIgniter->run()
#9 /Users/macbookprom2/Desktop/PROJECT/silaju.unifa.ac.id/vendor/codeigniter4/framework/system/Commands/Server/rewrite.php(45): require_once('/Users/macbookp...')
#10 {main}
