CRITICAL - 2023-04-05 21:10:01 --> Argument 1 passed to CodeIgniter\Database\MySQLi\Connection::_escapeString() must be of the type string, null given, called in /www/wwwroot/silajux.unifa.ac.id/vendor/codeigniter4/framework/system/Database/BaseConnection.php on line 1429
#0 /www/wwwroot/silajux.unifa.ac.id/vendor/codeigniter4/framework/system/Database/BaseConnection.php(1429): CodeIgniter\Database\MySQLi\Connection->_escapeString()
#1 /www/wwwroot/silajux.unifa.ac.id/app/Controllers/Front.php(940): CodeIgniter\Database\BaseConnection->escapeString()
#2 /www/wwwroot/silajux.unifa.ac.id/vendor/codeigniter4/framework/system/CodeIgniter.php(931): App\Controllers\Front->Simpanberkas()
#3 /www/wwwroot/silajux.unifa.ac.id/vendor/codeigniter4/framework/system/CodeIgniter.php(439): CodeIgniter\CodeIgniter->runController()
#4 /www/wwwroot/silajux.unifa.ac.id/vendor/codeigniter4/framework/system/CodeIgniter.php(339): CodeIgniter\CodeIgniter->handleRequest()
#5 /www/wwwroot/silajux.unifa.ac.id/public/index.php(45): CodeIgniter\CodeIgniter->run()
#6 {main}
CRITICAL - 2023-04-05 21:10:02 --> Argument 1 passed to CodeIgniter\Database\MySQLi\Connection::_escapeString() must be of the type string, null given, called in /www/wwwroot/silajux.unifa.ac.id/vendor/codeigniter4/framework/system/Database/BaseConnection.php on line 1429
#0 /www/wwwroot/silajux.unifa.ac.id/vendor/codeigniter4/framework/system/Database/BaseConnection.php(1429): CodeIgniter\Database\MySQLi\Connection->_escapeString()
#1 /www/wwwroot/silajux.unifa.ac.id/app/Controllers/Front.php(940): CodeIgniter\Database\BaseConnection->escapeString()
#2 /www/wwwroot/silajux.unifa.ac.id/vendor/codeigniter4/framework/system/CodeIgniter.php(931): App\Controllers\Front->Simpanberkas()
#3 /www/wwwroot/silajux.unifa.ac.id/vendor/codeigniter4/framework/system/CodeIgniter.php(439): CodeIgniter\CodeIgniter->runController()
#4 /www/wwwroot/silajux.unifa.ac.id/vendor/codeigniter4/framework/system/CodeIgniter.php(339): CodeIgniter\CodeIgniter->handleRequest()
#5 /www/wwwroot/silajux.unifa.ac.id/public/index.php(45): CodeIgniter\CodeIgniter->run()
#6 {main}
CRITICAL - 2023-04-05 21:10:02 --> Argument 1 passed to CodeIgniter\Database\MySQLi\Connection::_escapeString() must be of the type string, null given, called in /www/wwwroot/silajux.unifa.ac.id/vendor/codeigniter4/framework/system/Database/BaseConnection.php on line 1429
#0 /www/wwwroot/silajux.unifa.ac.id/vendor/codeigniter4/framework/system/Database/BaseConnection.php(1429): CodeIgniter\Database\MySQLi\Connection->_escapeString()
#1 /www/wwwroot/silajux.unifa.ac.id/app/Controllers/Front.php(940): CodeIgniter\Database\BaseConnection->escapeString()
#2 /www/wwwroot/silajux.unifa.ac.id/vendor/codeigniter4/framework/system/CodeIgniter.php(931): App\Controllers\Front->Simpanberkas()
#3 /www/wwwroot/silajux.unifa.ac.id/vendor/codeigniter4/framework/system/CodeIgniter.php(439): CodeIgniter\CodeIgniter->runController()
#4 /www/wwwroot/silajux.unifa.ac.id/vendor/codeigniter4/framework/system/CodeIgniter.php(339): CodeIgniter\CodeIgniter->handleRequest()
#5 /www/wwwroot/silajux.unifa.ac.id/public/index.php(45): CodeIgniter\CodeIgniter->run()
#6 {main}
CRITICAL - 2023-04-05 21:10:03 --> Argument 1 passed to CodeIgniter\Database\MySQLi\Connection::_escapeString() must be of the type string, null given, called in /www/wwwroot/silajux.unifa.ac.id/vendor/codeigniter4/framework/system/Database/BaseConnection.php on line 1429
#0 /www/wwwroot/silajux.unifa.ac.id/vendor/codeigniter4/framework/system/Database/BaseConnection.php(1429): CodeIgniter\Database\MySQLi\Connection->_escapeString()
#1 /www/wwwroot/silajux.unifa.ac.id/app/Controllers/Front.php(940): CodeIgniter\Database\BaseConnection->escapeString()
#2 /www/wwwroot/silajux.unifa.ac.id/vendor/codeigniter4/framework/system/CodeIgniter.php(931): App\Controllers\Front->Simpanberkas()
#3 /www/wwwroot/silajux.unifa.ac.id/vendor/codeigniter4/framework/system/CodeIgniter.php(439): CodeIgniter\CodeIgniter->runController()
#4 /www/wwwroot/silajux.unifa.ac.id/vendor/codeigniter4/framework/system/CodeIgniter.php(339): CodeIgniter\CodeIgniter->handleRequest()
#5 /www/wwwroot/silajux.unifa.ac.id/public/index.php(45): CodeIgniter\CodeIgniter->run()
#6 {main}
CRITICAL - 2023-04-05 21:10:03 --> Argument 1 passed to CodeIgniter\Database\MySQLi\Connection::_escapeString() must be of the type string, null given, called in /www/wwwroot/silajux.unifa.ac.id/vendor/codeigniter4/framework/system/Database/BaseConnection.php on line 1429
#0 /www/wwwroot/silajux.unifa.ac.id/vendor/codeigniter4/framework/system/Database/BaseConnection.php(1429): CodeIgniter\Database\MySQLi\Connection->_escapeString()
#1 /www/wwwroot/silajux.unifa.ac.id/app/Controllers/Front.php(940): CodeIgniter\Database\BaseConnection->escapeString()
#2 /www/wwwroot/silajux.unifa.ac.id/vendor/codeigniter4/framework/system/CodeIgniter.php(931): App\Controllers\Front->Simpanberkas()
#3 /www/wwwroot/silajux.unifa.ac.id/vendor/codeigniter4/framework/system/CodeIgniter.php(439): CodeIgniter\CodeIgniter->runController()
#4 /www/wwwroot/silajux.unifa.ac.id/vendor/codeigniter4/framework/system/CodeIgniter.php(339): CodeIgniter\CodeIgniter->handleRequest()
#5 /www/wwwroot/silajux.unifa.ac.id/public/index.php(45): CodeIgniter\CodeIgniter->run()
#6 {main}
CRITICAL - 2023-04-05 21:10:03 --> Argument 1 passed to CodeIgniter\Database\MySQLi\Connection::_escapeString() must be of the type string, null given, called in /www/wwwroot/silajux.unifa.ac.id/vendor/codeigniter4/framework/system/Database/BaseConnection.php on line 1429
#0 /www/wwwroot/silajux.unifa.ac.id/vendor/codeigniter4/framework/system/Database/BaseConnection.php(1429): CodeIgniter\Database\MySQLi\Connection->_escapeString()
#1 /www/wwwroot/silajux.unifa.ac.id/app/Controllers/Front.php(940): CodeIgniter\Database\BaseConnection->escapeString()
#2 /www/wwwroot/silajux.unifa.ac.id/vendor/codeigniter4/framework/system/CodeIgniter.php(931): App\Controllers\Front->Simpanberkas()
#3 /www/wwwroot/silajux.unifa.ac.id/vendor/codeigniter4/framework/system/CodeIgniter.php(439): CodeIgniter\CodeIgniter->runController()
#4 /www/wwwroot/silajux.unifa.ac.id/vendor/codeigniter4/framework/system/CodeIgniter.php(339): CodeIgniter\CodeIgniter->handleRequest()
#5 /www/wwwroot/silajux.unifa.ac.id/public/index.php(45): CodeIgniter\CodeIgniter->run()
#6 {main}
CRITICAL - 2023-04-05 21:10:04 --> Argument 1 passed to CodeIgniter\Database\MySQLi\Connection::_escapeString() must be of the type string, null given, called in /www/wwwroot/silajux.unifa.ac.id/vendor/codeigniter4/framework/system/Database/BaseConnection.php on line 1429
#0 /www/wwwroot/silajux.unifa.ac.id/vendor/codeigniter4/framework/system/Database/BaseConnection.php(1429): CodeIgniter\Database\MySQLi\Connection->_escapeString()
#1 /www/wwwroot/silajux.unifa.ac.id/app/Controllers/Front.php(940): CodeIgniter\Database\BaseConnection->escapeString()
#2 /www/wwwroot/silajux.unifa.ac.id/vendor/codeigniter4/framework/system/CodeIgniter.php(931): App\Controllers\Front->Simpanberkas()
#3 /www/wwwroot/silajux.unifa.ac.id/vendor/codeigniter4/framework/system/CodeIgniter.php(439): CodeIgniter\CodeIgniter->runController()
#4 /www/wwwroot/silajux.unifa.ac.id/vendor/codeigniter4/framework/system/CodeIgniter.php(339): CodeIgniter\CodeIgniter->handleRequest()
#5 /www/wwwroot/silajux.unifa.ac.id/public/index.php(45): CodeIgniter\CodeIgniter->run()
#6 {main}
CRITICAL - 2023-04-05 21:10:05 --> Argument 1 passed to CodeIgniter\Database\MySQLi\Connection::_escapeString() must be of the type string, null given, called in /www/wwwroot/silajux.unifa.ac.id/vendor/codeigniter4/framework/system/Database/BaseConnection.php on line 1429
#0 /www/wwwroot/silajux.unifa.ac.id/vendor/codeigniter4/framework/system/Database/BaseConnection.php(1429): CodeIgniter\Database\MySQLi\Connection->_escapeString()
#1 /www/wwwroot/silajux.unifa.ac.id/app/Controllers/Front.php(940): CodeIgniter\Database\BaseConnection->escapeString()
#2 /www/wwwroot/silajux.unifa.ac.id/vendor/codeigniter4/framework/system/CodeIgniter.php(931): App\Controllers\Front->Simpanberkas()
#3 /www/wwwroot/silajux.unifa.ac.id/vendor/codeigniter4/framework/system/CodeIgniter.php(439): CodeIgniter\CodeIgniter->runController()
#4 /www/wwwroot/silajux.unifa.ac.id/vendor/codeigniter4/framework/system/CodeIgniter.php(339): CodeIgniter\CodeIgniter->handleRequest()
#5 /www/wwwroot/silajux.unifa.ac.id/public/index.php(45): CodeIgniter\CodeIgniter->run()
#6 {main}
CRITICAL - 2023-04-05 21:10:05 --> Argument 1 passed to CodeIgniter\Database\MySQLi\Connection::_escapeString() must be of the type string, null given, called in /www/wwwroot/silajux.unifa.ac.id/vendor/codeigniter4/framework/system/Database/BaseConnection.php on line 1429
#0 /www/wwwroot/silajux.unifa.ac.id/vendor/codeigniter4/framework/system/Database/BaseConnection.php(1429): CodeIgniter\Database\MySQLi\Connection->_escapeString()
#1 /www/wwwroot/silajux.unifa.ac.id/app/Controllers/Front.php(940): CodeIgniter\Database\BaseConnection->escapeString()
#2 /www/wwwroot/silajux.unifa.ac.id/vendor/codeigniter4/framework/system/CodeIgniter.php(931): App\Controllers\Front->Simpanberkas()
#3 /www/wwwroot/silajux.unifa.ac.id/vendor/codeigniter4/framework/system/CodeIgniter.php(439): CodeIgniter\CodeIgniter->runController()
#4 /www/wwwroot/silajux.unifa.ac.id/vendor/codeigniter4/framework/system/CodeIgniter.php(339): CodeIgniter\CodeIgniter->handleRequest()
#5 /www/wwwroot/silajux.unifa.ac.id/public/index.php(45): CodeIgniter\CodeIgniter->run()
#6 {main}
CRITICAL - 2023-04-05 21:10:11 --> Argument 1 passed to CodeIgniter\Database\MySQLi\Connection::_escapeString() must be of the type string, null given, called in /www/wwwroot/silajux.unifa.ac.id/vendor/codeigniter4/framework/system/Database/BaseConnection.php on line 1429
#0 /www/wwwroot/silajux.unifa.ac.id/vendor/codeigniter4/framework/system/Database/BaseConnection.php(1429): CodeIgniter\Database\MySQLi\Connection->_escapeString()
#1 /www/wwwroot/silajux.unifa.ac.id/app/Controllers/Front.php(940): CodeIgniter\Database\BaseConnection->escapeString()
#2 /www/wwwroot/silajux.unifa.ac.id/vendor/codeigniter4/framework/system/CodeIgniter.php(931): App\Controllers\Front->Simpanberkas()
#3 /www/wwwroot/silajux.unifa.ac.id/vendor/codeigniter4/framework/system/CodeIgniter.php(439): CodeIgniter\CodeIgniter->runController()
#4 /www/wwwroot/silajux.unifa.ac.id/vendor/codeigniter4/framework/system/CodeIgniter.php(339): CodeIgniter\CodeIgniter->handleRequest()
#5 /www/wwwroot/silajux.unifa.ac.id/public/index.php(45): CodeIgniter\CodeIgniter->run()
#6 {main}
CRITICAL - 2023-04-05 21:10:11 --> Argument 1 passed to CodeIgniter\Database\MySQLi\Connection::_escapeString() must be of the type string, null given, called in /www/wwwroot/silajux.unifa.ac.id/vendor/codeigniter4/framework/system/Database/BaseConnection.php on line 1429
#0 /www/wwwroot/silajux.unifa.ac.id/vendor/codeigniter4/framework/system/Database/BaseConnection.php(1429): CodeIgniter\Database\MySQLi\Connection->_escapeString()
#1 /www/wwwroot/silajux.unifa.ac.id/app/Controllers/Front.php(940): CodeIgniter\Database\BaseConnection->escapeString()
#2 /www/wwwroot/silajux.unifa.ac.id/vendor/codeigniter4/framework/system/CodeIgniter.php(931): App\Controllers\Front->Simpanberkas()
#3 /www/wwwroot/silajux.unifa.ac.id/vendor/codeigniter4/framework/system/CodeIgniter.php(439): CodeIgniter\CodeIgniter->runController()
#4 /www/wwwroot/silajux.unifa.ac.id/vendor/codeigniter4/framework/system/CodeIgniter.php(339): CodeIgniter\CodeIgniter->handleRequest()
#5 /www/wwwroot/silajux.unifa.ac.id/public/index.php(45): CodeIgniter\CodeIgniter->run()
#6 {main}
CRITICAL - 2023-04-05 21:10:12 --> Argument 1 passed to CodeIgniter\Database\MySQLi\Connection::_escapeString() must be of the type string, null given, called in /www/wwwroot/silajux.unifa.ac.id/vendor/codeigniter4/framework/system/Database/BaseConnection.php on line 1429
#0 /www/wwwroot/silajux.unifa.ac.id/vendor/codeigniter4/framework/system/Database/BaseConnection.php(1429): CodeIgniter\Database\MySQLi\Connection->_escapeString()
#1 /www/wwwroot/silajux.unifa.ac.id/app/Controllers/Front.php(940): CodeIgniter\Database\BaseConnection->escapeString()
#2 /www/wwwroot/silajux.unifa.ac.id/vendor/codeigniter4/framework/system/CodeIgniter.php(931): App\Controllers\Front->Simpanberkas()
#3 /www/wwwroot/silajux.unifa.ac.id/vendor/codeigniter4/framework/system/CodeIgniter.php(439): CodeIgniter\CodeIgniter->runController()
#4 /www/wwwroot/silajux.unifa.ac.id/vendor/codeigniter4/framework/system/CodeIgniter.php(339): CodeIgniter\CodeIgniter->handleRequest()
#5 /www/wwwroot/silajux.unifa.ac.id/public/index.php(45): CodeIgniter\CodeIgniter->run()
#6 {main}
CRITICAL - 2023-04-05 21:10:12 --> Argument 1 passed to CodeIgniter\Database\MySQLi\Connection::_escapeString() must be of the type string, null given, called in /www/wwwroot/silajux.unifa.ac.id/vendor/codeigniter4/framework/system/Database/BaseConnection.php on line 1429
#0 /www/wwwroot/silajux.unifa.ac.id/vendor/codeigniter4/framework/system/Database/BaseConnection.php(1429): CodeIgniter\Database\MySQLi\Connection->_escapeString()
#1 /www/wwwroot/silajux.unifa.ac.id/app/Controllers/Front.php(937): CodeIgniter\Database\BaseConnection->escapeString()
#2 /www/wwwroot/silajux.unifa.ac.id/vendor/codeigniter4/framework/system/CodeIgniter.php(931): App\Controllers\Front->Simpanberkas()
#3 /www/wwwroot/silajux.unifa.ac.id/vendor/codeigniter4/framework/system/CodeIgniter.php(439): CodeIgniter\CodeIgniter->runController()
#4 /www/wwwroot/silajux.unifa.ac.id/vendor/codeigniter4/framework/system/CodeIgniter.php(339): CodeIgniter\CodeIgniter->handleRequest()
#5 /www/wwwroot/silajux.unifa.ac.id/public/index.php(45): CodeIgniter\CodeIgniter->run()
#6 {main}
CRITICAL - 2023-04-05 21:10:13 --> Argument 1 passed to CodeIgniter\Database\MySQLi\Connection::_escapeString() must be of the type string, null given, called in /www/wwwroot/silajux.unifa.ac.id/vendor/codeigniter4/framework/system/Database/BaseConnection.php on line 1429
#0 /www/wwwroot/silajux.unifa.ac.id/vendor/codeigniter4/framework/system/Database/BaseConnection.php(1429): CodeIgniter\Database\MySQLi\Connection->_escapeString()
#1 /www/wwwroot/silajux.unifa.ac.id/app/Controllers/Front.php(940): CodeIgniter\Database\BaseConnection->escapeString()
#2 /www/wwwroot/silajux.unifa.ac.id/vendor/codeigniter4/framework/system/CodeIgniter.php(931): App\Controllers\Front->Simpanberkas()
#3 /www/wwwroot/silajux.unifa.ac.id/vendor/codeigniter4/framework/system/CodeIgniter.php(439): CodeIgniter\CodeIgniter->runController()
#4 /www/wwwroot/silajux.unifa.ac.id/vendor/codeigniter4/framework/system/CodeIgniter.php(339): CodeIgniter\CodeIgniter->handleRequest()
#5 /www/wwwroot/silajux.unifa.ac.id/public/index.php(45): CodeIgniter\CodeIgniter->run()
#6 {main}
CRITICAL - 2023-04-05 21:10:14 --> Argument 1 passed to CodeIgniter\Database\MySQLi\Connection::_escapeString() must be of the type string, null given, called in /www/wwwroot/silajux.unifa.ac.id/vendor/codeigniter4/framework/system/Database/BaseConnection.php on line 1429
#0 /www/wwwroot/silajux.unifa.ac.id/vendor/codeigniter4/framework/system/Database/BaseConnection.php(1429): CodeIgniter\Database\MySQLi\Connection->_escapeString()
#1 /www/wwwroot/silajux.unifa.ac.id/app/Controllers/Front.php(940): CodeIgniter\Database\BaseConnection->escapeString()
#2 /www/wwwroot/silajux.unifa.ac.id/vendor/codeigniter4/framework/system/CodeIgniter.php(931): App\Controllers\Front->Simpanberkas()
#3 /www/wwwroot/silajux.unifa.ac.id/vendor/codeigniter4/framework/system/CodeIgniter.php(439): CodeIgniter\CodeIgniter->runController()
#4 /www/wwwroot/silajux.unifa.ac.id/vendor/codeigniter4/framework/system/CodeIgniter.php(339): CodeIgniter\CodeIgniter->handleRequest()
#5 /www/wwwroot/silajux.unifa.ac.id/public/index.php(45): CodeIgniter\CodeIgniter->run()
#6 {main}
CRITICAL - 2023-04-05 21:10:14 --> Argument 1 passed to CodeIgniter\Database\MySQLi\Connection::_escapeString() must be of the type string, null given, called in /www/wwwroot/silajux.unifa.ac.id/vendor/codeigniter4/framework/system/Database/BaseConnection.php on line 1429
#0 /www/wwwroot/silajux.unifa.ac.id/vendor/codeigniter4/framework/system/Database/BaseConnection.php(1429): CodeIgniter\Database\MySQLi\Connection->_escapeString()
#1 /www/wwwroot/silajux.unifa.ac.id/app/Controllers/Front.php(940): CodeIgniter\Database\BaseConnection->escapeString()
#2 /www/wwwroot/silajux.unifa.ac.id/vendor/codeigniter4/framework/system/CodeIgniter.php(931): App\Controllers\Front->Simpanberkas()
#3 /www/wwwroot/silajux.unifa.ac.id/vendor/codeigniter4/framework/system/CodeIgniter.php(439): CodeIgniter\CodeIgniter->runController()
#4 /www/wwwroot/silajux.unifa.ac.id/vendor/codeigniter4/framework/system/CodeIgniter.php(339): CodeIgniter\CodeIgniter->handleRequest()
#5 /www/wwwroot/silajux.unifa.ac.id/public/index.php(45): CodeIgniter\CodeIgniter->run()
#6 {main}
CRITICAL - 2023-04-05 21:10:14 --> Argument 1 passed to CodeIgniter\Database\MySQLi\Connection::_escapeString() must be of the type string, null given, called in /www/wwwroot/silajux.unifa.ac.id/vendor/codeigniter4/framework/system/Database/BaseConnection.php on line 1429
#0 /www/wwwroot/silajux.unifa.ac.id/vendor/codeigniter4/framework/system/Database/BaseConnection.php(1429): CodeIgniter\Database\MySQLi\Connection->_escapeString()
#1 /www/wwwroot/silajux.unifa.ac.id/app/Controllers/Front.php(937): CodeIgniter\Database\BaseConnection->escapeString()
#2 /www/wwwroot/silajux.unifa.ac.id/vendor/codeigniter4/framework/system/CodeIgniter.php(931): App\Controllers\Front->Simpanberkas()
#3 /www/wwwroot/silajux.unifa.ac.id/vendor/codeigniter4/framework/system/CodeIgniter.php(439): CodeIgniter\CodeIgniter->runController()
#4 /www/wwwroot/silajux.unifa.ac.id/vendor/codeigniter4/framework/system/CodeIgniter.php(339): CodeIgniter\CodeIgniter->handleRequest()
#5 /www/wwwroot/silajux.unifa.ac.id/public/index.php(45): CodeIgniter\CodeIgniter->run()
#6 {main}
CRITICAL - 2023-04-05 21:10:15 --> Argument 1 passed to CodeIgniter\Database\MySQLi\Connection::_escapeString() must be of the type string, null given, called in /www/wwwroot/silajux.unifa.ac.id/vendor/codeigniter4/framework/system/Database/BaseConnection.php on line 1429
#0 /www/wwwroot/silajux.unifa.ac.id/vendor/codeigniter4/framework/system/Database/BaseConnection.php(1429): CodeIgniter\Database\MySQLi\Connection->_escapeString()
#1 /www/wwwroot/silajux.unifa.ac.id/app/Controllers/Front.php(940): CodeIgniter\Database\BaseConnection->escapeString()
#2 /www/wwwroot/silajux.unifa.ac.id/vendor/codeigniter4/framework/system/CodeIgniter.php(931): App\Controllers\Front->Simpanberkas()
#3 /www/wwwroot/silajux.unifa.ac.id/vendor/codeigniter4/framework/system/CodeIgniter.php(439): CodeIgniter\CodeIgniter->runController()
#4 /www/wwwroot/silajux.unifa.ac.id/vendor/codeigniter4/framework/system/CodeIgniter.php(339): CodeIgniter\CodeIgniter->handleRequest()
#5 /www/wwwroot/silajux.unifa.ac.id/public/index.php(45): CodeIgniter\CodeIgniter->run()
#6 {main}
CRITICAL - 2023-04-05 21:10:15 --> Argument 1 passed to CodeIgniter\Database\MySQLi\Connection::_escapeString() must be of the type string, null given, called in /www/wwwroot/silajux.unifa.ac.id/vendor/codeigniter4/framework/system/Database/BaseConnection.php on line 1429
#0 /www/wwwroot/silajux.unifa.ac.id/vendor/codeigniter4/framework/system/Database/BaseConnection.php(1429): CodeIgniter\Database\MySQLi\Connection->_escapeString()
#1 /www/wwwroot/silajux.unifa.ac.id/app/Controllers/Front.php(937): CodeIgniter\Database\BaseConnection->escapeString()
#2 /www/wwwroot/silajux.unifa.ac.id/vendor/codeigniter4/framework/system/CodeIgniter.php(931): App\Controllers\Front->Simpanberkas()
#3 /www/wwwroot/silajux.unifa.ac.id/vendor/codeigniter4/framework/system/CodeIgniter.php(439): CodeIgniter\CodeIgniter->runController()
#4 /www/wwwroot/silajux.unifa.ac.id/vendor/codeigniter4/framework/system/CodeIgniter.php(339): CodeIgniter\CodeIgniter->handleRequest()
#5 /www/wwwroot/silajux.unifa.ac.id/public/index.php(45): CodeIgniter\CodeIgniter->run()
#6 {main}
CRITICAL - 2023-04-05 21:10:17 --> Argument 1 passed to CodeIgniter\Database\MySQLi\Connection::_escapeString() must be of the type string, null given, called in /www/wwwroot/silajux.unifa.ac.id/vendor/codeigniter4/framework/system/Database/BaseConnection.php on line 1429
#0 /www/wwwroot/silajux.unifa.ac.id/vendor/codeigniter4/framework/system/Database/BaseConnection.php(1429): CodeIgniter\Database\MySQLi\Connection->_escapeString()
#1 /www/wwwroot/silajux.unifa.ac.id/app/Controllers/Front.php(940): CodeIgniter\Database\BaseConnection->escapeString()
#2 /www/wwwroot/silajux.unifa.ac.id/vendor/codeigniter4/framework/system/CodeIgniter.php(931): App\Controllers\Front->Simpanberkas()
#3 /www/wwwroot/silajux.unifa.ac.id/vendor/codeigniter4/framework/system/CodeIgniter.php(439): CodeIgniter\CodeIgniter->runController()
#4 /www/wwwroot/silajux.unifa.ac.id/vendor/codeigniter4/framework/system/CodeIgniter.php(339): CodeIgniter\CodeIgniter->handleRequest()
#5 /www/wwwroot/silajux.unifa.ac.id/public/index.php(45): CodeIgniter\CodeIgniter->run()
#6 {main}
