CRITICAL - 2023-10-18 22:57:56 --> Expression #1 of SELECT list is not in GROUP BY clause and contains nonaggregated column 'rpl.uf.23.9.23.bio_peserta.nama' which is not functionally dependent on columns in GROUP BY clause; this is incompatible with sql_mode=only_full_group_by
#0 /Users/macbookprom2/Desktop/PROJECT/silaju.unifa.ac.id/vendor/codeigniter4/framework/system/Database/MySQLi/Connection.php(329): mysqli->query('SELECT\n        ...')
#1 /Users/macbookprom2/Desktop/PROJECT/silaju.unifa.ac.id/vendor/codeigniter4/framework/system/Database/BaseConnection.php(732): CodeIgniter\Database\MySQLi\Connection->execute('SELECT\n        ...')
#2 /Users/macbookprom2/Desktop/PROJECT/silaju.unifa.ac.id/vendor/codeigniter4/framework/system/Database/BaseConnection.php(647): CodeIgniter\Database\BaseConnection->simpleQuery('SELECT\n        ...')
#3 /Users/macbookprom2/Desktop/PROJECT/silaju.unifa.ac.id/app/Models/ModelMkA1.php(139): CodeIgniter\Database\BaseConnection->query('SELECT\n        ...')
#4 /Users/macbookprom2/Desktop/PROJECT/silaju.unifa.ac.id/app/Controllers/Admin.php(53): App\Models\ModelMkA1->dataMhsBelumUploadMk('20231')
#5 /Users/macbookprom2/Desktop/PROJECT/silaju.unifa.ac.id/vendor/codeigniter4/framework/system/CodeIgniter.php(931): App\Controllers\Admin->index()
#6 /Users/macbookprom2/Desktop/PROJECT/silaju.unifa.ac.id/vendor/codeigniter4/framework/system/CodeIgniter.php(439): CodeIgniter\CodeIgniter->runController(Object(App\Controllers\Admin))
#7 /Users/macbookprom2/Desktop/PROJECT/silaju.unifa.ac.id/vendor/codeigniter4/framework/system/CodeIgniter.php(339): CodeIgniter\CodeIgniter->handleRequest(NULL, Object(Config\Cache), false)
#8 /Users/macbookprom2/Desktop/PROJECT/silaju.unifa.ac.id/public/index.php(45): CodeIgniter\CodeIgniter->run()
#9 /Users/macbookprom2/Desktop/PROJECT/silaju.unifa.ac.id/vendor/codeigniter4/framework/system/Commands/Server/rewrite.php(45): require_once('/Users/macbookp...')
#10 {main}
CRITICAL - 2023-10-18 22:59:59 --> Undefined offset: 0
#0 /Users/macbookprom2/Desktop/PROJECT/silaju.unifa.ac.id/app/Controllers/Admin.php(2384): CodeIgniter\Debug\Exceptions->errorHandler(8, 'Undefined offse...', '/Users/macbookp...', 2384, Array)
#1 /Users/macbookprom2/Desktop/PROJECT/silaju.unifa.ac.id/app/Controllers/Admin.php(2439): App\Controllers\Admin->getasessorbynoregis('assets')
#2 /Users/macbookprom2/Desktop/PROJECT/silaju.unifa.ac.id/vendor/codeigniter4/framework/system/CodeIgniter.php(931): App\Controllers\Admin->tanggapanAsessorA1('assets', 'images', 'logo-dark.png')
#3 /Users/macbookprom2/Desktop/PROJECT/silaju.unifa.ac.id/vendor/codeigniter4/framework/system/CodeIgniter.php(439): CodeIgniter\CodeIgniter->runController(Object(App\Controllers\Admin))
#4 /Users/macbookprom2/Desktop/PROJECT/silaju.unifa.ac.id/vendor/codeigniter4/framework/system/CodeIgniter.php(339): CodeIgniter\CodeIgniter->handleRequest(NULL, Object(Config\Cache), false)
#5 /Users/macbookprom2/Desktop/PROJECT/silaju.unifa.ac.id/public/index.php(45): CodeIgniter\CodeIgniter->run()
#6 /Users/macbookprom2/Desktop/PROJECT/silaju.unifa.ac.id/vendor/codeigniter4/framework/system/Commands/Server/rewrite.php(45): require_once('/Users/macbookp...')
#7 {main}
CRITICAL - 2023-10-18 22:59:59 --> Undefined offset: 0
#0 /Users/macbookprom2/Desktop/PROJECT/silaju.unifa.ac.id/app/Controllers/Admin.php(2384): CodeIgniter\Debug\Exceptions->errorHandler(8, 'Undefined offse...', '/Users/macbookp...', 2384, Array)
#1 /Users/macbookprom2/Desktop/PROJECT/silaju.unifa.ac.id/app/Controllers/Admin.php(2439): App\Controllers\Admin->getasessorbynoregis('assets')
#2 /Users/macbookprom2/Desktop/PROJECT/silaju.unifa.ac.id/vendor/codeigniter4/framework/system/CodeIgniter.php(931): App\Controllers\Admin->tanggapanAsessorA1('assets', 'images', 'logo.svg')
#3 /Users/macbookprom2/Desktop/PROJECT/silaju.unifa.ac.id/vendor/codeigniter4/framework/system/CodeIgniter.php(439): CodeIgniter\CodeIgniter->runController(Object(App\Controllers\Admin))
#4 /Users/macbookprom2/Desktop/PROJECT/silaju.unifa.ac.id/vendor/codeigniter4/framework/system/CodeIgniter.php(339): CodeIgniter\CodeIgniter->handleRequest(NULL, Object(Config\Cache), false)
#5 /Users/macbookprom2/Desktop/PROJECT/silaju.unifa.ac.id/public/index.php(45): CodeIgniter\CodeIgniter->run()
#6 /Users/macbookprom2/Desktop/PROJECT/silaju.unifa.ac.id/vendor/codeigniter4/framework/system/Commands/Server/rewrite.php(45): require_once('/Users/macbookp...')
#7 {main}
CRITICAL - 2023-10-18 23:03:06 --> Undefined offset: 0
#0 /Users/macbookprom2/Desktop/PROJECT/silaju.unifa.ac.id/app/Controllers/Admin.php(2384): CodeIgniter\Debug\Exceptions->errorHandler(8, 'Undefined offse...', '/Users/macbookp...', 2384, Array)
#1 /Users/macbookprom2/Desktop/PROJECT/silaju.unifa.ac.id/app/Controllers/Admin.php(2439): App\Controllers\Admin->getasessorbynoregis('assets')
#2 /Users/macbookprom2/Desktop/PROJECT/silaju.unifa.ac.id/vendor/codeigniter4/framework/system/CodeIgniter.php(931): App\Controllers\Admin->tanggapanAsessorA1('assets', 'images', 'logo.svg')
#3 /Users/macbookprom2/Desktop/PROJECT/silaju.unifa.ac.id/vendor/codeigniter4/framework/system/CodeIgniter.php(439): CodeIgniter\CodeIgniter->runController(Object(App\Controllers\Admin))
#4 /Users/macbookprom2/Desktop/PROJECT/silaju.unifa.ac.id/vendor/codeigniter4/framework/system/CodeIgniter.php(339): CodeIgniter\CodeIgniter->handleRequest(NULL, Object(Config\Cache), false)
#5 /Users/macbookprom2/Desktop/PROJECT/silaju.unifa.ac.id/public/index.php(45): CodeIgniter\CodeIgniter->run()
#6 /Users/macbookprom2/Desktop/PROJECT/silaju.unifa.ac.id/vendor/codeigniter4/framework/system/Commands/Server/rewrite.php(45): require_once('/Users/macbookp...')
#7 {main}
CRITICAL - 2023-10-18 23:03:06 --> Undefined offset: 0
#0 /Users/macbookprom2/Desktop/PROJECT/silaju.unifa.ac.id/app/Controllers/Admin.php(2384): CodeIgniter\Debug\Exceptions->errorHandler(8, 'Undefined offse...', '/Users/macbookp...', 2384, Array)
#1 /Users/macbookprom2/Desktop/PROJECT/silaju.unifa.ac.id/app/Controllers/Admin.php(2439): App\Controllers\Admin->getasessorbynoregis('assets')
#2 /Users/macbookprom2/Desktop/PROJECT/silaju.unifa.ac.id/vendor/codeigniter4/framework/system/CodeIgniter.php(931): App\Controllers\Admin->tanggapanAsessorA1('assets', 'images', 'logo-dark.png')
#3 /Users/macbookprom2/Desktop/PROJECT/silaju.unifa.ac.id/vendor/codeigniter4/framework/system/CodeIgniter.php(439): CodeIgniter\CodeIgniter->runController(Object(App\Controllers\Admin))
#4 /Users/macbookprom2/Desktop/PROJECT/silaju.unifa.ac.id/vendor/codeigniter4/framework/system/CodeIgniter.php(339): CodeIgniter\CodeIgniter->handleRequest(NULL, Object(Config\Cache), false)
#5 /Users/macbookprom2/Desktop/PROJECT/silaju.unifa.ac.id/public/index.php(45): CodeIgniter\CodeIgniter->run()
#6 /Users/macbookprom2/Desktop/PROJECT/silaju.unifa.ac.id/vendor/codeigniter4/framework/system/Commands/Server/rewrite.php(45): require_once('/Users/macbookp...')
#7 {main}
CRITICAL - 2023-10-18 23:03:06 --> Undefined offset: 0
#0 /Users/macbookprom2/Desktop/PROJECT/silaju.unifa.ac.id/app/Controllers/Admin.php(2384): CodeIgniter\Debug\Exceptions->errorHandler(8, 'Undefined offse...', '/Users/macbookp...', 2384, Array)
#1 /Users/macbookprom2/Desktop/PROJECT/silaju.unifa.ac.id/app/Controllers/Admin.php(2439): App\Controllers\Admin->getasessorbynoregis('assets')
#2 /Users/macbookprom2/Desktop/PROJECT/silaju.unifa.ac.id/vendor/codeigniter4/framework/system/CodeIgniter.php(931): App\Controllers\Admin->tanggapanAsessorA1('assets', 'images', 'logo.svg')
#3 /Users/macbookprom2/Desktop/PROJECT/silaju.unifa.ac.id/vendor/codeigniter4/framework/system/CodeIgniter.php(439): CodeIgniter\CodeIgniter->runController(Object(App\Controllers\Admin))
#4 /Users/macbookprom2/Desktop/PROJECT/silaju.unifa.ac.id/vendor/codeigniter4/framework/system/CodeIgniter.php(339): CodeIgniter\CodeIgniter->handleRequest(NULL, Object(Config\Cache), false)
#5 /Users/macbookprom2/Desktop/PROJECT/silaju.unifa.ac.id/public/index.php(45): CodeIgniter\CodeIgniter->run()
#6 /Users/macbookprom2/Desktop/PROJECT/silaju.unifa.ac.id/vendor/codeigniter4/framework/system/Commands/Server/rewrite.php(45): require_once('/Users/macbookp...')
#7 {main}
CRITICAL - 2023-10-18 23:03:06 --> Undefined offset: 0
#0 /Users/macbookprom2/Desktop/PROJECT/silaju.unifa.ac.id/app/Controllers/Admin.php(2384): CodeIgniter\Debug\Exceptions->errorHandler(8, 'Undefined offse...', '/Users/macbookp...', 2384, Array)
#1 /Users/macbookprom2/Desktop/PROJECT/silaju.unifa.ac.id/app/Controllers/Admin.php(2439): App\Controllers\Admin->getasessorbynoregis('assets')
#2 /Users/macbookprom2/Desktop/PROJECT/silaju.unifa.ac.id/vendor/codeigniter4/framework/system/CodeIgniter.php(931): App\Controllers\Admin->tanggapanAsessorA1('assets', 'images', 'logo-dark.png')
#3 /Users/macbookprom2/Desktop/PROJECT/silaju.unifa.ac.id/vendor/codeigniter4/framework/system/CodeIgniter.php(439): CodeIgniter\CodeIgniter->runController(Object(App\Controllers\Admin))
#4 /Users/macbookprom2/Desktop/PROJECT/silaju.unifa.ac.id/vendor/codeigniter4/framework/system/CodeIgniter.php(339): CodeIgniter\CodeIgniter->handleRequest(NULL, Object(Config\Cache), false)
#5 /Users/macbookprom2/Desktop/PROJECT/silaju.unifa.ac.id/public/index.php(45): CodeIgniter\CodeIgniter->run()
#6 /Users/macbookprom2/Desktop/PROJECT/silaju.unifa.ac.id/vendor/codeigniter4/framework/system/Commands/Server/rewrite.php(45): require_once('/Users/macbookp...')
#7 {main}
CRITICAL - 2023-10-18 23:03:56 --> Undefined offset: 0
#0 /Users/macbookprom2/Desktop/PROJECT/silaju.unifa.ac.id/app/Controllers/Admin.php(2384): CodeIgniter\Debug\Exceptions->errorHandler(8, 'Undefined offse...', '/Users/macbookp...', 2384, Array)
#1 /Users/macbookprom2/Desktop/PROJECT/silaju.unifa.ac.id/app/Controllers/Admin.php(2439): App\Controllers\Admin->getasessorbynoregis('assets')
#2 /Users/macbookprom2/Desktop/PROJECT/silaju.unifa.ac.id/vendor/codeigniter4/framework/system/CodeIgniter.php(931): App\Controllers\Admin->tanggapanAsessorA1('assets', 'images', 'logo.svg')
#3 /Users/macbookprom2/Desktop/PROJECT/silaju.unifa.ac.id/vendor/codeigniter4/framework/system/CodeIgniter.php(439): CodeIgniter\CodeIgniter->runController(Object(App\Controllers\Admin))
#4 /Users/macbookprom2/Desktop/PROJECT/silaju.unifa.ac.id/vendor/codeigniter4/framework/system/CodeIgniter.php(339): CodeIgniter\CodeIgniter->handleRequest(NULL, Object(Config\Cache), false)
#5 /Users/macbookprom2/Desktop/PROJECT/silaju.unifa.ac.id/public/index.php(45): CodeIgniter\CodeIgniter->run()
#6 /Users/macbookprom2/Desktop/PROJECT/silaju.unifa.ac.id/vendor/codeigniter4/framework/system/Commands/Server/rewrite.php(45): require_once('/Users/macbookp...')
#7 {main}
CRITICAL - 2023-10-18 23:03:56 --> Undefined offset: 0
#0 /Users/macbookprom2/Desktop/PROJECT/silaju.unifa.ac.id/app/Controllers/Admin.php(2384): CodeIgniter\Debug\Exceptions->errorHandler(8, 'Undefined offse...', '/Users/macbookp...', 2384, Array)
#1 /Users/macbookprom2/Desktop/PROJECT/silaju.unifa.ac.id/app/Controllers/Admin.php(2439): App\Controllers\Admin->getasessorbynoregis('assets')
#2 /Users/macbookprom2/Desktop/PROJECT/silaju.unifa.ac.id/vendor/codeigniter4/framework/system/CodeIgniter.php(931): App\Controllers\Admin->tanggapanAsessorA1('assets', 'images', 'logo-dark.png')
#3 /Users/macbookprom2/Desktop/PROJECT/silaju.unifa.ac.id/vendor/codeigniter4/framework/system/CodeIgniter.php(439): CodeIgniter\CodeIgniter->runController(Object(App\Controllers\Admin))
#4 /Users/macbookprom2/Desktop/PROJECT/silaju.unifa.ac.id/vendor/codeigniter4/framework/system/CodeIgniter.php(339): CodeIgniter\CodeIgniter->handleRequest(NULL, Object(Config\Cache), false)
#5 /Users/macbookprom2/Desktop/PROJECT/silaju.unifa.ac.id/public/index.php(45): CodeIgniter\CodeIgniter->run()
#6 /Users/macbookprom2/Desktop/PROJECT/silaju.unifa.ac.id/vendor/codeigniter4/framework/system/Commands/Server/rewrite.php(45): require_once('/Users/macbookp...')
#7 {main}
CRITICAL - 2023-10-18 23:03:56 --> Undefined offset: 0
#0 /Users/macbookprom2/Desktop/PROJECT/silaju.unifa.ac.id/app/Controllers/Admin.php(2384): CodeIgniter\Debug\Exceptions->errorHandler(8, 'Undefined offse...', '/Users/macbookp...', 2384, Array)
#1 /Users/macbookprom2/Desktop/PROJECT/silaju.unifa.ac.id/app/Controllers/Admin.php(2439): App\Controllers\Admin->getasessorbynoregis('assets')
#2 /Users/macbookprom2/Desktop/PROJECT/silaju.unifa.ac.id/vendor/codeigniter4/framework/system/CodeIgniter.php(931): App\Controllers\Admin->tanggapanAsessorA1('assets', 'images', 'logo.svg')
#3 /Users/macbookprom2/Desktop/PROJECT/silaju.unifa.ac.id/vendor/codeigniter4/framework/system/CodeIgniter.php(439): CodeIgniter\CodeIgniter->runController(Object(App\Controllers\Admin))
#4 /Users/macbookprom2/Desktop/PROJECT/silaju.unifa.ac.id/vendor/codeigniter4/framework/system/CodeIgniter.php(339): CodeIgniter\CodeIgniter->handleRequest(NULL, Object(Config\Cache), false)
#5 /Users/macbookprom2/Desktop/PROJECT/silaju.unifa.ac.id/public/index.php(45): CodeIgniter\CodeIgniter->run()
#6 /Users/macbookprom2/Desktop/PROJECT/silaju.unifa.ac.id/vendor/codeigniter4/framework/system/Commands/Server/rewrite.php(45): require_once('/Users/macbookp...')
#7 {main}
CRITICAL - 2023-10-18 23:03:56 --> Undefined offset: 0
#0 /Users/macbookprom2/Desktop/PROJECT/silaju.unifa.ac.id/app/Controllers/Admin.php(2384): CodeIgniter\Debug\Exceptions->errorHandler(8, 'Undefined offse...', '/Users/macbookp...', 2384, Array)
#1 /Users/macbookprom2/Desktop/PROJECT/silaju.unifa.ac.id/app/Controllers/Admin.php(2439): App\Controllers\Admin->getasessorbynoregis('assets')
#2 /Users/macbookprom2/Desktop/PROJECT/silaju.unifa.ac.id/vendor/codeigniter4/framework/system/CodeIgniter.php(931): App\Controllers\Admin->tanggapanAsessorA1('assets', 'images', 'logo-dark.png')
#3 /Users/macbookprom2/Desktop/PROJECT/silaju.unifa.ac.id/vendor/codeigniter4/framework/system/CodeIgniter.php(439): CodeIgniter\CodeIgniter->runController(Object(App\Controllers\Admin))
#4 /Users/macbookprom2/Desktop/PROJECT/silaju.unifa.ac.id/vendor/codeigniter4/framework/system/CodeIgniter.php(339): CodeIgniter\CodeIgniter->handleRequest(NULL, Object(Config\Cache), false)
#5 /Users/macbookprom2/Desktop/PROJECT/silaju.unifa.ac.id/public/index.php(45): CodeIgniter\CodeIgniter->run()
#6 /Users/macbookprom2/Desktop/PROJECT/silaju.unifa.ac.id/vendor/codeigniter4/framework/system/Commands/Server/rewrite.php(45): require_once('/Users/macbookp...')
#7 {main}
CRITICAL - 2023-10-18 23:04:06 --> Undefined offset: 0
#0 /Users/macbookprom2/Desktop/PROJECT/silaju.unifa.ac.id/app/Controllers/Admin.php(2384): CodeIgniter\Debug\Exceptions->errorHandler(8, 'Undefined offse...', '/Users/macbookp...', 2384, Array)
#1 /Users/macbookprom2/Desktop/PROJECT/silaju.unifa.ac.id/app/Controllers/Admin.php(2439): App\Controllers\Admin->getasessorbynoregis('assets')
#2 /Users/macbookprom2/Desktop/PROJECT/silaju.unifa.ac.id/vendor/codeigniter4/framework/system/CodeIgniter.php(931): App\Controllers\Admin->tanggapanAsessorA1('assets', 'images', 'logo.svg')
#3 /Users/macbookprom2/Desktop/PROJECT/silaju.unifa.ac.id/vendor/codeigniter4/framework/system/CodeIgniter.php(439): CodeIgniter\CodeIgniter->runController(Object(App\Controllers\Admin))
#4 /Users/macbookprom2/Desktop/PROJECT/silaju.unifa.ac.id/vendor/codeigniter4/framework/system/CodeIgniter.php(339): CodeIgniter\CodeIgniter->handleRequest(NULL, Object(Config\Cache), false)
#5 /Users/macbookprom2/Desktop/PROJECT/silaju.unifa.ac.id/public/index.php(45): CodeIgniter\CodeIgniter->run()
#6 /Users/macbookprom2/Desktop/PROJECT/silaju.unifa.ac.id/vendor/codeigniter4/framework/system/Commands/Server/rewrite.php(45): require_once('/Users/macbookp...')
#7 {main}
CRITICAL - 2023-10-18 23:04:06 --> Undefined offset: 0
#0 /Users/macbookprom2/Desktop/PROJECT/silaju.unifa.ac.id/app/Controllers/Admin.php(2384): CodeIgniter\Debug\Exceptions->errorHandler(8, 'Undefined offse...', '/Users/macbookp...', 2384, Array)
#1 /Users/macbookprom2/Desktop/PROJECT/silaju.unifa.ac.id/app/Controllers/Admin.php(2439): App\Controllers\Admin->getasessorbynoregis('assets')
#2 /Users/macbookprom2/Desktop/PROJECT/silaju.unifa.ac.id/vendor/codeigniter4/framework/system/CodeIgniter.php(931): App\Controllers\Admin->tanggapanAsessorA1('assets', 'images', 'logo-dark.png')
#3 /Users/macbookprom2/Desktop/PROJECT/silaju.unifa.ac.id/vendor/codeigniter4/framework/system/CodeIgniter.php(439): CodeIgniter\CodeIgniter->runController(Object(App\Controllers\Admin))
#4 /Users/macbookprom2/Desktop/PROJECT/silaju.unifa.ac.id/vendor/codeigniter4/framework/system/CodeIgniter.php(339): CodeIgniter\CodeIgniter->handleRequest(NULL, Object(Config\Cache), false)
#5 /Users/macbookprom2/Desktop/PROJECT/silaju.unifa.ac.id/public/index.php(45): CodeIgniter\CodeIgniter->run()
#6 /Users/macbookprom2/Desktop/PROJECT/silaju.unifa.ac.id/vendor/codeigniter4/framework/system/Commands/Server/rewrite.php(45): require_once('/Users/macbookp...')
#7 {main}
CRITICAL - 2023-10-18 23:04:34 --> Undefined offset: 0
#0 /Users/macbookprom2/Desktop/PROJECT/silaju.unifa.ac.id/app/Controllers/Admin.php(2384): CodeIgniter\Debug\Exceptions->errorHandler(8, 'Undefined offse...', '/Users/macbookp...', 2384, Array)
#1 /Users/macbookprom2/Desktop/PROJECT/silaju.unifa.ac.id/app/Controllers/Admin.php(2439): App\Controllers\Admin->getasessorbynoregis('assets')
#2 /Users/macbookprom2/Desktop/PROJECT/silaju.unifa.ac.id/vendor/codeigniter4/framework/system/CodeIgniter.php(931): App\Controllers\Admin->tanggapanAsessorA1('assets', 'images', 'logo.svg')
#3 /Users/macbookprom2/Desktop/PROJECT/silaju.unifa.ac.id/vendor/codeigniter4/framework/system/CodeIgniter.php(439): CodeIgniter\CodeIgniter->runController(Object(App\Controllers\Admin))
#4 /Users/macbookprom2/Desktop/PROJECT/silaju.unifa.ac.id/vendor/codeigniter4/framework/system/CodeIgniter.php(339): CodeIgniter\CodeIgniter->handleRequest(NULL, Object(Config\Cache), false)
#5 /Users/macbookprom2/Desktop/PROJECT/silaju.unifa.ac.id/public/index.php(45): CodeIgniter\CodeIgniter->run()
#6 /Users/macbookprom2/Desktop/PROJECT/silaju.unifa.ac.id/vendor/codeigniter4/framework/system/Commands/Server/rewrite.php(45): require_once('/Users/macbookp...')
#7 {main}
CRITICAL - 2023-10-18 23:04:34 --> Undefined offset: 0
#0 /Users/macbookprom2/Desktop/PROJECT/silaju.unifa.ac.id/app/Controllers/Admin.php(2384): CodeIgniter\Debug\Exceptions->errorHandler(8, 'Undefined offse...', '/Users/macbookp...', 2384, Array)
#1 /Users/macbookprom2/Desktop/PROJECT/silaju.unifa.ac.id/app/Controllers/Admin.php(2439): App\Controllers\Admin->getasessorbynoregis('assets')
#2 /Users/macbookprom2/Desktop/PROJECT/silaju.unifa.ac.id/vendor/codeigniter4/framework/system/CodeIgniter.php(931): App\Controllers\Admin->tanggapanAsessorA1('assets', 'images', 'logo-dark.png')
#3 /Users/macbookprom2/Desktop/PROJECT/silaju.unifa.ac.id/vendor/codeigniter4/framework/system/CodeIgniter.php(439): CodeIgniter\CodeIgniter->runController(Object(App\Controllers\Admin))
#4 /Users/macbookprom2/Desktop/PROJECT/silaju.unifa.ac.id/vendor/codeigniter4/framework/system/CodeIgniter.php(339): CodeIgniter\CodeIgniter->handleRequest(NULL, Object(Config\Cache), false)
#5 /Users/macbookprom2/Desktop/PROJECT/silaju.unifa.ac.id/public/index.php(45): CodeIgniter\CodeIgniter->run()
#6 /Users/macbookprom2/Desktop/PROJECT/silaju.unifa.ac.id/vendor/codeigniter4/framework/system/Commands/Server/rewrite.php(45): require_once('/Users/macbookp...')
#7 {main}
CRITICAL - 2023-10-18 23:04:34 --> Undefined offset: 0
#0 /Users/macbookprom2/Desktop/PROJECT/silaju.unifa.ac.id/app/Controllers/Admin.php(2384): CodeIgniter\Debug\Exceptions->errorHandler(8, 'Undefined offse...', '/Users/macbookp...', 2384, Array)
#1 /Users/macbookprom2/Desktop/PROJECT/silaju.unifa.ac.id/app/Controllers/Admin.php(2439): App\Controllers\Admin->getasessorbynoregis('assets')
#2 /Users/macbookprom2/Desktop/PROJECT/silaju.unifa.ac.id/vendor/codeigniter4/framework/system/CodeIgniter.php(931): App\Controllers\Admin->tanggapanAsessorA1('assets', 'images', 'logo.svg')
#3 /Users/macbookprom2/Desktop/PROJECT/silaju.unifa.ac.id/vendor/codeigniter4/framework/system/CodeIgniter.php(439): CodeIgniter\CodeIgniter->runController(Object(App\Controllers\Admin))
#4 /Users/macbookprom2/Desktop/PROJECT/silaju.unifa.ac.id/vendor/codeigniter4/framework/system/CodeIgniter.php(339): CodeIgniter\CodeIgniter->handleRequest(NULL, Object(Config\Cache), false)
#5 /Users/macbookprom2/Desktop/PROJECT/silaju.unifa.ac.id/public/index.php(45): CodeIgniter\CodeIgniter->run()
#6 /Users/macbookprom2/Desktop/PROJECT/silaju.unifa.ac.id/vendor/codeigniter4/framework/system/Commands/Server/rewrite.php(45): require_once('/Users/macbookp...')
#7 {main}
CRITICAL - 2023-10-18 23:04:34 --> Undefined offset: 0
#0 /Users/macbookprom2/Desktop/PROJECT/silaju.unifa.ac.id/app/Controllers/Admin.php(2384): CodeIgniter\Debug\Exceptions->errorHandler(8, 'Undefined offse...', '/Users/macbookp...', 2384, Array)
#1 /Users/macbookprom2/Desktop/PROJECT/silaju.unifa.ac.id/app/Controllers/Admin.php(2439): App\Controllers\Admin->getasessorbynoregis('assets')
#2 /Users/macbookprom2/Desktop/PROJECT/silaju.unifa.ac.id/vendor/codeigniter4/framework/system/CodeIgniter.php(931): App\Controllers\Admin->tanggapanAsessorA1('assets', 'images', 'logo-dark.png')
#3 /Users/macbookprom2/Desktop/PROJECT/silaju.unifa.ac.id/vendor/codeigniter4/framework/system/CodeIgniter.php(439): CodeIgniter\CodeIgniter->runController(Object(App\Controllers\Admin))
#4 /Users/macbookprom2/Desktop/PROJECT/silaju.unifa.ac.id/vendor/codeigniter4/framework/system/CodeIgniter.php(339): CodeIgniter\CodeIgniter->handleRequest(NULL, Object(Config\Cache), false)
#5 /Users/macbookprom2/Desktop/PROJECT/silaju.unifa.ac.id/public/index.php(45): CodeIgniter\CodeIgniter->run()
#6 /Users/macbookprom2/Desktop/PROJECT/silaju.unifa.ac.id/vendor/codeigniter4/framework/system/Commands/Server/rewrite.php(45): require_once('/Users/macbookp...')
#7 {main}
CRITICAL - 2023-10-18 23:15:08 --> Undefined offset: 0
#0 /Users/macbookprom2/Desktop/PROJECT/silaju.unifa.ac.id/app/Controllers/Admin.php(2384): CodeIgniter\Debug\Exceptions->errorHandler(8, 'Undefined offse...', '/Users/macbookp...', 2384, Array)
#1 /Users/macbookprom2/Desktop/PROJECT/silaju.unifa.ac.id/app/Controllers/Admin.php(2439): App\Controllers\Admin->getasessorbynoregis('assets')
#2 /Users/macbookprom2/Desktop/PROJECT/silaju.unifa.ac.id/vendor/codeigniter4/framework/system/CodeIgniter.php(931): App\Controllers\Admin->tanggapanAsessorA1('assets', 'images', 'logo.svg')
#3 /Users/macbookprom2/Desktop/PROJECT/silaju.unifa.ac.id/vendor/codeigniter4/framework/system/CodeIgniter.php(439): CodeIgniter\CodeIgniter->runController(Object(App\Controllers\Admin))
#4 /Users/macbookprom2/Desktop/PROJECT/silaju.unifa.ac.id/vendor/codeigniter4/framework/system/CodeIgniter.php(339): CodeIgniter\CodeIgniter->handleRequest(NULL, Object(Config\Cache), false)
#5 /Users/macbookprom2/Desktop/PROJECT/silaju.unifa.ac.id/public/index.php(45): CodeIgniter\CodeIgniter->run()
#6 /Users/macbookprom2/Desktop/PROJECT/silaju.unifa.ac.id/vendor/codeigniter4/framework/system/Commands/Server/rewrite.php(45): require_once('/Users/macbookp...')
#7 {main}
CRITICAL - 2023-10-18 23:15:08 --> Undefined offset: 0
#0 /Users/macbookprom2/Desktop/PROJECT/silaju.unifa.ac.id/app/Controllers/Admin.php(2384): CodeIgniter\Debug\Exceptions->errorHandler(8, 'Undefined offse...', '/Users/macbookp...', 2384, Array)
#1 /Users/macbookprom2/Desktop/PROJECT/silaju.unifa.ac.id/app/Controllers/Admin.php(2439): App\Controllers\Admin->getasessorbynoregis('assets')
#2 /Users/macbookprom2/Desktop/PROJECT/silaju.unifa.ac.id/vendor/codeigniter4/framework/system/CodeIgniter.php(931): App\Controllers\Admin->tanggapanAsessorA1('assets', 'images', 'logo-dark.png')
#3 /Users/macbookprom2/Desktop/PROJECT/silaju.unifa.ac.id/vendor/codeigniter4/framework/system/CodeIgniter.php(439): CodeIgniter\CodeIgniter->runController(Object(App\Controllers\Admin))
#4 /Users/macbookprom2/Desktop/PROJECT/silaju.unifa.ac.id/vendor/codeigniter4/framework/system/CodeIgniter.php(339): CodeIgniter\CodeIgniter->handleRequest(NULL, Object(Config\Cache), false)
#5 /Users/macbookprom2/Desktop/PROJECT/silaju.unifa.ac.id/public/index.php(45): CodeIgniter\CodeIgniter->run()
#6 /Users/macbookprom2/Desktop/PROJECT/silaju.unifa.ac.id/vendor/codeigniter4/framework/system/Commands/Server/rewrite.php(45): require_once('/Users/macbookp...')
#7 {main}
CRITICAL - 2023-10-18 23:15:09 --> Undefined offset: 0
#0 /Users/macbookprom2/Desktop/PROJECT/silaju.unifa.ac.id/app/Controllers/Admin.php(2384): CodeIgniter\Debug\Exceptions->errorHandler(8, 'Undefined offse...', '/Users/macbookp...', 2384, Array)
#1 /Users/macbookprom2/Desktop/PROJECT/silaju.unifa.ac.id/app/Controllers/Admin.php(2439): App\Controllers\Admin->getasessorbynoregis('assets')
#2 /Users/macbookprom2/Desktop/PROJECT/silaju.unifa.ac.id/vendor/codeigniter4/framework/system/CodeIgniter.php(931): App\Controllers\Admin->tanggapanAsessorA1('assets', 'images', 'logo.svg')
#3 /Users/macbookprom2/Desktop/PROJECT/silaju.unifa.ac.id/vendor/codeigniter4/framework/system/CodeIgniter.php(439): CodeIgniter\CodeIgniter->runController(Object(App\Controllers\Admin))
#4 /Users/macbookprom2/Desktop/PROJECT/silaju.unifa.ac.id/vendor/codeigniter4/framework/system/CodeIgniter.php(339): CodeIgniter\CodeIgniter->handleRequest(NULL, Object(Config\Cache), false)
#5 /Users/macbookprom2/Desktop/PROJECT/silaju.unifa.ac.id/public/index.php(45): CodeIgniter\CodeIgniter->run()
#6 /Users/macbookprom2/Desktop/PROJECT/silaju.unifa.ac.id/vendor/codeigniter4/framework/system/Commands/Server/rewrite.php(45): require_once('/Users/macbookp...')
#7 {main}
CRITICAL - 2023-10-18 23:15:12 --> Argument 1 passed to CodeIgniter\Database\MySQLi\Connection::_escapeString() must be of the type string, null given, called in /Users/macbookprom2/Desktop/PROJECT/silaju.unifa.ac.id/vendor/codeigniter4/framework/system/Database/BaseConnection.php on line 1429
#0 /Users/macbookprom2/Desktop/PROJECT/silaju.unifa.ac.id/vendor/codeigniter4/framework/system/Database/BaseConnection.php(1429): CodeIgniter\Database\MySQLi\Connection->_escapeString(NULL)
#1 /Users/macbookprom2/Desktop/PROJECT/silaju.unifa.ac.id/app/Controllers/Admin.php(2515): CodeIgniter\Database\BaseConnection->escapeString(NULL)
#2 /Users/macbookprom2/Desktop/PROJECT/silaju.unifa.ac.id/vendor/codeigniter4/framework/system/CodeIgniter.php(931): App\Controllers\Admin->cekStatusMkA1()
#3 /Users/macbookprom2/Desktop/PROJECT/silaju.unifa.ac.id/vendor/codeigniter4/framework/system/CodeIgniter.php(439): CodeIgniter\CodeIgniter->runController(Object(App\Controllers\Admin))
#4 /Users/macbookprom2/Desktop/PROJECT/silaju.unifa.ac.id/vendor/codeigniter4/framework/system/CodeIgniter.php(339): CodeIgniter\CodeIgniter->handleRequest(NULL, Object(Config\Cache), false)
#5 /Users/macbookprom2/Desktop/PROJECT/silaju.unifa.ac.id/public/index.php(45): CodeIgniter\CodeIgniter->run()
#6 /Users/macbookprom2/Desktop/PROJECT/silaju.unifa.ac.id/vendor/codeigniter4/framework/system/Commands/Server/rewrite.php(45): require_once('/Users/macbookp...')
#7 {main}
CRITICAL - 2023-10-18 23:15:30 --> Undefined offset: 0
#0 /Users/macbookprom2/Desktop/PROJECT/silaju.unifa.ac.id/app/Controllers/Admin.php(2384): CodeIgniter\Debug\Exceptions->errorHandler(8, 'Undefined offse...', '/Users/macbookp...', 2384, Array)
#1 /Users/macbookprom2/Desktop/PROJECT/silaju.unifa.ac.id/app/Controllers/Admin.php(2439): App\Controllers\Admin->getasessorbynoregis('assets')
#2 /Users/macbookprom2/Desktop/PROJECT/silaju.unifa.ac.id/vendor/codeigniter4/framework/system/CodeIgniter.php(931): App\Controllers\Admin->tanggapanAsessorA1('assets', 'images', 'logo.svg')
#3 /Users/macbookprom2/Desktop/PROJECT/silaju.unifa.ac.id/vendor/codeigniter4/framework/system/CodeIgniter.php(439): CodeIgniter\CodeIgniter->runController(Object(App\Controllers\Admin))
#4 /Users/macbookprom2/Desktop/PROJECT/silaju.unifa.ac.id/vendor/codeigniter4/framework/system/CodeIgniter.php(339): CodeIgniter\CodeIgniter->handleRequest(NULL, Object(Config\Cache), false)
#5 /Users/macbookprom2/Desktop/PROJECT/silaju.unifa.ac.id/public/index.php(45): CodeIgniter\CodeIgniter->run()
#6 /Users/macbookprom2/Desktop/PROJECT/silaju.unifa.ac.id/vendor/codeigniter4/framework/system/Commands/Server/rewrite.php(45): require_once('/Users/macbookp...')
#7 {main}
CRITICAL - 2023-10-18 23:15:30 --> Undefined offset: 0
#0 /Users/macbookprom2/Desktop/PROJECT/silaju.unifa.ac.id/app/Controllers/Admin.php(2384): CodeIgniter\Debug\Exceptions->errorHandler(8, 'Undefined offse...', '/Users/macbookp...', 2384, Array)
#1 /Users/macbookprom2/Desktop/PROJECT/silaju.unifa.ac.id/app/Controllers/Admin.php(2439): App\Controllers\Admin->getasessorbynoregis('assets')
#2 /Users/macbookprom2/Desktop/PROJECT/silaju.unifa.ac.id/vendor/codeigniter4/framework/system/CodeIgniter.php(931): App\Controllers\Admin->tanggapanAsessorA1('assets', 'images', 'logo-dark.png')
#3 /Users/macbookprom2/Desktop/PROJECT/silaju.unifa.ac.id/vendor/codeigniter4/framework/system/CodeIgniter.php(439): CodeIgniter\CodeIgniter->runController(Object(App\Controllers\Admin))
#4 /Users/macbookprom2/Desktop/PROJECT/silaju.unifa.ac.id/vendor/codeigniter4/framework/system/CodeIgniter.php(339): CodeIgniter\CodeIgniter->handleRequest(NULL, Object(Config\Cache), false)
#5 /Users/macbookprom2/Desktop/PROJECT/silaju.unifa.ac.id/public/index.php(45): CodeIgniter\CodeIgniter->run()
#6 /Users/macbookprom2/Desktop/PROJECT/silaju.unifa.ac.id/vendor/codeigniter4/framework/system/Commands/Server/rewrite.php(45): require_once('/Users/macbookp...')
#7 {main}
CRITICAL - 2023-10-18 23:15:32 --> Unknown column 'kode_matakuliah_asal' in 'where clause'
#0 /Users/macbookprom2/Desktop/PROJECT/silaju.unifa.ac.id/vendor/codeigniter4/framework/system/Database/MySQLi/Connection.php(329): mysqli->query('SELECT *\nFROM `...')
#1 /Users/macbookprom2/Desktop/PROJECT/silaju.unifa.ac.id/vendor/codeigniter4/framework/system/Database/BaseConnection.php(732): CodeIgniter\Database\MySQLi\Connection->execute('SELECT *\nFROM `...')
#2 /Users/macbookprom2/Desktop/PROJECT/silaju.unifa.ac.id/vendor/codeigniter4/framework/system/Database/BaseConnection.php(647): CodeIgniter\Database\BaseConnection->simpleQuery('SELECT *\nFROM `...')
#3 /Users/macbookprom2/Desktop/PROJECT/silaju.unifa.ac.id/vendor/codeigniter4/framework/system/Database/BaseBuilder.php(1881): CodeIgniter\Database\BaseConnection->query('SELECT *\nFROM `...', Array, false)
#4 /Users/macbookprom2/Desktop/PROJECT/silaju.unifa.ac.id/vendor/codeigniter4/framework/system/Model.php(197): CodeIgniter\Database\BaseBuilder->get()
#5 /Users/macbookprom2/Desktop/PROJECT/silaju.unifa.ac.id/vendor/codeigniter4/framework/system/BaseModel.php(603): CodeIgniter\Model->doFindAll(0, 0)
#6 /Users/macbookprom2/Desktop/PROJECT/silaju.unifa.ac.id/app/Controllers/Admin.php(2522): CodeIgniter\BaseModel->findAll()
#7 /Users/macbookprom2/Desktop/PROJECT/silaju.unifa.ac.id/vendor/codeigniter4/framework/system/CodeIgniter.php(931): App\Controllers\Admin->cekStatusMkA1()
#8 /Users/macbookprom2/Desktop/PROJECT/silaju.unifa.ac.id/vendor/codeigniter4/framework/system/CodeIgniter.php(439): CodeIgniter\CodeIgniter->runController(Object(App\Controllers\Admin))
#9 /Users/macbookprom2/Desktop/PROJECT/silaju.unifa.ac.id/vendor/codeigniter4/framework/system/CodeIgniter.php(339): CodeIgniter\CodeIgniter->handleRequest(NULL, Object(Config\Cache), false)
#10 /Users/macbookprom2/Desktop/PROJECT/silaju.unifa.ac.id/public/index.php(45): CodeIgniter\CodeIgniter->run()
#11 /Users/macbookprom2/Desktop/PROJECT/silaju.unifa.ac.id/vendor/codeigniter4/framework/system/Commands/Server/rewrite.php(45): require_once('/Users/macbookp...')
#12 {main}
CRITICAL - 2023-10-18 23:17:04 --> Undefined offset: 0
#0 /Users/macbookprom2/Desktop/PROJECT/silaju.unifa.ac.id/app/Controllers/Admin.php(2384): CodeIgniter\Debug\Exceptions->errorHandler(8, 'Undefined offse...', '/Users/macbookp...', 2384, Array)
#1 /Users/macbookprom2/Desktop/PROJECT/silaju.unifa.ac.id/app/Controllers/Admin.php(2439): App\Controllers\Admin->getasessorbynoregis('assets')
#2 /Users/macbookprom2/Desktop/PROJECT/silaju.unifa.ac.id/vendor/codeigniter4/framework/system/CodeIgniter.php(931): App\Controllers\Admin->tanggapanAsessorA1('assets', 'images', 'logo.svg')
#3 /Users/macbookprom2/Desktop/PROJECT/silaju.unifa.ac.id/vendor/codeigniter4/framework/system/CodeIgniter.php(439): CodeIgniter\CodeIgniter->runController(Object(App\Controllers\Admin))
#4 /Users/macbookprom2/Desktop/PROJECT/silaju.unifa.ac.id/vendor/codeigniter4/framework/system/CodeIgniter.php(339): CodeIgniter\CodeIgniter->handleRequest(NULL, Object(Config\Cache), false)
#5 /Users/macbookprom2/Desktop/PROJECT/silaju.unifa.ac.id/public/index.php(45): CodeIgniter\CodeIgniter->run()
#6 /Users/macbookprom2/Desktop/PROJECT/silaju.unifa.ac.id/vendor/codeigniter4/framework/system/Commands/Server/rewrite.php(45): require_once('/Users/macbookp...')
#7 {main}
CRITICAL - 2023-10-18 23:17:04 --> Undefined offset: 0
#0 /Users/macbookprom2/Desktop/PROJECT/silaju.unifa.ac.id/app/Controllers/Admin.php(2384): CodeIgniter\Debug\Exceptions->errorHandler(8, 'Undefined offse...', '/Users/macbookp...', 2384, Array)
#1 /Users/macbookprom2/Desktop/PROJECT/silaju.unifa.ac.id/app/Controllers/Admin.php(2439): App\Controllers\Admin->getasessorbynoregis('assets')
#2 /Users/macbookprom2/Desktop/PROJECT/silaju.unifa.ac.id/vendor/codeigniter4/framework/system/CodeIgniter.php(931): App\Controllers\Admin->tanggapanAsessorA1('assets', 'images', 'logo-dark.png')
#3 /Users/macbookprom2/Desktop/PROJECT/silaju.unifa.ac.id/vendor/codeigniter4/framework/system/CodeIgniter.php(439): CodeIgniter\CodeIgniter->runController(Object(App\Controllers\Admin))
#4 /Users/macbookprom2/Desktop/PROJECT/silaju.unifa.ac.id/vendor/codeigniter4/framework/system/CodeIgniter.php(339): CodeIgniter\CodeIgniter->handleRequest(NULL, Object(Config\Cache), false)
#5 /Users/macbookprom2/Desktop/PROJECT/silaju.unifa.ac.id/public/index.php(45): CodeIgniter\CodeIgniter->run()
#6 /Users/macbookprom2/Desktop/PROJECT/silaju.unifa.ac.id/vendor/codeigniter4/framework/system/Commands/Server/rewrite.php(45): require_once('/Users/macbookp...')
#7 {main}
CRITICAL - 2023-10-18 23:17:04 --> Undefined offset: 0
#0 /Users/macbookprom2/Desktop/PROJECT/silaju.unifa.ac.id/app/Controllers/Admin.php(2384): CodeIgniter\Debug\Exceptions->errorHandler(8, 'Undefined offse...', '/Users/macbookp...', 2384, Array)
#1 /Users/macbookprom2/Desktop/PROJECT/silaju.unifa.ac.id/app/Controllers/Admin.php(2439): App\Controllers\Admin->getasessorbynoregis('assets')
#2 /Users/macbookprom2/Desktop/PROJECT/silaju.unifa.ac.id/vendor/codeigniter4/framework/system/CodeIgniter.php(931): App\Controllers\Admin->tanggapanAsessorA1('assets', 'images', 'logo.svg')
#3 /Users/macbookprom2/Desktop/PROJECT/silaju.unifa.ac.id/vendor/codeigniter4/framework/system/CodeIgniter.php(439): CodeIgniter\CodeIgniter->runController(Object(App\Controllers\Admin))
#4 /Users/macbookprom2/Desktop/PROJECT/silaju.unifa.ac.id/vendor/codeigniter4/framework/system/CodeIgniter.php(339): CodeIgniter\CodeIgniter->handleRequest(NULL, Object(Config\Cache), false)
#5 /Users/macbookprom2/Desktop/PROJECT/silaju.unifa.ac.id/public/index.php(45): CodeIgniter\CodeIgniter->run()
#6 /Users/macbookprom2/Desktop/PROJECT/silaju.unifa.ac.id/vendor/codeigniter4/framework/system/Commands/Server/rewrite.php(45): require_once('/Users/macbookp...')
#7 {main}
CRITICAL - 2023-10-18 23:17:04 --> Undefined offset: 0
#0 /Users/macbookprom2/Desktop/PROJECT/silaju.unifa.ac.id/app/Controllers/Admin.php(2384): CodeIgniter\Debug\Exceptions->errorHandler(8, 'Undefined offse...', '/Users/macbookp...', 2384, Array)
#1 /Users/macbookprom2/Desktop/PROJECT/silaju.unifa.ac.id/app/Controllers/Admin.php(2439): App\Controllers\Admin->getasessorbynoregis('assets')
#2 /Users/macbookprom2/Desktop/PROJECT/silaju.unifa.ac.id/vendor/codeigniter4/framework/system/CodeIgniter.php(931): App\Controllers\Admin->tanggapanAsessorA1('assets', 'images', 'logo-dark.png')
#3 /Users/macbookprom2/Desktop/PROJECT/silaju.unifa.ac.id/vendor/codeigniter4/framework/system/CodeIgniter.php(439): CodeIgniter\CodeIgniter->runController(Object(App\Controllers\Admin))
#4 /Users/macbookprom2/Desktop/PROJECT/silaju.unifa.ac.id/vendor/codeigniter4/framework/system/CodeIgniter.php(339): CodeIgniter\CodeIgniter->handleRequest(NULL, Object(Config\Cache), false)
#5 /Users/macbookprom2/Desktop/PROJECT/silaju.unifa.ac.id/public/index.php(45): CodeIgniter\CodeIgniter->run()
#6 /Users/macbookprom2/Desktop/PROJECT/silaju.unifa.ac.id/vendor/codeigniter4/framework/system/Commands/Server/rewrite.php(45): require_once('/Users/macbookp...')
#7 {main}
CRITICAL - 2023-10-18 23:17:06 --> Array to string conversion
#0 /Users/macbookprom2/Desktop/PROJECT/silaju.unifa.ac.id/app/Controllers/Admin.php(2524): CodeIgniter\Debug\Exceptions->errorHandler(8, 'Array to string...', '/Users/macbookp...', 2524, Array)
#1 /Users/macbookprom2/Desktop/PROJECT/silaju.unifa.ac.id/vendor/codeigniter4/framework/system/CodeIgniter.php(931): App\Controllers\Admin->cekStatusMkA1()
#2 /Users/macbookprom2/Desktop/PROJECT/silaju.unifa.ac.id/vendor/codeigniter4/framework/system/CodeIgniter.php(439): CodeIgniter\CodeIgniter->runController(Object(App\Controllers\Admin))
#3 /Users/macbookprom2/Desktop/PROJECT/silaju.unifa.ac.id/vendor/codeigniter4/framework/system/CodeIgniter.php(339): CodeIgniter\CodeIgniter->handleRequest(NULL, Object(Config\Cache), false)
#4 /Users/macbookprom2/Desktop/PROJECT/silaju.unifa.ac.id/public/index.php(45): CodeIgniter\CodeIgniter->run()
#5 /Users/macbookprom2/Desktop/PROJECT/silaju.unifa.ac.id/vendor/codeigniter4/framework/system/Commands/Server/rewrite.php(45): require_once('/Users/macbookp...')
#6 {main}
CRITICAL - 2023-10-18 23:18:45 --> Undefined offset: 0
#0 /Users/macbookprom2/Desktop/PROJECT/silaju.unifa.ac.id/app/Controllers/Admin.php(2384): CodeIgniter\Debug\Exceptions->errorHandler(8, 'Undefined offse...', '/Users/macbookp...', 2384, Array)
#1 /Users/macbookprom2/Desktop/PROJECT/silaju.unifa.ac.id/app/Controllers/Admin.php(2439): App\Controllers\Admin->getasessorbynoregis('assets')
#2 /Users/macbookprom2/Desktop/PROJECT/silaju.unifa.ac.id/vendor/codeigniter4/framework/system/CodeIgniter.php(931): App\Controllers\Admin->tanggapanAsessorA1('assets', 'images', 'logo.svg')
#3 /Users/macbookprom2/Desktop/PROJECT/silaju.unifa.ac.id/vendor/codeigniter4/framework/system/CodeIgniter.php(439): CodeIgniter\CodeIgniter->runController(Object(App\Controllers\Admin))
#4 /Users/macbookprom2/Desktop/PROJECT/silaju.unifa.ac.id/vendor/codeigniter4/framework/system/CodeIgniter.php(339): CodeIgniter\CodeIgniter->handleRequest(NULL, Object(Config\Cache), false)
#5 /Users/macbookprom2/Desktop/PROJECT/silaju.unifa.ac.id/public/index.php(45): CodeIgniter\CodeIgniter->run()
#6 /Users/macbookprom2/Desktop/PROJECT/silaju.unifa.ac.id/vendor/codeigniter4/framework/system/Commands/Server/rewrite.php(45): require_once('/Users/macbookp...')
#7 {main}
CRITICAL - 2023-10-18 23:18:45 --> Undefined offset: 0
#0 /Users/macbookprom2/Desktop/PROJECT/silaju.unifa.ac.id/app/Controllers/Admin.php(2384): CodeIgniter\Debug\Exceptions->errorHandler(8, 'Undefined offse...', '/Users/macbookp...', 2384, Array)
#1 /Users/macbookprom2/Desktop/PROJECT/silaju.unifa.ac.id/app/Controllers/Admin.php(2439): App\Controllers\Admin->getasessorbynoregis('assets')
#2 /Users/macbookprom2/Desktop/PROJECT/silaju.unifa.ac.id/vendor/codeigniter4/framework/system/CodeIgniter.php(931): App\Controllers\Admin->tanggapanAsessorA1('assets', 'images', 'logo-dark.png')
#3 /Users/macbookprom2/Desktop/PROJECT/silaju.unifa.ac.id/vendor/codeigniter4/framework/system/CodeIgniter.php(439): CodeIgniter\CodeIgniter->runController(Object(App\Controllers\Admin))
#4 /Users/macbookprom2/Desktop/PROJECT/silaju.unifa.ac.id/vendor/codeigniter4/framework/system/CodeIgniter.php(339): CodeIgniter\CodeIgniter->handleRequest(NULL, Object(Config\Cache), false)
#5 /Users/macbookprom2/Desktop/PROJECT/silaju.unifa.ac.id/public/index.php(45): CodeIgniter\CodeIgniter->run()
#6 /Users/macbookprom2/Desktop/PROJECT/silaju.unifa.ac.id/vendor/codeigniter4/framework/system/Commands/Server/rewrite.php(45): require_once('/Users/macbookp...')
#7 {main}
CRITICAL - 2023-10-18 23:18:53 --> Undefined offset: 0
#0 /Users/macbookprom2/Desktop/PROJECT/silaju.unifa.ac.id/app/Controllers/Admin.php(2384): CodeIgniter\Debug\Exceptions->errorHandler(8, 'Undefined offse...', '/Users/macbookp...', 2384, Array)
#1 /Users/macbookprom2/Desktop/PROJECT/silaju.unifa.ac.id/app/Controllers/Admin.php(2439): App\Controllers\Admin->getasessorbynoregis('assets')
#2 /Users/macbookprom2/Desktop/PROJECT/silaju.unifa.ac.id/vendor/codeigniter4/framework/system/CodeIgniter.php(931): App\Controllers\Admin->tanggapanAsessorA1('assets', 'images', 'logo.svg')
#3 /Users/macbookprom2/Desktop/PROJECT/silaju.unifa.ac.id/vendor/codeigniter4/framework/system/CodeIgniter.php(439): CodeIgniter\CodeIgniter->runController(Object(App\Controllers\Admin))
#4 /Users/macbookprom2/Desktop/PROJECT/silaju.unifa.ac.id/vendor/codeigniter4/framework/system/CodeIgniter.php(339): CodeIgniter\CodeIgniter->handleRequest(NULL, Object(Config\Cache), false)
#5 /Users/macbookprom2/Desktop/PROJECT/silaju.unifa.ac.id/public/index.php(45): CodeIgniter\CodeIgniter->run()
#6 /Users/macbookprom2/Desktop/PROJECT/silaju.unifa.ac.id/vendor/codeigniter4/framework/system/Commands/Server/rewrite.php(45): require_once('/Users/macbookp...')
#7 {main}
CRITICAL - 2023-10-18 23:18:53 --> Undefined offset: 0
#0 /Users/macbookprom2/Desktop/PROJECT/silaju.unifa.ac.id/app/Controllers/Admin.php(2384): CodeIgniter\Debug\Exceptions->errorHandler(8, 'Undefined offse...', '/Users/macbookp...', 2384, Array)
#1 /Users/macbookprom2/Desktop/PROJECT/silaju.unifa.ac.id/app/Controllers/Admin.php(2439): App\Controllers\Admin->getasessorbynoregis('assets')
#2 /Users/macbookprom2/Desktop/PROJECT/silaju.unifa.ac.id/vendor/codeigniter4/framework/system/CodeIgniter.php(931): App\Controllers\Admin->tanggapanAsessorA1('assets', 'images', 'logo-dark.png')
#3 /Users/macbookprom2/Desktop/PROJECT/silaju.unifa.ac.id/vendor/codeigniter4/framework/system/CodeIgniter.php(439): CodeIgniter\CodeIgniter->runController(Object(App\Controllers\Admin))
#4 /Users/macbookprom2/Desktop/PROJECT/silaju.unifa.ac.id/vendor/codeigniter4/framework/system/CodeIgniter.php(339): CodeIgniter\CodeIgniter->handleRequest(NULL, Object(Config\Cache), false)
#5 /Users/macbookprom2/Desktop/PROJECT/silaju.unifa.ac.id/public/index.php(45): CodeIgniter\CodeIgniter->run()
#6 /Users/macbookprom2/Desktop/PROJECT/silaju.unifa.ac.id/vendor/codeigniter4/framework/system/Commands/Server/rewrite.php(45): require_once('/Users/macbookp...')
#7 {main}
CRITICAL - 2023-10-18 23:19:15 --> Undefined offset: 0
#0 /Users/macbookprom2/Desktop/PROJECT/silaju.unifa.ac.id/app/Controllers/Admin.php(2384): CodeIgniter\Debug\Exceptions->errorHandler(8, 'Undefined offse...', '/Users/macbookp...', 2384, Array)
#1 /Users/macbookprom2/Desktop/PROJECT/silaju.unifa.ac.id/app/Controllers/Admin.php(2439): App\Controllers\Admin->getasessorbynoregis('assets')
#2 /Users/macbookprom2/Desktop/PROJECT/silaju.unifa.ac.id/vendor/codeigniter4/framework/system/CodeIgniter.php(931): App\Controllers\Admin->tanggapanAsessorA1('assets', 'images', 'logo.svg')
#3 /Users/macbookprom2/Desktop/PROJECT/silaju.unifa.ac.id/vendor/codeigniter4/framework/system/CodeIgniter.php(439): CodeIgniter\CodeIgniter->runController(Object(App\Controllers\Admin))
#4 /Users/macbookprom2/Desktop/PROJECT/silaju.unifa.ac.id/vendor/codeigniter4/framework/system/CodeIgniter.php(339): CodeIgniter\CodeIgniter->handleRequest(NULL, Object(Config\Cache), false)
#5 /Users/macbookprom2/Desktop/PROJECT/silaju.unifa.ac.id/public/index.php(45): CodeIgniter\CodeIgniter->run()
#6 /Users/macbookprom2/Desktop/PROJECT/silaju.unifa.ac.id/vendor/codeigniter4/framework/system/Commands/Server/rewrite.php(45): require_once('/Users/macbookp...')
#7 {main}
CRITICAL - 2023-10-18 23:19:15 --> Undefined offset: 0
#0 /Users/macbookprom2/Desktop/PROJECT/silaju.unifa.ac.id/app/Controllers/Admin.php(2384): CodeIgniter\Debug\Exceptions->errorHandler(8, 'Undefined offse...', '/Users/macbookp...', 2384, Array)
#1 /Users/macbookprom2/Desktop/PROJECT/silaju.unifa.ac.id/app/Controllers/Admin.php(2439): App\Controllers\Admin->getasessorbynoregis('assets')
#2 /Users/macbookprom2/Desktop/PROJECT/silaju.unifa.ac.id/vendor/codeigniter4/framework/system/CodeIgniter.php(931): App\Controllers\Admin->tanggapanAsessorA1('assets', 'images', 'logo-dark.png')
#3 /Users/macbookprom2/Desktop/PROJECT/silaju.unifa.ac.id/vendor/codeigniter4/framework/system/CodeIgniter.php(439): CodeIgniter\CodeIgniter->runController(Object(App\Controllers\Admin))
#4 /Users/macbookprom2/Desktop/PROJECT/silaju.unifa.ac.id/vendor/codeigniter4/framework/system/CodeIgniter.php(339): CodeIgniter\CodeIgniter->handleRequest(NULL, Object(Config\Cache), false)
#5 /Users/macbookprom2/Desktop/PROJECT/silaju.unifa.ac.id/public/index.php(45): CodeIgniter\CodeIgniter->run()
#6 /Users/macbookprom2/Desktop/PROJECT/silaju.unifa.ac.id/vendor/codeigniter4/framework/system/Commands/Server/rewrite.php(45): require_once('/Users/macbookp...')
#7 {main}
CRITICAL - 2023-10-18 23:19:15 --> Undefined offset: 0
#0 /Users/macbookprom2/Desktop/PROJECT/silaju.unifa.ac.id/app/Controllers/Admin.php(2384): CodeIgniter\Debug\Exceptions->errorHandler(8, 'Undefined offse...', '/Users/macbookp...', 2384, Array)
#1 /Users/macbookprom2/Desktop/PROJECT/silaju.unifa.ac.id/app/Controllers/Admin.php(2439): App\Controllers\Admin->getasessorbynoregis('assets')
#2 /Users/macbookprom2/Desktop/PROJECT/silaju.unifa.ac.id/vendor/codeigniter4/framework/system/CodeIgniter.php(931): App\Controllers\Admin->tanggapanAsessorA1('assets', 'images', 'logo.svg')
#3 /Users/macbookprom2/Desktop/PROJECT/silaju.unifa.ac.id/vendor/codeigniter4/framework/system/CodeIgniter.php(439): CodeIgniter\CodeIgniter->runController(Object(App\Controllers\Admin))
#4 /Users/macbookprom2/Desktop/PROJECT/silaju.unifa.ac.id/vendor/codeigniter4/framework/system/CodeIgniter.php(339): CodeIgniter\CodeIgniter->handleRequest(NULL, Object(Config\Cache), false)
#5 /Users/macbookprom2/Desktop/PROJECT/silaju.unifa.ac.id/public/index.php(45): CodeIgniter\CodeIgniter->run()
#6 /Users/macbookprom2/Desktop/PROJECT/silaju.unifa.ac.id/vendor/codeigniter4/framework/system/Commands/Server/rewrite.php(45): require_once('/Users/macbookp...')
#7 {main}
CRITICAL - 2023-10-18 23:20:13 --> Undefined offset: 0
#0 /Users/macbookprom2/Desktop/PROJECT/silaju.unifa.ac.id/app/Controllers/Admin.php(2384): CodeIgniter\Debug\Exceptions->errorHandler(8, 'Undefined offse...', '/Users/macbookp...', 2384, Array)
#1 /Users/macbookprom2/Desktop/PROJECT/silaju.unifa.ac.id/app/Controllers/Admin.php(2439): App\Controllers\Admin->getasessorbynoregis('assets')
#2 /Users/macbookprom2/Desktop/PROJECT/silaju.unifa.ac.id/vendor/codeigniter4/framework/system/CodeIgniter.php(931): App\Controllers\Admin->tanggapanAsessorA1('assets', 'images', 'logo.svg')
#3 /Users/macbookprom2/Desktop/PROJECT/silaju.unifa.ac.id/vendor/codeigniter4/framework/system/CodeIgniter.php(439): CodeIgniter\CodeIgniter->runController(Object(App\Controllers\Admin))
#4 /Users/macbookprom2/Desktop/PROJECT/silaju.unifa.ac.id/vendor/codeigniter4/framework/system/CodeIgniter.php(339): CodeIgniter\CodeIgniter->handleRequest(NULL, Object(Config\Cache), false)
#5 /Users/macbookprom2/Desktop/PROJECT/silaju.unifa.ac.id/public/index.php(45): CodeIgniter\CodeIgniter->run()
#6 /Users/macbookprom2/Desktop/PROJECT/silaju.unifa.ac.id/vendor/codeigniter4/framework/system/Commands/Server/rewrite.php(45): require_once('/Users/macbookp...')
#7 {main}
CRITICAL - 2023-10-18 23:20:13 --> Undefined offset: 0
#0 /Users/macbookprom2/Desktop/PROJECT/silaju.unifa.ac.id/app/Controllers/Admin.php(2384): CodeIgniter\Debug\Exceptions->errorHandler(8, 'Undefined offse...', '/Users/macbookp...', 2384, Array)
#1 /Users/macbookprom2/Desktop/PROJECT/silaju.unifa.ac.id/app/Controllers/Admin.php(2439): App\Controllers\Admin->getasessorbynoregis('assets')
#2 /Users/macbookprom2/Desktop/PROJECT/silaju.unifa.ac.id/vendor/codeigniter4/framework/system/CodeIgniter.php(931): App\Controllers\Admin->tanggapanAsessorA1('assets', 'images', 'logo-dark.png')
#3 /Users/macbookprom2/Desktop/PROJECT/silaju.unifa.ac.id/vendor/codeigniter4/framework/system/CodeIgniter.php(439): CodeIgniter\CodeIgniter->runController(Object(App\Controllers\Admin))
#4 /Users/macbookprom2/Desktop/PROJECT/silaju.unifa.ac.id/vendor/codeigniter4/framework/system/CodeIgniter.php(339): CodeIgniter\CodeIgniter->handleRequest(NULL, Object(Config\Cache), false)
#5 /Users/macbookprom2/Desktop/PROJECT/silaju.unifa.ac.id/public/index.php(45): CodeIgniter\CodeIgniter->run()
#6 /Users/macbookprom2/Desktop/PROJECT/silaju.unifa.ac.id/vendor/codeigniter4/framework/system/Commands/Server/rewrite.php(45): require_once('/Users/macbookp...')
#7 {main}
CRITICAL - 2023-10-18 23:20:13 --> Undefined offset: 0
#0 /Users/macbookprom2/Desktop/PROJECT/silaju.unifa.ac.id/app/Controllers/Admin.php(2384): CodeIgniter\Debug\Exceptions->errorHandler(8, 'Undefined offse...', '/Users/macbookp...', 2384, Array)
#1 /Users/macbookprom2/Desktop/PROJECT/silaju.unifa.ac.id/app/Controllers/Admin.php(2439): App\Controllers\Admin->getasessorbynoregis('assets')
#2 /Users/macbookprom2/Desktop/PROJECT/silaju.unifa.ac.id/vendor/codeigniter4/framework/system/CodeIgniter.php(931): App\Controllers\Admin->tanggapanAsessorA1('assets', 'images', 'logo.svg')
#3 /Users/macbookprom2/Desktop/PROJECT/silaju.unifa.ac.id/vendor/codeigniter4/framework/system/CodeIgniter.php(439): CodeIgniter\CodeIgniter->runController(Object(App\Controllers\Admin))
#4 /Users/macbookprom2/Desktop/PROJECT/silaju.unifa.ac.id/vendor/codeigniter4/framework/system/CodeIgniter.php(339): CodeIgniter\CodeIgniter->handleRequest(NULL, Object(Config\Cache), false)
#5 /Users/macbookprom2/Desktop/PROJECT/silaju.unifa.ac.id/public/index.php(45): CodeIgniter\CodeIgniter->run()
#6 /Users/macbookprom2/Desktop/PROJECT/silaju.unifa.ac.id/vendor/codeigniter4/framework/system/Commands/Server/rewrite.php(45): require_once('/Users/macbookp...')
#7 {main}
CRITICAL - 2023-10-18 23:20:13 --> Undefined offset: 0
#0 /Users/macbookprom2/Desktop/PROJECT/silaju.unifa.ac.id/app/Controllers/Admin.php(2384): CodeIgniter\Debug\Exceptions->errorHandler(8, 'Undefined offse...', '/Users/macbookp...', 2384, Array)
#1 /Users/macbookprom2/Desktop/PROJECT/silaju.unifa.ac.id/app/Controllers/Admin.php(2439): App\Controllers\Admin->getasessorbynoregis('assets')
#2 /Users/macbookprom2/Desktop/PROJECT/silaju.unifa.ac.id/vendor/codeigniter4/framework/system/CodeIgniter.php(931): App\Controllers\Admin->tanggapanAsessorA1('assets', 'images', 'logo-dark.png')
#3 /Users/macbookprom2/Desktop/PROJECT/silaju.unifa.ac.id/vendor/codeigniter4/framework/system/CodeIgniter.php(439): CodeIgniter\CodeIgniter->runController(Object(App\Controllers\Admin))
#4 /Users/macbookprom2/Desktop/PROJECT/silaju.unifa.ac.id/vendor/codeigniter4/framework/system/CodeIgniter.php(339): CodeIgniter\CodeIgniter->handleRequest(NULL, Object(Config\Cache), false)
#5 /Users/macbookprom2/Desktop/PROJECT/silaju.unifa.ac.id/public/index.php(45): CodeIgniter\CodeIgniter->run()
#6 /Users/macbookprom2/Desktop/PROJECT/silaju.unifa.ac.id/vendor/codeigniter4/framework/system/Commands/Server/rewrite.php(45): require_once('/Users/macbookp...')
#7 {main}
CRITICAL - 2023-10-18 23:20:30 --> Undefined offset: 0
#0 /Users/macbookprom2/Desktop/PROJECT/silaju.unifa.ac.id/app/Controllers/Admin.php(2384): CodeIgniter\Debug\Exceptions->errorHandler(8, 'Undefined offse...', '/Users/macbookp...', 2384, Array)
#1 /Users/macbookprom2/Desktop/PROJECT/silaju.unifa.ac.id/app/Controllers/Admin.php(2439): App\Controllers\Admin->getasessorbynoregis('assets')
#2 /Users/macbookprom2/Desktop/PROJECT/silaju.unifa.ac.id/vendor/codeigniter4/framework/system/CodeIgniter.php(931): App\Controllers\Admin->tanggapanAsessorA1('assets', 'images', 'logo.svg')
#3 /Users/macbookprom2/Desktop/PROJECT/silaju.unifa.ac.id/vendor/codeigniter4/framework/system/CodeIgniter.php(439): CodeIgniter\CodeIgniter->runController(Object(App\Controllers\Admin))
#4 /Users/macbookprom2/Desktop/PROJECT/silaju.unifa.ac.id/vendor/codeigniter4/framework/system/CodeIgniter.php(339): CodeIgniter\CodeIgniter->handleRequest(NULL, Object(Config\Cache), false)
#5 /Users/macbookprom2/Desktop/PROJECT/silaju.unifa.ac.id/public/index.php(45): CodeIgniter\CodeIgniter->run()
#6 /Users/macbookprom2/Desktop/PROJECT/silaju.unifa.ac.id/vendor/codeigniter4/framework/system/Commands/Server/rewrite.php(45): require_once('/Users/macbookp...')
#7 {main}
CRITICAL - 2023-10-18 23:20:30 --> Undefined offset: 0
#0 /Users/macbookprom2/Desktop/PROJECT/silaju.unifa.ac.id/app/Controllers/Admin.php(2384): CodeIgniter\Debug\Exceptions->errorHandler(8, 'Undefined offse...', '/Users/macbookp...', 2384, Array)
#1 /Users/macbookprom2/Desktop/PROJECT/silaju.unifa.ac.id/app/Controllers/Admin.php(2439): App\Controllers\Admin->getasessorbynoregis('assets')
#2 /Users/macbookprom2/Desktop/PROJECT/silaju.unifa.ac.id/vendor/codeigniter4/framework/system/CodeIgniter.php(931): App\Controllers\Admin->tanggapanAsessorA1('assets', 'images', 'logo-dark.png')
#3 /Users/macbookprom2/Desktop/PROJECT/silaju.unifa.ac.id/vendor/codeigniter4/framework/system/CodeIgniter.php(439): CodeIgniter\CodeIgniter->runController(Object(App\Controllers\Admin))
#4 /Users/macbookprom2/Desktop/PROJECT/silaju.unifa.ac.id/vendor/codeigniter4/framework/system/CodeIgniter.php(339): CodeIgniter\CodeIgniter->handleRequest(NULL, Object(Config\Cache), false)
#5 /Users/macbookprom2/Desktop/PROJECT/silaju.unifa.ac.id/public/index.php(45): CodeIgniter\CodeIgniter->run()
#6 /Users/macbookprom2/Desktop/PROJECT/silaju.unifa.ac.id/vendor/codeigniter4/framework/system/Commands/Server/rewrite.php(45): require_once('/Users/macbookp...')
#7 {main}
CRITICAL - 2023-10-18 23:25:10 --> Undefined offset: 0
#0 /Users/macbookprom2/Desktop/PROJECT/silaju.unifa.ac.id/app/Controllers/Admin.php(2384): CodeIgniter\Debug\Exceptions->errorHandler(8, 'Undefined offse...', '/Users/macbookp...', 2384, Array)
#1 /Users/macbookprom2/Desktop/PROJECT/silaju.unifa.ac.id/app/Controllers/Admin.php(2439): App\Controllers\Admin->getasessorbynoregis('assets')
#2 /Users/macbookprom2/Desktop/PROJECT/silaju.unifa.ac.id/vendor/codeigniter4/framework/system/CodeIgniter.php(931): App\Controllers\Admin->tanggapanAsessorA1('assets', 'images', 'logo.svg')
#3 /Users/macbookprom2/Desktop/PROJECT/silaju.unifa.ac.id/vendor/codeigniter4/framework/system/CodeIgniter.php(439): CodeIgniter\CodeIgniter->runController(Object(App\Controllers\Admin))
#4 /Users/macbookprom2/Desktop/PROJECT/silaju.unifa.ac.id/vendor/codeigniter4/framework/system/CodeIgniter.php(339): CodeIgniter\CodeIgniter->handleRequest(NULL, Object(Config\Cache), false)
#5 /Users/macbookprom2/Desktop/PROJECT/silaju.unifa.ac.id/public/index.php(45): CodeIgniter\CodeIgniter->run()
#6 /Users/macbookprom2/Desktop/PROJECT/silaju.unifa.ac.id/vendor/codeigniter4/framework/system/Commands/Server/rewrite.php(45): require_once('/Users/macbookp...')
#7 {main}
CRITICAL - 2023-10-18 23:25:10 --> Undefined offset: 0
#0 /Users/macbookprom2/Desktop/PROJECT/silaju.unifa.ac.id/app/Controllers/Admin.php(2384): CodeIgniter\Debug\Exceptions->errorHandler(8, 'Undefined offse...', '/Users/macbookp...', 2384, Array)
#1 /Users/macbookprom2/Desktop/PROJECT/silaju.unifa.ac.id/app/Controllers/Admin.php(2439): App\Controllers\Admin->getasessorbynoregis('assets')
#2 /Users/macbookprom2/Desktop/PROJECT/silaju.unifa.ac.id/vendor/codeigniter4/framework/system/CodeIgniter.php(931): App\Controllers\Admin->tanggapanAsessorA1('assets', 'images', 'logo-dark.png')
#3 /Users/macbookprom2/Desktop/PROJECT/silaju.unifa.ac.id/vendor/codeigniter4/framework/system/CodeIgniter.php(439): CodeIgniter\CodeIgniter->runController(Object(App\Controllers\Admin))
#4 /Users/macbookprom2/Desktop/PROJECT/silaju.unifa.ac.id/vendor/codeigniter4/framework/system/CodeIgniter.php(339): CodeIgniter\CodeIgniter->handleRequest(NULL, Object(Config\Cache), false)
#5 /Users/macbookprom2/Desktop/PROJECT/silaju.unifa.ac.id/public/index.php(45): CodeIgniter\CodeIgniter->run()
#6 /Users/macbookprom2/Desktop/PROJECT/silaju.unifa.ac.id/vendor/codeigniter4/framework/system/Commands/Server/rewrite.php(45): require_once('/Users/macbookp...')
#7 {main}
CRITICAL - 2023-10-18 23:25:10 --> Undefined offset: 0
#0 /Users/macbookprom2/Desktop/PROJECT/silaju.unifa.ac.id/app/Controllers/Admin.php(2384): CodeIgniter\Debug\Exceptions->errorHandler(8, 'Undefined offse...', '/Users/macbookp...', 2384, Array)
#1 /Users/macbookprom2/Desktop/PROJECT/silaju.unifa.ac.id/app/Controllers/Admin.php(2439): App\Controllers\Admin->getasessorbynoregis('assets')
#2 /Users/macbookprom2/Desktop/PROJECT/silaju.unifa.ac.id/vendor/codeigniter4/framework/system/CodeIgniter.php(931): App\Controllers\Admin->tanggapanAsessorA1('assets', 'images', 'logo.svg')
#3 /Users/macbookprom2/Desktop/PROJECT/silaju.unifa.ac.id/vendor/codeigniter4/framework/system/CodeIgniter.php(439): CodeIgniter\CodeIgniter->runController(Object(App\Controllers\Admin))
#4 /Users/macbookprom2/Desktop/PROJECT/silaju.unifa.ac.id/vendor/codeigniter4/framework/system/CodeIgniter.php(339): CodeIgniter\CodeIgniter->handleRequest(NULL, Object(Config\Cache), false)
#5 /Users/macbookprom2/Desktop/PROJECT/silaju.unifa.ac.id/public/index.php(45): CodeIgniter\CodeIgniter->run()
#6 /Users/macbookprom2/Desktop/PROJECT/silaju.unifa.ac.id/vendor/codeigniter4/framework/system/Commands/Server/rewrite.php(45): require_once('/Users/macbookp...')
#7 {main}
CRITICAL - 2023-10-18 23:25:29 --> Undefined offset: 0
#0 /Users/macbookprom2/Desktop/PROJECT/silaju.unifa.ac.id/app/Controllers/Admin.php(2384): CodeIgniter\Debug\Exceptions->errorHandler(8, 'Undefined offse...', '/Users/macbookp...', 2384, Array)
#1 /Users/macbookprom2/Desktop/PROJECT/silaju.unifa.ac.id/app/Controllers/Admin.php(2439): App\Controllers\Admin->getasessorbynoregis('assets')
#2 /Users/macbookprom2/Desktop/PROJECT/silaju.unifa.ac.id/vendor/codeigniter4/framework/system/CodeIgniter.php(931): App\Controllers\Admin->tanggapanAsessorA1('assets', 'images', 'logo.svg')
#3 /Users/macbookprom2/Desktop/PROJECT/silaju.unifa.ac.id/vendor/codeigniter4/framework/system/CodeIgniter.php(439): CodeIgniter\CodeIgniter->runController(Object(App\Controllers\Admin))
#4 /Users/macbookprom2/Desktop/PROJECT/silaju.unifa.ac.id/vendor/codeigniter4/framework/system/CodeIgniter.php(339): CodeIgniter\CodeIgniter->handleRequest(NULL, Object(Config\Cache), false)
#5 /Users/macbookprom2/Desktop/PROJECT/silaju.unifa.ac.id/public/index.php(45): CodeIgniter\CodeIgniter->run()
#6 /Users/macbookprom2/Desktop/PROJECT/silaju.unifa.ac.id/vendor/codeigniter4/framework/system/Commands/Server/rewrite.php(45): require_once('/Users/macbookp...')
#7 {main}
CRITICAL - 2023-10-18 23:25:29 --> Undefined offset: 0
#0 /Users/macbookprom2/Desktop/PROJECT/silaju.unifa.ac.id/app/Controllers/Admin.php(2384): CodeIgniter\Debug\Exceptions->errorHandler(8, 'Undefined offse...', '/Users/macbookp...', 2384, Array)
#1 /Users/macbookprom2/Desktop/PROJECT/silaju.unifa.ac.id/app/Controllers/Admin.php(2439): App\Controllers\Admin->getasessorbynoregis('assets')
#2 /Users/macbookprom2/Desktop/PROJECT/silaju.unifa.ac.id/vendor/codeigniter4/framework/system/CodeIgniter.php(931): App\Controllers\Admin->tanggapanAsessorA1('assets', 'images', 'logo-dark.png')
#3 /Users/macbookprom2/Desktop/PROJECT/silaju.unifa.ac.id/vendor/codeigniter4/framework/system/CodeIgniter.php(439): CodeIgniter\CodeIgniter->runController(Object(App\Controllers\Admin))
#4 /Users/macbookprom2/Desktop/PROJECT/silaju.unifa.ac.id/vendor/codeigniter4/framework/system/CodeIgniter.php(339): CodeIgniter\CodeIgniter->handleRequest(NULL, Object(Config\Cache), false)
#5 /Users/macbookprom2/Desktop/PROJECT/silaju.unifa.ac.id/public/index.php(45): CodeIgniter\CodeIgniter->run()
#6 /Users/macbookprom2/Desktop/PROJECT/silaju.unifa.ac.id/vendor/codeigniter4/framework/system/Commands/Server/rewrite.php(45): require_once('/Users/macbookp...')
#7 {main}
CRITICAL - 2023-10-18 23:25:53 --> Undefined offset: 0
#0 /Users/macbookprom2/Desktop/PROJECT/silaju.unifa.ac.id/app/Controllers/Admin.php(2384): CodeIgniter\Debug\Exceptions->errorHandler(8, 'Undefined offse...', '/Users/macbookp...', 2384, Array)
#1 /Users/macbookprom2/Desktop/PROJECT/silaju.unifa.ac.id/app/Controllers/Admin.php(2439): App\Controllers\Admin->getasessorbynoregis('assets')
#2 /Users/macbookprom2/Desktop/PROJECT/silaju.unifa.ac.id/vendor/codeigniter4/framework/system/CodeIgniter.php(931): App\Controllers\Admin->tanggapanAsessorA1('assets', 'images', 'logo.svg')
#3 /Users/macbookprom2/Desktop/PROJECT/silaju.unifa.ac.id/vendor/codeigniter4/framework/system/CodeIgniter.php(439): CodeIgniter\CodeIgniter->runController(Object(App\Controllers\Admin))
#4 /Users/macbookprom2/Desktop/PROJECT/silaju.unifa.ac.id/vendor/codeigniter4/framework/system/CodeIgniter.php(339): CodeIgniter\CodeIgniter->handleRequest(NULL, Object(Config\Cache), false)
#5 /Users/macbookprom2/Desktop/PROJECT/silaju.unifa.ac.id/public/index.php(45): CodeIgniter\CodeIgniter->run()
#6 /Users/macbookprom2/Desktop/PROJECT/silaju.unifa.ac.id/vendor/codeigniter4/framework/system/Commands/Server/rewrite.php(45): require_once('/Users/macbookp...')
#7 {main}
CRITICAL - 2023-10-18 23:25:53 --> Undefined offset: 0
#0 /Users/macbookprom2/Desktop/PROJECT/silaju.unifa.ac.id/app/Controllers/Admin.php(2384): CodeIgniter\Debug\Exceptions->errorHandler(8, 'Undefined offse...', '/Users/macbookp...', 2384, Array)
#1 /Users/macbookprom2/Desktop/PROJECT/silaju.unifa.ac.id/app/Controllers/Admin.php(2439): App\Controllers\Admin->getasessorbynoregis('assets')
#2 /Users/macbookprom2/Desktop/PROJECT/silaju.unifa.ac.id/vendor/codeigniter4/framework/system/CodeIgniter.php(931): App\Controllers\Admin->tanggapanAsessorA1('assets', 'images', 'logo-dark.png')
#3 /Users/macbookprom2/Desktop/PROJECT/silaju.unifa.ac.id/vendor/codeigniter4/framework/system/CodeIgniter.php(439): CodeIgniter\CodeIgniter->runController(Object(App\Controllers\Admin))
#4 /Users/macbookprom2/Desktop/PROJECT/silaju.unifa.ac.id/vendor/codeigniter4/framework/system/CodeIgniter.php(339): CodeIgniter\CodeIgniter->handleRequest(NULL, Object(Config\Cache), false)
#5 /Users/macbookprom2/Desktop/PROJECT/silaju.unifa.ac.id/public/index.php(45): CodeIgniter\CodeIgniter->run()
#6 /Users/macbookprom2/Desktop/PROJECT/silaju.unifa.ac.id/vendor/codeigniter4/framework/system/Commands/Server/rewrite.php(45): require_once('/Users/macbookp...')
#7 {main}
CRITICAL - 2023-10-18 23:26:56 --> Undefined offset: 0
#0 /Users/macbookprom2/Desktop/PROJECT/silaju.unifa.ac.id/app/Controllers/Admin.php(2384): CodeIgniter\Debug\Exceptions->errorHandler(8, 'Undefined offse...', '/Users/macbookp...', 2384, Array)
#1 /Users/macbookprom2/Desktop/PROJECT/silaju.unifa.ac.id/app/Controllers/Admin.php(2439): App\Controllers\Admin->getasessorbynoregis('assets')
#2 /Users/macbookprom2/Desktop/PROJECT/silaju.unifa.ac.id/vendor/codeigniter4/framework/system/CodeIgniter.php(931): App\Controllers\Admin->tanggapanAsessorA1('assets', 'images', 'logo.svg')
#3 /Users/macbookprom2/Desktop/PROJECT/silaju.unifa.ac.id/vendor/codeigniter4/framework/system/CodeIgniter.php(439): CodeIgniter\CodeIgniter->runController(Object(App\Controllers\Admin))
#4 /Users/macbookprom2/Desktop/PROJECT/silaju.unifa.ac.id/vendor/codeigniter4/framework/system/CodeIgniter.php(339): CodeIgniter\CodeIgniter->handleRequest(NULL, Object(Config\Cache), false)
#5 /Users/macbookprom2/Desktop/PROJECT/silaju.unifa.ac.id/public/index.php(45): CodeIgniter\CodeIgniter->run()
#6 /Users/macbookprom2/Desktop/PROJECT/silaju.unifa.ac.id/vendor/codeigniter4/framework/system/Commands/Server/rewrite.php(45): require_once('/Users/macbookp...')
#7 {main}
CRITICAL - 2023-10-18 23:26:56 --> Undefined offset: 0
#0 /Users/macbookprom2/Desktop/PROJECT/silaju.unifa.ac.id/app/Controllers/Admin.php(2384): CodeIgniter\Debug\Exceptions->errorHandler(8, 'Undefined offse...', '/Users/macbookp...', 2384, Array)
#1 /Users/macbookprom2/Desktop/PROJECT/silaju.unifa.ac.id/app/Controllers/Admin.php(2439): App\Controllers\Admin->getasessorbynoregis('assets')
#2 /Users/macbookprom2/Desktop/PROJECT/silaju.unifa.ac.id/vendor/codeigniter4/framework/system/CodeIgniter.php(931): App\Controllers\Admin->tanggapanAsessorA1('assets', 'images', 'logo-dark.png')
#3 /Users/macbookprom2/Desktop/PROJECT/silaju.unifa.ac.id/vendor/codeigniter4/framework/system/CodeIgniter.php(439): CodeIgniter\CodeIgniter->runController(Object(App\Controllers\Admin))
#4 /Users/macbookprom2/Desktop/PROJECT/silaju.unifa.ac.id/vendor/codeigniter4/framework/system/CodeIgniter.php(339): CodeIgniter\CodeIgniter->handleRequest(NULL, Object(Config\Cache), false)
#5 /Users/macbookprom2/Desktop/PROJECT/silaju.unifa.ac.id/public/index.php(45): CodeIgniter\CodeIgniter->run()
#6 /Users/macbookprom2/Desktop/PROJECT/silaju.unifa.ac.id/vendor/codeigniter4/framework/system/Commands/Server/rewrite.php(45): require_once('/Users/macbookp...')
#7 {main}
CRITICAL - 2023-10-18 23:27:16 --> Undefined offset: 0
#0 /Users/macbookprom2/Desktop/PROJECT/silaju.unifa.ac.id/app/Controllers/Admin.php(2384): CodeIgniter\Debug\Exceptions->errorHandler(8, 'Undefined offse...', '/Users/macbookp...', 2384, Array)
#1 /Users/macbookprom2/Desktop/PROJECT/silaju.unifa.ac.id/app/Controllers/Admin.php(2439): App\Controllers\Admin->getasessorbynoregis('assets')
#2 /Users/macbookprom2/Desktop/PROJECT/silaju.unifa.ac.id/vendor/codeigniter4/framework/system/CodeIgniter.php(931): App\Controllers\Admin->tanggapanAsessorA1('assets', 'images', 'logo.svg')
#3 /Users/macbookprom2/Desktop/PROJECT/silaju.unifa.ac.id/vendor/codeigniter4/framework/system/CodeIgniter.php(439): CodeIgniter\CodeIgniter->runController(Object(App\Controllers\Admin))
#4 /Users/macbookprom2/Desktop/PROJECT/silaju.unifa.ac.id/vendor/codeigniter4/framework/system/CodeIgniter.php(339): CodeIgniter\CodeIgniter->handleRequest(NULL, Object(Config\Cache), false)
#5 /Users/macbookprom2/Desktop/PROJECT/silaju.unifa.ac.id/public/index.php(45): CodeIgniter\CodeIgniter->run()
#6 /Users/macbookprom2/Desktop/PROJECT/silaju.unifa.ac.id/vendor/codeigniter4/framework/system/Commands/Server/rewrite.php(45): require_once('/Users/macbookp...')
#7 {main}
CRITICAL - 2023-10-18 23:27:16 --> Undefined offset: 0
#0 /Users/macbookprom2/Desktop/PROJECT/silaju.unifa.ac.id/app/Controllers/Admin.php(2384): CodeIgniter\Debug\Exceptions->errorHandler(8, 'Undefined offse...', '/Users/macbookp...', 2384, Array)
#1 /Users/macbookprom2/Desktop/PROJECT/silaju.unifa.ac.id/app/Controllers/Admin.php(2439): App\Controllers\Admin->getasessorbynoregis('assets')
#2 /Users/macbookprom2/Desktop/PROJECT/silaju.unifa.ac.id/vendor/codeigniter4/framework/system/CodeIgniter.php(931): App\Controllers\Admin->tanggapanAsessorA1('assets', 'images', 'logo-dark.png')
#3 /Users/macbookprom2/Desktop/PROJECT/silaju.unifa.ac.id/vendor/codeigniter4/framework/system/CodeIgniter.php(439): CodeIgniter\CodeIgniter->runController(Object(App\Controllers\Admin))
#4 /Users/macbookprom2/Desktop/PROJECT/silaju.unifa.ac.id/vendor/codeigniter4/framework/system/CodeIgniter.php(339): CodeIgniter\CodeIgniter->handleRequest(NULL, Object(Config\Cache), false)
#5 /Users/macbookprom2/Desktop/PROJECT/silaju.unifa.ac.id/public/index.php(45): CodeIgniter\CodeIgniter->run()
#6 /Users/macbookprom2/Desktop/PROJECT/silaju.unifa.ac.id/vendor/codeigniter4/framework/system/Commands/Server/rewrite.php(45): require_once('/Users/macbookp...')
#7 {main}
CRITICAL - 2023-10-18 23:27:16 --> Undefined offset: 0
#0 /Users/macbookprom2/Desktop/PROJECT/silaju.unifa.ac.id/app/Controllers/Admin.php(2384): CodeIgniter\Debug\Exceptions->errorHandler(8, 'Undefined offse...', '/Users/macbookp...', 2384, Array)
#1 /Users/macbookprom2/Desktop/PROJECT/silaju.unifa.ac.id/app/Controllers/Admin.php(2439): App\Controllers\Admin->getasessorbynoregis('assets')
#2 /Users/macbookprom2/Desktop/PROJECT/silaju.unifa.ac.id/vendor/codeigniter4/framework/system/CodeIgniter.php(931): App\Controllers\Admin->tanggapanAsessorA1('assets', 'images', 'logo.svg')
#3 /Users/macbookprom2/Desktop/PROJECT/silaju.unifa.ac.id/vendor/codeigniter4/framework/system/CodeIgniter.php(439): CodeIgniter\CodeIgniter->runController(Object(App\Controllers\Admin))
#4 /Users/macbookprom2/Desktop/PROJECT/silaju.unifa.ac.id/vendor/codeigniter4/framework/system/CodeIgniter.php(339): CodeIgniter\CodeIgniter->handleRequest(NULL, Object(Config\Cache), false)
#5 /Users/macbookprom2/Desktop/PROJECT/silaju.unifa.ac.id/public/index.php(45): CodeIgniter\CodeIgniter->run()
#6 /Users/macbookprom2/Desktop/PROJECT/silaju.unifa.ac.id/vendor/codeigniter4/framework/system/Commands/Server/rewrite.php(45): require_once('/Users/macbookp...')
#7 {main}
CRITICAL - 2023-10-18 23:27:48 --> Undefined offset: 0
#0 /Users/macbookprom2/Desktop/PROJECT/silaju.unifa.ac.id/app/Controllers/Admin.php(2384): CodeIgniter\Debug\Exceptions->errorHandler(8, 'Undefined offse...', '/Users/macbookp...', 2384, Array)
#1 /Users/macbookprom2/Desktop/PROJECT/silaju.unifa.ac.id/app/Controllers/Admin.php(2439): App\Controllers\Admin->getasessorbynoregis('assets')
#2 /Users/macbookprom2/Desktop/PROJECT/silaju.unifa.ac.id/vendor/codeigniter4/framework/system/CodeIgniter.php(931): App\Controllers\Admin->tanggapanAsessorA1('assets', 'images', 'logo.svg')
#3 /Users/macbookprom2/Desktop/PROJECT/silaju.unifa.ac.id/vendor/codeigniter4/framework/system/CodeIgniter.php(439): CodeIgniter\CodeIgniter->runController(Object(App\Controllers\Admin))
#4 /Users/macbookprom2/Desktop/PROJECT/silaju.unifa.ac.id/vendor/codeigniter4/framework/system/CodeIgniter.php(339): CodeIgniter\CodeIgniter->handleRequest(NULL, Object(Config\Cache), false)
#5 /Users/macbookprom2/Desktop/PROJECT/silaju.unifa.ac.id/public/index.php(45): CodeIgniter\CodeIgniter->run()
#6 /Users/macbookprom2/Desktop/PROJECT/silaju.unifa.ac.id/vendor/codeigniter4/framework/system/Commands/Server/rewrite.php(45): require_once('/Users/macbookp...')
#7 {main}
CRITICAL - 2023-10-18 23:27:48 --> Undefined offset: 0
#0 /Users/macbookprom2/Desktop/PROJECT/silaju.unifa.ac.id/app/Controllers/Admin.php(2384): CodeIgniter\Debug\Exceptions->errorHandler(8, 'Undefined offse...', '/Users/macbookp...', 2384, Array)
#1 /Users/macbookprom2/Desktop/PROJECT/silaju.unifa.ac.id/app/Controllers/Admin.php(2439): App\Controllers\Admin->getasessorbynoregis('assets')
#2 /Users/macbookprom2/Desktop/PROJECT/silaju.unifa.ac.id/vendor/codeigniter4/framework/system/CodeIgniter.php(931): App\Controllers\Admin->tanggapanAsessorA1('assets', 'images', 'logo-dark.png')
#3 /Users/macbookprom2/Desktop/PROJECT/silaju.unifa.ac.id/vendor/codeigniter4/framework/system/CodeIgniter.php(439): CodeIgniter\CodeIgniter->runController(Object(App\Controllers\Admin))
#4 /Users/macbookprom2/Desktop/PROJECT/silaju.unifa.ac.id/vendor/codeigniter4/framework/system/CodeIgniter.php(339): CodeIgniter\CodeIgniter->handleRequest(NULL, Object(Config\Cache), false)
#5 /Users/macbookprom2/Desktop/PROJECT/silaju.unifa.ac.id/public/index.php(45): CodeIgniter\CodeIgniter->run()
#6 /Users/macbookprom2/Desktop/PROJECT/silaju.unifa.ac.id/vendor/codeigniter4/framework/system/Commands/Server/rewrite.php(45): require_once('/Users/macbookp...')
#7 {main}
CRITICAL - 2023-10-18 23:27:48 --> Undefined offset: 0
#0 /Users/macbookprom2/Desktop/PROJECT/silaju.unifa.ac.id/app/Controllers/Admin.php(2384): CodeIgniter\Debug\Exceptions->errorHandler(8, 'Undefined offse...', '/Users/macbookp...', 2384, Array)
#1 /Users/macbookprom2/Desktop/PROJECT/silaju.unifa.ac.id/app/Controllers/Admin.php(2439): App\Controllers\Admin->getasessorbynoregis('assets')
#2 /Users/macbookprom2/Desktop/PROJECT/silaju.unifa.ac.id/vendor/codeigniter4/framework/system/CodeIgniter.php(931): App\Controllers\Admin->tanggapanAsessorA1('assets', 'images', 'logo.svg')
#3 /Users/macbookprom2/Desktop/PROJECT/silaju.unifa.ac.id/vendor/codeigniter4/framework/system/CodeIgniter.php(439): CodeIgniter\CodeIgniter->runController(Object(App\Controllers\Admin))
#4 /Users/macbookprom2/Desktop/PROJECT/silaju.unifa.ac.id/vendor/codeigniter4/framework/system/CodeIgniter.php(339): CodeIgniter\CodeIgniter->handleRequest(NULL, Object(Config\Cache), false)
#5 /Users/macbookprom2/Desktop/PROJECT/silaju.unifa.ac.id/public/index.php(45): CodeIgniter\CodeIgniter->run()
#6 /Users/macbookprom2/Desktop/PROJECT/silaju.unifa.ac.id/vendor/codeigniter4/framework/system/Commands/Server/rewrite.php(45): require_once('/Users/macbookp...')
#7 {main}
CRITICAL - 2023-10-18 23:28:39 --> Undefined offset: 0
#0 /Users/macbookprom2/Desktop/PROJECT/silaju.unifa.ac.id/app/Controllers/Admin.php(2384): CodeIgniter\Debug\Exceptions->errorHandler(8, 'Undefined offse...', '/Users/macbookp...', 2384, Array)
#1 /Users/macbookprom2/Desktop/PROJECT/silaju.unifa.ac.id/app/Controllers/Admin.php(2439): App\Controllers\Admin->getasessorbynoregis('assets')
#2 /Users/macbookprom2/Desktop/PROJECT/silaju.unifa.ac.id/vendor/codeigniter4/framework/system/CodeIgniter.php(931): App\Controllers\Admin->tanggapanAsessorA1('assets', 'images', 'logo.svg')
#3 /Users/macbookprom2/Desktop/PROJECT/silaju.unifa.ac.id/vendor/codeigniter4/framework/system/CodeIgniter.php(439): CodeIgniter\CodeIgniter->runController(Object(App\Controllers\Admin))
#4 /Users/macbookprom2/Desktop/PROJECT/silaju.unifa.ac.id/vendor/codeigniter4/framework/system/CodeIgniter.php(339): CodeIgniter\CodeIgniter->handleRequest(NULL, Object(Config\Cache), false)
#5 /Users/macbookprom2/Desktop/PROJECT/silaju.unifa.ac.id/public/index.php(45): CodeIgniter\CodeIgniter->run()
#6 /Users/macbookprom2/Desktop/PROJECT/silaju.unifa.ac.id/vendor/codeigniter4/framework/system/Commands/Server/rewrite.php(45): require_once('/Users/macbookp...')
#7 {main}
CRITICAL - 2023-10-18 23:28:39 --> Undefined offset: 0
#0 /Users/macbookprom2/Desktop/PROJECT/silaju.unifa.ac.id/app/Controllers/Admin.php(2384): CodeIgniter\Debug\Exceptions->errorHandler(8, 'Undefined offse...', '/Users/macbookp...', 2384, Array)
#1 /Users/macbookprom2/Desktop/PROJECT/silaju.unifa.ac.id/app/Controllers/Admin.php(2439): App\Controllers\Admin->getasessorbynoregis('assets')
#2 /Users/macbookprom2/Desktop/PROJECT/silaju.unifa.ac.id/vendor/codeigniter4/framework/system/CodeIgniter.php(931): App\Controllers\Admin->tanggapanAsessorA1('assets', 'images', 'logo-dark.png')
#3 /Users/macbookprom2/Desktop/PROJECT/silaju.unifa.ac.id/vendor/codeigniter4/framework/system/CodeIgniter.php(439): CodeIgniter\CodeIgniter->runController(Object(App\Controllers\Admin))
#4 /Users/macbookprom2/Desktop/PROJECT/silaju.unifa.ac.id/vendor/codeigniter4/framework/system/CodeIgniter.php(339): CodeIgniter\CodeIgniter->handleRequest(NULL, Object(Config\Cache), false)
#5 /Users/macbookprom2/Desktop/PROJECT/silaju.unifa.ac.id/public/index.php(45): CodeIgniter\CodeIgniter->run()
#6 /Users/macbookprom2/Desktop/PROJECT/silaju.unifa.ac.id/vendor/codeigniter4/framework/system/Commands/Server/rewrite.php(45): require_once('/Users/macbookp...')
#7 {main}
CRITICAL - 2023-10-18 23:29:21 --> Undefined offset: 0
#0 /Users/macbookprom2/Desktop/PROJECT/silaju.unifa.ac.id/app/Controllers/Admin.php(2384): CodeIgniter\Debug\Exceptions->errorHandler(8, 'Undefined offse...', '/Users/macbookp...', 2384, Array)
#1 /Users/macbookprom2/Desktop/PROJECT/silaju.unifa.ac.id/app/Controllers/Admin.php(2439): App\Controllers\Admin->getasessorbynoregis('assets')
#2 /Users/macbookprom2/Desktop/PROJECT/silaju.unifa.ac.id/vendor/codeigniter4/framework/system/CodeIgniter.php(931): App\Controllers\Admin->tanggapanAsessorA1('assets', 'images', 'logo.svg')
#3 /Users/macbookprom2/Desktop/PROJECT/silaju.unifa.ac.id/vendor/codeigniter4/framework/system/CodeIgniter.php(439): CodeIgniter\CodeIgniter->runController(Object(App\Controllers\Admin))
#4 /Users/macbookprom2/Desktop/PROJECT/silaju.unifa.ac.id/vendor/codeigniter4/framework/system/CodeIgniter.php(339): CodeIgniter\CodeIgniter->handleRequest(NULL, Object(Config\Cache), false)
#5 /Users/macbookprom2/Desktop/PROJECT/silaju.unifa.ac.id/public/index.php(45): CodeIgniter\CodeIgniter->run()
#6 /Users/macbookprom2/Desktop/PROJECT/silaju.unifa.ac.id/vendor/codeigniter4/framework/system/Commands/Server/rewrite.php(45): require_once('/Users/macbookp...')
#7 {main}
CRITICAL - 2023-10-18 23:29:21 --> Undefined offset: 0
#0 /Users/macbookprom2/Desktop/PROJECT/silaju.unifa.ac.id/app/Controllers/Admin.php(2384): CodeIgniter\Debug\Exceptions->errorHandler(8, 'Undefined offse...', '/Users/macbookp...', 2384, Array)
#1 /Users/macbookprom2/Desktop/PROJECT/silaju.unifa.ac.id/app/Controllers/Admin.php(2439): App\Controllers\Admin->getasessorbynoregis('assets')
#2 /Users/macbookprom2/Desktop/PROJECT/silaju.unifa.ac.id/vendor/codeigniter4/framework/system/CodeIgniter.php(931): App\Controllers\Admin->tanggapanAsessorA1('assets', 'images', 'logo-dark.png')
#3 /Users/macbookprom2/Desktop/PROJECT/silaju.unifa.ac.id/vendor/codeigniter4/framework/system/CodeIgniter.php(439): CodeIgniter\CodeIgniter->runController(Object(App\Controllers\Admin))
#4 /Users/macbookprom2/Desktop/PROJECT/silaju.unifa.ac.id/vendor/codeigniter4/framework/system/CodeIgniter.php(339): CodeIgniter\CodeIgniter->handleRequest(NULL, Object(Config\Cache), false)
#5 /Users/macbookprom2/Desktop/PROJECT/silaju.unifa.ac.id/public/index.php(45): CodeIgniter\CodeIgniter->run()
#6 /Users/macbookprom2/Desktop/PROJECT/silaju.unifa.ac.id/vendor/codeigniter4/framework/system/Commands/Server/rewrite.php(45): require_once('/Users/macbookp...')
#7 {main}
CRITICAL - 2023-10-18 23:30:09 --> Undefined offset: 0
#0 /Users/macbookprom2/Desktop/PROJECT/silaju.unifa.ac.id/app/Controllers/Admin.php(2384): CodeIgniter\Debug\Exceptions->errorHandler(8, 'Undefined offse...', '/Users/macbookp...', 2384, Array)
#1 /Users/macbookprom2/Desktop/PROJECT/silaju.unifa.ac.id/app/Controllers/Admin.php(2439): App\Controllers\Admin->getasessorbynoregis('assets')
#2 /Users/macbookprom2/Desktop/PROJECT/silaju.unifa.ac.id/vendor/codeigniter4/framework/system/CodeIgniter.php(931): App\Controllers\Admin->tanggapanAsessorA1('assets', 'images', 'logo.svg')
#3 /Users/macbookprom2/Desktop/PROJECT/silaju.unifa.ac.id/vendor/codeigniter4/framework/system/CodeIgniter.php(439): CodeIgniter\CodeIgniter->runController(Object(App\Controllers\Admin))
#4 /Users/macbookprom2/Desktop/PROJECT/silaju.unifa.ac.id/vendor/codeigniter4/framework/system/CodeIgniter.php(339): CodeIgniter\CodeIgniter->handleRequest(NULL, Object(Config\Cache), false)
#5 /Users/macbookprom2/Desktop/PROJECT/silaju.unifa.ac.id/public/index.php(45): CodeIgniter\CodeIgniter->run()
#6 /Users/macbookprom2/Desktop/PROJECT/silaju.unifa.ac.id/vendor/codeigniter4/framework/system/Commands/Server/rewrite.php(45): require_once('/Users/macbookp...')
#7 {main}
CRITICAL - 2023-10-18 23:30:09 --> Undefined offset: 0
#0 /Users/macbookprom2/Desktop/PROJECT/silaju.unifa.ac.id/app/Controllers/Admin.php(2384): CodeIgniter\Debug\Exceptions->errorHandler(8, 'Undefined offse...', '/Users/macbookp...', 2384, Array)
#1 /Users/macbookprom2/Desktop/PROJECT/silaju.unifa.ac.id/app/Controllers/Admin.php(2439): App\Controllers\Admin->getasessorbynoregis('assets')
#2 /Users/macbookprom2/Desktop/PROJECT/silaju.unifa.ac.id/vendor/codeigniter4/framework/system/CodeIgniter.php(931): App\Controllers\Admin->tanggapanAsessorA1('assets', 'images', 'logo-dark.png')
#3 /Users/macbookprom2/Desktop/PROJECT/silaju.unifa.ac.id/vendor/codeigniter4/framework/system/CodeIgniter.php(439): CodeIgniter\CodeIgniter->runController(Object(App\Controllers\Admin))
#4 /Users/macbookprom2/Desktop/PROJECT/silaju.unifa.ac.id/vendor/codeigniter4/framework/system/CodeIgniter.php(339): CodeIgniter\CodeIgniter->handleRequest(NULL, Object(Config\Cache), false)
#5 /Users/macbookprom2/Desktop/PROJECT/silaju.unifa.ac.id/public/index.php(45): CodeIgniter\CodeIgniter->run()
#6 /Users/macbookprom2/Desktop/PROJECT/silaju.unifa.ac.id/vendor/codeigniter4/framework/system/Commands/Server/rewrite.php(45): require_once('/Users/macbookp...')
#7 {main}
CRITICAL - 2023-10-18 23:30:16 --> Undefined offset: 0
#0 /Users/macbookprom2/Desktop/PROJECT/silaju.unifa.ac.id/app/Controllers/Admin.php(2384): CodeIgniter\Debug\Exceptions->errorHandler(8, 'Undefined offse...', '/Users/macbookp...', 2384, Array)
#1 /Users/macbookprom2/Desktop/PROJECT/silaju.unifa.ac.id/app/Controllers/Admin.php(2439): App\Controllers\Admin->getasessorbynoregis('assets')
#2 /Users/macbookprom2/Desktop/PROJECT/silaju.unifa.ac.id/vendor/codeigniter4/framework/system/CodeIgniter.php(931): App\Controllers\Admin->tanggapanAsessorA1('assets', 'images', 'logo.svg')
#3 /Users/macbookprom2/Desktop/PROJECT/silaju.unifa.ac.id/vendor/codeigniter4/framework/system/CodeIgniter.php(439): CodeIgniter\CodeIgniter->runController(Object(App\Controllers\Admin))
#4 /Users/macbookprom2/Desktop/PROJECT/silaju.unifa.ac.id/vendor/codeigniter4/framework/system/CodeIgniter.php(339): CodeIgniter\CodeIgniter->handleRequest(NULL, Object(Config\Cache), false)
#5 /Users/macbookprom2/Desktop/PROJECT/silaju.unifa.ac.id/public/index.php(45): CodeIgniter\CodeIgniter->run()
#6 /Users/macbookprom2/Desktop/PROJECT/silaju.unifa.ac.id/vendor/codeigniter4/framework/system/Commands/Server/rewrite.php(45): require_once('/Users/macbookp...')
#7 {main}
CRITICAL - 2023-10-18 23:30:16 --> Undefined offset: 0
#0 /Users/macbookprom2/Desktop/PROJECT/silaju.unifa.ac.id/app/Controllers/Admin.php(2384): CodeIgniter\Debug\Exceptions->errorHandler(8, 'Undefined offse...', '/Users/macbookp...', 2384, Array)
#1 /Users/macbookprom2/Desktop/PROJECT/silaju.unifa.ac.id/app/Controllers/Admin.php(2439): App\Controllers\Admin->getasessorbynoregis('assets')
#2 /Users/macbookprom2/Desktop/PROJECT/silaju.unifa.ac.id/vendor/codeigniter4/framework/system/CodeIgniter.php(931): App\Controllers\Admin->tanggapanAsessorA1('assets', 'images', 'logo-dark.png')
#3 /Users/macbookprom2/Desktop/PROJECT/silaju.unifa.ac.id/vendor/codeigniter4/framework/system/CodeIgniter.php(439): CodeIgniter\CodeIgniter->runController(Object(App\Controllers\Admin))
#4 /Users/macbookprom2/Desktop/PROJECT/silaju.unifa.ac.id/vendor/codeigniter4/framework/system/CodeIgniter.php(339): CodeIgniter\CodeIgniter->handleRequest(NULL, Object(Config\Cache), false)
#5 /Users/macbookprom2/Desktop/PROJECT/silaju.unifa.ac.id/public/index.php(45): CodeIgniter\CodeIgniter->run()
#6 /Users/macbookprom2/Desktop/PROJECT/silaju.unifa.ac.id/vendor/codeigniter4/framework/system/Commands/Server/rewrite.php(45): require_once('/Users/macbookp...')
#7 {main}
