CRITICAL - 2023-01-23 00:01:05 --> Call to a member function getRandomName() on null
#0 G:\PROJECT\UNIFA\RPL-UF\vendor\codeigniter4\framework\system\CodeIgniter.php(931): App\Controllers\Front->Simpanberkas()
#1 G:\PROJECT\UNIFA\RPL-UF\vendor\codeigniter4\framework\system\CodeIgniter.php(439): CodeIgniter\CodeIgniter->runController(Object(App\Controllers\Front))
#2 G:\PROJECT\UNIFA\RPL-UF\vendor\codeigniter4\framework\system\CodeIgniter.php(339): CodeIgniter\CodeIgniter->handleRequest(NULL, Object(Config\Cache), false)
#3 G:\PROJECT\UNIFA\RPL-UF\public\index.php(45): CodeIgniter\CodeIgniter->run()
#4 G:\PROJECT\UNIFA\RPL-UF\vendor\codeigniter4\framework\system\Commands\Server\rewrite.php(45): require_once('G:\\PROJECT\\UNIF...')
#5 {main}
CRITICAL - 2023-01-23 00:01:35 --> Call to a member function getRandomName() on null
#0 G:\PROJECT\UNIFA\RPL-UF\vendor\codeigniter4\framework\system\CodeIgniter.php(931): App\Controllers\Front->Simpanberkas()
#1 G:\PROJECT\UNIFA\RPL-UF\vendor\codeigniter4\framework\system\CodeIgniter.php(439): CodeIgniter\CodeIgniter->runController(Object(App\Controllers\Front))
#2 G:\PROJECT\UNIFA\RPL-UF\vendor\codeigniter4\framework\system\CodeIgniter.php(339): CodeIgniter\CodeIgniter->handleRequest(NULL, Object(Config\Cache), false)
#3 G:\PROJECT\UNIFA\RPL-UF\public\index.php(45): CodeIgniter\CodeIgniter->run()
#4 G:\PROJECT\UNIFA\RPL-UF\vendor\codeigniter4\framework\system\Commands\Server\rewrite.php(45): require_once('G:\\PROJECT\\UNIF...')
#5 {main}
CRITICAL - 2023-01-23 00:02:32 --> Call to a member function getName() on null
#0 G:\PROJECT\UNIFA\RPL-UF\vendor\codeigniter4\framework\system\CodeIgniter.php(931): App\Controllers\Front->Simpanberkas()
#1 G:\PROJECT\UNIFA\RPL-UF\vendor\codeigniter4\framework\system\CodeIgniter.php(439): CodeIgniter\CodeIgniter->runController(Object(App\Controllers\Front))
#2 G:\PROJECT\UNIFA\RPL-UF\vendor\codeigniter4\framework\system\CodeIgniter.php(339): CodeIgniter\CodeIgniter->handleRequest(NULL, Object(Config\Cache), false)
#3 G:\PROJECT\UNIFA\RPL-UF\public\index.php(45): CodeIgniter\CodeIgniter->run()
#4 G:\PROJECT\UNIFA\RPL-UF\vendor\codeigniter4\framework\system\Commands\Server\rewrite.php(45): require_once('G:\\PROJECT\\UNIF...')
#5 {main}
CRITICAL - 2023-01-23 00:03:06 --> Call to a member function getName() on null
#0 G:\PROJECT\UNIFA\RPL-UF\vendor\codeigniter4\framework\system\CodeIgniter.php(931): App\Controllers\Front->Simpanberkas()
#1 G:\PROJECT\UNIFA\RPL-UF\vendor\codeigniter4\framework\system\CodeIgniter.php(439): CodeIgniter\CodeIgniter->runController(Object(App\Controllers\Front))
#2 G:\PROJECT\UNIFA\RPL-UF\vendor\codeigniter4\framework\system\CodeIgniter.php(339): CodeIgniter\CodeIgniter->handleRequest(NULL, Object(Config\Cache), false)
#3 G:\PROJECT\UNIFA\RPL-UF\public\index.php(45): CodeIgniter\CodeIgniter->run()
#4 G:\PROJECT\UNIFA\RPL-UF\vendor\codeigniter4\framework\system\Commands\Server\rewrite.php(45): require_once('G:\\PROJECT\\UNIF...')
#5 {main}
CRITICAL - 2023-01-23 00:03:19 --> Call to a member function getName() on null
#0 G:\PROJECT\UNIFA\RPL-UF\vendor\codeigniter4\framework\system\CodeIgniter.php(931): App\Controllers\Front->Simpanberkas()
#1 G:\PROJECT\UNIFA\RPL-UF\vendor\codeigniter4\framework\system\CodeIgniter.php(439): CodeIgniter\CodeIgniter->runController(Object(App\Controllers\Front))
#2 G:\PROJECT\UNIFA\RPL-UF\vendor\codeigniter4\framework\system\CodeIgniter.php(339): CodeIgniter\CodeIgniter->handleRequest(NULL, Object(Config\Cache), false)
#3 G:\PROJECT\UNIFA\RPL-UF\public\index.php(45): CodeIgniter\CodeIgniter->run()
#4 G:\PROJECT\UNIFA\RPL-UF\vendor\codeigniter4\framework\system\Commands\Server\rewrite.php(45): require_once('G:\\PROJECT\\UNIF...')
#5 {main}
