CRITICAL - 2024-03-19 01:47:03 --> Expression #1 of SELECT list is not in GROUP BY clause and contains nonaggregated column 'rpl.uf.01.11.23.bio_peserta.nama' which is not functionally dependent on columns in GROUP BY clause; this is incompatible with sql_mode=only_full_group_by
#0 /Users/macbookprom2/Desktop/PROJECT/silaju.unifa.ac.id/vendor/codeigniter4/framework/system/Database/MySQLi/Connection.php(329): mysqli->query('SELECT\n        ...')
#1 /Users/macbookprom2/Desktop/PROJECT/silaju.unifa.ac.id/vendor/codeigniter4/framework/system/Database/BaseConnection.php(732): CodeIgniter\Database\MySQLi\Connection->execute('SELECT\n        ...')
#2 /Users/macbookprom2/Desktop/PROJECT/silaju.unifa.ac.id/vendor/codeigniter4/framework/system/Database/BaseConnection.php(647): CodeIgniter\Database\BaseConnection->simpleQuery('SELECT\n        ...')
#3 /Users/macbookprom2/Desktop/PROJECT/silaju.unifa.ac.id/app/Models/ModelMkA1.php(139): CodeIgniter\Database\BaseConnection->query('SELECT\n        ...')
#4 /Users/macbookprom2/Desktop/PROJECT/silaju.unifa.ac.id/app/Controllers/Admin.php(53): App\Models\ModelMkA1->dataMhsBelumUploadMk('20231')
#5 /Users/macbookprom2/Desktop/PROJECT/silaju.unifa.ac.id/vendor/codeigniter4/framework/system/CodeIgniter.php(931): App\Controllers\Admin->index()
#6 /Users/macbookprom2/Desktop/PROJECT/silaju.unifa.ac.id/vendor/codeigniter4/framework/system/CodeIgniter.php(439): CodeIgniter\CodeIgniter->runController(Object(App\Controllers\Admin))
#7 /Users/macbookprom2/Desktop/PROJECT/silaju.unifa.ac.id/vendor/codeigniter4/framework/system/CodeIgniter.php(339): CodeIgniter\CodeIgniter->handleRequest(NULL, Object(Config\Cache), false)
#8 /Users/macbookprom2/Desktop/PROJECT/silaju.unifa.ac.id/public/index.php(45): CodeIgniter\CodeIgniter->run()
#9 /Users/macbookprom2/Desktop/PROJECT/silaju.unifa.ac.id/vendor/codeigniter4/framework/system/Commands/Server/rewrite.php(45): require_once('/Users/macbookp...')
#10 {main}
CRITICAL - 2024-03-19 02:47:44 --> Undefined property: stdClass::$instansi_asal
#0 /Users/macbookprom2/Desktop/PROJECT/silaju.unifa.ac.id/app/Views/Admin/rpl-home-fakultas.php(209): CodeIgniter\Debug\Exceptions->errorHandler(8, 'Undefined prope...', '/Users/macbookp...', 209, Array)
#1 /Users/macbookprom2/Desktop/PROJECT/silaju.unifa.ac.id/vendor/codeigniter4/framework/system/View/View.php(230): include('/Users/macbookp...')
#2 /Users/macbookprom2/Desktop/PROJECT/silaju.unifa.ac.id/vendor/codeigniter4/framework/system/View/View.php(232): CodeIgniter\View\View->CodeIgniter\View\{closure}()
#3 /Users/macbookprom2/Desktop/PROJECT/silaju.unifa.ac.id/vendor/codeigniter4/framework/system/Common.php(1250): CodeIgniter\View\View->render('Admin/rpl-home-...', Array, true)
#4 /Users/macbookprom2/Desktop/PROJECT/silaju.unifa.ac.id/app/Controllers/Admin.php(111): view('Admin/rpl-home-...', Array)
#5 /Users/macbookprom2/Desktop/PROJECT/silaju.unifa.ac.id/vendor/codeigniter4/framework/system/CodeIgniter.php(931): App\Controllers\Admin->index()
#6 /Users/macbookprom2/Desktop/PROJECT/silaju.unifa.ac.id/vendor/codeigniter4/framework/system/CodeIgniter.php(439): CodeIgniter\CodeIgniter->runController(Object(App\Controllers\Admin))
#7 /Users/macbookprom2/Desktop/PROJECT/silaju.unifa.ac.id/vendor/codeigniter4/framework/system/CodeIgniter.php(339): CodeIgniter\CodeIgniter->handleRequest(NULL, Object(Config\Cache), false)
#8 /Users/macbookprom2/Desktop/PROJECT/silaju.unifa.ac.id/public/index.php(45): CodeIgniter\CodeIgniter->run()
#9 /Users/macbookprom2/Desktop/PROJECT/silaju.unifa.ac.id/vendor/codeigniter4/framework/system/Commands/Server/rewrite.php(45): require_once('/Users/macbookp...')
#10 {main}
