CRITICAL - 2023-01-30 00:32:44 --> Undefined offset: 0
#0 G:\PROJECT\UNIFA\RPL-UF\app\Controllers\Admin.php(306): CodeIgniter\Debug\Exceptions->errorHandler(8, 'Undefined offse...', 'G:\\PROJECT\\UNIF...', 306, Array)
#1 G:\PROJECT\UNIFA\RPL-UF\vendor\codeigniter4\framework\system\CodeIgniter.php(931): App\Controllers\Admin->tanggapanAsessor('assets', 'images', 'logo.svg')
#2 G:\PROJECT\UNIFA\RPL-UF\vendor\codeigniter4\framework\system\CodeIgniter.php(439): CodeIgniter\CodeIgniter->runController(Object(App\Controllers\Admin))
#3 G:\PROJECT\UNIFA\RPL-UF\vendor\codeigniter4\framework\system\CodeIgniter.php(339): CodeIgniter\CodeIgniter->handleRequest(NULL, Object(Config\Cache), false)
#4 G:\PROJECT\UNIFA\RPL-UF\public\index.php(45): CodeIgniter\CodeIgniter->run()
#5 G:\PROJECT\UNIFA\RPL-UF\vendor\codeigniter4\framework\system\Commands\Server\rewrite.php(45): require_once('G:\\PROJECT\\UNIF...')
#6 {main}
CRITICAL - 2023-01-30 00:32:44 --> Undefined offset: 0
#0 G:\PROJECT\UNIFA\RPL-UF\app\Controllers\Admin.php(306): CodeIgniter\Debug\Exceptions->errorHandler(8, 'Undefined offse...', 'G:\\PROJECT\\UNIF...', 306, Array)
#1 G:\PROJECT\UNIFA\RPL-UF\vendor\codeigniter4\framework\system\CodeIgniter.php(931): App\Controllers\Admin->tanggapanAsessor('assets', 'images', 'logo-dark.png')
#2 G:\PROJECT\UNIFA\RPL-UF\vendor\codeigniter4\framework\system\CodeIgniter.php(439): CodeIgniter\CodeIgniter->runController(Object(App\Controllers\Admin))
#3 G:\PROJECT\UNIFA\RPL-UF\vendor\codeigniter4\framework\system\CodeIgniter.php(339): CodeIgniter\CodeIgniter->handleRequest(NULL, Object(Config\Cache), false)
#4 G:\PROJECT\UNIFA\RPL-UF\public\index.php(45): CodeIgniter\CodeIgniter->run()
#5 G:\PROJECT\UNIFA\RPL-UF\vendor\codeigniter4\framework\system\Commands\Server\rewrite.php(45): require_once('G:\\PROJECT\\UNIF...')
#6 {main}
CRITICAL - 2023-01-30 00:45:52 --> Undefined offset: 0
#0 G:\PROJECT\UNIFA\RPL-UF\app\Controllers\Admin.php(306): CodeIgniter\Debug\Exceptions->errorHandler(8, 'Undefined offse...', 'G:\\PROJECT\\UNIF...', 306, Array)
#1 G:\PROJECT\UNIFA\RPL-UF\vendor\codeigniter4\framework\system\CodeIgniter.php(931): App\Controllers\Admin->tanggapanAsessor('assets', 'images', 'logo.svg')
#2 G:\PROJECT\UNIFA\RPL-UF\vendor\codeigniter4\framework\system\CodeIgniter.php(439): CodeIgniter\CodeIgniter->runController(Object(App\Controllers\Admin))
#3 G:\PROJECT\UNIFA\RPL-UF\vendor\codeigniter4\framework\system\CodeIgniter.php(339): CodeIgniter\CodeIgniter->handleRequest(NULL, Object(Config\Cache), false)
#4 G:\PROJECT\UNIFA\RPL-UF\public\index.php(45): CodeIgniter\CodeIgniter->run()
#5 G:\PROJECT\UNIFA\RPL-UF\vendor\codeigniter4\framework\system\Commands\Server\rewrite.php(45): require_once('G:\\PROJECT\\UNIF...')
#6 {main}
CRITICAL - 2023-01-30 00:45:53 --> Undefined offset: 0
#0 G:\PROJECT\UNIFA\RPL-UF\app\Controllers\Admin.php(306): CodeIgniter\Debug\Exceptions->errorHandler(8, 'Undefined offse...', 'G:\\PROJECT\\UNIF...', 306, Array)
#1 G:\PROJECT\UNIFA\RPL-UF\vendor\codeigniter4\framework\system\CodeIgniter.php(931): App\Controllers\Admin->tanggapanAsessor('assets', 'images', 'logo-dark.png')
#2 G:\PROJECT\UNIFA\RPL-UF\vendor\codeigniter4\framework\system\CodeIgniter.php(439): CodeIgniter\CodeIgniter->runController(Object(App\Controllers\Admin))
#3 G:\PROJECT\UNIFA\RPL-UF\vendor\codeigniter4\framework\system\CodeIgniter.php(339): CodeIgniter\CodeIgniter->handleRequest(NULL, Object(Config\Cache), false)
#4 G:\PROJECT\UNIFA\RPL-UF\public\index.php(45): CodeIgniter\CodeIgniter->run()
#5 G:\PROJECT\UNIFA\RPL-UF\vendor\codeigniter4\framework\system\Commands\Server\rewrite.php(45): require_once('G:\\PROJECT\\UNIF...')
#6 {main}
CRITICAL - 2023-01-30 05:42:15 --> Argument 1 passed to CodeIgniter\Database\MySQLi\Connection::_escapeString() must be of the type string, null given, called in G:\PROJECT\UNIFA\RPL-UF\vendor\codeigniter4\framework\system\Database\BaseConnection.php on line 1429
#0 G:\PROJECT\UNIFA\RPL-UF\vendor\codeigniter4\framework\system\Database\BaseConnection.php(1429): CodeIgniter\Database\MySQLi\Connection->_escapeString(NULL)
#1 G:\PROJECT\UNIFA\RPL-UF\app\Controllers\Admin.php(360): CodeIgniter\Database\BaseConnection->escapeString(NULL)
#2 G:\PROJECT\UNIFA\RPL-UF\vendor\codeigniter4\framework\system\CodeIgniter.php(931): App\Controllers\Admin->getDataMhsPerAsessor()
#3 G:\PROJECT\UNIFA\RPL-UF\vendor\codeigniter4\framework\system\CodeIgniter.php(439): CodeIgniter\CodeIgniter->runController(Object(App\Controllers\Admin))
#4 G:\PROJECT\UNIFA\RPL-UF\vendor\codeigniter4\framework\system\CodeIgniter.php(339): CodeIgniter\CodeIgniter->handleRequest(NULL, Object(Config\Cache), false)
#5 G:\PROJECT\UNIFA\RPL-UF\public\index.php(45): CodeIgniter\CodeIgniter->run()
#6 G:\PROJECT\UNIFA\RPL-UF\vendor\codeigniter4\framework\system\Commands\Server\rewrite.php(45): require_once('G:\\PROJECT\\UNIF...')
#7 {main}
CRITICAL - 2023-01-30 05:45:36 --> Argument 1 passed to CodeIgniter\Database\MySQLi\Connection::_escapeString() must be of the type string, null given, called in G:\PROJECT\UNIFA\RPL-UF\vendor\codeigniter4\framework\system\Database\BaseConnection.php on line 1429
#0 G:\PROJECT\UNIFA\RPL-UF\vendor\codeigniter4\framework\system\Database\BaseConnection.php(1429): CodeIgniter\Database\MySQLi\Connection->_escapeString(NULL)
#1 G:\PROJECT\UNIFA\RPL-UF\app\Controllers\Admin.php(282): CodeIgniter\Database\BaseConnection->escapeString(NULL)
#2 G:\PROJECT\UNIFA\RPL-UF\vendor\codeigniter4\framework\system\CodeIgniter.php(931): App\Controllers\Admin->getdatamahsiswaBelumPunyaAsessor()
#3 G:\PROJECT\UNIFA\RPL-UF\vendor\codeigniter4\framework\system\CodeIgniter.php(439): CodeIgniter\CodeIgniter->runController(Object(App\Controllers\Admin))
#4 G:\PROJECT\UNIFA\RPL-UF\vendor\codeigniter4\framework\system\CodeIgniter.php(339): CodeIgniter\CodeIgniter->handleRequest(NULL, Object(Config\Cache), false)
#5 G:\PROJECT\UNIFA\RPL-UF\public\index.php(45): CodeIgniter\CodeIgniter->run()
#6 G:\PROJECT\UNIFA\RPL-UF\vendor\codeigniter4\framework\system\Commands\Server\rewrite.php(45): require_once('G:\\PROJECT\\UNIF...')
#7 {main}
