CRITICAL - 2023-03-10 00:24:28 --> Argument 1 passed to CodeIgniter\Database\MySQLi\Connection::_escapeString() must be of the type string, null given, called in /www/wwwroot/silajux.unifa.ac.id/vendor/codeigniter4/framework/system/Database/BaseConnection.php on line 1429
#0 /www/wwwroot/silajux.unifa.ac.id/vendor/codeigniter4/framework/system/Database/BaseConnection.php(1429): CodeIgniter\Database\MySQLi\Connection->_escapeString()
#1 /www/wwwroot/silajux.unifa.ac.id/app/Controllers/Front.php(940): CodeIgniter\Database\BaseConnection->escapeString()
#2 /www/wwwroot/silajux.unifa.ac.id/vendor/codeigniter4/framework/system/CodeIgniter.php(931): App\Controllers\Front->Simpanberkas()
#3 /www/wwwroot/silajux.unifa.ac.id/vendor/codeigniter4/framework/system/CodeIgniter.php(439): CodeIgniter\CodeIgniter->runController()
#4 /www/wwwroot/silajux.unifa.ac.id/vendor/codeigniter4/framework/system/CodeIgniter.php(339): CodeIgniter\CodeIgniter->handleRequest()
#5 /www/wwwroot/silajux.unifa.ac.id/public/index.php(45): CodeIgniter\CodeIgniter->run()
#6 {main}
CRITICAL - 2023-03-10 00:24:38 --> Argument 1 passed to CodeIgniter\Database\MySQLi\Connection::_escapeString() must be of the type string, null given, called in /www/wwwroot/silajux.unifa.ac.id/vendor/codeigniter4/framework/system/Database/BaseConnection.php on line 1429
#0 /www/wwwroot/silajux.unifa.ac.id/vendor/codeigniter4/framework/system/Database/BaseConnection.php(1429): CodeIgniter\Database\MySQLi\Connection->_escapeString()
#1 /www/wwwroot/silajux.unifa.ac.id/app/Controllers/Front.php(940): CodeIgniter\Database\BaseConnection->escapeString()
#2 /www/wwwroot/silajux.unifa.ac.id/vendor/codeigniter4/framework/system/CodeIgniter.php(931): App\Controllers\Front->Simpanberkas()
#3 /www/wwwroot/silajux.unifa.ac.id/vendor/codeigniter4/framework/system/CodeIgniter.php(439): CodeIgniter\CodeIgniter->runController()
#4 /www/wwwroot/silajux.unifa.ac.id/vendor/codeigniter4/framework/system/CodeIgniter.php(339): CodeIgniter\CodeIgniter->handleRequest()
#5 /www/wwwroot/silajux.unifa.ac.id/public/index.php(45): CodeIgniter\CodeIgniter->run()
#6 {main}
CRITICAL - 2023-03-10 00:44:29 --> Argument 1 passed to CodeIgniter\Database\MySQLi\Connection::_escapeString() must be of the type string, null given, called in /www/wwwroot/silajux.unifa.ac.id/vendor/codeigniter4/framework/system/Database/BaseConnection.php on line 1429
#0 /www/wwwroot/silajux.unifa.ac.id/vendor/codeigniter4/framework/system/Database/BaseConnection.php(1429): CodeIgniter\Database\MySQLi\Connection->_escapeString()
#1 /www/wwwroot/silajux.unifa.ac.id/app/Controllers/Front.php(940): CodeIgniter\Database\BaseConnection->escapeString()
#2 /www/wwwroot/silajux.unifa.ac.id/vendor/codeigniter4/framework/system/CodeIgniter.php(931): App\Controllers\Front->Simpanberkas()
#3 /www/wwwroot/silajux.unifa.ac.id/vendor/codeigniter4/framework/system/CodeIgniter.php(439): CodeIgniter\CodeIgniter->runController()
#4 /www/wwwroot/silajux.unifa.ac.id/vendor/codeigniter4/framework/system/CodeIgniter.php(339): CodeIgniter\CodeIgniter->handleRequest()
#5 /www/wwwroot/silajux.unifa.ac.id/public/index.php(45): CodeIgniter\CodeIgniter->run()
#6 {main}
CRITICAL - 2023-03-10 01:16:01 --> Argument 1 passed to CodeIgniter\Database\MySQLi\Connection::_escapeString() must be of the type string, null given, called in /www/wwwroot/silajux.unifa.ac.id/vendor/codeigniter4/framework/system/Database/BaseConnection.php on line 1429
#0 /www/wwwroot/silajux.unifa.ac.id/vendor/codeigniter4/framework/system/Database/BaseConnection.php(1429): CodeIgniter\Database\MySQLi\Connection->_escapeString()
#1 /www/wwwroot/silajux.unifa.ac.id/app/Controllers/Front.php(937): CodeIgniter\Database\BaseConnection->escapeString()
#2 /www/wwwroot/silajux.unifa.ac.id/vendor/codeigniter4/framework/system/CodeIgniter.php(931): App\Controllers\Front->Simpanberkas()
#3 /www/wwwroot/silajux.unifa.ac.id/vendor/codeigniter4/framework/system/CodeIgniter.php(439): CodeIgniter\CodeIgniter->runController()
#4 /www/wwwroot/silajux.unifa.ac.id/vendor/codeigniter4/framework/system/CodeIgniter.php(339): CodeIgniter\CodeIgniter->handleRequest()
#5 /www/wwwroot/silajux.unifa.ac.id/public/index.php(45): CodeIgniter\CodeIgniter->run()
#6 {main}
CRITICAL - 2023-03-10 01:18:22 --> Argument 1 passed to CodeIgniter\Database\MySQLi\Connection::_escapeString() must be of the type string, null given, called in /www/wwwroot/silajux.unifa.ac.id/vendor/codeigniter4/framework/system/Database/BaseConnection.php on line 1429
#0 /www/wwwroot/silajux.unifa.ac.id/vendor/codeigniter4/framework/system/Database/BaseConnection.php(1429): CodeIgniter\Database\MySQLi\Connection->_escapeString()
#1 /www/wwwroot/silajux.unifa.ac.id/app/Controllers/Front.php(940): CodeIgniter\Database\BaseConnection->escapeString()
#2 /www/wwwroot/silajux.unifa.ac.id/vendor/codeigniter4/framework/system/CodeIgniter.php(931): App\Controllers\Front->Simpanberkas()
#3 /www/wwwroot/silajux.unifa.ac.id/vendor/codeigniter4/framework/system/CodeIgniter.php(439): CodeIgniter\CodeIgniter->runController()
#4 /www/wwwroot/silajux.unifa.ac.id/vendor/codeigniter4/framework/system/CodeIgniter.php(339): CodeIgniter\CodeIgniter->handleRequest()
#5 /www/wwwroot/silajux.unifa.ac.id/public/index.php(45): CodeIgniter\CodeIgniter->run()
#6 {main}
CRITICAL - 2023-03-10 01:18:32 --> Argument 1 passed to CodeIgniter\Database\MySQLi\Connection::_escapeString() must be of the type string, null given, called in /www/wwwroot/silajux.unifa.ac.id/vendor/codeigniter4/framework/system/Database/BaseConnection.php on line 1429
#0 /www/wwwroot/silajux.unifa.ac.id/vendor/codeigniter4/framework/system/Database/BaseConnection.php(1429): CodeIgniter\Database\MySQLi\Connection->_escapeString()
#1 /www/wwwroot/silajux.unifa.ac.id/app/Controllers/Front.php(940): CodeIgniter\Database\BaseConnection->escapeString()
#2 /www/wwwroot/silajux.unifa.ac.id/vendor/codeigniter4/framework/system/CodeIgniter.php(931): App\Controllers\Front->Simpanberkas()
#3 /www/wwwroot/silajux.unifa.ac.id/vendor/codeigniter4/framework/system/CodeIgniter.php(439): CodeIgniter\CodeIgniter->runController()
#4 /www/wwwroot/silajux.unifa.ac.id/vendor/codeigniter4/framework/system/CodeIgniter.php(339): CodeIgniter\CodeIgniter->handleRequest()
#5 /www/wwwroot/silajux.unifa.ac.id/public/index.php(45): CodeIgniter\CodeIgniter->run()
#6 {main}
CRITICAL - 2023-03-10 01:18:42 --> Argument 1 passed to CodeIgniter\Database\MySQLi\Connection::_escapeString() must be of the type string, null given, called in /www/wwwroot/silajux.unifa.ac.id/vendor/codeigniter4/framework/system/Database/BaseConnection.php on line 1429
#0 /www/wwwroot/silajux.unifa.ac.id/vendor/codeigniter4/framework/system/Database/BaseConnection.php(1429): CodeIgniter\Database\MySQLi\Connection->_escapeString()
#1 /www/wwwroot/silajux.unifa.ac.id/app/Controllers/Front.php(940): CodeIgniter\Database\BaseConnection->escapeString()
#2 /www/wwwroot/silajux.unifa.ac.id/vendor/codeigniter4/framework/system/CodeIgniter.php(931): App\Controllers\Front->Simpanberkas()
#3 /www/wwwroot/silajux.unifa.ac.id/vendor/codeigniter4/framework/system/CodeIgniter.php(439): CodeIgniter\CodeIgniter->runController()
#4 /www/wwwroot/silajux.unifa.ac.id/vendor/codeigniter4/framework/system/CodeIgniter.php(339): CodeIgniter\CodeIgniter->handleRequest()
#5 /www/wwwroot/silajux.unifa.ac.id/public/index.php(45): CodeIgniter\CodeIgniter->run()
#6 {main}
CRITICAL - 2023-03-10 01:19:36 --> Argument 1 passed to CodeIgniter\Database\MySQLi\Connection::_escapeString() must be of the type string, null given, called in /www/wwwroot/silajux.unifa.ac.id/vendor/codeigniter4/framework/system/Database/BaseConnection.php on line 1429
#0 /www/wwwroot/silajux.unifa.ac.id/vendor/codeigniter4/framework/system/Database/BaseConnection.php(1429): CodeIgniter\Database\MySQLi\Connection->_escapeString()
#1 /www/wwwroot/silajux.unifa.ac.id/app/Controllers/Front.php(937): CodeIgniter\Database\BaseConnection->escapeString()
#2 /www/wwwroot/silajux.unifa.ac.id/vendor/codeigniter4/framework/system/CodeIgniter.php(931): App\Controllers\Front->Simpanberkas()
#3 /www/wwwroot/silajux.unifa.ac.id/vendor/codeigniter4/framework/system/CodeIgniter.php(439): CodeIgniter\CodeIgniter->runController()
#4 /www/wwwroot/silajux.unifa.ac.id/vendor/codeigniter4/framework/system/CodeIgniter.php(339): CodeIgniter\CodeIgniter->handleRequest()
#5 /www/wwwroot/silajux.unifa.ac.id/public/index.php(45): CodeIgniter\CodeIgniter->run()
#6 {main}
CRITICAL - 2023-03-10 01:21:07 --> Argument 1 passed to CodeIgniter\Database\MySQLi\Connection::_escapeString() must be of the type string, null given, called in /www/wwwroot/silajux.unifa.ac.id/vendor/codeigniter4/framework/system/Database/BaseConnection.php on line 1429
#0 /www/wwwroot/silajux.unifa.ac.id/vendor/codeigniter4/framework/system/Database/BaseConnection.php(1429): CodeIgniter\Database\MySQLi\Connection->_escapeString()
#1 /www/wwwroot/silajux.unifa.ac.id/app/Controllers/Front.php(937): CodeIgniter\Database\BaseConnection->escapeString()
#2 /www/wwwroot/silajux.unifa.ac.id/vendor/codeigniter4/framework/system/CodeIgniter.php(931): App\Controllers\Front->Simpanberkas()
#3 /www/wwwroot/silajux.unifa.ac.id/vendor/codeigniter4/framework/system/CodeIgniter.php(439): CodeIgniter\CodeIgniter->runController()
#4 /www/wwwroot/silajux.unifa.ac.id/vendor/codeigniter4/framework/system/CodeIgniter.php(339): CodeIgniter\CodeIgniter->handleRequest()
#5 /www/wwwroot/silajux.unifa.ac.id/public/index.php(45): CodeIgniter\CodeIgniter->run()
#6 {main}
CRITICAL - 2023-03-10 01:25:28 --> Argument 1 passed to CodeIgniter\Database\MySQLi\Connection::_escapeString() must be of the type string, null given, called in /www/wwwroot/silajux.unifa.ac.id/vendor/codeigniter4/framework/system/Database/BaseConnection.php on line 1429
#0 /www/wwwroot/silajux.unifa.ac.id/vendor/codeigniter4/framework/system/Database/BaseConnection.php(1429): CodeIgniter\Database\MySQLi\Connection->_escapeString()
#1 /www/wwwroot/silajux.unifa.ac.id/app/Controllers/Front.php(940): CodeIgniter\Database\BaseConnection->escapeString()
#2 /www/wwwroot/silajux.unifa.ac.id/vendor/codeigniter4/framework/system/CodeIgniter.php(931): App\Controllers\Front->Simpanberkas()
#3 /www/wwwroot/silajux.unifa.ac.id/vendor/codeigniter4/framework/system/CodeIgniter.php(439): CodeIgniter\CodeIgniter->runController()
#4 /www/wwwroot/silajux.unifa.ac.id/vendor/codeigniter4/framework/system/CodeIgniter.php(339): CodeIgniter\CodeIgniter->handleRequest()
#5 /www/wwwroot/silajux.unifa.ac.id/public/index.php(45): CodeIgniter\CodeIgniter->run()
#6 {main}
CRITICAL - 2023-03-10 01:36:46 --> Argument 1 passed to CodeIgniter\Database\MySQLi\Connection::_escapeString() must be of the type string, null given, called in /www/wwwroot/silajux.unifa.ac.id/vendor/codeigniter4/framework/system/Database/BaseConnection.php on line 1429
#0 /www/wwwroot/silajux.unifa.ac.id/vendor/codeigniter4/framework/system/Database/BaseConnection.php(1429): CodeIgniter\Database\MySQLi\Connection->_escapeString()
#1 /www/wwwroot/silajux.unifa.ac.id/app/Controllers/Front.php(77): CodeIgniter\Database\BaseConnection->escapeString()
#2 /www/wwwroot/silajux.unifa.ac.id/vendor/codeigniter4/framework/system/CodeIgniter.php(931): App\Controllers\Front->registrasi()
#3 /www/wwwroot/silajux.unifa.ac.id/vendor/codeigniter4/framework/system/CodeIgniter.php(439): CodeIgniter\CodeIgniter->runController()
#4 /www/wwwroot/silajux.unifa.ac.id/vendor/codeigniter4/framework/system/CodeIgniter.php(339): CodeIgniter\CodeIgniter->handleRequest()
#5 /www/wwwroot/silajux.unifa.ac.id/public/index.php(45): CodeIgniter\CodeIgniter->run()
#6 {main}
CRITICAL - 2023-03-10 02:32:31 --> Argument 1 passed to CodeIgniter\Database\MySQLi\Connection::_escapeString() must be of the type string, null given, called in /www/wwwroot/silajux.unifa.ac.id/vendor/codeigniter4/framework/system/Database/BaseConnection.php on line 1429
#0 /www/wwwroot/silajux.unifa.ac.id/vendor/codeigniter4/framework/system/Database/BaseConnection.php(1429): CodeIgniter\Database\MySQLi\Connection->_escapeString()
#1 /www/wwwroot/silajux.unifa.ac.id/app/Controllers/Front.php(77): CodeIgniter\Database\BaseConnection->escapeString()
#2 /www/wwwroot/silajux.unifa.ac.id/vendor/codeigniter4/framework/system/CodeIgniter.php(931): App\Controllers\Front->registrasi()
#3 /www/wwwroot/silajux.unifa.ac.id/vendor/codeigniter4/framework/system/CodeIgniter.php(439): CodeIgniter\CodeIgniter->runController()
#4 /www/wwwroot/silajux.unifa.ac.id/vendor/codeigniter4/framework/system/CodeIgniter.php(339): CodeIgniter\CodeIgniter->handleRequest()
#5 /www/wwwroot/silajux.unifa.ac.id/public/index.php(45): CodeIgniter\CodeIgniter->run()
#6 {main}
CRITICAL - 2023-03-10 02:32:42 --> Argument 1 passed to CodeIgniter\Database\MySQLi\Connection::_escapeString() must be of the type string, null given, called in /www/wwwroot/silajux.unifa.ac.id/vendor/codeigniter4/framework/system/Database/BaseConnection.php on line 1429
#0 /www/wwwroot/silajux.unifa.ac.id/vendor/codeigniter4/framework/system/Database/BaseConnection.php(1429): CodeIgniter\Database\MySQLi\Connection->_escapeString()
#1 /www/wwwroot/silajux.unifa.ac.id/app/Controllers/Front.php(77): CodeIgniter\Database\BaseConnection->escapeString()
#2 /www/wwwroot/silajux.unifa.ac.id/vendor/codeigniter4/framework/system/CodeIgniter.php(931): App\Controllers\Front->registrasi()
#3 /www/wwwroot/silajux.unifa.ac.id/vendor/codeigniter4/framework/system/CodeIgniter.php(439): CodeIgniter\CodeIgniter->runController()
#4 /www/wwwroot/silajux.unifa.ac.id/vendor/codeigniter4/framework/system/CodeIgniter.php(339): CodeIgniter\CodeIgniter->handleRequest()
#5 /www/wwwroot/silajux.unifa.ac.id/public/index.php(45): CodeIgniter\CodeIgniter->run()
#6 {main}
CRITICAL - 2023-03-10 02:41:48 --> Invalid argument supplied for foreach()
#0 /www/wwwroot/silajux.unifa.ac.id/app/Views/Front/rpl-respon-asessor.php(164): CodeIgniter\Debug\Exceptions->errorHandler()
#1 /www/wwwroot/silajux.unifa.ac.id/vendor/codeigniter4/framework/system/View/View.php(230): include('/www/wwwroot/si...')
#2 /www/wwwroot/silajux.unifa.ac.id/vendor/codeigniter4/framework/system/View/View.php(232): CodeIgniter\View\View->CodeIgniter\View\{closure}()
#3 /www/wwwroot/silajux.unifa.ac.id/vendor/codeigniter4/framework/system/Common.php(1250): CodeIgniter\View\View->render()
#4 /www/wwwroot/silajux.unifa.ac.id/app/Controllers/Front.php(1166): view()
#5 /www/wwwroot/silajux.unifa.ac.id/vendor/codeigniter4/framework/system/CodeIgniter.php(931): App\Controllers\Front->AsessmentRespon()
#6 /www/wwwroot/silajux.unifa.ac.id/vendor/codeigniter4/framework/system/CodeIgniter.php(439): CodeIgniter\CodeIgniter->runController()
#7 /www/wwwroot/silajux.unifa.ac.id/vendor/codeigniter4/framework/system/CodeIgniter.php(339): CodeIgniter\CodeIgniter->handleRequest()
#8 /www/wwwroot/silajux.unifa.ac.id/public/index.php(45): CodeIgniter\CodeIgniter->run()
#9 {main}
CRITICAL - 2023-03-10 02:41:52 --> Invalid argument supplied for foreach()
#0 /www/wwwroot/silajux.unifa.ac.id/app/Views/Front/rpl-respon-asessor.php(164): CodeIgniter\Debug\Exceptions->errorHandler()
#1 /www/wwwroot/silajux.unifa.ac.id/vendor/codeigniter4/framework/system/View/View.php(230): include('/www/wwwroot/si...')
#2 /www/wwwroot/silajux.unifa.ac.id/vendor/codeigniter4/framework/system/View/View.php(232): CodeIgniter\View\View->CodeIgniter\View\{closure}()
#3 /www/wwwroot/silajux.unifa.ac.id/vendor/codeigniter4/framework/system/Common.php(1250): CodeIgniter\View\View->render()
#4 /www/wwwroot/silajux.unifa.ac.id/app/Controllers/Front.php(1166): view()
#5 /www/wwwroot/silajux.unifa.ac.id/vendor/codeigniter4/framework/system/CodeIgniter.php(931): App\Controllers\Front->AsessmentRespon()
#6 /www/wwwroot/silajux.unifa.ac.id/vendor/codeigniter4/framework/system/CodeIgniter.php(439): CodeIgniter\CodeIgniter->runController()
#7 /www/wwwroot/silajux.unifa.ac.id/vendor/codeigniter4/framework/system/CodeIgniter.php(339): CodeIgniter\CodeIgniter->handleRequest()
#8 /www/wwwroot/silajux.unifa.ac.id/public/index.php(45): CodeIgniter\CodeIgniter->run()
#9 {main}
CRITICAL - 2023-03-10 02:41:57 --> Invalid argument supplied for foreach()
#0 /www/wwwroot/silajux.unifa.ac.id/app/Views/Front/rpl-respon-asessor.php(164): CodeIgniter\Debug\Exceptions->errorHandler()
#1 /www/wwwroot/silajux.unifa.ac.id/vendor/codeigniter4/framework/system/View/View.php(230): include('/www/wwwroot/si...')
#2 /www/wwwroot/silajux.unifa.ac.id/vendor/codeigniter4/framework/system/View/View.php(232): CodeIgniter\View\View->CodeIgniter\View\{closure}()
#3 /www/wwwroot/silajux.unifa.ac.id/vendor/codeigniter4/framework/system/Common.php(1250): CodeIgniter\View\View->render()
#4 /www/wwwroot/silajux.unifa.ac.id/app/Controllers/Front.php(1166): view()
#5 /www/wwwroot/silajux.unifa.ac.id/vendor/codeigniter4/framework/system/CodeIgniter.php(931): App\Controllers\Front->AsessmentRespon()
#6 /www/wwwroot/silajux.unifa.ac.id/vendor/codeigniter4/framework/system/CodeIgniter.php(439): CodeIgniter\CodeIgniter->runController()
#7 /www/wwwroot/silajux.unifa.ac.id/vendor/codeigniter4/framework/system/CodeIgniter.php(339): CodeIgniter\CodeIgniter->handleRequest()
#8 /www/wwwroot/silajux.unifa.ac.id/public/index.php(45): CodeIgniter\CodeIgniter->run()
#9 {main}
CRITICAL - 2023-03-10 02:42:23 --> Invalid argument supplied for foreach()
#0 /www/wwwroot/silajux.unifa.ac.id/app/Views/Front/rpl-respon-asessor.php(164): CodeIgniter\Debug\Exceptions->errorHandler()
#1 /www/wwwroot/silajux.unifa.ac.id/vendor/codeigniter4/framework/system/View/View.php(230): include('/www/wwwroot/si...')
#2 /www/wwwroot/silajux.unifa.ac.id/vendor/codeigniter4/framework/system/View/View.php(232): CodeIgniter\View\View->CodeIgniter\View\{closure}()
#3 /www/wwwroot/silajux.unifa.ac.id/vendor/codeigniter4/framework/system/Common.php(1250): CodeIgniter\View\View->render()
#4 /www/wwwroot/silajux.unifa.ac.id/app/Controllers/Front.php(1166): view()
#5 /www/wwwroot/silajux.unifa.ac.id/vendor/codeigniter4/framework/system/CodeIgniter.php(931): App\Controllers\Front->AsessmentRespon()
#6 /www/wwwroot/silajux.unifa.ac.id/vendor/codeigniter4/framework/system/CodeIgniter.php(439): CodeIgniter\CodeIgniter->runController()
#7 /www/wwwroot/silajux.unifa.ac.id/vendor/codeigniter4/framework/system/CodeIgniter.php(339): CodeIgniter\CodeIgniter->handleRequest()
#8 /www/wwwroot/silajux.unifa.ac.id/public/index.php(45): CodeIgniter\CodeIgniter->run()
#9 {main}
CRITICAL - 2023-03-10 03:15:31 --> Argument 1 passed to CodeIgniter\Database\MySQLi\Connection::_escapeString() must be of the type string, null given, called in /www/wwwroot/silajux.unifa.ac.id/vendor/codeigniter4/framework/system/Database/BaseConnection.php on line 1429
#0 /www/wwwroot/silajux.unifa.ac.id/vendor/codeigniter4/framework/system/Database/BaseConnection.php(1429): CodeIgniter\Database\MySQLi\Connection->_escapeString()
#1 /www/wwwroot/silajux.unifa.ac.id/app/Controllers/Front.php(1496): CodeIgniter\Database\BaseConnection->escapeString()
#2 /www/wwwroot/silajux.unifa.ac.id/vendor/codeigniter4/framework/system/CodeIgniter.php(931): App\Controllers\Front->searchtpasal()
#3 /www/wwwroot/silajux.unifa.ac.id/vendor/codeigniter4/framework/system/CodeIgniter.php(439): CodeIgniter\CodeIgniter->runController()
#4 /www/wwwroot/silajux.unifa.ac.id/vendor/codeigniter4/framework/system/CodeIgniter.php(339): CodeIgniter\CodeIgniter->handleRequest()
#5 /www/wwwroot/silajux.unifa.ac.id/public/index.php(45): CodeIgniter\CodeIgniter->run()
#6 {main}
CRITICAL - 2023-03-10 03:15:40 --> Call to a member function getResult() on bool
#0 /www/wwwroot/silajux.unifa.ac.id/vendor/codeigniter4/framework/system/BaseModel.php(603): CodeIgniter\Model->doFindAll()
#1 /www/wwwroot/silajux.unifa.ac.id/app/Controllers/Front.php(645): CodeIgniter\BaseModel->findAll()
#2 /www/wwwroot/silajux.unifa.ac.id/vendor/codeigniter4/framework/system/CodeIgniter.php(931): App\Controllers\Front->importMkA1()
#3 /www/wwwroot/silajux.unifa.ac.id/vendor/codeigniter4/framework/system/CodeIgniter.php(439): CodeIgniter\CodeIgniter->runController()
#4 /www/wwwroot/silajux.unifa.ac.id/vendor/codeigniter4/framework/system/CodeIgniter.php(339): CodeIgniter\CodeIgniter->handleRequest()
#5 /www/wwwroot/silajux.unifa.ac.id/public/index.php(45): CodeIgniter\CodeIgniter->run()
#6 {main}
CRITICAL - 2023-03-10 03:17:46 --> Argument 1 passed to CodeIgniter\Database\MySQLi\Connection::_escapeString() must be of the type string, null given, called in /www/wwwroot/silajux.unifa.ac.id/vendor/codeigniter4/framework/system/Database/BaseConnection.php on line 1429
#0 /www/wwwroot/silajux.unifa.ac.id/vendor/codeigniter4/framework/system/Database/BaseConnection.php(1429): CodeIgniter\Database\MySQLi\Connection->_escapeString()
#1 /www/wwwroot/silajux.unifa.ac.id/app/Controllers/Front.php(1496): CodeIgniter\Database\BaseConnection->escapeString()
#2 /www/wwwroot/silajux.unifa.ac.id/vendor/codeigniter4/framework/system/CodeIgniter.php(931): App\Controllers\Front->searchtpasal()
#3 /www/wwwroot/silajux.unifa.ac.id/vendor/codeigniter4/framework/system/CodeIgniter.php(439): CodeIgniter\CodeIgniter->runController()
#4 /www/wwwroot/silajux.unifa.ac.id/vendor/codeigniter4/framework/system/CodeIgniter.php(339): CodeIgniter\CodeIgniter->handleRequest()
#5 /www/wwwroot/silajux.unifa.ac.id/public/index.php(45): CodeIgniter\CodeIgniter->run()
#6 {main}
CRITICAL - 2023-03-10 03:59:35 --> Argument 1 passed to CodeIgniter\Database\MySQLi\Connection::_escapeString() must be of the type string, null given, called in /www/wwwroot/silajux.unifa.ac.id/vendor/codeigniter4/framework/system/Database/BaseConnection.php on line 1429
#0 /www/wwwroot/silajux.unifa.ac.id/vendor/codeigniter4/framework/system/Database/BaseConnection.php(1429): CodeIgniter\Database\MySQLi\Connection->_escapeString()
#1 /www/wwwroot/silajux.unifa.ac.id/app/Controllers/Front.php(219): CodeIgniter\Database\BaseConnection->escapeString()
#2 /www/wwwroot/silajux.unifa.ac.id/vendor/codeigniter4/framework/system/CodeIgniter.php(931): App\Controllers\Front->insertbiodata()
#3 /www/wwwroot/silajux.unifa.ac.id/vendor/codeigniter4/framework/system/CodeIgniter.php(439): CodeIgniter\CodeIgniter->runController()
#4 /www/wwwroot/silajux.unifa.ac.id/vendor/codeigniter4/framework/system/CodeIgniter.php(339): CodeIgniter\CodeIgniter->handleRequest()
#5 /www/wwwroot/silajux.unifa.ac.id/public/index.php(45): CodeIgniter\CodeIgniter->run()
#6 {main}
CRITICAL - 2023-03-10 04:20:39 --> Argument 1 passed to CodeIgniter\Database\MySQLi\Connection::_escapeString() must be of the type string, null given, called in /www/wwwroot/silajux.unifa.ac.id/vendor/codeigniter4/framework/system/Database/BaseConnection.php on line 1429
#0 /www/wwwroot/silajux.unifa.ac.id/vendor/codeigniter4/framework/system/Database/BaseConnection.php(1429): CodeIgniter\Database\MySQLi\Connection->_escapeString()
#1 /www/wwwroot/silajux.unifa.ac.id/app/Controllers/Front.php(940): CodeIgniter\Database\BaseConnection->escapeString()
#2 /www/wwwroot/silajux.unifa.ac.id/vendor/codeigniter4/framework/system/CodeIgniter.php(931): App\Controllers\Front->Simpanberkas()
#3 /www/wwwroot/silajux.unifa.ac.id/vendor/codeigniter4/framework/system/CodeIgniter.php(439): CodeIgniter\CodeIgniter->runController()
#4 /www/wwwroot/silajux.unifa.ac.id/vendor/codeigniter4/framework/system/CodeIgniter.php(339): CodeIgniter\CodeIgniter->handleRequest()
#5 /www/wwwroot/silajux.unifa.ac.id/public/index.php(45): CodeIgniter\CodeIgniter->run()
#6 {main}
CRITICAL - 2023-03-10 04:20:41 --> Argument 1 passed to CodeIgniter\Database\MySQLi\Connection::_escapeString() must be of the type string, null given, called in /www/wwwroot/silajux.unifa.ac.id/vendor/codeigniter4/framework/system/Database/BaseConnection.php on line 1429
#0 /www/wwwroot/silajux.unifa.ac.id/vendor/codeigniter4/framework/system/Database/BaseConnection.php(1429): CodeIgniter\Database\MySQLi\Connection->_escapeString()
#1 /www/wwwroot/silajux.unifa.ac.id/app/Controllers/Front.php(940): CodeIgniter\Database\BaseConnection->escapeString()
#2 /www/wwwroot/silajux.unifa.ac.id/vendor/codeigniter4/framework/system/CodeIgniter.php(931): App\Controllers\Front->Simpanberkas()
#3 /www/wwwroot/silajux.unifa.ac.id/vendor/codeigniter4/framework/system/CodeIgniter.php(439): CodeIgniter\CodeIgniter->runController()
#4 /www/wwwroot/silajux.unifa.ac.id/vendor/codeigniter4/framework/system/CodeIgniter.php(339): CodeIgniter\CodeIgniter->handleRequest()
#5 /www/wwwroot/silajux.unifa.ac.id/public/index.php(45): CodeIgniter\CodeIgniter->run()
#6 {main}
CRITICAL - 2023-03-10 04:20:42 --> Argument 1 passed to CodeIgniter\Database\MySQLi\Connection::_escapeString() must be of the type string, null given, called in /www/wwwroot/silajux.unifa.ac.id/vendor/codeigniter4/framework/system/Database/BaseConnection.php on line 1429
#0 /www/wwwroot/silajux.unifa.ac.id/vendor/codeigniter4/framework/system/Database/BaseConnection.php(1429): CodeIgniter\Database\MySQLi\Connection->_escapeString()
#1 /www/wwwroot/silajux.unifa.ac.id/app/Controllers/Front.php(940): CodeIgniter\Database\BaseConnection->escapeString()
#2 /www/wwwroot/silajux.unifa.ac.id/vendor/codeigniter4/framework/system/CodeIgniter.php(931): App\Controllers\Front->Simpanberkas()
#3 /www/wwwroot/silajux.unifa.ac.id/vendor/codeigniter4/framework/system/CodeIgniter.php(439): CodeIgniter\CodeIgniter->runController()
#4 /www/wwwroot/silajux.unifa.ac.id/vendor/codeigniter4/framework/system/CodeIgniter.php(339): CodeIgniter\CodeIgniter->handleRequest()
#5 /www/wwwroot/silajux.unifa.ac.id/public/index.php(45): CodeIgniter\CodeIgniter->run()
#6 {main}
CRITICAL - 2023-03-10 04:20:43 --> Argument 1 passed to CodeIgniter\Database\MySQLi\Connection::_escapeString() must be of the type string, null given, called in /www/wwwroot/silajux.unifa.ac.id/vendor/codeigniter4/framework/system/Database/BaseConnection.php on line 1429
#0 /www/wwwroot/silajux.unifa.ac.id/vendor/codeigniter4/framework/system/Database/BaseConnection.php(1429): CodeIgniter\Database\MySQLi\Connection->_escapeString()
#1 /www/wwwroot/silajux.unifa.ac.id/app/Controllers/Front.php(940): CodeIgniter\Database\BaseConnection->escapeString()
#2 /www/wwwroot/silajux.unifa.ac.id/vendor/codeigniter4/framework/system/CodeIgniter.php(931): App\Controllers\Front->Simpanberkas()
#3 /www/wwwroot/silajux.unifa.ac.id/vendor/codeigniter4/framework/system/CodeIgniter.php(439): CodeIgniter\CodeIgniter->runController()
#4 /www/wwwroot/silajux.unifa.ac.id/vendor/codeigniter4/framework/system/CodeIgniter.php(339): CodeIgniter\CodeIgniter->handleRequest()
#5 /www/wwwroot/silajux.unifa.ac.id/public/index.php(45): CodeIgniter\CodeIgniter->run()
#6 {main}
CRITICAL - 2023-03-10 04:20:45 --> Argument 1 passed to CodeIgniter\Database\MySQLi\Connection::_escapeString() must be of the type string, null given, called in /www/wwwroot/silajux.unifa.ac.id/vendor/codeigniter4/framework/system/Database/BaseConnection.php on line 1429
#0 /www/wwwroot/silajux.unifa.ac.id/vendor/codeigniter4/framework/system/Database/BaseConnection.php(1429): CodeIgniter\Database\MySQLi\Connection->_escapeString()
#1 /www/wwwroot/silajux.unifa.ac.id/app/Controllers/Front.php(940): CodeIgniter\Database\BaseConnection->escapeString()
#2 /www/wwwroot/silajux.unifa.ac.id/vendor/codeigniter4/framework/system/CodeIgniter.php(931): App\Controllers\Front->Simpanberkas()
#3 /www/wwwroot/silajux.unifa.ac.id/vendor/codeigniter4/framework/system/CodeIgniter.php(439): CodeIgniter\CodeIgniter->runController()
#4 /www/wwwroot/silajux.unifa.ac.id/vendor/codeigniter4/framework/system/CodeIgniter.php(339): CodeIgniter\CodeIgniter->handleRequest()
#5 /www/wwwroot/silajux.unifa.ac.id/public/index.php(45): CodeIgniter\CodeIgniter->run()
#6 {main}
CRITICAL - 2023-03-10 04:20:45 --> Argument 1 passed to CodeIgniter\Database\MySQLi\Connection::_escapeString() must be of the type string, null given, called in /www/wwwroot/silajux.unifa.ac.id/vendor/codeigniter4/framework/system/Database/BaseConnection.php on line 1429
#0 /www/wwwroot/silajux.unifa.ac.id/vendor/codeigniter4/framework/system/Database/BaseConnection.php(1429): CodeIgniter\Database\MySQLi\Connection->_escapeString()
#1 /www/wwwroot/silajux.unifa.ac.id/app/Controllers/Front.php(940): CodeIgniter\Database\BaseConnection->escapeString()
#2 /www/wwwroot/silajux.unifa.ac.id/vendor/codeigniter4/framework/system/CodeIgniter.php(931): App\Controllers\Front->Simpanberkas()
#3 /www/wwwroot/silajux.unifa.ac.id/vendor/codeigniter4/framework/system/CodeIgniter.php(439): CodeIgniter\CodeIgniter->runController()
#4 /www/wwwroot/silajux.unifa.ac.id/vendor/codeigniter4/framework/system/CodeIgniter.php(339): CodeIgniter\CodeIgniter->handleRequest()
#5 /www/wwwroot/silajux.unifa.ac.id/public/index.php(45): CodeIgniter\CodeIgniter->run()
#6 {main}
CRITICAL - 2023-03-10 04:30:32 --> Argument 1 passed to CodeIgniter\Database\MySQLi\Connection::_escapeString() must be of the type string, null given, called in /www/wwwroot/silajux.unifa.ac.id/vendor/codeigniter4/framework/system/Database/BaseConnection.php on line 1429
#0 /www/wwwroot/silajux.unifa.ac.id/vendor/codeigniter4/framework/system/Database/BaseConnection.php(1429): CodeIgniter\Database\MySQLi\Connection->_escapeString()
#1 /www/wwwroot/silajux.unifa.ac.id/app/Controllers/Front.php(940): CodeIgniter\Database\BaseConnection->escapeString()
#2 /www/wwwroot/silajux.unifa.ac.id/vendor/codeigniter4/framework/system/CodeIgniter.php(931): App\Controllers\Front->Simpanberkas()
#3 /www/wwwroot/silajux.unifa.ac.id/vendor/codeigniter4/framework/system/CodeIgniter.php(439): CodeIgniter\CodeIgniter->runController()
#4 /www/wwwroot/silajux.unifa.ac.id/vendor/codeigniter4/framework/system/CodeIgniter.php(339): CodeIgniter\CodeIgniter->handleRequest()
#5 /www/wwwroot/silajux.unifa.ac.id/public/index.php(45): CodeIgniter\CodeIgniter->run()
#6 {main}
CRITICAL - 2023-03-10 04:30:34 --> Argument 1 passed to CodeIgniter\Database\MySQLi\Connection::_escapeString() must be of the type string, null given, called in /www/wwwroot/silajux.unifa.ac.id/vendor/codeigniter4/framework/system/Database/BaseConnection.php on line 1429
#0 /www/wwwroot/silajux.unifa.ac.id/vendor/codeigniter4/framework/system/Database/BaseConnection.php(1429): CodeIgniter\Database\MySQLi\Connection->_escapeString()
#1 /www/wwwroot/silajux.unifa.ac.id/app/Controllers/Front.php(940): CodeIgniter\Database\BaseConnection->escapeString()
#2 /www/wwwroot/silajux.unifa.ac.id/vendor/codeigniter4/framework/system/CodeIgniter.php(931): App\Controllers\Front->Simpanberkas()
#3 /www/wwwroot/silajux.unifa.ac.id/vendor/codeigniter4/framework/system/CodeIgniter.php(439): CodeIgniter\CodeIgniter->runController()
#4 /www/wwwroot/silajux.unifa.ac.id/vendor/codeigniter4/framework/system/CodeIgniter.php(339): CodeIgniter\CodeIgniter->handleRequest()
#5 /www/wwwroot/silajux.unifa.ac.id/public/index.php(45): CodeIgniter\CodeIgniter->run()
#6 {main}
CRITICAL - 2023-03-10 04:44:32 --> Argument 1 passed to CodeIgniter\Database\MySQLi\Connection::_escapeString() must be of the type string, null given, called in /www/wwwroot/silajux.unifa.ac.id/vendor/codeigniter4/framework/system/Database/BaseConnection.php on line 1429
#0 /www/wwwroot/silajux.unifa.ac.id/vendor/codeigniter4/framework/system/Database/BaseConnection.php(1429): CodeIgniter\Database\MySQLi\Connection->_escapeString()
#1 /www/wwwroot/silajux.unifa.ac.id/app/Controllers/Front.php(940): CodeIgniter\Database\BaseConnection->escapeString()
#2 /www/wwwroot/silajux.unifa.ac.id/vendor/codeigniter4/framework/system/CodeIgniter.php(931): App\Controllers\Front->Simpanberkas()
#3 /www/wwwroot/silajux.unifa.ac.id/vendor/codeigniter4/framework/system/CodeIgniter.php(439): CodeIgniter\CodeIgniter->runController()
#4 /www/wwwroot/silajux.unifa.ac.id/vendor/codeigniter4/framework/system/CodeIgniter.php(339): CodeIgniter\CodeIgniter->handleRequest()
#5 /www/wwwroot/silajux.unifa.ac.id/public/index.php(45): CodeIgniter\CodeIgniter->run()
#6 {main}
CRITICAL - 2023-03-10 06:44:55 --> Argument 1 passed to CodeIgniter\Database\MySQLi\Connection::_escapeString() must be of the type string, null given, called in /www/wwwroot/silajux.unifa.ac.id/vendor/codeigniter4/framework/system/Database/BaseConnection.php on line 1429
#0 /www/wwwroot/silajux.unifa.ac.id/vendor/codeigniter4/framework/system/Database/BaseConnection.php(1429): CodeIgniter\Database\MySQLi\Connection->_escapeString()
#1 /www/wwwroot/silajux.unifa.ac.id/app/Controllers/Front.php(940): CodeIgniter\Database\BaseConnection->escapeString()
#2 /www/wwwroot/silajux.unifa.ac.id/vendor/codeigniter4/framework/system/CodeIgniter.php(931): App\Controllers\Front->Simpanberkas()
#3 /www/wwwroot/silajux.unifa.ac.id/vendor/codeigniter4/framework/system/CodeIgniter.php(439): CodeIgniter\CodeIgniter->runController()
#4 /www/wwwroot/silajux.unifa.ac.id/vendor/codeigniter4/framework/system/CodeIgniter.php(339): CodeIgniter\CodeIgniter->handleRequest()
#5 /www/wwwroot/silajux.unifa.ac.id/public/index.php(45): CodeIgniter\CodeIgniter->run()
#6 {main}
CRITICAL - 2023-03-10 06:45:11 --> Argument 1 passed to CodeIgniter\Database\MySQLi\Connection::_escapeString() must be of the type string, null given, called in /www/wwwroot/silajux.unifa.ac.id/vendor/codeigniter4/framework/system/Database/BaseConnection.php on line 1429
#0 /www/wwwroot/silajux.unifa.ac.id/vendor/codeigniter4/framework/system/Database/BaseConnection.php(1429): CodeIgniter\Database\MySQLi\Connection->_escapeString()
#1 /www/wwwroot/silajux.unifa.ac.id/app/Controllers/Front.php(940): CodeIgniter\Database\BaseConnection->escapeString()
#2 /www/wwwroot/silajux.unifa.ac.id/vendor/codeigniter4/framework/system/CodeIgniter.php(931): App\Controllers\Front->Simpanberkas()
#3 /www/wwwroot/silajux.unifa.ac.id/vendor/codeigniter4/framework/system/CodeIgniter.php(439): CodeIgniter\CodeIgniter->runController()
#4 /www/wwwroot/silajux.unifa.ac.id/vendor/codeigniter4/framework/system/CodeIgniter.php(339): CodeIgniter\CodeIgniter->handleRequest()
#5 /www/wwwroot/silajux.unifa.ac.id/public/index.php(45): CodeIgniter\CodeIgniter->run()
#6 {main}
CRITICAL - 2023-03-10 06:45:17 --> Argument 1 passed to CodeIgniter\Database\MySQLi\Connection::_escapeString() must be of the type string, null given, called in /www/wwwroot/silajux.unifa.ac.id/vendor/codeigniter4/framework/system/Database/BaseConnection.php on line 1429
#0 /www/wwwroot/silajux.unifa.ac.id/vendor/codeigniter4/framework/system/Database/BaseConnection.php(1429): CodeIgniter\Database\MySQLi\Connection->_escapeString()
#1 /www/wwwroot/silajux.unifa.ac.id/app/Controllers/Front.php(940): CodeIgniter\Database\BaseConnection->escapeString()
#2 /www/wwwroot/silajux.unifa.ac.id/vendor/codeigniter4/framework/system/CodeIgniter.php(931): App\Controllers\Front->Simpanberkas()
#3 /www/wwwroot/silajux.unifa.ac.id/vendor/codeigniter4/framework/system/CodeIgniter.php(439): CodeIgniter\CodeIgniter->runController()
#4 /www/wwwroot/silajux.unifa.ac.id/vendor/codeigniter4/framework/system/CodeIgniter.php(339): CodeIgniter\CodeIgniter->handleRequest()
#5 /www/wwwroot/silajux.unifa.ac.id/public/index.php(45): CodeIgniter\CodeIgniter->run()
#6 {main}
CRITICAL - 2023-03-10 06:50:23 --> Argument 1 passed to CodeIgniter\Database\MySQLi\Connection::_escapeString() must be of the type string, null given, called in /www/wwwroot/silajux.unifa.ac.id/vendor/codeigniter4/framework/system/Database/BaseConnection.php on line 1429
#0 /www/wwwroot/silajux.unifa.ac.id/vendor/codeigniter4/framework/system/Database/BaseConnection.php(1429): CodeIgniter\Database\MySQLi\Connection->_escapeString()
#1 /www/wwwroot/silajux.unifa.ac.id/app/Controllers/Front.php(1496): CodeIgniter\Database\BaseConnection->escapeString()
#2 /www/wwwroot/silajux.unifa.ac.id/vendor/codeigniter4/framework/system/CodeIgniter.php(931): App\Controllers\Front->searchtpasal()
#3 /www/wwwroot/silajux.unifa.ac.id/vendor/codeigniter4/framework/system/CodeIgniter.php(439): CodeIgniter\CodeIgniter->runController()
#4 /www/wwwroot/silajux.unifa.ac.id/vendor/codeigniter4/framework/system/CodeIgniter.php(339): CodeIgniter\CodeIgniter->handleRequest()
#5 /www/wwwroot/silajux.unifa.ac.id/public/index.php(45): CodeIgniter\CodeIgniter->run()
#6 {main}
CRITICAL - 2023-03-10 06:51:00 --> Call to a member function getResult() on bool
#0 /www/wwwroot/silajux.unifa.ac.id/vendor/codeigniter4/framework/system/BaseModel.php(603): CodeIgniter\Model->doFindAll()
#1 /www/wwwroot/silajux.unifa.ac.id/app/Controllers/Front.php(645): CodeIgniter\BaseModel->findAll()
#2 /www/wwwroot/silajux.unifa.ac.id/vendor/codeigniter4/framework/system/CodeIgniter.php(931): App\Controllers\Front->importMkA1()
#3 /www/wwwroot/silajux.unifa.ac.id/vendor/codeigniter4/framework/system/CodeIgniter.php(439): CodeIgniter\CodeIgniter->runController()
#4 /www/wwwroot/silajux.unifa.ac.id/vendor/codeigniter4/framework/system/CodeIgniter.php(339): CodeIgniter\CodeIgniter->handleRequest()
#5 /www/wwwroot/silajux.unifa.ac.id/public/index.php(45): CodeIgniter\CodeIgniter->run()
#6 {main}
CRITICAL - 2023-03-10 07:13:49 --> Argument 1 passed to CodeIgniter\Database\MySQLi\Connection::_escapeString() must be of the type string, null given, called in /www/wwwroot/silajux.unifa.ac.id/vendor/codeigniter4/framework/system/Database/BaseConnection.php on line 1429
#0 /www/wwwroot/silajux.unifa.ac.id/vendor/codeigniter4/framework/system/Database/BaseConnection.php(1429): CodeIgniter\Database\MySQLi\Connection->_escapeString()
#1 /www/wwwroot/silajux.unifa.ac.id/app/Controllers/Front.php(937): CodeIgniter\Database\BaseConnection->escapeString()
#2 /www/wwwroot/silajux.unifa.ac.id/vendor/codeigniter4/framework/system/CodeIgniter.php(931): App\Controllers\Front->Simpanberkas()
#3 /www/wwwroot/silajux.unifa.ac.id/vendor/codeigniter4/framework/system/CodeIgniter.php(439): CodeIgniter\CodeIgniter->runController()
#4 /www/wwwroot/silajux.unifa.ac.id/vendor/codeigniter4/framework/system/CodeIgniter.php(339): CodeIgniter\CodeIgniter->handleRequest()
#5 /www/wwwroot/silajux.unifa.ac.id/public/index.php(45): CodeIgniter\CodeIgniter->run()
#6 {main}
CRITICAL - 2023-03-10 07:14:14 --> Argument 1 passed to CodeIgniter\Database\MySQLi\Connection::_escapeString() must be of the type string, null given, called in /www/wwwroot/silajux.unifa.ac.id/vendor/codeigniter4/framework/system/Database/BaseConnection.php on line 1429
#0 /www/wwwroot/silajux.unifa.ac.id/vendor/codeigniter4/framework/system/Database/BaseConnection.php(1429): CodeIgniter\Database\MySQLi\Connection->_escapeString()
#1 /www/wwwroot/silajux.unifa.ac.id/app/Controllers/Front.php(937): CodeIgniter\Database\BaseConnection->escapeString()
#2 /www/wwwroot/silajux.unifa.ac.id/vendor/codeigniter4/framework/system/CodeIgniter.php(931): App\Controllers\Front->Simpanberkas()
#3 /www/wwwroot/silajux.unifa.ac.id/vendor/codeigniter4/framework/system/CodeIgniter.php(439): CodeIgniter\CodeIgniter->runController()
#4 /www/wwwroot/silajux.unifa.ac.id/vendor/codeigniter4/framework/system/CodeIgniter.php(339): CodeIgniter\CodeIgniter->handleRequest()
#5 /www/wwwroot/silajux.unifa.ac.id/public/index.php(45): CodeIgniter\CodeIgniter->run()
#6 {main}
CRITICAL - 2023-03-10 07:54:40 --> Argument 1 passed to CodeIgniter\Database\MySQLi\Connection::_escapeString() must be of the type string, null given, called in /www/wwwroot/silajux.unifa.ac.id/vendor/codeigniter4/framework/system/Database/BaseConnection.php on line 1429
#0 /www/wwwroot/silajux.unifa.ac.id/vendor/codeigniter4/framework/system/Database/BaseConnection.php(1429): CodeIgniter\Database\MySQLi\Connection->_escapeString()
#1 /www/wwwroot/silajux.unifa.ac.id/app/Controllers/Front.php(940): CodeIgniter\Database\BaseConnection->escapeString()
#2 /www/wwwroot/silajux.unifa.ac.id/vendor/codeigniter4/framework/system/CodeIgniter.php(931): App\Controllers\Front->Simpanberkas()
#3 /www/wwwroot/silajux.unifa.ac.id/vendor/codeigniter4/framework/system/CodeIgniter.php(439): CodeIgniter\CodeIgniter->runController()
#4 /www/wwwroot/silajux.unifa.ac.id/vendor/codeigniter4/framework/system/CodeIgniter.php(339): CodeIgniter\CodeIgniter->handleRequest()
#5 /www/wwwroot/silajux.unifa.ac.id/public/index.php(45): CodeIgniter\CodeIgniter->run()
#6 {main}
CRITICAL - 2023-03-10 08:02:18 --> Argument 1 passed to CodeIgniter\Database\MySQLi\Connection::_escapeString() must be of the type string, null given, called in /www/wwwroot/silajux.unifa.ac.id/vendor/codeigniter4/framework/system/Database/BaseConnection.php on line 1429
#0 /www/wwwroot/silajux.unifa.ac.id/vendor/codeigniter4/framework/system/Database/BaseConnection.php(1429): CodeIgniter\Database\MySQLi\Connection->_escapeString()
#1 /www/wwwroot/silajux.unifa.ac.id/app/Controllers/Front.php(940): CodeIgniter\Database\BaseConnection->escapeString()
#2 /www/wwwroot/silajux.unifa.ac.id/vendor/codeigniter4/framework/system/CodeIgniter.php(931): App\Controllers\Front->Simpanberkas()
#3 /www/wwwroot/silajux.unifa.ac.id/vendor/codeigniter4/framework/system/CodeIgniter.php(439): CodeIgniter\CodeIgniter->runController()
#4 /www/wwwroot/silajux.unifa.ac.id/vendor/codeigniter4/framework/system/CodeIgniter.php(339): CodeIgniter\CodeIgniter->handleRequest()
#5 /www/wwwroot/silajux.unifa.ac.id/public/index.php(45): CodeIgniter\CodeIgniter->run()
#6 {main}
CRITICAL - 2023-03-10 08:02:19 --> Argument 1 passed to CodeIgniter\Database\MySQLi\Connection::_escapeString() must be of the type string, null given, called in /www/wwwroot/silajux.unifa.ac.id/vendor/codeigniter4/framework/system/Database/BaseConnection.php on line 1429
#0 /www/wwwroot/silajux.unifa.ac.id/vendor/codeigniter4/framework/system/Database/BaseConnection.php(1429): CodeIgniter\Database\MySQLi\Connection->_escapeString()
#1 /www/wwwroot/silajux.unifa.ac.id/app/Controllers/Front.php(940): CodeIgniter\Database\BaseConnection->escapeString()
#2 /www/wwwroot/silajux.unifa.ac.id/vendor/codeigniter4/framework/system/CodeIgniter.php(931): App\Controllers\Front->Simpanberkas()
#3 /www/wwwroot/silajux.unifa.ac.id/vendor/codeigniter4/framework/system/CodeIgniter.php(439): CodeIgniter\CodeIgniter->runController()
#4 /www/wwwroot/silajux.unifa.ac.id/vendor/codeigniter4/framework/system/CodeIgniter.php(339): CodeIgniter\CodeIgniter->handleRequest()
#5 /www/wwwroot/silajux.unifa.ac.id/public/index.php(45): CodeIgniter\CodeIgniter->run()
#6 {main}
CRITICAL - 2023-03-10 08:02:20 --> Argument 1 passed to CodeIgniter\Database\MySQLi\Connection::_escapeString() must be of the type string, null given, called in /www/wwwroot/silajux.unifa.ac.id/vendor/codeigniter4/framework/system/Database/BaseConnection.php on line 1429
#0 /www/wwwroot/silajux.unifa.ac.id/vendor/codeigniter4/framework/system/Database/BaseConnection.php(1429): CodeIgniter\Database\MySQLi\Connection->_escapeString()
#1 /www/wwwroot/silajux.unifa.ac.id/app/Controllers/Front.php(940): CodeIgniter\Database\BaseConnection->escapeString()
#2 /www/wwwroot/silajux.unifa.ac.id/vendor/codeigniter4/framework/system/CodeIgniter.php(931): App\Controllers\Front->Simpanberkas()
#3 /www/wwwroot/silajux.unifa.ac.id/vendor/codeigniter4/framework/system/CodeIgniter.php(439): CodeIgniter\CodeIgniter->runController()
#4 /www/wwwroot/silajux.unifa.ac.id/vendor/codeigniter4/framework/system/CodeIgniter.php(339): CodeIgniter\CodeIgniter->handleRequest()
#5 /www/wwwroot/silajux.unifa.ac.id/public/index.php(45): CodeIgniter\CodeIgniter->run()
#6 {main}
CRITICAL - 2023-03-10 08:53:37 --> Invalid argument supplied for foreach()
#0 /www/wwwroot/silajux.unifa.ac.id/app/Views/Front/rpl-respon-asessor.php(220): CodeIgniter\Debug\Exceptions->errorHandler()
#1 /www/wwwroot/silajux.unifa.ac.id/vendor/codeigniter4/framework/system/View/View.php(230): include('/www/wwwroot/si...')
#2 /www/wwwroot/silajux.unifa.ac.id/vendor/codeigniter4/framework/system/View/View.php(232): CodeIgniter\View\View->CodeIgniter\View\{closure}()
#3 /www/wwwroot/silajux.unifa.ac.id/vendor/codeigniter4/framework/system/Common.php(1250): CodeIgniter\View\View->render()
#4 /www/wwwroot/silajux.unifa.ac.id/app/Controllers/Front.php(1166): view()
#5 /www/wwwroot/silajux.unifa.ac.id/vendor/codeigniter4/framework/system/CodeIgniter.php(931): App\Controllers\Front->AsessmentRespon()
#6 /www/wwwroot/silajux.unifa.ac.id/vendor/codeigniter4/framework/system/CodeIgniter.php(439): CodeIgniter\CodeIgniter->runController()
#7 /www/wwwroot/silajux.unifa.ac.id/vendor/codeigniter4/framework/system/CodeIgniter.php(339): CodeIgniter\CodeIgniter->handleRequest()
#8 /www/wwwroot/silajux.unifa.ac.id/public/index.php(45): CodeIgniter\CodeIgniter->run()
#9 {main}
CRITICAL - 2023-03-10 08:54:05 --> Invalid argument supplied for foreach()
#0 /www/wwwroot/silajux.unifa.ac.id/app/Views/Front/rpl-respon-asessor.php(220): CodeIgniter\Debug\Exceptions->errorHandler()
#1 /www/wwwroot/silajux.unifa.ac.id/vendor/codeigniter4/framework/system/View/View.php(230): include('/www/wwwroot/si...')
#2 /www/wwwroot/silajux.unifa.ac.id/vendor/codeigniter4/framework/system/View/View.php(232): CodeIgniter\View\View->CodeIgniter\View\{closure}()
#3 /www/wwwroot/silajux.unifa.ac.id/vendor/codeigniter4/framework/system/Common.php(1250): CodeIgniter\View\View->render()
#4 /www/wwwroot/silajux.unifa.ac.id/app/Controllers/Front.php(1166): view()
#5 /www/wwwroot/silajux.unifa.ac.id/vendor/codeigniter4/framework/system/CodeIgniter.php(931): App\Controllers\Front->AsessmentRespon()
#6 /www/wwwroot/silajux.unifa.ac.id/vendor/codeigniter4/framework/system/CodeIgniter.php(439): CodeIgniter\CodeIgniter->runController()
#7 /www/wwwroot/silajux.unifa.ac.id/vendor/codeigniter4/framework/system/CodeIgniter.php(339): CodeIgniter\CodeIgniter->handleRequest()
#8 /www/wwwroot/silajux.unifa.ac.id/public/index.php(45): CodeIgniter\CodeIgniter->run()
#9 {main}
CRITICAL - 2023-03-10 08:57:36 --> Argument 1 passed to CodeIgniter\Database\MySQLi\Connection::_escapeString() must be of the type string, null given, called in /www/wwwroot/silajux.unifa.ac.id/vendor/codeigniter4/framework/system/Database/BaseConnection.php on line 1429
#0 /www/wwwroot/silajux.unifa.ac.id/vendor/codeigniter4/framework/system/Database/BaseConnection.php(1429): CodeIgniter\Database\MySQLi\Connection->_escapeString()
#1 /www/wwwroot/silajux.unifa.ac.id/app/Controllers/Front.php(940): CodeIgniter\Database\BaseConnection->escapeString()
#2 /www/wwwroot/silajux.unifa.ac.id/vendor/codeigniter4/framework/system/CodeIgniter.php(931): App\Controllers\Front->Simpanberkas()
#3 /www/wwwroot/silajux.unifa.ac.id/vendor/codeigniter4/framework/system/CodeIgniter.php(439): CodeIgniter\CodeIgniter->runController()
#4 /www/wwwroot/silajux.unifa.ac.id/vendor/codeigniter4/framework/system/CodeIgniter.php(339): CodeIgniter\CodeIgniter->handleRequest()
#5 /www/wwwroot/silajux.unifa.ac.id/public/index.php(45): CodeIgniter\CodeIgniter->run()
#6 {main}
CRITICAL - 2023-03-10 08:57:41 --> Argument 1 passed to CodeIgniter\Database\MySQLi\Connection::_escapeString() must be of the type string, null given, called in /www/wwwroot/silajux.unifa.ac.id/vendor/codeigniter4/framework/system/Database/BaseConnection.php on line 1429
#0 /www/wwwroot/silajux.unifa.ac.id/vendor/codeigniter4/framework/system/Database/BaseConnection.php(1429): CodeIgniter\Database\MySQLi\Connection->_escapeString()
#1 /www/wwwroot/silajux.unifa.ac.id/app/Controllers/Front.php(940): CodeIgniter\Database\BaseConnection->escapeString()
#2 /www/wwwroot/silajux.unifa.ac.id/vendor/codeigniter4/framework/system/CodeIgniter.php(931): App\Controllers\Front->Simpanberkas()
#3 /www/wwwroot/silajux.unifa.ac.id/vendor/codeigniter4/framework/system/CodeIgniter.php(439): CodeIgniter\CodeIgniter->runController()
#4 /www/wwwroot/silajux.unifa.ac.id/vendor/codeigniter4/framework/system/CodeIgniter.php(339): CodeIgniter\CodeIgniter->handleRequest()
#5 /www/wwwroot/silajux.unifa.ac.id/public/index.php(45): CodeIgniter\CodeIgniter->run()
#6 {main}
CRITICAL - 2023-03-10 09:08:51 --> Argument 1 passed to CodeIgniter\Database\MySQLi\Connection::_escapeString() must be of the type string, null given, called in /www/wwwroot/silajux.unifa.ac.id/vendor/codeigniter4/framework/system/Database/BaseConnection.php on line 1429
#0 /www/wwwroot/silajux.unifa.ac.id/vendor/codeigniter4/framework/system/Database/BaseConnection.php(1429): CodeIgniter\Database\MySQLi\Connection->_escapeString()
#1 /www/wwwroot/silajux.unifa.ac.id/app/Controllers/Front.php(940): CodeIgniter\Database\BaseConnection->escapeString()
#2 /www/wwwroot/silajux.unifa.ac.id/vendor/codeigniter4/framework/system/CodeIgniter.php(931): App\Controllers\Front->Simpanberkas()
#3 /www/wwwroot/silajux.unifa.ac.id/vendor/codeigniter4/framework/system/CodeIgniter.php(439): CodeIgniter\CodeIgniter->runController()
#4 /www/wwwroot/silajux.unifa.ac.id/vendor/codeigniter4/framework/system/CodeIgniter.php(339): CodeIgniter\CodeIgniter->handleRequest()
#5 /www/wwwroot/silajux.unifa.ac.id/public/index.php(45): CodeIgniter\CodeIgniter->run()
#6 {main}
CRITICAL - 2023-03-10 09:25:10 --> Argument 1 passed to CodeIgniter\Database\MySQLi\Connection::_escapeString() must be of the type string, null given, called in /www/wwwroot/silajux.unifa.ac.id/vendor/codeigniter4/framework/system/Database/BaseConnection.php on line 1429
#0 /www/wwwroot/silajux.unifa.ac.id/vendor/codeigniter4/framework/system/Database/BaseConnection.php(1429): CodeIgniter\Database\MySQLi\Connection->_escapeString()
#1 /www/wwwroot/silajux.unifa.ac.id/app/Controllers/Front.php(940): CodeIgniter\Database\BaseConnection->escapeString()
#2 /www/wwwroot/silajux.unifa.ac.id/vendor/codeigniter4/framework/system/CodeIgniter.php(931): App\Controllers\Front->Simpanberkas()
#3 /www/wwwroot/silajux.unifa.ac.id/vendor/codeigniter4/framework/system/CodeIgniter.php(439): CodeIgniter\CodeIgniter->runController()
#4 /www/wwwroot/silajux.unifa.ac.id/vendor/codeigniter4/framework/system/CodeIgniter.php(339): CodeIgniter\CodeIgniter->handleRequest()
#5 /www/wwwroot/silajux.unifa.ac.id/public/index.php(45): CodeIgniter\CodeIgniter->run()
#6 {main}
CRITICAL - 2023-03-10 09:25:13 --> Argument 1 passed to CodeIgniter\Database\MySQLi\Connection::_escapeString() must be of the type string, null given, called in /www/wwwroot/silajux.unifa.ac.id/vendor/codeigniter4/framework/system/Database/BaseConnection.php on line 1429
#0 /www/wwwroot/silajux.unifa.ac.id/vendor/codeigniter4/framework/system/Database/BaseConnection.php(1429): CodeIgniter\Database\MySQLi\Connection->_escapeString()
#1 /www/wwwroot/silajux.unifa.ac.id/app/Controllers/Front.php(940): CodeIgniter\Database\BaseConnection->escapeString()
#2 /www/wwwroot/silajux.unifa.ac.id/vendor/codeigniter4/framework/system/CodeIgniter.php(931): App\Controllers\Front->Simpanberkas()
#3 /www/wwwroot/silajux.unifa.ac.id/vendor/codeigniter4/framework/system/CodeIgniter.php(439): CodeIgniter\CodeIgniter->runController()
#4 /www/wwwroot/silajux.unifa.ac.id/vendor/codeigniter4/framework/system/CodeIgniter.php(339): CodeIgniter\CodeIgniter->handleRequest()
#5 /www/wwwroot/silajux.unifa.ac.id/public/index.php(45): CodeIgniter\CodeIgniter->run()
#6 {main}
CRITICAL - 2023-03-10 09:25:16 --> Argument 1 passed to CodeIgniter\Database\MySQLi\Connection::_escapeString() must be of the type string, null given, called in /www/wwwroot/silajux.unifa.ac.id/vendor/codeigniter4/framework/system/Database/BaseConnection.php on line 1429
#0 /www/wwwroot/silajux.unifa.ac.id/vendor/codeigniter4/framework/system/Database/BaseConnection.php(1429): CodeIgniter\Database\MySQLi\Connection->_escapeString()
#1 /www/wwwroot/silajux.unifa.ac.id/app/Controllers/Front.php(940): CodeIgniter\Database\BaseConnection->escapeString()
#2 /www/wwwroot/silajux.unifa.ac.id/vendor/codeigniter4/framework/system/CodeIgniter.php(931): App\Controllers\Front->Simpanberkas()
#3 /www/wwwroot/silajux.unifa.ac.id/vendor/codeigniter4/framework/system/CodeIgniter.php(439): CodeIgniter\CodeIgniter->runController()
#4 /www/wwwroot/silajux.unifa.ac.id/vendor/codeigniter4/framework/system/CodeIgniter.php(339): CodeIgniter\CodeIgniter->handleRequest()
#5 /www/wwwroot/silajux.unifa.ac.id/public/index.php(45): CodeIgniter\CodeIgniter->run()
#6 {main}
CRITICAL - 2023-03-10 09:25:16 --> Argument 1 passed to CodeIgniter\Database\MySQLi\Connection::_escapeString() must be of the type string, null given, called in /www/wwwroot/silajux.unifa.ac.id/vendor/codeigniter4/framework/system/Database/BaseConnection.php on line 1429
#0 /www/wwwroot/silajux.unifa.ac.id/vendor/codeigniter4/framework/system/Database/BaseConnection.php(1429): CodeIgniter\Database\MySQLi\Connection->_escapeString()
#1 /www/wwwroot/silajux.unifa.ac.id/app/Controllers/Front.php(940): CodeIgniter\Database\BaseConnection->escapeString()
#2 /www/wwwroot/silajux.unifa.ac.id/vendor/codeigniter4/framework/system/CodeIgniter.php(931): App\Controllers\Front->Simpanberkas()
#3 /www/wwwroot/silajux.unifa.ac.id/vendor/codeigniter4/framework/system/CodeIgniter.php(439): CodeIgniter\CodeIgniter->runController()
#4 /www/wwwroot/silajux.unifa.ac.id/vendor/codeigniter4/framework/system/CodeIgniter.php(339): CodeIgniter\CodeIgniter->handleRequest()
#5 /www/wwwroot/silajux.unifa.ac.id/public/index.php(45): CodeIgniter\CodeIgniter->run()
#6 {main}
CRITICAL - 2023-03-10 10:34:32 --> Argument 1 passed to CodeIgniter\Database\MySQLi\Connection::_escapeString() must be of the type string, null given, called in /www/wwwroot/silajux.unifa.ac.id/vendor/codeigniter4/framework/system/Database/BaseConnection.php on line 1429
#0 /www/wwwroot/silajux.unifa.ac.id/vendor/codeigniter4/framework/system/Database/BaseConnection.php(1429): CodeIgniter\Database\MySQLi\Connection->_escapeString()
#1 /www/wwwroot/silajux.unifa.ac.id/app/Controllers/Front.php(937): CodeIgniter\Database\BaseConnection->escapeString()
#2 /www/wwwroot/silajux.unifa.ac.id/vendor/codeigniter4/framework/system/CodeIgniter.php(931): App\Controllers\Front->Simpanberkas()
#3 /www/wwwroot/silajux.unifa.ac.id/vendor/codeigniter4/framework/system/CodeIgniter.php(439): CodeIgniter\CodeIgniter->runController()
#4 /www/wwwroot/silajux.unifa.ac.id/vendor/codeigniter4/framework/system/CodeIgniter.php(339): CodeIgniter\CodeIgniter->handleRequest()
#5 /www/wwwroot/silajux.unifa.ac.id/public/index.php(45): CodeIgniter\CodeIgniter->run()
#6 {main}
CRITICAL - 2023-03-10 10:35:01 --> Argument 1 passed to CodeIgniter\Database\MySQLi\Connection::_escapeString() must be of the type string, null given, called in /www/wwwroot/silajux.unifa.ac.id/vendor/codeigniter4/framework/system/Database/BaseConnection.php on line 1429
#0 /www/wwwroot/silajux.unifa.ac.id/vendor/codeigniter4/framework/system/Database/BaseConnection.php(1429): CodeIgniter\Database\MySQLi\Connection->_escapeString()
#1 /www/wwwroot/silajux.unifa.ac.id/app/Controllers/Front.php(937): CodeIgniter\Database\BaseConnection->escapeString()
#2 /www/wwwroot/silajux.unifa.ac.id/vendor/codeigniter4/framework/system/CodeIgniter.php(931): App\Controllers\Front->Simpanberkas()
#3 /www/wwwroot/silajux.unifa.ac.id/vendor/codeigniter4/framework/system/CodeIgniter.php(439): CodeIgniter\CodeIgniter->runController()
#4 /www/wwwroot/silajux.unifa.ac.id/vendor/codeigniter4/framework/system/CodeIgniter.php(339): CodeIgniter\CodeIgniter->handleRequest()
#5 /www/wwwroot/silajux.unifa.ac.id/public/index.php(45): CodeIgniter\CodeIgniter->run()
#6 {main}
CRITICAL - 2023-03-10 10:35:04 --> Argument 1 passed to CodeIgniter\Database\MySQLi\Connection::_escapeString() must be of the type string, null given, called in /www/wwwroot/silajux.unifa.ac.id/vendor/codeigniter4/framework/system/Database/BaseConnection.php on line 1429
#0 /www/wwwroot/silajux.unifa.ac.id/vendor/codeigniter4/framework/system/Database/BaseConnection.php(1429): CodeIgniter\Database\MySQLi\Connection->_escapeString()
#1 /www/wwwroot/silajux.unifa.ac.id/app/Controllers/Front.php(937): CodeIgniter\Database\BaseConnection->escapeString()
#2 /www/wwwroot/silajux.unifa.ac.id/vendor/codeigniter4/framework/system/CodeIgniter.php(931): App\Controllers\Front->Simpanberkas()
#3 /www/wwwroot/silajux.unifa.ac.id/vendor/codeigniter4/framework/system/CodeIgniter.php(439): CodeIgniter\CodeIgniter->runController()
#4 /www/wwwroot/silajux.unifa.ac.id/vendor/codeigniter4/framework/system/CodeIgniter.php(339): CodeIgniter\CodeIgniter->handleRequest()
#5 /www/wwwroot/silajux.unifa.ac.id/public/index.php(45): CodeIgniter\CodeIgniter->run()
#6 {main}
CRITICAL - 2023-03-10 10:35:19 --> Argument 1 passed to CodeIgniter\Database\MySQLi\Connection::_escapeString() must be of the type string, null given, called in /www/wwwroot/silajux.unifa.ac.id/vendor/codeigniter4/framework/system/Database/BaseConnection.php on line 1429
#0 /www/wwwroot/silajux.unifa.ac.id/vendor/codeigniter4/framework/system/Database/BaseConnection.php(1429): CodeIgniter\Database\MySQLi\Connection->_escapeString()
#1 /www/wwwroot/silajux.unifa.ac.id/app/Controllers/Front.php(937): CodeIgniter\Database\BaseConnection->escapeString()
#2 /www/wwwroot/silajux.unifa.ac.id/vendor/codeigniter4/framework/system/CodeIgniter.php(931): App\Controllers\Front->Simpanberkas()
#3 /www/wwwroot/silajux.unifa.ac.id/vendor/codeigniter4/framework/system/CodeIgniter.php(439): CodeIgniter\CodeIgniter->runController()
#4 /www/wwwroot/silajux.unifa.ac.id/vendor/codeigniter4/framework/system/CodeIgniter.php(339): CodeIgniter\CodeIgniter->handleRequest()
#5 /www/wwwroot/silajux.unifa.ac.id/public/index.php(45): CodeIgniter\CodeIgniter->run()
#6 {main}
CRITICAL - 2023-03-10 10:47:51 --> Argument 1 passed to CodeIgniter\Database\MySQLi\Connection::_escapeString() must be of the type string, null given, called in /www/wwwroot/silajux.unifa.ac.id/vendor/codeigniter4/framework/system/Database/BaseConnection.php on line 1429
#0 /www/wwwroot/silajux.unifa.ac.id/vendor/codeigniter4/framework/system/Database/BaseConnection.php(1429): CodeIgniter\Database\MySQLi\Connection->_escapeString()
#1 /www/wwwroot/silajux.unifa.ac.id/app/Controllers/Front.php(937): CodeIgniter\Database\BaseConnection->escapeString()
#2 /www/wwwroot/silajux.unifa.ac.id/vendor/codeigniter4/framework/system/CodeIgniter.php(931): App\Controllers\Front->Simpanberkas()
#3 /www/wwwroot/silajux.unifa.ac.id/vendor/codeigniter4/framework/system/CodeIgniter.php(439): CodeIgniter\CodeIgniter->runController()
#4 /www/wwwroot/silajux.unifa.ac.id/vendor/codeigniter4/framework/system/CodeIgniter.php(339): CodeIgniter\CodeIgniter->handleRequest()
#5 /www/wwwroot/silajux.unifa.ac.id/public/index.php(45): CodeIgniter\CodeIgniter->run()
#6 {main}
CRITICAL - 2023-03-10 11:57:06 --> Argument 1 passed to CodeIgniter\Database\MySQLi\Connection::_escapeString() must be of the type string, null given, called in /www/wwwroot/silajux.unifa.ac.id/vendor/codeigniter4/framework/system/Database/BaseConnection.php on line 1429
#0 /www/wwwroot/silajux.unifa.ac.id/vendor/codeigniter4/framework/system/Database/BaseConnection.php(1429): CodeIgniter\Database\MySQLi\Connection->_escapeString()
#1 /www/wwwroot/silajux.unifa.ac.id/app/Controllers/Front.php(940): CodeIgniter\Database\BaseConnection->escapeString()
#2 /www/wwwroot/silajux.unifa.ac.id/vendor/codeigniter4/framework/system/CodeIgniter.php(931): App\Controllers\Front->Simpanberkas()
#3 /www/wwwroot/silajux.unifa.ac.id/vendor/codeigniter4/framework/system/CodeIgniter.php(439): CodeIgniter\CodeIgniter->runController()
#4 /www/wwwroot/silajux.unifa.ac.id/vendor/codeigniter4/framework/system/CodeIgniter.php(339): CodeIgniter\CodeIgniter->handleRequest()
#5 /www/wwwroot/silajux.unifa.ac.id/public/index.php(45): CodeIgniter\CodeIgniter->run()
#6 {main}
CRITICAL - 2023-03-10 16:29:08 --> Call to a member function getResult() on bool
#0 /www/wwwroot/silajux.unifa.ac.id/vendor/codeigniter4/framework/system/BaseModel.php(603): CodeIgniter\Model->doFindAll()
#1 /www/wwwroot/silajux.unifa.ac.id/app/Controllers/Front.php(645): CodeIgniter\BaseModel->findAll()
#2 /www/wwwroot/silajux.unifa.ac.id/vendor/codeigniter4/framework/system/CodeIgniter.php(931): App\Controllers\Front->importMkA1()
#3 /www/wwwroot/silajux.unifa.ac.id/vendor/codeigniter4/framework/system/CodeIgniter.php(439): CodeIgniter\CodeIgniter->runController()
#4 /www/wwwroot/silajux.unifa.ac.id/vendor/codeigniter4/framework/system/CodeIgniter.php(339): CodeIgniter\CodeIgniter->handleRequest()
#5 /www/wwwroot/silajux.unifa.ac.id/public/index.php(45): CodeIgniter\CodeIgniter->run()
#6 {main}
CRITICAL - 2023-03-10 18:39:38 --> Argument 1 passed to CodeIgniter\Database\MySQLi\Connection::_escapeString() must be of the type string, null given, called in /www/wwwroot/silajux.unifa.ac.id/vendor/codeigniter4/framework/system/Database/BaseConnection.php on line 1429
#0 /www/wwwroot/silajux.unifa.ac.id/vendor/codeigniter4/framework/system/Database/BaseConnection.php(1429): CodeIgniter\Database\MySQLi\Connection->_escapeString()
#1 /www/wwwroot/silajux.unifa.ac.id/app/Controllers/Front.php(940): CodeIgniter\Database\BaseConnection->escapeString()
#2 /www/wwwroot/silajux.unifa.ac.id/vendor/codeigniter4/framework/system/CodeIgniter.php(931): App\Controllers\Front->Simpanberkas()
#3 /www/wwwroot/silajux.unifa.ac.id/vendor/codeigniter4/framework/system/CodeIgniter.php(439): CodeIgniter\CodeIgniter->runController()
#4 /www/wwwroot/silajux.unifa.ac.id/vendor/codeigniter4/framework/system/CodeIgniter.php(339): CodeIgniter\CodeIgniter->handleRequest()
#5 /www/wwwroot/silajux.unifa.ac.id/public/index.php(45): CodeIgniter\CodeIgniter->run()
#6 {main}
CRITICAL - 2023-03-10 18:43:40 --> Argument 1 passed to CodeIgniter\Database\MySQLi\Connection::_escapeString() must be of the type string, null given, called in /www/wwwroot/silajux.unifa.ac.id/vendor/codeigniter4/framework/system/Database/BaseConnection.php on line 1429
#0 /www/wwwroot/silajux.unifa.ac.id/vendor/codeigniter4/framework/system/Database/BaseConnection.php(1429): CodeIgniter\Database\MySQLi\Connection->_escapeString()
#1 /www/wwwroot/silajux.unifa.ac.id/app/Controllers/Front.php(940): CodeIgniter\Database\BaseConnection->escapeString()
#2 /www/wwwroot/silajux.unifa.ac.id/vendor/codeigniter4/framework/system/CodeIgniter.php(931): App\Controllers\Front->Simpanberkas()
#3 /www/wwwroot/silajux.unifa.ac.id/vendor/codeigniter4/framework/system/CodeIgniter.php(439): CodeIgniter\CodeIgniter->runController()
#4 /www/wwwroot/silajux.unifa.ac.id/vendor/codeigniter4/framework/system/CodeIgniter.php(339): CodeIgniter\CodeIgniter->handleRequest()
#5 /www/wwwroot/silajux.unifa.ac.id/public/index.php(45): CodeIgniter\CodeIgniter->run()
#6 {main}
CRITICAL - 2023-03-10 18:44:17 --> Argument 1 passed to CodeIgniter\Database\MySQLi\Connection::_escapeString() must be of the type string, null given, called in /www/wwwroot/silajux.unifa.ac.id/vendor/codeigniter4/framework/system/Database/BaseConnection.php on line 1429
#0 /www/wwwroot/silajux.unifa.ac.id/vendor/codeigniter4/framework/system/Database/BaseConnection.php(1429): CodeIgniter\Database\MySQLi\Connection->_escapeString()
#1 /www/wwwroot/silajux.unifa.ac.id/app/Controllers/Front.php(940): CodeIgniter\Database\BaseConnection->escapeString()
#2 /www/wwwroot/silajux.unifa.ac.id/vendor/codeigniter4/framework/system/CodeIgniter.php(931): App\Controllers\Front->Simpanberkas()
#3 /www/wwwroot/silajux.unifa.ac.id/vendor/codeigniter4/framework/system/CodeIgniter.php(439): CodeIgniter\CodeIgniter->runController()
#4 /www/wwwroot/silajux.unifa.ac.id/vendor/codeigniter4/framework/system/CodeIgniter.php(339): CodeIgniter\CodeIgniter->handleRequest()
#5 /www/wwwroot/silajux.unifa.ac.id/public/index.php(45): CodeIgniter\CodeIgniter->run()
#6 {main}
CRITICAL - 2023-03-10 18:47:12 --> Argument 1 passed to CodeIgniter\Database\MySQLi\Connection::_escapeString() must be of the type string, null given, called in /www/wwwroot/silajux.unifa.ac.id/vendor/codeigniter4/framework/system/Database/BaseConnection.php on line 1429
#0 /www/wwwroot/silajux.unifa.ac.id/vendor/codeigniter4/framework/system/Database/BaseConnection.php(1429): CodeIgniter\Database\MySQLi\Connection->_escapeString()
#1 /www/wwwroot/silajux.unifa.ac.id/app/Controllers/Front.php(940): CodeIgniter\Database\BaseConnection->escapeString()
#2 /www/wwwroot/silajux.unifa.ac.id/vendor/codeigniter4/framework/system/CodeIgniter.php(931): App\Controllers\Front->Simpanberkas()
#3 /www/wwwroot/silajux.unifa.ac.id/vendor/codeigniter4/framework/system/CodeIgniter.php(439): CodeIgniter\CodeIgniter->runController()
#4 /www/wwwroot/silajux.unifa.ac.id/vendor/codeigniter4/framework/system/CodeIgniter.php(339): CodeIgniter\CodeIgniter->handleRequest()
#5 /www/wwwroot/silajux.unifa.ac.id/public/index.php(45): CodeIgniter\CodeIgniter->run()
#6 {main}
CRITICAL - 2023-03-10 18:47:12 --> Argument 1 passed to CodeIgniter\Database\MySQLi\Connection::_escapeString() must be of the type string, null given, called in /www/wwwroot/silajux.unifa.ac.id/vendor/codeigniter4/framework/system/Database/BaseConnection.php on line 1429
#0 /www/wwwroot/silajux.unifa.ac.id/vendor/codeigniter4/framework/system/Database/BaseConnection.php(1429): CodeIgniter\Database\MySQLi\Connection->_escapeString()
#1 /www/wwwroot/silajux.unifa.ac.id/app/Controllers/Front.php(937): CodeIgniter\Database\BaseConnection->escapeString()
#2 /www/wwwroot/silajux.unifa.ac.id/vendor/codeigniter4/framework/system/CodeIgniter.php(931): App\Controllers\Front->Simpanberkas()
#3 /www/wwwroot/silajux.unifa.ac.id/vendor/codeigniter4/framework/system/CodeIgniter.php(439): CodeIgniter\CodeIgniter->runController()
#4 /www/wwwroot/silajux.unifa.ac.id/vendor/codeigniter4/framework/system/CodeIgniter.php(339): CodeIgniter\CodeIgniter->handleRequest()
#5 /www/wwwroot/silajux.unifa.ac.id/public/index.php(45): CodeIgniter\CodeIgniter->run()
#6 {main}
CRITICAL - 2023-03-10 18:48:21 --> Argument 1 passed to CodeIgniter\Database\MySQLi\Connection::_escapeString() must be of the type string, null given, called in /www/wwwroot/silajux.unifa.ac.id/vendor/codeigniter4/framework/system/Database/BaseConnection.php on line 1429
#0 /www/wwwroot/silajux.unifa.ac.id/vendor/codeigniter4/framework/system/Database/BaseConnection.php(1429): CodeIgniter\Database\MySQLi\Connection->_escapeString()
#1 /www/wwwroot/silajux.unifa.ac.id/app/Controllers/Front.php(940): CodeIgniter\Database\BaseConnection->escapeString()
#2 /www/wwwroot/silajux.unifa.ac.id/vendor/codeigniter4/framework/system/CodeIgniter.php(931): App\Controllers\Front->Simpanberkas()
#3 /www/wwwroot/silajux.unifa.ac.id/vendor/codeigniter4/framework/system/CodeIgniter.php(439): CodeIgniter\CodeIgniter->runController()
#4 /www/wwwroot/silajux.unifa.ac.id/vendor/codeigniter4/framework/system/CodeIgniter.php(339): CodeIgniter\CodeIgniter->handleRequest()
#5 /www/wwwroot/silajux.unifa.ac.id/public/index.php(45): CodeIgniter\CodeIgniter->run()
#6 {main}
CRITICAL - 2023-03-10 18:48:58 --> Argument 1 passed to CodeIgniter\Database\MySQLi\Connection::_escapeString() must be of the type string, null given, called in /www/wwwroot/silajux.unifa.ac.id/vendor/codeigniter4/framework/system/Database/BaseConnection.php on line 1429
#0 /www/wwwroot/silajux.unifa.ac.id/vendor/codeigniter4/framework/system/Database/BaseConnection.php(1429): CodeIgniter\Database\MySQLi\Connection->_escapeString()
#1 /www/wwwroot/silajux.unifa.ac.id/app/Controllers/Front.php(940): CodeIgniter\Database\BaseConnection->escapeString()
#2 /www/wwwroot/silajux.unifa.ac.id/vendor/codeigniter4/framework/system/CodeIgniter.php(931): App\Controllers\Front->Simpanberkas()
#3 /www/wwwroot/silajux.unifa.ac.id/vendor/codeigniter4/framework/system/CodeIgniter.php(439): CodeIgniter\CodeIgniter->runController()
#4 /www/wwwroot/silajux.unifa.ac.id/vendor/codeigniter4/framework/system/CodeIgniter.php(339): CodeIgniter\CodeIgniter->handleRequest()
#5 /www/wwwroot/silajux.unifa.ac.id/public/index.php(45): CodeIgniter\CodeIgniter->run()
#6 {main}
CRITICAL - 2023-03-10 18:54:39 --> Argument 1 passed to CodeIgniter\Database\MySQLi\Connection::_escapeString() must be of the type string, null given, called in /www/wwwroot/silajux.unifa.ac.id/vendor/codeigniter4/framework/system/Database/BaseConnection.php on line 1429
#0 /www/wwwroot/silajux.unifa.ac.id/vendor/codeigniter4/framework/system/Database/BaseConnection.php(1429): CodeIgniter\Database\MySQLi\Connection->_escapeString()
#1 /www/wwwroot/silajux.unifa.ac.id/app/Controllers/Front.php(940): CodeIgniter\Database\BaseConnection->escapeString()
#2 /www/wwwroot/silajux.unifa.ac.id/vendor/codeigniter4/framework/system/CodeIgniter.php(931): App\Controllers\Front->Simpanberkas()
#3 /www/wwwroot/silajux.unifa.ac.id/vendor/codeigniter4/framework/system/CodeIgniter.php(439): CodeIgniter\CodeIgniter->runController()
#4 /www/wwwroot/silajux.unifa.ac.id/vendor/codeigniter4/framework/system/CodeIgniter.php(339): CodeIgniter\CodeIgniter->handleRequest()
#5 /www/wwwroot/silajux.unifa.ac.id/public/index.php(45): CodeIgniter\CodeIgniter->run()
#6 {main}
CRITICAL - 2023-03-10 20:09:14 --> Argument 1 passed to CodeIgniter\Database\MySQLi\Connection::_escapeString() must be of the type string, null given, called in /www/wwwroot/silajux.unifa.ac.id/vendor/codeigniter4/framework/system/Database/BaseConnection.php on line 1429
#0 /www/wwwroot/silajux.unifa.ac.id/vendor/codeigniter4/framework/system/Database/BaseConnection.php(1429): CodeIgniter\Database\MySQLi\Connection->_escapeString()
#1 /www/wwwroot/silajux.unifa.ac.id/app/Controllers/Front.php(940): CodeIgniter\Database\BaseConnection->escapeString()
#2 /www/wwwroot/silajux.unifa.ac.id/vendor/codeigniter4/framework/system/CodeIgniter.php(931): App\Controllers\Front->Simpanberkas()
#3 /www/wwwroot/silajux.unifa.ac.id/vendor/codeigniter4/framework/system/CodeIgniter.php(439): CodeIgniter\CodeIgniter->runController()
#4 /www/wwwroot/silajux.unifa.ac.id/vendor/codeigniter4/framework/system/CodeIgniter.php(339): CodeIgniter\CodeIgniter->handleRequest()
#5 /www/wwwroot/silajux.unifa.ac.id/public/index.php(45): CodeIgniter\CodeIgniter->run()
#6 {main}
CRITICAL - 2023-03-10 20:09:25 --> Argument 1 passed to CodeIgniter\Database\MySQLi\Connection::_escapeString() must be of the type string, null given, called in /www/wwwroot/silajux.unifa.ac.id/vendor/codeigniter4/framework/system/Database/BaseConnection.php on line 1429
#0 /www/wwwroot/silajux.unifa.ac.id/vendor/codeigniter4/framework/system/Database/BaseConnection.php(1429): CodeIgniter\Database\MySQLi\Connection->_escapeString()
#1 /www/wwwroot/silajux.unifa.ac.id/app/Controllers/Front.php(940): CodeIgniter\Database\BaseConnection->escapeString()
#2 /www/wwwroot/silajux.unifa.ac.id/vendor/codeigniter4/framework/system/CodeIgniter.php(931): App\Controllers\Front->Simpanberkas()
#3 /www/wwwroot/silajux.unifa.ac.id/vendor/codeigniter4/framework/system/CodeIgniter.php(439): CodeIgniter\CodeIgniter->runController()
#4 /www/wwwroot/silajux.unifa.ac.id/vendor/codeigniter4/framework/system/CodeIgniter.php(339): CodeIgniter\CodeIgniter->handleRequest()
#5 /www/wwwroot/silajux.unifa.ac.id/public/index.php(45): CodeIgniter\CodeIgniter->run()
#6 {main}
CRITICAL - 2023-03-10 20:09:26 --> Argument 1 passed to CodeIgniter\Database\MySQLi\Connection::_escapeString() must be of the type string, null given, called in /www/wwwroot/silajux.unifa.ac.id/vendor/codeigniter4/framework/system/Database/BaseConnection.php on line 1429
#0 /www/wwwroot/silajux.unifa.ac.id/vendor/codeigniter4/framework/system/Database/BaseConnection.php(1429): CodeIgniter\Database\MySQLi\Connection->_escapeString()
#1 /www/wwwroot/silajux.unifa.ac.id/app/Controllers/Front.php(940): CodeIgniter\Database\BaseConnection->escapeString()
#2 /www/wwwroot/silajux.unifa.ac.id/vendor/codeigniter4/framework/system/CodeIgniter.php(931): App\Controllers\Front->Simpanberkas()
#3 /www/wwwroot/silajux.unifa.ac.id/vendor/codeigniter4/framework/system/CodeIgniter.php(439): CodeIgniter\CodeIgniter->runController()
#4 /www/wwwroot/silajux.unifa.ac.id/vendor/codeigniter4/framework/system/CodeIgniter.php(339): CodeIgniter\CodeIgniter->handleRequest()
#5 /www/wwwroot/silajux.unifa.ac.id/public/index.php(45): CodeIgniter\CodeIgniter->run()
#6 {main}
CRITICAL - 2023-03-10 20:09:27 --> Argument 1 passed to CodeIgniter\Database\MySQLi\Connection::_escapeString() must be of the type string, null given, called in /www/wwwroot/silajux.unifa.ac.id/vendor/codeigniter4/framework/system/Database/BaseConnection.php on line 1429
#0 /www/wwwroot/silajux.unifa.ac.id/vendor/codeigniter4/framework/system/Database/BaseConnection.php(1429): CodeIgniter\Database\MySQLi\Connection->_escapeString()
#1 /www/wwwroot/silajux.unifa.ac.id/app/Controllers/Front.php(940): CodeIgniter\Database\BaseConnection->escapeString()
#2 /www/wwwroot/silajux.unifa.ac.id/vendor/codeigniter4/framework/system/CodeIgniter.php(931): App\Controllers\Front->Simpanberkas()
#3 /www/wwwroot/silajux.unifa.ac.id/vendor/codeigniter4/framework/system/CodeIgniter.php(439): CodeIgniter\CodeIgniter->runController()
#4 /www/wwwroot/silajux.unifa.ac.id/vendor/codeigniter4/framework/system/CodeIgniter.php(339): CodeIgniter\CodeIgniter->handleRequest()
#5 /www/wwwroot/silajux.unifa.ac.id/public/index.php(45): CodeIgniter\CodeIgniter->run()
#6 {main}
CRITICAL - 2023-03-10 20:09:28 --> Argument 1 passed to CodeIgniter\Database\MySQLi\Connection::_escapeString() must be of the type string, null given, called in /www/wwwroot/silajux.unifa.ac.id/vendor/codeigniter4/framework/system/Database/BaseConnection.php on line 1429
#0 /www/wwwroot/silajux.unifa.ac.id/vendor/codeigniter4/framework/system/Database/BaseConnection.php(1429): CodeIgniter\Database\MySQLi\Connection->_escapeString()
#1 /www/wwwroot/silajux.unifa.ac.id/app/Controllers/Front.php(940): CodeIgniter\Database\BaseConnection->escapeString()
#2 /www/wwwroot/silajux.unifa.ac.id/vendor/codeigniter4/framework/system/CodeIgniter.php(931): App\Controllers\Front->Simpanberkas()
#3 /www/wwwroot/silajux.unifa.ac.id/vendor/codeigniter4/framework/system/CodeIgniter.php(439): CodeIgniter\CodeIgniter->runController()
#4 /www/wwwroot/silajux.unifa.ac.id/vendor/codeigniter4/framework/system/CodeIgniter.php(339): CodeIgniter\CodeIgniter->handleRequest()
#5 /www/wwwroot/silajux.unifa.ac.id/public/index.php(45): CodeIgniter\CodeIgniter->run()
#6 {main}
CRITICAL - 2023-03-10 20:09:38 --> Argument 1 passed to CodeIgniter\Database\MySQLi\Connection::_escapeString() must be of the type string, null given, called in /www/wwwroot/silajux.unifa.ac.id/vendor/codeigniter4/framework/system/Database/BaseConnection.php on line 1429
#0 /www/wwwroot/silajux.unifa.ac.id/vendor/codeigniter4/framework/system/Database/BaseConnection.php(1429): CodeIgniter\Database\MySQLi\Connection->_escapeString()
#1 /www/wwwroot/silajux.unifa.ac.id/app/Controllers/Front.php(940): CodeIgniter\Database\BaseConnection->escapeString()
#2 /www/wwwroot/silajux.unifa.ac.id/vendor/codeigniter4/framework/system/CodeIgniter.php(931): App\Controllers\Front->Simpanberkas()
#3 /www/wwwroot/silajux.unifa.ac.id/vendor/codeigniter4/framework/system/CodeIgniter.php(439): CodeIgniter\CodeIgniter->runController()
#4 /www/wwwroot/silajux.unifa.ac.id/vendor/codeigniter4/framework/system/CodeIgniter.php(339): CodeIgniter\CodeIgniter->handleRequest()
#5 /www/wwwroot/silajux.unifa.ac.id/public/index.php(45): CodeIgniter\CodeIgniter->run()
#6 {main}
CRITICAL - 2023-03-10 20:13:01 --> Argument 1 passed to CodeIgniter\Database\MySQLi\Connection::_escapeString() must be of the type string, null given, called in /www/wwwroot/silajux.unifa.ac.id/vendor/codeigniter4/framework/system/Database/BaseConnection.php on line 1429
#0 /www/wwwroot/silajux.unifa.ac.id/vendor/codeigniter4/framework/system/Database/BaseConnection.php(1429): CodeIgniter\Database\MySQLi\Connection->_escapeString()
#1 /www/wwwroot/silajux.unifa.ac.id/app/Controllers/Front.php(940): CodeIgniter\Database\BaseConnection->escapeString()
#2 /www/wwwroot/silajux.unifa.ac.id/vendor/codeigniter4/framework/system/CodeIgniter.php(931): App\Controllers\Front->Simpanberkas()
#3 /www/wwwroot/silajux.unifa.ac.id/vendor/codeigniter4/framework/system/CodeIgniter.php(439): CodeIgniter\CodeIgniter->runController()
#4 /www/wwwroot/silajux.unifa.ac.id/vendor/codeigniter4/framework/system/CodeIgniter.php(339): CodeIgniter\CodeIgniter->handleRequest()
#5 /www/wwwroot/silajux.unifa.ac.id/public/index.php(45): CodeIgniter\CodeIgniter->run()
#6 {main}
CRITICAL - 2023-03-10 20:13:08 --> Argument 1 passed to CodeIgniter\Database\MySQLi\Connection::_escapeString() must be of the type string, null given, called in /www/wwwroot/silajux.unifa.ac.id/vendor/codeigniter4/framework/system/Database/BaseConnection.php on line 1429
#0 /www/wwwroot/silajux.unifa.ac.id/vendor/codeigniter4/framework/system/Database/BaseConnection.php(1429): CodeIgniter\Database\MySQLi\Connection->_escapeString()
#1 /www/wwwroot/silajux.unifa.ac.id/app/Controllers/Front.php(940): CodeIgniter\Database\BaseConnection->escapeString()
#2 /www/wwwroot/silajux.unifa.ac.id/vendor/codeigniter4/framework/system/CodeIgniter.php(931): App\Controllers\Front->Simpanberkas()
#3 /www/wwwroot/silajux.unifa.ac.id/vendor/codeigniter4/framework/system/CodeIgniter.php(439): CodeIgniter\CodeIgniter->runController()
#4 /www/wwwroot/silajux.unifa.ac.id/vendor/codeigniter4/framework/system/CodeIgniter.php(339): CodeIgniter\CodeIgniter->handleRequest()
#5 /www/wwwroot/silajux.unifa.ac.id/public/index.php(45): CodeIgniter\CodeIgniter->run()
#6 {main}
CRITICAL - 2023-03-10 20:19:34 --> Argument 1 passed to CodeIgniter\Database\MySQLi\Connection::_escapeString() must be of the type string, null given, called in /www/wwwroot/silajux.unifa.ac.id/vendor/codeigniter4/framework/system/Database/BaseConnection.php on line 1429
#0 /www/wwwroot/silajux.unifa.ac.id/vendor/codeigniter4/framework/system/Database/BaseConnection.php(1429): CodeIgniter\Database\MySQLi\Connection->_escapeString()
#1 /www/wwwroot/silajux.unifa.ac.id/app/Controllers/Front.php(940): CodeIgniter\Database\BaseConnection->escapeString()
#2 /www/wwwroot/silajux.unifa.ac.id/vendor/codeigniter4/framework/system/CodeIgniter.php(931): App\Controllers\Front->Simpanberkas()
#3 /www/wwwroot/silajux.unifa.ac.id/vendor/codeigniter4/framework/system/CodeIgniter.php(439): CodeIgniter\CodeIgniter->runController()
#4 /www/wwwroot/silajux.unifa.ac.id/vendor/codeigniter4/framework/system/CodeIgniter.php(339): CodeIgniter\CodeIgniter->handleRequest()
#5 /www/wwwroot/silajux.unifa.ac.id/public/index.php(45): CodeIgniter\CodeIgniter->run()
#6 {main}
CRITICAL - 2023-03-10 20:23:20 --> Argument 1 passed to CodeIgniter\Database\MySQLi\Connection::_escapeString() must be of the type string, null given, called in /www/wwwroot/silajux.unifa.ac.id/vendor/codeigniter4/framework/system/Database/BaseConnection.php on line 1429
#0 /www/wwwroot/silajux.unifa.ac.id/vendor/codeigniter4/framework/system/Database/BaseConnection.php(1429): CodeIgniter\Database\MySQLi\Connection->_escapeString()
#1 /www/wwwroot/silajux.unifa.ac.id/app/Controllers/Front.php(940): CodeIgniter\Database\BaseConnection->escapeString()
#2 /www/wwwroot/silajux.unifa.ac.id/vendor/codeigniter4/framework/system/CodeIgniter.php(931): App\Controllers\Front->Simpanberkas()
#3 /www/wwwroot/silajux.unifa.ac.id/vendor/codeigniter4/framework/system/CodeIgniter.php(439): CodeIgniter\CodeIgniter->runController()
#4 /www/wwwroot/silajux.unifa.ac.id/vendor/codeigniter4/framework/system/CodeIgniter.php(339): CodeIgniter\CodeIgniter->handleRequest()
#5 /www/wwwroot/silajux.unifa.ac.id/public/index.php(45): CodeIgniter\CodeIgniter->run()
#6 {main}
CRITICAL - 2023-03-10 20:23:46 --> Argument 1 passed to CodeIgniter\Database\MySQLi\Connection::_escapeString() must be of the type string, null given, called in /www/wwwroot/silajux.unifa.ac.id/vendor/codeigniter4/framework/system/Database/BaseConnection.php on line 1429
#0 /www/wwwroot/silajux.unifa.ac.id/vendor/codeigniter4/framework/system/Database/BaseConnection.php(1429): CodeIgniter\Database\MySQLi\Connection->_escapeString()
#1 /www/wwwroot/silajux.unifa.ac.id/app/Controllers/Front.php(940): CodeIgniter\Database\BaseConnection->escapeString()
#2 /www/wwwroot/silajux.unifa.ac.id/vendor/codeigniter4/framework/system/CodeIgniter.php(931): App\Controllers\Front->Simpanberkas()
#3 /www/wwwroot/silajux.unifa.ac.id/vendor/codeigniter4/framework/system/CodeIgniter.php(439): CodeIgniter\CodeIgniter->runController()
#4 /www/wwwroot/silajux.unifa.ac.id/vendor/codeigniter4/framework/system/CodeIgniter.php(339): CodeIgniter\CodeIgniter->handleRequest()
#5 /www/wwwroot/silajux.unifa.ac.id/public/index.php(45): CodeIgniter\CodeIgniter->run()
#6 {main}
CRITICAL - 2023-03-10 20:28:33 --> Argument 1 passed to CodeIgniter\Database\MySQLi\Connection::_escapeString() must be of the type string, null given, called in /www/wwwroot/silajux.unifa.ac.id/vendor/codeigniter4/framework/system/Database/BaseConnection.php on line 1429
#0 /www/wwwroot/silajux.unifa.ac.id/vendor/codeigniter4/framework/system/Database/BaseConnection.php(1429): CodeIgniter\Database\MySQLi\Connection->_escapeString()
#1 /www/wwwroot/silajux.unifa.ac.id/app/Controllers/Front.php(940): CodeIgniter\Database\BaseConnection->escapeString()
#2 /www/wwwroot/silajux.unifa.ac.id/vendor/codeigniter4/framework/system/CodeIgniter.php(931): App\Controllers\Front->Simpanberkas()
#3 /www/wwwroot/silajux.unifa.ac.id/vendor/codeigniter4/framework/system/CodeIgniter.php(439): CodeIgniter\CodeIgniter->runController()
#4 /www/wwwroot/silajux.unifa.ac.id/vendor/codeigniter4/framework/system/CodeIgniter.php(339): CodeIgniter\CodeIgniter->handleRequest()
#5 /www/wwwroot/silajux.unifa.ac.id/public/index.php(45): CodeIgniter\CodeIgniter->run()
#6 {main}
CRITICAL - 2023-03-10 20:53:25 --> Argument 1 passed to CodeIgniter\Database\MySQLi\Connection::_escapeString() must be of the type string, null given, called in /www/wwwroot/silajux.unifa.ac.id/vendor/codeigniter4/framework/system/Database/BaseConnection.php on line 1429
#0 /www/wwwroot/silajux.unifa.ac.id/vendor/codeigniter4/framework/system/Database/BaseConnection.php(1429): CodeIgniter\Database\MySQLi\Connection->_escapeString()
#1 /www/wwwroot/silajux.unifa.ac.id/app/Controllers/Front.php(940): CodeIgniter\Database\BaseConnection->escapeString()
#2 /www/wwwroot/silajux.unifa.ac.id/vendor/codeigniter4/framework/system/CodeIgniter.php(931): App\Controllers\Front->Simpanberkas()
#3 /www/wwwroot/silajux.unifa.ac.id/vendor/codeigniter4/framework/system/CodeIgniter.php(439): CodeIgniter\CodeIgniter->runController()
#4 /www/wwwroot/silajux.unifa.ac.id/vendor/codeigniter4/framework/system/CodeIgniter.php(339): CodeIgniter\CodeIgniter->handleRequest()
#5 /www/wwwroot/silajux.unifa.ac.id/public/index.php(45): CodeIgniter\CodeIgniter->run()
#6 {main}
CRITICAL - 2023-03-10 20:55:38 --> Argument 1 passed to CodeIgniter\Database\MySQLi\Connection::_escapeString() must be of the type string, null given, called in /www/wwwroot/silajux.unifa.ac.id/vendor/codeigniter4/framework/system/Database/BaseConnection.php on line 1429
#0 /www/wwwroot/silajux.unifa.ac.id/vendor/codeigniter4/framework/system/Database/BaseConnection.php(1429): CodeIgniter\Database\MySQLi\Connection->_escapeString()
#1 /www/wwwroot/silajux.unifa.ac.id/app/Controllers/Front.php(940): CodeIgniter\Database\BaseConnection->escapeString()
#2 /www/wwwroot/silajux.unifa.ac.id/vendor/codeigniter4/framework/system/CodeIgniter.php(931): App\Controllers\Front->Simpanberkas()
#3 /www/wwwroot/silajux.unifa.ac.id/vendor/codeigniter4/framework/system/CodeIgniter.php(439): CodeIgniter\CodeIgniter->runController()
#4 /www/wwwroot/silajux.unifa.ac.id/vendor/codeigniter4/framework/system/CodeIgniter.php(339): CodeIgniter\CodeIgniter->handleRequest()
#5 /www/wwwroot/silajux.unifa.ac.id/public/index.php(45): CodeIgniter\CodeIgniter->run()
#6 {main}
CRITICAL - 2023-03-10 21:01:49 --> Argument 1 passed to CodeIgniter\Database\MySQLi\Connection::_escapeString() must be of the type string, null given, called in /www/wwwroot/silajux.unifa.ac.id/vendor/codeigniter4/framework/system/Database/BaseConnection.php on line 1429
#0 /www/wwwroot/silajux.unifa.ac.id/vendor/codeigniter4/framework/system/Database/BaseConnection.php(1429): CodeIgniter\Database\MySQLi\Connection->_escapeString()
#1 /www/wwwroot/silajux.unifa.ac.id/app/Controllers/Front.php(940): CodeIgniter\Database\BaseConnection->escapeString()
#2 /www/wwwroot/silajux.unifa.ac.id/vendor/codeigniter4/framework/system/CodeIgniter.php(931): App\Controllers\Front->Simpanberkas()
#3 /www/wwwroot/silajux.unifa.ac.id/vendor/codeigniter4/framework/system/CodeIgniter.php(439): CodeIgniter\CodeIgniter->runController()
#4 /www/wwwroot/silajux.unifa.ac.id/vendor/codeigniter4/framework/system/CodeIgniter.php(339): CodeIgniter\CodeIgniter->handleRequest()
#5 /www/wwwroot/silajux.unifa.ac.id/public/index.php(45): CodeIgniter\CodeIgniter->run()
#6 {main}
CRITICAL - 2023-03-10 21:02:05 --> Argument 1 passed to CodeIgniter\Database\MySQLi\Connection::_escapeString() must be of the type string, null given, called in /www/wwwroot/silajux.unifa.ac.id/vendor/codeigniter4/framework/system/Database/BaseConnection.php on line 1429
#0 /www/wwwroot/silajux.unifa.ac.id/vendor/codeigniter4/framework/system/Database/BaseConnection.php(1429): CodeIgniter\Database\MySQLi\Connection->_escapeString()
#1 /www/wwwroot/silajux.unifa.ac.id/app/Controllers/Front.php(940): CodeIgniter\Database\BaseConnection->escapeString()
#2 /www/wwwroot/silajux.unifa.ac.id/vendor/codeigniter4/framework/system/CodeIgniter.php(931): App\Controllers\Front->Simpanberkas()
#3 /www/wwwroot/silajux.unifa.ac.id/vendor/codeigniter4/framework/system/CodeIgniter.php(439): CodeIgniter\CodeIgniter->runController()
#4 /www/wwwroot/silajux.unifa.ac.id/vendor/codeigniter4/framework/system/CodeIgniter.php(339): CodeIgniter\CodeIgniter->handleRequest()
#5 /www/wwwroot/silajux.unifa.ac.id/public/index.php(45): CodeIgniter\CodeIgniter->run()
#6 {main}
CRITICAL - 2023-03-10 21:17:57 --> Argument 1 passed to CodeIgniter\Database\MySQLi\Connection::_escapeString() must be of the type string, null given, called in /www/wwwroot/silajux.unifa.ac.id/vendor/codeigniter4/framework/system/Database/BaseConnection.php on line 1429
#0 /www/wwwroot/silajux.unifa.ac.id/vendor/codeigniter4/framework/system/Database/BaseConnection.php(1429): CodeIgniter\Database\MySQLi\Connection->_escapeString()
#1 /www/wwwroot/silajux.unifa.ac.id/app/Controllers/Front.php(940): CodeIgniter\Database\BaseConnection->escapeString()
#2 /www/wwwroot/silajux.unifa.ac.id/vendor/codeigniter4/framework/system/CodeIgniter.php(931): App\Controllers\Front->Simpanberkas()
#3 /www/wwwroot/silajux.unifa.ac.id/vendor/codeigniter4/framework/system/CodeIgniter.php(439): CodeIgniter\CodeIgniter->runController()
#4 /www/wwwroot/silajux.unifa.ac.id/vendor/codeigniter4/framework/system/CodeIgniter.php(339): CodeIgniter\CodeIgniter->handleRequest()
#5 /www/wwwroot/silajux.unifa.ac.id/public/index.php(45): CodeIgniter\CodeIgniter->run()
#6 {main}
CRITICAL - 2023-03-10 21:24:30 --> Argument 1 passed to CodeIgniter\Database\MySQLi\Connection::_escapeString() must be of the type string, null given, called in /www/wwwroot/silajux.unifa.ac.id/vendor/codeigniter4/framework/system/Database/BaseConnection.php on line 1429
#0 /www/wwwroot/silajux.unifa.ac.id/vendor/codeigniter4/framework/system/Database/BaseConnection.php(1429): CodeIgniter\Database\MySQLi\Connection->_escapeString()
#1 /www/wwwroot/silajux.unifa.ac.id/app/Controllers/Front.php(940): CodeIgniter\Database\BaseConnection->escapeString()
#2 /www/wwwroot/silajux.unifa.ac.id/vendor/codeigniter4/framework/system/CodeIgniter.php(931): App\Controllers\Front->Simpanberkas()
#3 /www/wwwroot/silajux.unifa.ac.id/vendor/codeigniter4/framework/system/CodeIgniter.php(439): CodeIgniter\CodeIgniter->runController()
#4 /www/wwwroot/silajux.unifa.ac.id/vendor/codeigniter4/framework/system/CodeIgniter.php(339): CodeIgniter\CodeIgniter->handleRequest()
#5 /www/wwwroot/silajux.unifa.ac.id/public/index.php(45): CodeIgniter\CodeIgniter->run()
#6 {main}
CRITICAL - 2023-03-10 21:24:44 --> Argument 1 passed to CodeIgniter\Database\MySQLi\Connection::_escapeString() must be of the type string, null given, called in /www/wwwroot/silajux.unifa.ac.id/vendor/codeigniter4/framework/system/Database/BaseConnection.php on line 1429
#0 /www/wwwroot/silajux.unifa.ac.id/vendor/codeigniter4/framework/system/Database/BaseConnection.php(1429): CodeIgniter\Database\MySQLi\Connection->_escapeString()
#1 /www/wwwroot/silajux.unifa.ac.id/app/Controllers/Front.php(940): CodeIgniter\Database\BaseConnection->escapeString()
#2 /www/wwwroot/silajux.unifa.ac.id/vendor/codeigniter4/framework/system/CodeIgniter.php(931): App\Controllers\Front->Simpanberkas()
#3 /www/wwwroot/silajux.unifa.ac.id/vendor/codeigniter4/framework/system/CodeIgniter.php(439): CodeIgniter\CodeIgniter->runController()
#4 /www/wwwroot/silajux.unifa.ac.id/vendor/codeigniter4/framework/system/CodeIgniter.php(339): CodeIgniter\CodeIgniter->handleRequest()
#5 /www/wwwroot/silajux.unifa.ac.id/public/index.php(45): CodeIgniter\CodeIgniter->run()
#6 {main}
CRITICAL - 2023-03-10 21:35:13 --> Argument 1 passed to CodeIgniter\Database\MySQLi\Connection::_escapeString() must be of the type string, null given, called in /www/wwwroot/silajux.unifa.ac.id/vendor/codeigniter4/framework/system/Database/BaseConnection.php on line 1429
#0 /www/wwwroot/silajux.unifa.ac.id/vendor/codeigniter4/framework/system/Database/BaseConnection.php(1429): CodeIgniter\Database\MySQLi\Connection->_escapeString()
#1 /www/wwwroot/silajux.unifa.ac.id/app/Controllers/Front.php(940): CodeIgniter\Database\BaseConnection->escapeString()
#2 /www/wwwroot/silajux.unifa.ac.id/vendor/codeigniter4/framework/system/CodeIgniter.php(931): App\Controllers\Front->Simpanberkas()
#3 /www/wwwroot/silajux.unifa.ac.id/vendor/codeigniter4/framework/system/CodeIgniter.php(439): CodeIgniter\CodeIgniter->runController()
#4 /www/wwwroot/silajux.unifa.ac.id/vendor/codeigniter4/framework/system/CodeIgniter.php(339): CodeIgniter\CodeIgniter->handleRequest()
#5 /www/wwwroot/silajux.unifa.ac.id/public/index.php(45): CodeIgniter\CodeIgniter->run()
#6 {main}
CRITICAL - 2023-03-10 21:35:21 --> Argument 1 passed to CodeIgniter\Database\MySQLi\Connection::_escapeString() must be of the type string, null given, called in /www/wwwroot/silajux.unifa.ac.id/vendor/codeigniter4/framework/system/Database/BaseConnection.php on line 1429
#0 /www/wwwroot/silajux.unifa.ac.id/vendor/codeigniter4/framework/system/Database/BaseConnection.php(1429): CodeIgniter\Database\MySQLi\Connection->_escapeString()
#1 /www/wwwroot/silajux.unifa.ac.id/app/Controllers/Front.php(940): CodeIgniter\Database\BaseConnection->escapeString()
#2 /www/wwwroot/silajux.unifa.ac.id/vendor/codeigniter4/framework/system/CodeIgniter.php(931): App\Controllers\Front->Simpanberkas()
#3 /www/wwwroot/silajux.unifa.ac.id/vendor/codeigniter4/framework/system/CodeIgniter.php(439): CodeIgniter\CodeIgniter->runController()
#4 /www/wwwroot/silajux.unifa.ac.id/vendor/codeigniter4/framework/system/CodeIgniter.php(339): CodeIgniter\CodeIgniter->handleRequest()
#5 /www/wwwroot/silajux.unifa.ac.id/public/index.php(45): CodeIgniter\CodeIgniter->run()
#6 {main}
CRITICAL - 2023-03-10 21:40:13 --> Argument 1 passed to CodeIgniter\Database\MySQLi\Connection::_escapeString() must be of the type string, null given, called in /www/wwwroot/silajux.unifa.ac.id/vendor/codeigniter4/framework/system/Database/BaseConnection.php on line 1429
#0 /www/wwwroot/silajux.unifa.ac.id/vendor/codeigniter4/framework/system/Database/BaseConnection.php(1429): CodeIgniter\Database\MySQLi\Connection->_escapeString()
#1 /www/wwwroot/silajux.unifa.ac.id/app/Controllers/Front.php(940): CodeIgniter\Database\BaseConnection->escapeString()
#2 /www/wwwroot/silajux.unifa.ac.id/vendor/codeigniter4/framework/system/CodeIgniter.php(931): App\Controllers\Front->Simpanberkas()
#3 /www/wwwroot/silajux.unifa.ac.id/vendor/codeigniter4/framework/system/CodeIgniter.php(439): CodeIgniter\CodeIgniter->runController()
#4 /www/wwwroot/silajux.unifa.ac.id/vendor/codeigniter4/framework/system/CodeIgniter.php(339): CodeIgniter\CodeIgniter->handleRequest()
#5 /www/wwwroot/silajux.unifa.ac.id/public/index.php(45): CodeIgniter\CodeIgniter->run()
#6 {main}
