CRITICAL - 2023-04-09 10:38:32 --> Invalid argument supplied for foreach()
#0 /www/wwwroot/silajux.unifa.ac.id/app/Models/ModelKlaimAsessor.php(154): CodeIgniter\Debug\Exceptions->errorHandler()
#1 /www/wwwroot/silajux.unifa.ac.id/app/Controllers/Admin.php(2258): App\Models\ModelKlaimAsessor->simpanklaimAsessorA1()
#2 /www/wwwroot/silajux.unifa.ac.id/vendor/codeigniter4/framework/system/CodeIgniter.php(931): App\Controllers\Admin->klaimMkAsessorA1()
#3 /www/wwwroot/silajux.unifa.ac.id/vendor/codeigniter4/framework/system/CodeIgniter.php(439): CodeIgniter\CodeIgniter->runController()
#4 /www/wwwroot/silajux.unifa.ac.id/vendor/codeigniter4/framework/system/CodeIgniter.php(339): CodeIgniter\CodeIgniter->handleRequest()
#5 /www/wwwroot/silajux.unifa.ac.id/public/index.php(45): CodeIgniter\CodeIgniter->run()
#6 {main}
CRITICAL - 2023-04-09 11:23:10 --> Invalid argument supplied for foreach()
#0 /www/wwwroot/silajux.unifa.ac.id/app/Models/ModelKlaimAsessor.php(154): CodeIgniter\Debug\Exceptions->errorHandler()
#1 /www/wwwroot/silajux.unifa.ac.id/app/Controllers/Admin.php(2258): App\Models\ModelKlaimAsessor->simpanklaimAsessorA1()
#2 /www/wwwroot/silajux.unifa.ac.id/vendor/codeigniter4/framework/system/CodeIgniter.php(931): App\Controllers\Admin->klaimMkAsessorA1()
#3 /www/wwwroot/silajux.unifa.ac.id/vendor/codeigniter4/framework/system/CodeIgniter.php(439): CodeIgniter\CodeIgniter->runController()
#4 /www/wwwroot/silajux.unifa.ac.id/vendor/codeigniter4/framework/system/CodeIgniter.php(339): CodeIgniter\CodeIgniter->handleRequest()
#5 /www/wwwroot/silajux.unifa.ac.id/public/index.php(45): CodeIgniter\CodeIgniter->run()
#6 {main}
CRITICAL - 2023-04-09 20:19:50 --> Invalid argument supplied for foreach()
#0 /www/wwwroot/silajux.unifa.ac.id/app/Models/ModelKlaimAsessor.php(70): CodeIgniter\Debug\Exceptions->errorHandler()
#1 /www/wwwroot/silajux.unifa.ac.id/app/Controllers/Admin.php(2242): App\Models\ModelKlaimAsessor->simpanklaimAsessor()
#2 /www/wwwroot/silajux.unifa.ac.id/vendor/codeigniter4/framework/system/CodeIgniter.php(931): App\Controllers\Admin->klaimMkAsessor()
#3 /www/wwwroot/silajux.unifa.ac.id/vendor/codeigniter4/framework/system/CodeIgniter.php(439): CodeIgniter\CodeIgniter->runController()
#4 /www/wwwroot/silajux.unifa.ac.id/vendor/codeigniter4/framework/system/CodeIgniter.php(339): CodeIgniter\CodeIgniter->handleRequest()
#5 /www/wwwroot/silajux.unifa.ac.id/public/index.php(45): CodeIgniter\CodeIgniter->run()
#6 {main}
CRITICAL - 2023-04-09 10:09:36 --> Argument 1 passed to CodeIgniter\Database\MySQLi\Connection::_escapeString() must be of the type string, null given, called in /www/wwwroot/silajux.unifa.ac.id/vendor/codeigniter4/framework/system/Database/BaseConnection.php on line 1429
#0 /www/wwwroot/silajux.unifa.ac.id/vendor/codeigniter4/framework/system/Database/BaseConnection.php(1429): CodeIgniter\Database\MySQLi\Connection->_escapeString()
#1 /www/wwwroot/silajux.unifa.ac.id/app/Controllers/Front.php(937): CodeIgniter\Database\BaseConnection->escapeString()
#2 /www/wwwroot/silajux.unifa.ac.id/vendor/codeigniter4/framework/system/CodeIgniter.php(931): App\Controllers\Front->Simpanberkas()
#3 /www/wwwroot/silajux.unifa.ac.id/vendor/codeigniter4/framework/system/CodeIgniter.php(439): CodeIgniter\CodeIgniter->runController()
#4 /www/wwwroot/silajux.unifa.ac.id/vendor/codeigniter4/framework/system/CodeIgniter.php(339): CodeIgniter\CodeIgniter->handleRequest()
#5 /www/wwwroot/silajux.unifa.ac.id/public/index.php(45): CodeIgniter\CodeIgniter->run()
#6 {main}
CRITICAL - 2023-04-09 17:32:40 --> Argument 1 passed to CodeIgniter\Database\MySQLi\Connection::_escapeString() must be of the type string, null given, called in /www/wwwroot/silajux.unifa.ac.id/vendor/codeigniter4/framework/system/Database/BaseConnection.php on line 1429
#0 /www/wwwroot/silajux.unifa.ac.id/vendor/codeigniter4/framework/system/Database/BaseConnection.php(1429): CodeIgniter\Database\MySQLi\Connection->_escapeString()
#1 /www/wwwroot/silajux.unifa.ac.id/app/Controllers/Front.php(940): CodeIgniter\Database\BaseConnection->escapeString()
#2 /www/wwwroot/silajux.unifa.ac.id/vendor/codeigniter4/framework/system/CodeIgniter.php(931): App\Controllers\Front->Simpanberkas()
#3 /www/wwwroot/silajux.unifa.ac.id/vendor/codeigniter4/framework/system/CodeIgniter.php(439): CodeIgniter\CodeIgniter->runController()
#4 /www/wwwroot/silajux.unifa.ac.id/vendor/codeigniter4/framework/system/CodeIgniter.php(339): CodeIgniter\CodeIgniter->handleRequest()
#5 /www/wwwroot/silajux.unifa.ac.id/public/index.php(45): CodeIgniter\CodeIgniter->run()
#6 {main}
CRITICAL - 2023-04-09 19:14:44 --> filesize(): stat failed for /www/wwwroot/silajux.unifa.ac.id/writable/session/ci_session8da9iogakciff3tkd1r5lm68bm0n94bl
#0 [internal function]: CodeIgniter\Debug\Exceptions->errorHandler()
#1 /www/wwwroot/silajux.unifa.ac.id/vendor/codeigniter4/framework/system/Session/Handlers/FileHandler.php(190): filesize()
#2 [internal function]: CodeIgniter\Session\Handlers\FileHandler->read()
#3 /www/wwwroot/silajux.unifa.ac.id/vendor/codeigniter4/framework/system/Session/Session.php(999): session_start()
#4 /www/wwwroot/silajux.unifa.ac.id/vendor/codeigniter4/framework/system/Session/Session.php(247): CodeIgniter\Session\Session->startSession()
#5 /www/wwwroot/silajux.unifa.ac.id/vendor/codeigniter4/framework/system/Config/Services.php(736): CodeIgniter\Session\Session->start()
#6 /www/wwwroot/silajux.unifa.ac.id/vendor/codeigniter4/framework/system/Config/BaseService.php(192): CodeIgniter\Config\Services::session()
#7 /www/wwwroot/silajux.unifa.ac.id/vendor/codeigniter4/framework/system/Config/Services.php(721): CodeIgniter\Config\BaseService::getSharedInstance()
#8 /www/wwwroot/silajux.unifa.ac.id/app/Controllers/BaseController.php(44): CodeIgniter\Config\Services::session()
#9 /www/wwwroot/silajux.unifa.ac.id/vendor/codeigniter4/framework/system/CodeIgniter.php(904): App\Controllers\BaseController->initController()
#10 /www/wwwroot/silajux.unifa.ac.id/vendor/codeigniter4/framework/system/CodeIgniter.php(429): CodeIgniter\CodeIgniter->createController()
#11 /www/wwwroot/silajux.unifa.ac.id/vendor/codeigniter4/framework/system/CodeIgniter.php(339): CodeIgniter\CodeIgniter->handleRequest()
#12 /www/wwwroot/silajux.unifa.ac.id/public/index.php(45): CodeIgniter\CodeIgniter->run()
#13 {main}
CRITICAL - 2023-04-09 19:27:20 --> filesize(): stat failed for /www/wwwroot/silajux.unifa.ac.id/writable/session/ci_sessionbn24un00igq31qo8rv82m4gjd58greoq
#0 [internal function]: CodeIgniter\Debug\Exceptions->errorHandler()
#1 /www/wwwroot/silajux.unifa.ac.id/vendor/codeigniter4/framework/system/Session/Handlers/FileHandler.php(190): filesize()
#2 [internal function]: CodeIgniter\Session\Handlers\FileHandler->read()
#3 /www/wwwroot/silajux.unifa.ac.id/vendor/codeigniter4/framework/system/Session/Session.php(999): session_start()
#4 /www/wwwroot/silajux.unifa.ac.id/vendor/codeigniter4/framework/system/Session/Session.php(247): CodeIgniter\Session\Session->startSession()
#5 /www/wwwroot/silajux.unifa.ac.id/vendor/codeigniter4/framework/system/Config/Services.php(736): CodeIgniter\Session\Session->start()
#6 /www/wwwroot/silajux.unifa.ac.id/vendor/codeigniter4/framework/system/Config/BaseService.php(192): CodeIgniter\Config\Services::session()
#7 /www/wwwroot/silajux.unifa.ac.id/vendor/codeigniter4/framework/system/Config/Services.php(721): CodeIgniter\Config\BaseService::getSharedInstance()
#8 /www/wwwroot/silajux.unifa.ac.id/app/Controllers/BaseController.php(44): CodeIgniter\Config\Services::session()
#9 /www/wwwroot/silajux.unifa.ac.id/vendor/codeigniter4/framework/system/CodeIgniter.php(904): App\Controllers\BaseController->initController()
#10 /www/wwwroot/silajux.unifa.ac.id/vendor/codeigniter4/framework/system/CodeIgniter.php(429): CodeIgniter\CodeIgniter->createController()
#11 /www/wwwroot/silajux.unifa.ac.id/vendor/codeigniter4/framework/system/CodeIgniter.php(339): CodeIgniter\CodeIgniter->handleRequest()
#12 /www/wwwroot/silajux.unifa.ac.id/public/index.php(45): CodeIgniter\CodeIgniter->run()
#13 {main}
CRITICAL - 2023-04-09 19:41:51 --> filesize(): stat failed for /www/wwwroot/silajux.unifa.ac.id/writable/session/ci_session37ttd3tuce5bm6d55j2p6u2i8ifckn4q
#0 [internal function]: CodeIgniter\Debug\Exceptions->errorHandler()
#1 /www/wwwroot/silajux.unifa.ac.id/vendor/codeigniter4/framework/system/Session/Handlers/FileHandler.php(190): filesize()
#2 [internal function]: CodeIgniter\Session\Handlers\FileHandler->read()
#3 /www/wwwroot/silajux.unifa.ac.id/vendor/codeigniter4/framework/system/Session/Session.php(999): session_start()
#4 /www/wwwroot/silajux.unifa.ac.id/vendor/codeigniter4/framework/system/Session/Session.php(247): CodeIgniter\Session\Session->startSession()
#5 /www/wwwroot/silajux.unifa.ac.id/vendor/codeigniter4/framework/system/Config/Services.php(736): CodeIgniter\Session\Session->start()
#6 /www/wwwroot/silajux.unifa.ac.id/vendor/codeigniter4/framework/system/Config/BaseService.php(192): CodeIgniter\Config\Services::session()
#7 /www/wwwroot/silajux.unifa.ac.id/vendor/codeigniter4/framework/system/Config/Services.php(721): CodeIgniter\Config\BaseService::getSharedInstance()
#8 /www/wwwroot/silajux.unifa.ac.id/app/Controllers/BaseController.php(44): CodeIgniter\Config\Services::session()
#9 /www/wwwroot/silajux.unifa.ac.id/vendor/codeigniter4/framework/system/CodeIgniter.php(904): App\Controllers\BaseController->initController()
#10 /www/wwwroot/silajux.unifa.ac.id/vendor/codeigniter4/framework/system/CodeIgniter.php(429): CodeIgniter\CodeIgniter->createController()
#11 /www/wwwroot/silajux.unifa.ac.id/vendor/codeigniter4/framework/system/CodeIgniter.php(339): CodeIgniter\CodeIgniter->handleRequest()
#12 /www/wwwroot/silajux.unifa.ac.id/public/index.php(45): CodeIgniter\CodeIgniter->run()
#13 {main}
CRITICAL - 2023-04-09 19:41:51 --> filesize(): stat failed for /www/wwwroot/silajux.unifa.ac.id/writable/session/ci_session37ttd3tuce5bm6d55j2p6u2i8ifckn4q
#0 [internal function]: CodeIgniter\Debug\Exceptions->errorHandler()
#1 /www/wwwroot/silajux.unifa.ac.id/vendor/codeigniter4/framework/system/Session/Handlers/FileHandler.php(190): filesize()
#2 [internal function]: CodeIgniter\Session\Handlers\FileHandler->read()
#3 /www/wwwroot/silajux.unifa.ac.id/vendor/codeigniter4/framework/system/Session/Session.php(999): session_start()
#4 /www/wwwroot/silajux.unifa.ac.id/vendor/codeigniter4/framework/system/Session/Session.php(247): CodeIgniter\Session\Session->startSession()
#5 /www/wwwroot/silajux.unifa.ac.id/vendor/codeigniter4/framework/system/Config/Services.php(736): CodeIgniter\Session\Session->start()
#6 /www/wwwroot/silajux.unifa.ac.id/vendor/codeigniter4/framework/system/Config/BaseService.php(192): CodeIgniter\Config\Services::session()
#7 /www/wwwroot/silajux.unifa.ac.id/vendor/codeigniter4/framework/system/Config/Services.php(721): CodeIgniter\Config\BaseService::getSharedInstance()
#8 /www/wwwroot/silajux.unifa.ac.id/app/Controllers/BaseController.php(44): CodeIgniter\Config\Services::session()
#9 /www/wwwroot/silajux.unifa.ac.id/vendor/codeigniter4/framework/system/CodeIgniter.php(904): App\Controllers\BaseController->initController()
#10 /www/wwwroot/silajux.unifa.ac.id/vendor/codeigniter4/framework/system/CodeIgniter.php(429): CodeIgniter\CodeIgniter->createController()
#11 /www/wwwroot/silajux.unifa.ac.id/vendor/codeigniter4/framework/system/CodeIgniter.php(339): CodeIgniter\CodeIgniter->handleRequest()
#12 /www/wwwroot/silajux.unifa.ac.id/public/index.php(45): CodeIgniter\CodeIgniter->run()
#13 {main}
