CRITICAL - 2023-02-27 11:57:26 --> Unable to connect to the database.
Main connection [MySQLi]: Unknown database 'rpl-uf-update'
#0 E:\My Drive\PROJECT\silaju.unifa.ac.id\silaju.unifa.ac.id\vendor\codeigniter4\framework\system\Database\BaseConnection.php(625): CodeIgniter\Database\BaseConnection->initialize()
#1 E:\My Drive\PROJECT\silaju.unifa.ac.id\silaju.unifa.ac.id\vendor\codeigniter4\framework\system\Database\BaseBuilder.php(1881): CodeIgniter\Database\BaseConnection->query('SELECT *\nFROM `...', Array, false)
#2 E:\My Drive\PROJECT\silaju.unifa.ac.id\silaju.unifa.ac.id\vendor\codeigniter4\framework\system\Model.php(800): CodeIgniter\Database\BaseBuilder->get()
#3 E:\My Drive\PROJECT\silaju.unifa.ac.id\silaju.unifa.ac.id\app\Models\ModelProv.php(28): CodeIgniter\Model->__call('get', Array)
#4 E:\My Drive\PROJECT\silaju.unifa.ac.id\silaju.unifa.ac.id\app\Controllers\Front.php(21): App\Models\ModelProv->getProv()
#5 E:\My Drive\PROJECT\silaju.unifa.ac.id\silaju.unifa.ac.id\vendor\codeigniter4\framework\system\CodeIgniter.php(931): App\Controllers\Front->index()
#6 E:\My Drive\PROJECT\silaju.unifa.ac.id\silaju.unifa.ac.id\vendor\codeigniter4\framework\system\CodeIgniter.php(439): CodeIgniter\CodeIgniter->runController(Object(App\Controllers\Front))
#7 E:\My Drive\PROJECT\silaju.unifa.ac.id\silaju.unifa.ac.id\vendor\codeigniter4\framework\system\CodeIgniter.php(339): CodeIgniter\CodeIgniter->handleRequest(NULL, Object(Config\Cache), false)
#8 E:\My Drive\PROJECT\silaju.unifa.ac.id\silaju.unifa.ac.id\public\index.php(45): CodeIgniter\CodeIgniter->run()
#9 E:\My Drive\PROJECT\silaju.unifa.ac.id\silaju.unifa.ac.id\vendor\codeigniter4\framework\system\Commands\Server\rewrite.php(45): require_once('E:\\My Drive\\PRO...')
#10 {main}
CRITICAL - 2023-02-27 12:44:04 --> syntax error, unexpected end of file
#0 E:\My Drive\PROJECT\silaju.unifa.ac.id\silaju.unifa.ac.id\vendor\codeigniter4\framework\system\View\View.php(232): CodeIgniter\View\View->CodeIgniter\View\{closure}()
#1 E:\My Drive\PROJECT\silaju.unifa.ac.id\silaju.unifa.ac.id\vendor\codeigniter4\framework\system\View\View.php(487): CodeIgniter\View\View->render('partials/rpl-ho...', NULL, true)
#2 E:\My Drive\PROJECT\silaju.unifa.ac.id\silaju.unifa.ac.id\app\Views\Front\rpl-mahasiswa.php(16): CodeIgniter\View\View->include('partials/rpl-ho...')
#3 E:\My Drive\PROJECT\silaju.unifa.ac.id\silaju.unifa.ac.id\vendor\codeigniter4\framework\system\View\View.php(230): include('E:\\My Drive\\PRO...')
#4 E:\My Drive\PROJECT\silaju.unifa.ac.id\silaju.unifa.ac.id\vendor\codeigniter4\framework\system\View\View.php(232): CodeIgniter\View\View->CodeIgniter\View\{closure}()
#5 E:\My Drive\PROJECT\silaju.unifa.ac.id\silaju.unifa.ac.id\vendor\codeigniter4\framework\system\Common.php(1250): CodeIgniter\View\View->render('Front/rpl-mahas...', Array, true)
#6 E:\My Drive\PROJECT\silaju.unifa.ac.id\silaju.unifa.ac.id\app\Controllers\Front.php(367): view('Front/rpl-mahas...', Array)
#7 E:\My Drive\PROJECT\silaju.unifa.ac.id\silaju.unifa.ac.id\vendor\codeigniter4\framework\system\CodeIgniter.php(931): App\Controllers\Front->Pendaftar()
#8 E:\My Drive\PROJECT\silaju.unifa.ac.id\silaju.unifa.ac.id\vendor\codeigniter4\framework\system\CodeIgniter.php(439): CodeIgniter\CodeIgniter->runController(Object(App\Controllers\Front))
#9 E:\My Drive\PROJECT\silaju.unifa.ac.id\silaju.unifa.ac.id\vendor\codeigniter4\framework\system\CodeIgniter.php(339): CodeIgniter\CodeIgniter->handleRequest(NULL, Object(Config\Cache), false)
#10 E:\My Drive\PROJECT\silaju.unifa.ac.id\silaju.unifa.ac.id\public\index.php(45): CodeIgniter\CodeIgniter->run()
#11 E:\My Drive\PROJECT\silaju.unifa.ac.id\silaju.unifa.ac.id\vendor\codeigniter4\framework\system\Commands\Server\rewrite.php(45): require_once('E:\\My Drive\\PRO...')
#12 {main}
CRITICAL - 2023-02-27 13:22:50 --> Class 'App\Models\ModelPtIndo' not found
#0 E:\My Drive\PROJECT\silaju.unifa.ac.id\silaju.unifa.ac.id\vendor\codeigniter4\framework\system\CodeIgniter.php(931): App\Controllers\Front->Uploadberkasa1()
#1 E:\My Drive\PROJECT\silaju.unifa.ac.id\silaju.unifa.ac.id\vendor\codeigniter4\framework\system\CodeIgniter.php(439): CodeIgniter\CodeIgniter->runController(Object(App\Controllers\Front))
#2 E:\My Drive\PROJECT\silaju.unifa.ac.id\silaju.unifa.ac.id\vendor\codeigniter4\framework\system\CodeIgniter.php(339): CodeIgniter\CodeIgniter->handleRequest(NULL, Object(Config\Cache), false)
#3 E:\My Drive\PROJECT\silaju.unifa.ac.id\silaju.unifa.ac.id\public\index.php(45): CodeIgniter\CodeIgniter->run()
#4 E:\My Drive\PROJECT\silaju.unifa.ac.id\silaju.unifa.ac.id\vendor\codeigniter4\framework\system\Commands\Server\rewrite.php(45): require_once('E:\\My Drive\\PRO...')
#5 {main}
CRITICAL - 2023-02-27 13:23:12 --> Table 'rpl-uf-upload.perguan_tinggi' doesn't exist
#0 E:\My Drive\PROJECT\silaju.unifa.ac.id\silaju.unifa.ac.id\vendor\codeigniter4\framework\system\Database\MySQLi\Connection.php(329): mysqli->query('SELECT *\nFROM `...')
#1 E:\My Drive\PROJECT\silaju.unifa.ac.id\silaju.unifa.ac.id\vendor\codeigniter4\framework\system\Database\BaseConnection.php(732): CodeIgniter\Database\MySQLi\Connection->execute('SELECT *\nFROM `...')
#2 E:\My Drive\PROJECT\silaju.unifa.ac.id\silaju.unifa.ac.id\vendor\codeigniter4\framework\system\Database\BaseConnection.php(647): CodeIgniter\Database\BaseConnection->simpleQuery('SELECT *\nFROM `...')
#3 E:\My Drive\PROJECT\silaju.unifa.ac.id\silaju.unifa.ac.id\vendor\codeigniter4\framework\system\Database\BaseBuilder.php(1881): CodeIgniter\Database\BaseConnection->query('SELECT *\nFROM `...', Array, false)
#4 E:\My Drive\PROJECT\silaju.unifa.ac.id\silaju.unifa.ac.id\vendor\codeigniter4\framework\system\Model.php(197): CodeIgniter\Database\BaseBuilder->get()
#5 E:\My Drive\PROJECT\silaju.unifa.ac.id\silaju.unifa.ac.id\vendor\codeigniter4\framework\system\BaseModel.php(603): CodeIgniter\Model->doFindAll(0, 0)
#6 E:\My Drive\PROJECT\silaju.unifa.ac.id\silaju.unifa.ac.id\app\Controllers\Front.php(405): CodeIgniter\BaseModel->findAll()
#7 E:\My Drive\PROJECT\silaju.unifa.ac.id\silaju.unifa.ac.id\vendor\codeigniter4\framework\system\CodeIgniter.php(931): App\Controllers\Front->Uploadberkasa1()
#8 E:\My Drive\PROJECT\silaju.unifa.ac.id\silaju.unifa.ac.id\vendor\codeigniter4\framework\system\CodeIgniter.php(439): CodeIgniter\CodeIgniter->runController(Object(App\Controllers\Front))
#9 E:\My Drive\PROJECT\silaju.unifa.ac.id\silaju.unifa.ac.id\vendor\codeigniter4\framework\system\CodeIgniter.php(339): CodeIgniter\CodeIgniter->handleRequest(NULL, Object(Config\Cache), false)
#10 E:\My Drive\PROJECT\silaju.unifa.ac.id\silaju.unifa.ac.id\public\index.php(45): CodeIgniter\CodeIgniter->run()
#11 E:\My Drive\PROJECT\silaju.unifa.ac.id\silaju.unifa.ac.id\vendor\codeigniter4\framework\system\Commands\Server\rewrite.php(45): require_once('E:\\My Drive\\PRO...')
#12 {main}
CRITICAL - 2023-02-27 13:23:28 --> Table 'rpl-uf-upload.pergruan_tinggi' doesn't exist
#0 E:\My Drive\PROJECT\silaju.unifa.ac.id\silaju.unifa.ac.id\vendor\codeigniter4\framework\system\Database\MySQLi\Connection.php(329): mysqli->query('SELECT *\nFROM `...')
#1 E:\My Drive\PROJECT\silaju.unifa.ac.id\silaju.unifa.ac.id\vendor\codeigniter4\framework\system\Database\BaseConnection.php(732): CodeIgniter\Database\MySQLi\Connection->execute('SELECT *\nFROM `...')
#2 E:\My Drive\PROJECT\silaju.unifa.ac.id\silaju.unifa.ac.id\vendor\codeigniter4\framework\system\Database\BaseConnection.php(647): CodeIgniter\Database\BaseConnection->simpleQuery('SELECT *\nFROM `...')
#3 E:\My Drive\PROJECT\silaju.unifa.ac.id\silaju.unifa.ac.id\vendor\codeigniter4\framework\system\Database\BaseBuilder.php(1881): CodeIgniter\Database\BaseConnection->query('SELECT *\nFROM `...', Array, false)
#4 E:\My Drive\PROJECT\silaju.unifa.ac.id\silaju.unifa.ac.id\vendor\codeigniter4\framework\system\Model.php(197): CodeIgniter\Database\BaseBuilder->get()
#5 E:\My Drive\PROJECT\silaju.unifa.ac.id\silaju.unifa.ac.id\vendor\codeigniter4\framework\system\BaseModel.php(603): CodeIgniter\Model->doFindAll(0, 0)
#6 E:\My Drive\PROJECT\silaju.unifa.ac.id\silaju.unifa.ac.id\app\Controllers\Front.php(405): CodeIgniter\BaseModel->findAll()
#7 E:\My Drive\PROJECT\silaju.unifa.ac.id\silaju.unifa.ac.id\vendor\codeigniter4\framework\system\CodeIgniter.php(931): App\Controllers\Front->Uploadberkasa1()
#8 E:\My Drive\PROJECT\silaju.unifa.ac.id\silaju.unifa.ac.id\vendor\codeigniter4\framework\system\CodeIgniter.php(439): CodeIgniter\CodeIgniter->runController(Object(App\Controllers\Front))
#9 E:\My Drive\PROJECT\silaju.unifa.ac.id\silaju.unifa.ac.id\vendor\codeigniter4\framework\system\CodeIgniter.php(339): CodeIgniter\CodeIgniter->handleRequest(NULL, Object(Config\Cache), false)
#10 E:\My Drive\PROJECT\silaju.unifa.ac.id\silaju.unifa.ac.id\public\index.php(45): CodeIgniter\CodeIgniter->run()
#11 E:\My Drive\PROJECT\silaju.unifa.ac.id\silaju.unifa.ac.id\vendor\codeigniter4\framework\system\Commands\Server\rewrite.php(45): require_once('E:\\My Drive\\PRO...')
#12 {main}
CRITICAL - 2023-02-27 13:24:18 --> Trying to get property 'kode_perguruan_tinggi' of non-object
#0 E:\My Drive\PROJECT\silaju.unifa.ac.id\silaju.unifa.ac.id\app\Views\Front\rpl-mahasiswa-upload-a1.php(255): CodeIgniter\Debug\Exceptions->errorHandler(8, 'Trying to get p...', 'E:\\My Drive\\PRO...', 255, Array)
#1 E:\My Drive\PROJECT\silaju.unifa.ac.id\silaju.unifa.ac.id\vendor\codeigniter4\framework\system\View\View.php(230): include('E:\\My Drive\\PRO...')
#2 E:\My Drive\PROJECT\silaju.unifa.ac.id\silaju.unifa.ac.id\vendor\codeigniter4\framework\system\View\View.php(232): CodeIgniter\View\View->CodeIgniter\View\{closure}()
#3 E:\My Drive\PROJECT\silaju.unifa.ac.id\silaju.unifa.ac.id\vendor\codeigniter4\framework\system\Common.php(1250): CodeIgniter\View\View->render('Front/rpl-mahas...', Array, true)
#4 E:\My Drive\PROJECT\silaju.unifa.ac.id\silaju.unifa.ac.id\app\Controllers\Front.php(417): view('Front/rpl-mahas...', Array)
#5 E:\My Drive\PROJECT\silaju.unifa.ac.id\silaju.unifa.ac.id\vendor\codeigniter4\framework\system\CodeIgniter.php(931): App\Controllers\Front->Uploadberkasa1()
#6 E:\My Drive\PROJECT\silaju.unifa.ac.id\silaju.unifa.ac.id\vendor\codeigniter4\framework\system\CodeIgniter.php(439): CodeIgniter\CodeIgniter->runController(Object(App\Controllers\Front))
#7 E:\My Drive\PROJECT\silaju.unifa.ac.id\silaju.unifa.ac.id\vendor\codeigniter4\framework\system\CodeIgniter.php(339): CodeIgniter\CodeIgniter->handleRequest(NULL, Object(Config\Cache), false)
#8 E:\My Drive\PROJECT\silaju.unifa.ac.id\silaju.unifa.ac.id\public\index.php(45): CodeIgniter\CodeIgniter->run()
#9 E:\My Drive\PROJECT\silaju.unifa.ac.id\silaju.unifa.ac.id\vendor\codeigniter4\framework\system\Commands\Server\rewrite.php(45): require_once('E:\\My Drive\\PRO...')
#10 {main}
