CRITICAL - 2023-03-29 03:47:52 --> Invalid argument supplied for foreach()
#0 /www/wwwroot/silajux.unifa.ac.id/app/Models/ModelKlaimAsessor.php(154): CodeIgniter\Debug\Exceptions->errorHandler()
#1 /www/wwwroot/silajux.unifa.ac.id/app/Controllers/Admin.php(2258): App\Models\ModelKlaimAsessor->simpanklaimAsessorA1()
#2 /www/wwwroot/silajux.unifa.ac.id/vendor/codeigniter4/framework/system/CodeIgniter.php(931): App\Controllers\Admin->klaimMkAsessorA1()
#3 /www/wwwroot/silajux.unifa.ac.id/vendor/codeigniter4/framework/system/CodeIgniter.php(439): CodeIgniter\CodeIgniter->runController()
#4 /www/wwwroot/silajux.unifa.ac.id/vendor/codeigniter4/framework/system/CodeIgniter.php(339): CodeIgniter\CodeIgniter->handleRequest()
#5 /www/wwwroot/silajux.unifa.ac.id/public/index.php(45): CodeIgniter\CodeIgniter->run()
#6 {main}
CRITICAL - 2023-03-29 01:39:55 --> Invalid argument supplied for foreach()
#0 /www/wwwroot/silajux.unifa.ac.id/app/Views/Front/rpl-respon-asessor.php(164): CodeIgniter\Debug\Exceptions->errorHandler()
#1 /www/wwwroot/silajux.unifa.ac.id/vendor/codeigniter4/framework/system/View/View.php(230): include('/www/wwwroot/si...')
#2 /www/wwwroot/silajux.unifa.ac.id/vendor/codeigniter4/framework/system/View/View.php(232): CodeIgniter\View\View->CodeIgniter\View\{closure}()
#3 /www/wwwroot/silajux.unifa.ac.id/vendor/codeigniter4/framework/system/Common.php(1250): CodeIgniter\View\View->render()
#4 /www/wwwroot/silajux.unifa.ac.id/app/Controllers/Front.php(1166): view()
#5 /www/wwwroot/silajux.unifa.ac.id/vendor/codeigniter4/framework/system/CodeIgniter.php(931): App\Controllers\Front->AsessmentRespon()
#6 /www/wwwroot/silajux.unifa.ac.id/vendor/codeigniter4/framework/system/CodeIgniter.php(439): CodeIgniter\CodeIgniter->runController()
#7 /www/wwwroot/silajux.unifa.ac.id/vendor/codeigniter4/framework/system/CodeIgniter.php(339): CodeIgniter\CodeIgniter->handleRequest()
#8 /www/wwwroot/silajux.unifa.ac.id/public/index.php(45): CodeIgniter\CodeIgniter->run()
#9 {main}
CRITICAL - 2023-03-29 01:53:42 --> Invalid argument supplied for foreach()
#0 /www/wwwroot/silajux.unifa.ac.id/app/Views/Front/rpl-respon-asessor.php(164): CodeIgniter\Debug\Exceptions->errorHandler()
#1 /www/wwwroot/silajux.unifa.ac.id/vendor/codeigniter4/framework/system/View/View.php(230): include('/www/wwwroot/si...')
#2 /www/wwwroot/silajux.unifa.ac.id/vendor/codeigniter4/framework/system/View/View.php(232): CodeIgniter\View\View->CodeIgniter\View\{closure}()
#3 /www/wwwroot/silajux.unifa.ac.id/vendor/codeigniter4/framework/system/Common.php(1250): CodeIgniter\View\View->render()
#4 /www/wwwroot/silajux.unifa.ac.id/app/Controllers/Front.php(1166): view()
#5 /www/wwwroot/silajux.unifa.ac.id/vendor/codeigniter4/framework/system/CodeIgniter.php(931): App\Controllers\Front->AsessmentRespon()
#6 /www/wwwroot/silajux.unifa.ac.id/vendor/codeigniter4/framework/system/CodeIgniter.php(439): CodeIgniter\CodeIgniter->runController()
#7 /www/wwwroot/silajux.unifa.ac.id/vendor/codeigniter4/framework/system/CodeIgniter.php(339): CodeIgniter\CodeIgniter->handleRequest()
#8 /www/wwwroot/silajux.unifa.ac.id/public/index.php(45): CodeIgniter\CodeIgniter->run()
#9 {main}
CRITICAL - 2023-03-29 01:56:58 --> Invalid argument supplied for foreach()
#0 /www/wwwroot/silajux.unifa.ac.id/app/Views/Front/rpl-respon-asessor.php(164): CodeIgniter\Debug\Exceptions->errorHandler()
#1 /www/wwwroot/silajux.unifa.ac.id/vendor/codeigniter4/framework/system/View/View.php(230): include('/www/wwwroot/si...')
#2 /www/wwwroot/silajux.unifa.ac.id/vendor/codeigniter4/framework/system/View/View.php(232): CodeIgniter\View\View->CodeIgniter\View\{closure}()
#3 /www/wwwroot/silajux.unifa.ac.id/vendor/codeigniter4/framework/system/Common.php(1250): CodeIgniter\View\View->render()
#4 /www/wwwroot/silajux.unifa.ac.id/app/Controllers/Front.php(1166): view()
#5 /www/wwwroot/silajux.unifa.ac.id/vendor/codeigniter4/framework/system/CodeIgniter.php(931): App\Controllers\Front->AsessmentRespon()
#6 /www/wwwroot/silajux.unifa.ac.id/vendor/codeigniter4/framework/system/CodeIgniter.php(439): CodeIgniter\CodeIgniter->runController()
#7 /www/wwwroot/silajux.unifa.ac.id/vendor/codeigniter4/framework/system/CodeIgniter.php(339): CodeIgniter\CodeIgniter->handleRequest()
#8 /www/wwwroot/silajux.unifa.ac.id/public/index.php(45): CodeIgniter\CodeIgniter->run()
#9 {main}
CRITICAL - 2023-03-29 02:33:34 --> Argument 1 passed to CodeIgniter\Database\MySQLi\Connection::_escapeString() must be of the type string, null given, called in /www/wwwroot/silajux.unifa.ac.id/vendor/codeigniter4/framework/system/Database/BaseConnection.php on line 1429
#0 /www/wwwroot/silajux.unifa.ac.id/vendor/codeigniter4/framework/system/Database/BaseConnection.php(1429): CodeIgniter\Database\MySQLi\Connection->_escapeString()
#1 /www/wwwroot/silajux.unifa.ac.id/app/Controllers/Front.php(937): CodeIgniter\Database\BaseConnection->escapeString()
#2 /www/wwwroot/silajux.unifa.ac.id/vendor/codeigniter4/framework/system/CodeIgniter.php(931): App\Controllers\Front->Simpanberkas()
#3 /www/wwwroot/silajux.unifa.ac.id/vendor/codeigniter4/framework/system/CodeIgniter.php(439): CodeIgniter\CodeIgniter->runController()
#4 /www/wwwroot/silajux.unifa.ac.id/vendor/codeigniter4/framework/system/CodeIgniter.php(339): CodeIgniter\CodeIgniter->handleRequest()
#5 /www/wwwroot/silajux.unifa.ac.id/public/index.php(45): CodeIgniter\CodeIgniter->run()
#6 {main}
CRITICAL - 2023-03-29 02:33:44 --> Argument 1 passed to CodeIgniter\Database\MySQLi\Connection::_escapeString() must be of the type string, null given, called in /www/wwwroot/silajux.unifa.ac.id/vendor/codeigniter4/framework/system/Database/BaseConnection.php on line 1429
#0 /www/wwwroot/silajux.unifa.ac.id/vendor/codeigniter4/framework/system/Database/BaseConnection.php(1429): CodeIgniter\Database\MySQLi\Connection->_escapeString()
#1 /www/wwwroot/silajux.unifa.ac.id/app/Controllers/Front.php(937): CodeIgniter\Database\BaseConnection->escapeString()
#2 /www/wwwroot/silajux.unifa.ac.id/vendor/codeigniter4/framework/system/CodeIgniter.php(931): App\Controllers\Front->Simpanberkas()
#3 /www/wwwroot/silajux.unifa.ac.id/vendor/codeigniter4/framework/system/CodeIgniter.php(439): CodeIgniter\CodeIgniter->runController()
#4 /www/wwwroot/silajux.unifa.ac.id/vendor/codeigniter4/framework/system/CodeIgniter.php(339): CodeIgniter\CodeIgniter->handleRequest()
#5 /www/wwwroot/silajux.unifa.ac.id/public/index.php(45): CodeIgniter\CodeIgniter->run()
#6 {main}
CRITICAL - 2023-03-29 03:33:40 --> Invalid argument supplied for foreach()
#0 /www/wwwroot/silajux.unifa.ac.id/app/Views/Front/rpl-respon-asessor.php(164): CodeIgniter\Debug\Exceptions->errorHandler()
#1 /www/wwwroot/silajux.unifa.ac.id/vendor/codeigniter4/framework/system/View/View.php(230): include('/www/wwwroot/si...')
#2 /www/wwwroot/silajux.unifa.ac.id/vendor/codeigniter4/framework/system/View/View.php(232): CodeIgniter\View\View->CodeIgniter\View\{closure}()
#3 /www/wwwroot/silajux.unifa.ac.id/vendor/codeigniter4/framework/system/Common.php(1250): CodeIgniter\View\View->render()
#4 /www/wwwroot/silajux.unifa.ac.id/app/Controllers/Front.php(1166): view()
#5 /www/wwwroot/silajux.unifa.ac.id/vendor/codeigniter4/framework/system/CodeIgniter.php(931): App\Controllers\Front->AsessmentRespon()
#6 /www/wwwroot/silajux.unifa.ac.id/vendor/codeigniter4/framework/system/CodeIgniter.php(439): CodeIgniter\CodeIgniter->runController()
#7 /www/wwwroot/silajux.unifa.ac.id/vendor/codeigniter4/framework/system/CodeIgniter.php(339): CodeIgniter\CodeIgniter->handleRequest()
#8 /www/wwwroot/silajux.unifa.ac.id/public/index.php(45): CodeIgniter\CodeIgniter->run()
#9 {main}
CRITICAL - 2023-03-29 03:34:37 --> Invalid argument supplied for foreach()
#0 /www/wwwroot/silajux.unifa.ac.id/app/Views/Front/rpl-respon-asessor.php(164): CodeIgniter\Debug\Exceptions->errorHandler()
#1 /www/wwwroot/silajux.unifa.ac.id/vendor/codeigniter4/framework/system/View/View.php(230): include('/www/wwwroot/si...')
#2 /www/wwwroot/silajux.unifa.ac.id/vendor/codeigniter4/framework/system/View/View.php(232): CodeIgniter\View\View->CodeIgniter\View\{closure}()
#3 /www/wwwroot/silajux.unifa.ac.id/vendor/codeigniter4/framework/system/Common.php(1250): CodeIgniter\View\View->render()
#4 /www/wwwroot/silajux.unifa.ac.id/app/Controllers/Front.php(1166): view()
#5 /www/wwwroot/silajux.unifa.ac.id/vendor/codeigniter4/framework/system/CodeIgniter.php(931): App\Controllers\Front->AsessmentRespon()
#6 /www/wwwroot/silajux.unifa.ac.id/vendor/codeigniter4/framework/system/CodeIgniter.php(439): CodeIgniter\CodeIgniter->runController()
#7 /www/wwwroot/silajux.unifa.ac.id/vendor/codeigniter4/framework/system/CodeIgniter.php(339): CodeIgniter\CodeIgniter->handleRequest()
#8 /www/wwwroot/silajux.unifa.ac.id/public/index.php(45): CodeIgniter\CodeIgniter->run()
#9 {main}
CRITICAL - 2023-03-29 03:45:05 --> Invalid argument supplied for foreach()
#0 /www/wwwroot/silajux.unifa.ac.id/app/Views/Front/rpl-respon-asessor.php(164): CodeIgniter\Debug\Exceptions->errorHandler()
#1 /www/wwwroot/silajux.unifa.ac.id/vendor/codeigniter4/framework/system/View/View.php(230): include('/www/wwwroot/si...')
#2 /www/wwwroot/silajux.unifa.ac.id/vendor/codeigniter4/framework/system/View/View.php(232): CodeIgniter\View\View->CodeIgniter\View\{closure}()
#3 /www/wwwroot/silajux.unifa.ac.id/vendor/codeigniter4/framework/system/Common.php(1250): CodeIgniter\View\View->render()
#4 /www/wwwroot/silajux.unifa.ac.id/app/Controllers/Front.php(1166): view()
#5 /www/wwwroot/silajux.unifa.ac.id/vendor/codeigniter4/framework/system/CodeIgniter.php(931): App\Controllers\Front->AsessmentRespon()
#6 /www/wwwroot/silajux.unifa.ac.id/vendor/codeigniter4/framework/system/CodeIgniter.php(439): CodeIgniter\CodeIgniter->runController()
#7 /www/wwwroot/silajux.unifa.ac.id/vendor/codeigniter4/framework/system/CodeIgniter.php(339): CodeIgniter\CodeIgniter->handleRequest()
#8 /www/wwwroot/silajux.unifa.ac.id/public/index.php(45): CodeIgniter\CodeIgniter->run()
#9 {main}
CRITICAL - 2023-03-29 09:13:21 --> Invalid argument supplied for foreach()
#0 /www/wwwroot/silajux.unifa.ac.id/app/Views/Front/rpl-respon-asessor.php(164): CodeIgniter\Debug\Exceptions->errorHandler()
#1 /www/wwwroot/silajux.unifa.ac.id/vendor/codeigniter4/framework/system/View/View.php(230): include('/www/wwwroot/si...')
#2 /www/wwwroot/silajux.unifa.ac.id/vendor/codeigniter4/framework/system/View/View.php(232): CodeIgniter\View\View->CodeIgniter\View\{closure}()
#3 /www/wwwroot/silajux.unifa.ac.id/vendor/codeigniter4/framework/system/Common.php(1250): CodeIgniter\View\View->render()
#4 /www/wwwroot/silajux.unifa.ac.id/app/Controllers/Front.php(1166): view()
#5 /www/wwwroot/silajux.unifa.ac.id/vendor/codeigniter4/framework/system/CodeIgniter.php(931): App\Controllers\Front->AsessmentRespon()
#6 /www/wwwroot/silajux.unifa.ac.id/vendor/codeigniter4/framework/system/CodeIgniter.php(439): CodeIgniter\CodeIgniter->runController()
#7 /www/wwwroot/silajux.unifa.ac.id/vendor/codeigniter4/framework/system/CodeIgniter.php(339): CodeIgniter\CodeIgniter->handleRequest()
#8 /www/wwwroot/silajux.unifa.ac.id/public/index.php(45): CodeIgniter\CodeIgniter->run()
#9 {main}
CRITICAL - 2023-03-29 22:21:25 --> Invalid argument supplied for foreach()
#0 /www/wwwroot/silajux.unifa.ac.id/app/Views/Front/rpl-respon-asessor.php(164): CodeIgniter\Debug\Exceptions->errorHandler()
#1 /www/wwwroot/silajux.unifa.ac.id/vendor/codeigniter4/framework/system/View/View.php(230): include('/www/wwwroot/si...')
#2 /www/wwwroot/silajux.unifa.ac.id/vendor/codeigniter4/framework/system/View/View.php(232): CodeIgniter\View\View->CodeIgniter\View\{closure}()
#3 /www/wwwroot/silajux.unifa.ac.id/vendor/codeigniter4/framework/system/Common.php(1250): CodeIgniter\View\View->render()
#4 /www/wwwroot/silajux.unifa.ac.id/app/Controllers/Front.php(1166): view()
#5 /www/wwwroot/silajux.unifa.ac.id/vendor/codeigniter4/framework/system/CodeIgniter.php(931): App\Controllers\Front->AsessmentRespon()
#6 /www/wwwroot/silajux.unifa.ac.id/vendor/codeigniter4/framework/system/CodeIgniter.php(439): CodeIgniter\CodeIgniter->runController()
#7 /www/wwwroot/silajux.unifa.ac.id/vendor/codeigniter4/framework/system/CodeIgniter.php(339): CodeIgniter\CodeIgniter->handleRequest()
#8 /www/wwwroot/silajux.unifa.ac.id/public/index.php(45): CodeIgniter\CodeIgniter->run()
#9 {main}
CRITICAL - 2023-03-29 22:38:39 --> Invalid argument supplied for foreach()
#0 /www/wwwroot/silajux.unifa.ac.id/app/Views/Admin/rpl-assesment-asessor.php(154): CodeIgniter\Debug\Exceptions->errorHandler()
#1 /www/wwwroot/silajux.unifa.ac.id/vendor/codeigniter4/framework/system/View/View.php(230): include('/www/wwwroot/si...')
#2 /www/wwwroot/silajux.unifa.ac.id/vendor/codeigniter4/framework/system/View/View.php(232): CodeIgniter\View\View->CodeIgniter\View\{closure}()
#3 /www/wwwroot/silajux.unifa.ac.id/vendor/codeigniter4/framework/system/Common.php(1250): CodeIgniter\View\View->render()
#4 /www/wwwroot/silajux.unifa.ac.id/app/Controllers/Admin.php(1619): view()
#5 /www/wwwroot/silajux.unifa.ac.id/vendor/codeigniter4/framework/system/CodeIgniter.php(931): App\Controllers\Admin->tanggapanAsessor()
#6 /www/wwwroot/silajux.unifa.ac.id/vendor/codeigniter4/framework/system/CodeIgniter.php(439): CodeIgniter\CodeIgniter->runController()
#7 /www/wwwroot/silajux.unifa.ac.id/vendor/codeigniter4/framework/system/CodeIgniter.php(339): CodeIgniter\CodeIgniter->handleRequest()
#8 /www/wwwroot/silajux.unifa.ac.id/public/index.php(45): CodeIgniter\CodeIgniter->run()
#9 {main}
CRITICAL - 2023-03-29 22:39:01 --> Invalid argument supplied for foreach()
#0 /www/wwwroot/silajux.unifa.ac.id/app/Views/Admin/rpl-assesment-asessor.php(154): CodeIgniter\Debug\Exceptions->errorHandler()
#1 /www/wwwroot/silajux.unifa.ac.id/vendor/codeigniter4/framework/system/View/View.php(230): include('/www/wwwroot/si...')
#2 /www/wwwroot/silajux.unifa.ac.id/vendor/codeigniter4/framework/system/View/View.php(232): CodeIgniter\View\View->CodeIgniter\View\{closure}()
#3 /www/wwwroot/silajux.unifa.ac.id/vendor/codeigniter4/framework/system/Common.php(1250): CodeIgniter\View\View->render()
#4 /www/wwwroot/silajux.unifa.ac.id/app/Controllers/Admin.php(1619): view()
#5 /www/wwwroot/silajux.unifa.ac.id/vendor/codeigniter4/framework/system/CodeIgniter.php(931): App\Controllers\Admin->tanggapanAsessor()
#6 /www/wwwroot/silajux.unifa.ac.id/vendor/codeigniter4/framework/system/CodeIgniter.php(439): CodeIgniter\CodeIgniter->runController()
#7 /www/wwwroot/silajux.unifa.ac.id/vendor/codeigniter4/framework/system/CodeIgniter.php(339): CodeIgniter\CodeIgniter->handleRequest()
#8 /www/wwwroot/silajux.unifa.ac.id/public/index.php(45): CodeIgniter\CodeIgniter->run()
#9 {main}
CRITICAL - 2023-03-29 23:03:09 --> Invalid argument supplied for foreach()
#0 /www/wwwroot/silajux.unifa.ac.id/app/Views/Front/rpl-respon-asessor.php(164): CodeIgniter\Debug\Exceptions->errorHandler()
#1 /www/wwwroot/silajux.unifa.ac.id/vendor/codeigniter4/framework/system/View/View.php(230): include('/www/wwwroot/si...')
#2 /www/wwwroot/silajux.unifa.ac.id/vendor/codeigniter4/framework/system/View/View.php(232): CodeIgniter\View\View->CodeIgniter\View\{closure}()
#3 /www/wwwroot/silajux.unifa.ac.id/vendor/codeigniter4/framework/system/Common.php(1250): CodeIgniter\View\View->render()
#4 /www/wwwroot/silajux.unifa.ac.id/app/Controllers/Front.php(1166): view()
#5 /www/wwwroot/silajux.unifa.ac.id/vendor/codeigniter4/framework/system/CodeIgniter.php(931): App\Controllers\Front->AsessmentRespon()
#6 /www/wwwroot/silajux.unifa.ac.id/vendor/codeigniter4/framework/system/CodeIgniter.php(439): CodeIgniter\CodeIgniter->runController()
#7 /www/wwwroot/silajux.unifa.ac.id/vendor/codeigniter4/framework/system/CodeIgniter.php(339): CodeIgniter\CodeIgniter->handleRequest()
#8 /www/wwwroot/silajux.unifa.ac.id/public/index.php(45): CodeIgniter\CodeIgniter->run()
#9 {main}
CRITICAL - 2023-03-29 23:03:34 --> Argument 1 passed to CodeIgniter\Database\MySQLi\Connection::_escapeString() must be of the type string, null given, called in /www/wwwroot/silajux.unifa.ac.id/vendor/codeigniter4/framework/system/Database/BaseConnection.php on line 1429
#0 /www/wwwroot/silajux.unifa.ac.id/vendor/codeigniter4/framework/system/Database/BaseConnection.php(1429): CodeIgniter\Database\MySQLi\Connection->_escapeString()
#1 /www/wwwroot/silajux.unifa.ac.id/app/Controllers/Front.php(940): CodeIgniter\Database\BaseConnection->escapeString()
#2 /www/wwwroot/silajux.unifa.ac.id/vendor/codeigniter4/framework/system/CodeIgniter.php(931): App\Controllers\Front->Simpanberkas()
#3 /www/wwwroot/silajux.unifa.ac.id/vendor/codeigniter4/framework/system/CodeIgniter.php(439): CodeIgniter\CodeIgniter->runController()
#4 /www/wwwroot/silajux.unifa.ac.id/vendor/codeigniter4/framework/system/CodeIgniter.php(339): CodeIgniter\CodeIgniter->handleRequest()
#5 /www/wwwroot/silajux.unifa.ac.id/public/index.php(45): CodeIgniter\CodeIgniter->run()
#6 {main}
CRITICAL - 2023-03-29 23:03:36 --> Argument 1 passed to CodeIgniter\Database\MySQLi\Connection::_escapeString() must be of the type string, null given, called in /www/wwwroot/silajux.unifa.ac.id/vendor/codeigniter4/framework/system/Database/BaseConnection.php on line 1429
#0 /www/wwwroot/silajux.unifa.ac.id/vendor/codeigniter4/framework/system/Database/BaseConnection.php(1429): CodeIgniter\Database\MySQLi\Connection->_escapeString()
#1 /www/wwwroot/silajux.unifa.ac.id/app/Controllers/Front.php(940): CodeIgniter\Database\BaseConnection->escapeString()
#2 /www/wwwroot/silajux.unifa.ac.id/vendor/codeigniter4/framework/system/CodeIgniter.php(931): App\Controllers\Front->Simpanberkas()
#3 /www/wwwroot/silajux.unifa.ac.id/vendor/codeigniter4/framework/system/CodeIgniter.php(439): CodeIgniter\CodeIgniter->runController()
#4 /www/wwwroot/silajux.unifa.ac.id/vendor/codeigniter4/framework/system/CodeIgniter.php(339): CodeIgniter\CodeIgniter->handleRequest()
#5 /www/wwwroot/silajux.unifa.ac.id/public/index.php(45): CodeIgniter\CodeIgniter->run()
#6 {main}
CRITICAL - 2023-03-29 23:12:55 --> Invalid argument supplied for foreach()
#0 /www/wwwroot/silajux.unifa.ac.id/app/Views/Admin/rpl-assesment-asessor.php(154): CodeIgniter\Debug\Exceptions->errorHandler()
#1 /www/wwwroot/silajux.unifa.ac.id/vendor/codeigniter4/framework/system/View/View.php(230): include('/www/wwwroot/si...')
#2 /www/wwwroot/silajux.unifa.ac.id/vendor/codeigniter4/framework/system/View/View.php(232): CodeIgniter\View\View->CodeIgniter\View\{closure}()
#3 /www/wwwroot/silajux.unifa.ac.id/vendor/codeigniter4/framework/system/Common.php(1250): CodeIgniter\View\View->render()
#4 /www/wwwroot/silajux.unifa.ac.id/app/Controllers/Admin.php(1619): view()
#5 /www/wwwroot/silajux.unifa.ac.id/vendor/codeigniter4/framework/system/CodeIgniter.php(931): App\Controllers\Admin->tanggapanAsessor()
#6 /www/wwwroot/silajux.unifa.ac.id/vendor/codeigniter4/framework/system/CodeIgniter.php(439): CodeIgniter\CodeIgniter->runController()
#7 /www/wwwroot/silajux.unifa.ac.id/vendor/codeigniter4/framework/system/CodeIgniter.php(339): CodeIgniter\CodeIgniter->handleRequest()
#8 /www/wwwroot/silajux.unifa.ac.id/public/index.php(45): CodeIgniter\CodeIgniter->run()
#9 {main}
CRITICAL - 2023-03-29 23:13:09 --> Invalid argument supplied for foreach()
#0 /www/wwwroot/silajux.unifa.ac.id/app/Views/Admin/rpl-assesment-asessor.php(154): CodeIgniter\Debug\Exceptions->errorHandler()
#1 /www/wwwroot/silajux.unifa.ac.id/vendor/codeigniter4/framework/system/View/View.php(230): include('/www/wwwroot/si...')
#2 /www/wwwroot/silajux.unifa.ac.id/vendor/codeigniter4/framework/system/View/View.php(232): CodeIgniter\View\View->CodeIgniter\View\{closure}()
#3 /www/wwwroot/silajux.unifa.ac.id/vendor/codeigniter4/framework/system/Common.php(1250): CodeIgniter\View\View->render()
#4 /www/wwwroot/silajux.unifa.ac.id/app/Controllers/Admin.php(1619): view()
#5 /www/wwwroot/silajux.unifa.ac.id/vendor/codeigniter4/framework/system/CodeIgniter.php(931): App\Controllers\Admin->tanggapanAsessor()
#6 /www/wwwroot/silajux.unifa.ac.id/vendor/codeigniter4/framework/system/CodeIgniter.php(439): CodeIgniter\CodeIgniter->runController()
#7 /www/wwwroot/silajux.unifa.ac.id/vendor/codeigniter4/framework/system/CodeIgniter.php(339): CodeIgniter\CodeIgniter->handleRequest()
#8 /www/wwwroot/silajux.unifa.ac.id/public/index.php(45): CodeIgniter\CodeIgniter->run()
#9 {main}
CRITICAL - 2023-03-29 23:18:14 --> Invalid argument supplied for foreach()
#0 /www/wwwroot/silajux.unifa.ac.id/app/Views/Admin/rpl-assesment-asessor.php(154): CodeIgniter\Debug\Exceptions->errorHandler()
#1 /www/wwwroot/silajux.unifa.ac.id/vendor/codeigniter4/framework/system/View/View.php(230): include('/www/wwwroot/si...')
#2 /www/wwwroot/silajux.unifa.ac.id/vendor/codeigniter4/framework/system/View/View.php(232): CodeIgniter\View\View->CodeIgniter\View\{closure}()
#3 /www/wwwroot/silajux.unifa.ac.id/vendor/codeigniter4/framework/system/Common.php(1250): CodeIgniter\View\View->render()
#4 /www/wwwroot/silajux.unifa.ac.id/app/Controllers/Admin.php(1619): view()
#5 /www/wwwroot/silajux.unifa.ac.id/vendor/codeigniter4/framework/system/CodeIgniter.php(931): App\Controllers\Admin->tanggapanAsessor()
#6 /www/wwwroot/silajux.unifa.ac.id/vendor/codeigniter4/framework/system/CodeIgniter.php(439): CodeIgniter\CodeIgniter->runController()
#7 /www/wwwroot/silajux.unifa.ac.id/vendor/codeigniter4/framework/system/CodeIgniter.php(339): CodeIgniter\CodeIgniter->handleRequest()
#8 /www/wwwroot/silajux.unifa.ac.id/public/index.php(45): CodeIgniter\CodeIgniter->run()
#9 {main}
CRITICAL - 2023-03-29 23:21:59 --> Invalid argument supplied for foreach()
#0 /www/wwwroot/silajux.unifa.ac.id/app/Views/Admin/rpl-assesment-asessor.php(154): CodeIgniter\Debug\Exceptions->errorHandler()
#1 /www/wwwroot/silajux.unifa.ac.id/vendor/codeigniter4/framework/system/View/View.php(230): include('/www/wwwroot/si...')
#2 /www/wwwroot/silajux.unifa.ac.id/vendor/codeigniter4/framework/system/View/View.php(232): CodeIgniter\View\View->CodeIgniter\View\{closure}()
#3 /www/wwwroot/silajux.unifa.ac.id/vendor/codeigniter4/framework/system/Common.php(1250): CodeIgniter\View\View->render()
#4 /www/wwwroot/silajux.unifa.ac.id/app/Controllers/Admin.php(1619): view()
#5 /www/wwwroot/silajux.unifa.ac.id/vendor/codeigniter4/framework/system/CodeIgniter.php(931): App\Controllers\Admin->tanggapanAsessor()
#6 /www/wwwroot/silajux.unifa.ac.id/vendor/codeigniter4/framework/system/CodeIgniter.php(439): CodeIgniter\CodeIgniter->runController()
#7 /www/wwwroot/silajux.unifa.ac.id/vendor/codeigniter4/framework/system/CodeIgniter.php(339): CodeIgniter\CodeIgniter->handleRequest()
#8 /www/wwwroot/silajux.unifa.ac.id/public/index.php(45): CodeIgniter\CodeIgniter->run()
#9 {main}
CRITICAL - 2023-03-29 23:50:37 --> Invalid argument supplied for foreach()
#0 /www/wwwroot/silajux.unifa.ac.id/app/Views/Admin/rpl-assesment-asessor.php(154): CodeIgniter\Debug\Exceptions->errorHandler()
#1 /www/wwwroot/silajux.unifa.ac.id/vendor/codeigniter4/framework/system/View/View.php(230): include('/www/wwwroot/si...')
#2 /www/wwwroot/silajux.unifa.ac.id/vendor/codeigniter4/framework/system/View/View.php(232): CodeIgniter\View\View->CodeIgniter\View\{closure}()
#3 /www/wwwroot/silajux.unifa.ac.id/vendor/codeigniter4/framework/system/Common.php(1250): CodeIgniter\View\View->render()
#4 /www/wwwroot/silajux.unifa.ac.id/app/Controllers/Admin.php(1619): view()
#5 /www/wwwroot/silajux.unifa.ac.id/vendor/codeigniter4/framework/system/CodeIgniter.php(931): App\Controllers\Admin->tanggapanAsessor()
#6 /www/wwwroot/silajux.unifa.ac.id/vendor/codeigniter4/framework/system/CodeIgniter.php(439): CodeIgniter\CodeIgniter->runController()
#7 /www/wwwroot/silajux.unifa.ac.id/vendor/codeigniter4/framework/system/CodeIgniter.php(339): CodeIgniter\CodeIgniter->handleRequest()
#8 /www/wwwroot/silajux.unifa.ac.id/public/index.php(45): CodeIgniter\CodeIgniter->run()
#9 {main}
CRITICAL - 2023-03-29 23:53:48 --> Invalid argument supplied for foreach()
#0 /www/wwwroot/silajux.unifa.ac.id/app/Views/Admin/rpl-assesment-asessor.php(154): CodeIgniter\Debug\Exceptions->errorHandler()
#1 /www/wwwroot/silajux.unifa.ac.id/vendor/codeigniter4/framework/system/View/View.php(230): include('/www/wwwroot/si...')
#2 /www/wwwroot/silajux.unifa.ac.id/vendor/codeigniter4/framework/system/View/View.php(232): CodeIgniter\View\View->CodeIgniter\View\{closure}()
#3 /www/wwwroot/silajux.unifa.ac.id/vendor/codeigniter4/framework/system/Common.php(1250): CodeIgniter\View\View->render()
#4 /www/wwwroot/silajux.unifa.ac.id/app/Controllers/Admin.php(1619): view()
#5 /www/wwwroot/silajux.unifa.ac.id/vendor/codeigniter4/framework/system/CodeIgniter.php(931): App\Controllers\Admin->tanggapanAsessor()
#6 /www/wwwroot/silajux.unifa.ac.id/vendor/codeigniter4/framework/system/CodeIgniter.php(439): CodeIgniter\CodeIgniter->runController()
#7 /www/wwwroot/silajux.unifa.ac.id/vendor/codeigniter4/framework/system/CodeIgniter.php(339): CodeIgniter\CodeIgniter->handleRequest()
#8 /www/wwwroot/silajux.unifa.ac.id/public/index.php(45): CodeIgniter\CodeIgniter->run()
#9 {main}
