CRITICAL - 2023-02-28 10:52:03 --> Argument 1 passed to CodeIgniter\Database\MySQLi\Connection::_escapeString() must be of the type string, null given, called in G:\PROJECT\UNIFA\silaju.unifa.ac.id\silaju.unifa.ac.id\vendor\codeigniter4\framework\system\Database\BaseConnection.php on line 1429
#0 G:\PROJECT\UNIFA\silaju.unifa.ac.id\silaju.unifa.ac.id\vendor\codeigniter4\framework\system\Database\BaseConnection.php(1429): CodeIgniter\Database\MySQLi\Connection->_escapeString(NULL)
#1 G:\PROJECT\UNIFA\silaju.unifa.ac.id\silaju.unifa.ac.id\app\Controllers\Front.php(322): CodeIgniter\Database\BaseConnection->escapeString(NULL)
#2 G:\PROJECT\UNIFA\silaju.unifa.ac.id\silaju.unifa.ac.id\vendor\codeigniter4\framework\system\CodeIgniter.php(931): App\Controllers\Front->SimpanMatakuliahA1()
#3 G:\PROJECT\UNIFA\silaju.unifa.ac.id\silaju.unifa.ac.id\vendor\codeigniter4\framework\system\CodeIgniter.php(439): CodeIgniter\CodeIgniter->runController(Object(App\Controllers\Front))
#4 G:\PROJECT\UNIFA\silaju.unifa.ac.id\silaju.unifa.ac.id\vendor\codeigniter4\framework\system\CodeIgniter.php(339): CodeIgniter\CodeIgniter->handleRequest(NULL, Object(Config\Cache), false)
#5 G:\PROJECT\UNIFA\silaju.unifa.ac.id\silaju.unifa.ac.id\public\index.php(45): CodeIgniter\CodeIgniter->run()
#6 G:\PROJECT\UNIFA\silaju.unifa.ac.id\silaju.unifa.ac.id\vendor\codeigniter4\framework\system\Commands\Server\rewrite.php(45): require_once('G:\\PROJECT\\UNIF...')
#7 {main}
CRITICAL - 2023-02-28 10:52:57 --> Argument 1 passed to CodeIgniter\Database\MySQLi\Connection::_escapeString() must be of the type string, null given, called in G:\PROJECT\UNIFA\silaju.unifa.ac.id\silaju.unifa.ac.id\vendor\codeigniter4\framework\system\Database\BaseConnection.php on line 1429
#0 G:\PROJECT\UNIFA\silaju.unifa.ac.id\silaju.unifa.ac.id\vendor\codeigniter4\framework\system\Database\BaseConnection.php(1429): CodeIgniter\Database\MySQLi\Connection->_escapeString(NULL)
#1 G:\PROJECT\UNIFA\silaju.unifa.ac.id\silaju.unifa.ac.id\app\Controllers\Front.php(322): CodeIgniter\Database\BaseConnection->escapeString(NULL)
#2 G:\PROJECT\UNIFA\silaju.unifa.ac.id\silaju.unifa.ac.id\vendor\codeigniter4\framework\system\CodeIgniter.php(931): App\Controllers\Front->SimpanMatakuliahA1()
#3 G:\PROJECT\UNIFA\silaju.unifa.ac.id\silaju.unifa.ac.id\vendor\codeigniter4\framework\system\CodeIgniter.php(439): CodeIgniter\CodeIgniter->runController(Object(App\Controllers\Front))
#4 G:\PROJECT\UNIFA\silaju.unifa.ac.id\silaju.unifa.ac.id\vendor\codeigniter4\framework\system\CodeIgniter.php(339): CodeIgniter\CodeIgniter->handleRequest(NULL, Object(Config\Cache), false)
#5 G:\PROJECT\UNIFA\silaju.unifa.ac.id\silaju.unifa.ac.id\public\index.php(45): CodeIgniter\CodeIgniter->run()
#6 G:\PROJECT\UNIFA\silaju.unifa.ac.id\silaju.unifa.ac.id\vendor\codeigniter4\framework\system\Commands\Server\rewrite.php(45): require_once('G:\\PROJECT\\UNIF...')
#7 {main}
CRITICAL - 2023-02-28 10:53:02 --> Argument 1 passed to CodeIgniter\Database\MySQLi\Connection::_escapeString() must be of the type string, null given, called in G:\PROJECT\UNIFA\silaju.unifa.ac.id\silaju.unifa.ac.id\vendor\codeigniter4\framework\system\Database\BaseConnection.php on line 1429
#0 G:\PROJECT\UNIFA\silaju.unifa.ac.id\silaju.unifa.ac.id\vendor\codeigniter4\framework\system\Database\BaseConnection.php(1429): CodeIgniter\Database\MySQLi\Connection->_escapeString(NULL)
#1 G:\PROJECT\UNIFA\silaju.unifa.ac.id\silaju.unifa.ac.id\app\Controllers\Front.php(322): CodeIgniter\Database\BaseConnection->escapeString(NULL)
#2 G:\PROJECT\UNIFA\silaju.unifa.ac.id\silaju.unifa.ac.id\vendor\codeigniter4\framework\system\CodeIgniter.php(931): App\Controllers\Front->SimpanMatakuliahA1()
#3 G:\PROJECT\UNIFA\silaju.unifa.ac.id\silaju.unifa.ac.id\vendor\codeigniter4\framework\system\CodeIgniter.php(439): CodeIgniter\CodeIgniter->runController(Object(App\Controllers\Front))
#4 G:\PROJECT\UNIFA\silaju.unifa.ac.id\silaju.unifa.ac.id\vendor\codeigniter4\framework\system\CodeIgniter.php(339): CodeIgniter\CodeIgniter->handleRequest(NULL, Object(Config\Cache), false)
#5 G:\PROJECT\UNIFA\silaju.unifa.ac.id\silaju.unifa.ac.id\public\index.php(45): CodeIgniter\CodeIgniter->run()
#6 G:\PROJECT\UNIFA\silaju.unifa.ac.id\silaju.unifa.ac.id\vendor\codeigniter4\framework\system\Commands\Server\rewrite.php(45): require_once('G:\\PROJECT\\UNIF...')
#7 {main}
CRITICAL - 2023-02-28 10:53:27 --> Argument 1 passed to CodeIgniter\Database\MySQLi\Connection::_escapeString() must be of the type string, null given, called in G:\PROJECT\UNIFA\silaju.unifa.ac.id\silaju.unifa.ac.id\vendor\codeigniter4\framework\system\Database\BaseConnection.php on line 1429
#0 G:\PROJECT\UNIFA\silaju.unifa.ac.id\silaju.unifa.ac.id\vendor\codeigniter4\framework\system\Database\BaseConnection.php(1429): CodeIgniter\Database\MySQLi\Connection->_escapeString(NULL)
#1 G:\PROJECT\UNIFA\silaju.unifa.ac.id\silaju.unifa.ac.id\app\Controllers\Front.php(325): CodeIgniter\Database\BaseConnection->escapeString(NULL)
#2 G:\PROJECT\UNIFA\silaju.unifa.ac.id\silaju.unifa.ac.id\vendor\codeigniter4\framework\system\CodeIgniter.php(931): App\Controllers\Front->SimpanMatakuliahA1()
#3 G:\PROJECT\UNIFA\silaju.unifa.ac.id\silaju.unifa.ac.id\vendor\codeigniter4\framework\system\CodeIgniter.php(439): CodeIgniter\CodeIgniter->runController(Object(App\Controllers\Front))
#4 G:\PROJECT\UNIFA\silaju.unifa.ac.id\silaju.unifa.ac.id\vendor\codeigniter4\framework\system\CodeIgniter.php(339): CodeIgniter\CodeIgniter->handleRequest(NULL, Object(Config\Cache), false)
#5 G:\PROJECT\UNIFA\silaju.unifa.ac.id\silaju.unifa.ac.id\public\index.php(45): CodeIgniter\CodeIgniter->run()
#6 G:\PROJECT\UNIFA\silaju.unifa.ac.id\silaju.unifa.ac.id\vendor\codeigniter4\framework\system\Commands\Server\rewrite.php(45): require_once('G:\\PROJECT\\UNIF...')
#7 {main}
CRITICAL - 2023-02-28 10:56:35 --> Call to undefined method App\Models\ModelMkA1::getErrors
#0 G:\PROJECT\UNIFA\silaju.unifa.ac.id\silaju.unifa.ac.id\app\Controllers\Front.php(348): CodeIgniter\Model->__call('getErrors', Array)
#1 G:\PROJECT\UNIFA\silaju.unifa.ac.id\silaju.unifa.ac.id\vendor\codeigniter4\framework\system\CodeIgniter.php(931): App\Controllers\Front->SimpanMatakuliahA1()
#2 G:\PROJECT\UNIFA\silaju.unifa.ac.id\silaju.unifa.ac.id\vendor\codeigniter4\framework\system\CodeIgniter.php(439): CodeIgniter\CodeIgniter->runController(Object(App\Controllers\Front))
#3 G:\PROJECT\UNIFA\silaju.unifa.ac.id\silaju.unifa.ac.id\vendor\codeigniter4\framework\system\CodeIgniter.php(339): CodeIgniter\CodeIgniter->handleRequest(NULL, Object(Config\Cache), false)
#4 G:\PROJECT\UNIFA\silaju.unifa.ac.id\silaju.unifa.ac.id\public\index.php(45): CodeIgniter\CodeIgniter->run()
#5 G:\PROJECT\UNIFA\silaju.unifa.ac.id\silaju.unifa.ac.id\vendor\codeigniter4\framework\system\Commands\Server\rewrite.php(45): require_once('G:\\PROJECT\\UNIF...')
#6 {main}
CRITICAL - 2023-02-28 11:00:11 --> Undefined index: nama_matkuliah
#0 G:\PROJECT\UNIFA\silaju.unifa.ac.id\silaju.unifa.ac.id\app\Views\Front\rpl-mahasiswa-upload-a1.php(303): CodeIgniter\Debug\Exceptions->errorHandler(8, 'Undefined index...', 'G:\\PROJECT\\UNIF...', 303, Array)
#1 G:\PROJECT\UNIFA\silaju.unifa.ac.id\silaju.unifa.ac.id\vendor\codeigniter4\framework\system\View\View.php(230): include('G:\\PROJECT\\UNIF...')
#2 G:\PROJECT\UNIFA\silaju.unifa.ac.id\silaju.unifa.ac.id\vendor\codeigniter4\framework\system\View\View.php(232): CodeIgniter\View\View->CodeIgniter\View\{closure}()
#3 G:\PROJECT\UNIFA\silaju.unifa.ac.id\silaju.unifa.ac.id\vendor\codeigniter4\framework\system\Common.php(1250): CodeIgniter\View\View->render('Front/rpl-mahas...', Array, true)
#4 G:\PROJECT\UNIFA\silaju.unifa.ac.id\silaju.unifa.ac.id\app\Controllers\Front.php(353): view('Front/rpl-mahas...', Array)
#5 G:\PROJECT\UNIFA\silaju.unifa.ac.id\silaju.unifa.ac.id\vendor\codeigniter4\framework\system\CodeIgniter.php(931): App\Controllers\Front->SimpanMatakuliahA1()
#6 G:\PROJECT\UNIFA\silaju.unifa.ac.id\silaju.unifa.ac.id\vendor\codeigniter4\framework\system\CodeIgniter.php(439): CodeIgniter\CodeIgniter->runController(Object(App\Controllers\Front))
#7 G:\PROJECT\UNIFA\silaju.unifa.ac.id\silaju.unifa.ac.id\vendor\codeigniter4\framework\system\CodeIgniter.php(339): CodeIgniter\CodeIgniter->handleRequest(NULL, Object(Config\Cache), false)
#8 G:\PROJECT\UNIFA\silaju.unifa.ac.id\silaju.unifa.ac.id\public\index.php(45): CodeIgniter\CodeIgniter->run()
#9 G:\PROJECT\UNIFA\silaju.unifa.ac.id\silaju.unifa.ac.id\vendor\codeigniter4\framework\system\Commands\Server\rewrite.php(45): require_once('G:\\PROJECT\\UNIF...')
#10 {main}
CRITICAL - 2023-02-28 11:00:25 --> Undefined index: sks
#0 G:\PROJECT\UNIFA\silaju.unifa.ac.id\silaju.unifa.ac.id\app\Views\Front\rpl-mahasiswa-upload-a1.php(304): CodeIgniter\Debug\Exceptions->errorHandler(8, 'Undefined index...', 'G:\\PROJECT\\UNIF...', 304, Array)
#1 G:\PROJECT\UNIFA\silaju.unifa.ac.id\silaju.unifa.ac.id\vendor\codeigniter4\framework\system\View\View.php(230): include('G:\\PROJECT\\UNIF...')
#2 G:\PROJECT\UNIFA\silaju.unifa.ac.id\silaju.unifa.ac.id\vendor\codeigniter4\framework\system\View\View.php(232): CodeIgniter\View\View->CodeIgniter\View\{closure}()
#3 G:\PROJECT\UNIFA\silaju.unifa.ac.id\silaju.unifa.ac.id\vendor\codeigniter4\framework\system\Common.php(1250): CodeIgniter\View\View->render('Front/rpl-mahas...', Array, true)
#4 G:\PROJECT\UNIFA\silaju.unifa.ac.id\silaju.unifa.ac.id\app\Controllers\Front.php(353): view('Front/rpl-mahas...', Array)
#5 G:\PROJECT\UNIFA\silaju.unifa.ac.id\silaju.unifa.ac.id\vendor\codeigniter4\framework\system\CodeIgniter.php(931): App\Controllers\Front->SimpanMatakuliahA1()
#6 G:\PROJECT\UNIFA\silaju.unifa.ac.id\silaju.unifa.ac.id\vendor\codeigniter4\framework\system\CodeIgniter.php(439): CodeIgniter\CodeIgniter->runController(Object(App\Controllers\Front))
#7 G:\PROJECT\UNIFA\silaju.unifa.ac.id\silaju.unifa.ac.id\vendor\codeigniter4\framework\system\CodeIgniter.php(339): CodeIgniter\CodeIgniter->handleRequest(NULL, Object(Config\Cache), false)
#8 G:\PROJECT\UNIFA\silaju.unifa.ac.id\silaju.unifa.ac.id\public\index.php(45): CodeIgniter\CodeIgniter->run()
#9 G:\PROJECT\UNIFA\silaju.unifa.ac.id\silaju.unifa.ac.id\vendor\codeigniter4\framework\system\Commands\Server\rewrite.php(45): require_once('G:\\PROJECT\\UNIF...')
#10 {main}
CRITICAL - 2023-02-28 12:29:14 --> Call to a member function getTempName() on null
#0 G:\PROJECT\UNIFA\silaju.unifa.ac.id\silaju.unifa.ac.id\vendor\codeigniter4\framework\system\CodeIgniter.php(931): App\Controllers\Front->generateMkA1()
#1 G:\PROJECT\UNIFA\silaju.unifa.ac.id\silaju.unifa.ac.id\vendor\codeigniter4\framework\system\CodeIgniter.php(439): CodeIgniter\CodeIgniter->runController(Object(App\Controllers\Front))
#2 G:\PROJECT\UNIFA\silaju.unifa.ac.id\silaju.unifa.ac.id\vendor\codeigniter4\framework\system\CodeIgniter.php(339): CodeIgniter\CodeIgniter->handleRequest(NULL, Object(Config\Cache), false)
#3 G:\PROJECT\UNIFA\silaju.unifa.ac.id\silaju.unifa.ac.id\public\index.php(45): CodeIgniter\CodeIgniter->run()
#4 G:\PROJECT\UNIFA\silaju.unifa.ac.id\silaju.unifa.ac.id\vendor\codeigniter4\framework\system\Commands\Server\rewrite.php(45): require_once('G:\\PROJECT\\UNIF...')
#5 {main}
CRITICAL - 2023-02-28 12:29:52 --> Class 'PHPExcel_IOFactory' not found
#0 G:\PROJECT\UNIFA\silaju.unifa.ac.id\silaju.unifa.ac.id\vendor\codeigniter4\framework\system\CodeIgniter.php(931): App\Controllers\Front->generateMkA1()
#1 G:\PROJECT\UNIFA\silaju.unifa.ac.id\silaju.unifa.ac.id\vendor\codeigniter4\framework\system\CodeIgniter.php(439): CodeIgniter\CodeIgniter->runController(Object(App\Controllers\Front))
#2 G:\PROJECT\UNIFA\silaju.unifa.ac.id\silaju.unifa.ac.id\vendor\codeigniter4\framework\system\CodeIgniter.php(339): CodeIgniter\CodeIgniter->handleRequest(NULL, Object(Config\Cache), false)
#3 G:\PROJECT\UNIFA\silaju.unifa.ac.id\silaju.unifa.ac.id\public\index.php(45): CodeIgniter\CodeIgniter->run()
#4 G:\PROJECT\UNIFA\silaju.unifa.ac.id\silaju.unifa.ac.id\vendor\codeigniter4\framework\system\Commands\Server\rewrite.php(45): require_once('G:\\PROJECT\\UNIF...')
#5 {main}
CRITICAL - 2023-02-28 12:33:36 --> Class 'PHPExcel' not found
#0 G:\PROJECT\UNIFA\silaju.unifa.ac.id\silaju.unifa.ac.id\vendor\codeigniter4\framework\system\CodeIgniter.php(931): App\Controllers\Front->generateMkA1()
#1 G:\PROJECT\UNIFA\silaju.unifa.ac.id\silaju.unifa.ac.id\vendor\codeigniter4\framework\system\CodeIgniter.php(439): CodeIgniter\CodeIgniter->runController(Object(App\Controllers\Front))
#2 G:\PROJECT\UNIFA\silaju.unifa.ac.id\silaju.unifa.ac.id\vendor\codeigniter4\framework\system\CodeIgniter.php(339): CodeIgniter\CodeIgniter->handleRequest(NULL, Object(Config\Cache), false)
#3 G:\PROJECT\UNIFA\silaju.unifa.ac.id\silaju.unifa.ac.id\public\index.php(45): CodeIgniter\CodeIgniter->run()
#4 G:\PROJECT\UNIFA\silaju.unifa.ac.id\silaju.unifa.ac.id\vendor\codeigniter4\framework\system\Commands\Server\rewrite.php(45): require_once('G:\\PROJECT\\UNIF...')
#5 {main}
CRITICAL - 2023-02-28 12:35:24 --> Class 'PHPExcel' not found
#0 G:\PROJECT\UNIFA\silaju.unifa.ac.id\silaju.unifa.ac.id\vendor\codeigniter4\framework\system\CodeIgniter.php(931): App\Controllers\Front->generateMkA1()
#1 G:\PROJECT\UNIFA\silaju.unifa.ac.id\silaju.unifa.ac.id\vendor\codeigniter4\framework\system\CodeIgniter.php(439): CodeIgniter\CodeIgniter->runController(Object(App\Controllers\Front))
#2 G:\PROJECT\UNIFA\silaju.unifa.ac.id\silaju.unifa.ac.id\vendor\codeigniter4\framework\system\CodeIgniter.php(339): CodeIgniter\CodeIgniter->handleRequest(NULL, Object(Config\Cache), false)
#3 G:\PROJECT\UNIFA\silaju.unifa.ac.id\silaju.unifa.ac.id\public\index.php(45): CodeIgniter\CodeIgniter->run()
#4 G:\PROJECT\UNIFA\silaju.unifa.ac.id\silaju.unifa.ac.id\vendor\codeigniter4\framework\system\Commands\Server\rewrite.php(45): require_once('G:\\PROJECT\\UNIF...')
#5 {main}
CRITICAL - 2023-02-28 13:32:25 --> Could not open  for reading! File does not exist.
#0 G:\PROJECT\UNIFA\silaju.unifa.ac.id\silaju.unifa.ac.id\app\ThirdParty\PHPExcel\PHPExcel\IOFactory.php(281): PHPExcel_Reader_Excel2007->canRead('')
#1 G:\PROJECT\UNIFA\silaju.unifa.ac.id\silaju.unifa.ac.id\app\ThirdParty\PHPExcel\PHPExcel\IOFactory.php(191): PHPExcel_IOFactory::createReaderForFile('')
#2 G:\PROJECT\UNIFA\silaju.unifa.ac.id\silaju.unifa.ac.id\app\Controllers\Front.php(519): PHPExcel_IOFactory::load('')
#3 G:\PROJECT\UNIFA\silaju.unifa.ac.id\silaju.unifa.ac.id\vendor\codeigniter4\framework\system\CodeIgniter.php(931): App\Controllers\Front->generateMkA1()
#4 G:\PROJECT\UNIFA\silaju.unifa.ac.id\silaju.unifa.ac.id\vendor\codeigniter4\framework\system\CodeIgniter.php(439): CodeIgniter\CodeIgniter->runController(Object(App\Controllers\Front))
#5 G:\PROJECT\UNIFA\silaju.unifa.ac.id\silaju.unifa.ac.id\vendor\codeigniter4\framework\system\CodeIgniter.php(339): CodeIgniter\CodeIgniter->handleRequest(NULL, Object(Config\Cache), false)
#6 G:\PROJECT\UNIFA\silaju.unifa.ac.id\silaju.unifa.ac.id\public\index.php(45): CodeIgniter\CodeIgniter->run()
#7 G:\PROJECT\UNIFA\silaju.unifa.ac.id\silaju.unifa.ac.id\vendor\codeigniter4\framework\system\Commands\Server\rewrite.php(45): require_once('G:\\PROJECT\\UNIF...')
#8 {main}
CRITICAL - 2023-02-28 13:34:33 --> Could not open  for reading! File does not exist.
#0 G:\PROJECT\UNIFA\silaju.unifa.ac.id\silaju.unifa.ac.id\app\ThirdParty\PHPExcel\PHPExcel\IOFactory.php(281): PHPExcel_Reader_Excel2007->canRead('')
#1 G:\PROJECT\UNIFA\silaju.unifa.ac.id\silaju.unifa.ac.id\app\ThirdParty\PHPExcel\PHPExcel\IOFactory.php(191): PHPExcel_IOFactory::createReaderForFile('')
#2 G:\PROJECT\UNIFA\silaju.unifa.ac.id\silaju.unifa.ac.id\app\Controllers\Front.php(522): PHPExcel_IOFactory::load('')
#3 G:\PROJECT\UNIFA\silaju.unifa.ac.id\silaju.unifa.ac.id\vendor\codeigniter4\framework\system\CodeIgniter.php(931): App\Controllers\Front->generateMkA1()
#4 G:\PROJECT\UNIFA\silaju.unifa.ac.id\silaju.unifa.ac.id\vendor\codeigniter4\framework\system\CodeIgniter.php(439): CodeIgniter\CodeIgniter->runController(Object(App\Controllers\Front))
#5 G:\PROJECT\UNIFA\silaju.unifa.ac.id\silaju.unifa.ac.id\vendor\codeigniter4\framework\system\CodeIgniter.php(339): CodeIgniter\CodeIgniter->handleRequest(NULL, Object(Config\Cache), false)
#6 G:\PROJECT\UNIFA\silaju.unifa.ac.id\silaju.unifa.ac.id\public\index.php(45): CodeIgniter\CodeIgniter->run()
#7 G:\PROJECT\UNIFA\silaju.unifa.ac.id\silaju.unifa.ac.id\vendor\codeigniter4\framework\system\Commands\Server\rewrite.php(45): require_once('G:\\PROJECT\\UNIF...')
#8 {main}
CRITICAL - 2023-02-28 13:41:20 --> Could not open  for reading! File does not exist.
#0 G:\PROJECT\UNIFA\silaju.unifa.ac.id\silaju.unifa.ac.id\app\ThirdParty\PHPExcel\PHPExcel\IOFactory.php(281): PHPExcel_Reader_Excel2007->canRead('')
#1 G:\PROJECT\UNIFA\silaju.unifa.ac.id\silaju.unifa.ac.id\app\ThirdParty\PHPExcel\PHPExcel\IOFactory.php(191): PHPExcel_IOFactory::createReaderForFile('')
#2 G:\PROJECT\UNIFA\silaju.unifa.ac.id\silaju.unifa.ac.id\app\Controllers\Front.php(522): PHPExcel_IOFactory::load('')
#3 G:\PROJECT\UNIFA\silaju.unifa.ac.id\silaju.unifa.ac.id\vendor\codeigniter4\framework\system\CodeIgniter.php(931): App\Controllers\Front->generateMkA1()
#4 G:\PROJECT\UNIFA\silaju.unifa.ac.id\silaju.unifa.ac.id\vendor\codeigniter4\framework\system\CodeIgniter.php(439): CodeIgniter\CodeIgniter->runController(Object(App\Controllers\Front))
#5 G:\PROJECT\UNIFA\silaju.unifa.ac.id\silaju.unifa.ac.id\vendor\codeigniter4\framework\system\CodeIgniter.php(339): CodeIgniter\CodeIgniter->handleRequest(NULL, Object(Config\Cache), false)
#6 G:\PROJECT\UNIFA\silaju.unifa.ac.id\silaju.unifa.ac.id\public\index.php(45): CodeIgniter\CodeIgniter->run()
#7 G:\PROJECT\UNIFA\silaju.unifa.ac.id\silaju.unifa.ac.id\vendor\codeigniter4\framework\system\Commands\Server\rewrite.php(45): require_once('G:\\PROJECT\\UNIF...')
#8 {main}
CRITICAL - 2023-02-28 13:42:39 --> Could not open  for reading! File does not exist.
#0 G:\PROJECT\UNIFA\silaju.unifa.ac.id\silaju.unifa.ac.id\app\ThirdParty\PHPExcel\PHPExcel\IOFactory.php(281): PHPExcel_Reader_Excel2007->canRead('')
#1 G:\PROJECT\UNIFA\silaju.unifa.ac.id\silaju.unifa.ac.id\app\ThirdParty\PHPExcel\PHPExcel\IOFactory.php(191): PHPExcel_IOFactory::createReaderForFile('')
#2 G:\PROJECT\UNIFA\silaju.unifa.ac.id\silaju.unifa.ac.id\app\Controllers\Front.php(522): PHPExcel_IOFactory::load('')
#3 G:\PROJECT\UNIFA\silaju.unifa.ac.id\silaju.unifa.ac.id\vendor\codeigniter4\framework\system\CodeIgniter.php(931): App\Controllers\Front->generateMkA1()
#4 G:\PROJECT\UNIFA\silaju.unifa.ac.id\silaju.unifa.ac.id\vendor\codeigniter4\framework\system\CodeIgniter.php(439): CodeIgniter\CodeIgniter->runController(Object(App\Controllers\Front))
#5 G:\PROJECT\UNIFA\silaju.unifa.ac.id\silaju.unifa.ac.id\vendor\codeigniter4\framework\system\CodeIgniter.php(339): CodeIgniter\CodeIgniter->handleRequest(NULL, Object(Config\Cache), false)
#6 G:\PROJECT\UNIFA\silaju.unifa.ac.id\silaju.unifa.ac.id\public\index.php(45): CodeIgniter\CodeIgniter->run()
#7 G:\PROJECT\UNIFA\silaju.unifa.ac.id\silaju.unifa.ac.id\vendor\codeigniter4\framework\system\Commands\Server\rewrite.php(45): require_once('G:\\PROJECT\\UNIF...')
#8 {main}
