CRITICAL - 2023-01-20 04:55:43 --> Undefined property: App\Controllers\Front::$db
#0 G:\PROJECT\UNIFA\RPL-UF\app\Controllers\Front.php(18): CodeIgniter\Debug\Exceptions->errorHandler(8, 'Undefined prope...', 'G:\\PROJECT\\UNIF...', 18, Array)
#1 G:\PROJECT\UNIFA\RPL-UF\vendor\codeigniter4\framework\system\CodeIgniter.php(931): App\Controllers\Front->registrasi()
#2 G:\PROJECT\UNIFA\RPL-UF\vendor\codeigniter4\framework\system\CodeIgniter.php(439): CodeIgniter\CodeIgniter->runController(Object(App\Controllers\Front))
#3 G:\PROJECT\UNIFA\RPL-UF\vendor\codeigniter4\framework\system\CodeIgniter.php(339): CodeIgniter\CodeIgniter->handleRequest(NULL, Object(Config\Cache), false)
#4 G:\PROJECT\UNIFA\RPL-UF\public\index.php(45): CodeIgniter\CodeIgniter->run()
#5 G:\PROJECT\UNIFA\RPL-UF\vendor\codeigniter4\framework\system\Commands\Server\rewrite.php(45): require_once('G:\\PROJECT\\UNIF...')
#6 {main}
CRITICAL - 2023-01-20 04:56:26 --> Undefined property: App\Controllers\Front::$db
#0 G:\PROJECT\UNIFA\RPL-UF\app\Controllers\Front.php(20): CodeIgniter\Debug\Exceptions->errorHandler(8, 'Undefined prope...', 'G:\\PROJECT\\UNIF...', 20, Array)
#1 G:\PROJECT\UNIFA\RPL-UF\vendor\codeigniter4\framework\system\CodeIgniter.php(931): App\Controllers\Front->registrasi()
#2 G:\PROJECT\UNIFA\RPL-UF\vendor\codeigniter4\framework\system\CodeIgniter.php(439): CodeIgniter\CodeIgniter->runController(Object(App\Controllers\Front))
#3 G:\PROJECT\UNIFA\RPL-UF\vendor\codeigniter4\framework\system\CodeIgniter.php(339): CodeIgniter\CodeIgniter->handleRequest(NULL, Object(Config\Cache), false)
#4 G:\PROJECT\UNIFA\RPL-UF\public\index.php(45): CodeIgniter\CodeIgniter->run()
#5 G:\PROJECT\UNIFA\RPL-UF\vendor\codeigniter4\framework\system\Commands\Server\rewrite.php(45): require_once('G:\\PROJECT\\UNIF...')
#6 {main}
CRITICAL - 2023-01-20 04:58:34 --> Undefined property: App\Controllers\Front::$db
#0 G:\PROJECT\UNIFA\RPL-UF\app\Controllers\Front.php(21): CodeIgniter\Debug\Exceptions->errorHandler(8, 'Undefined prope...', 'G:\\PROJECT\\UNIF...', 21, Array)
#1 G:\PROJECT\UNIFA\RPL-UF\vendor\codeigniter4\framework\system\CodeIgniter.php(931): App\Controllers\Front->registrasi()
#2 G:\PROJECT\UNIFA\RPL-UF\vendor\codeigniter4\framework\system\CodeIgniter.php(439): CodeIgniter\CodeIgniter->runController(Object(App\Controllers\Front))
#3 G:\PROJECT\UNIFA\RPL-UF\vendor\codeigniter4\framework\system\CodeIgniter.php(339): CodeIgniter\CodeIgniter->handleRequest(NULL, Object(Config\Cache), false)
#4 G:\PROJECT\UNIFA\RPL-UF\public\index.php(45): CodeIgniter\CodeIgniter->run()
#5 G:\PROJECT\UNIFA\RPL-UF\vendor\codeigniter4\framework\system\Commands\Server\rewrite.php(45): require_once('G:\\PROJECT\\UNIF...')
#6 {main}
CRITICAL - 2023-01-20 05:02:30 --> Undefined variable: request
#0 G:\PROJECT\UNIFA\RPL-UF\app\Controllers\Front.php(20): CodeIgniter\Debug\Exceptions->errorHandler(8, 'Undefined varia...', 'G:\\PROJECT\\UNIF...', 20, Array)
#1 G:\PROJECT\UNIFA\RPL-UF\vendor\codeigniter4\framework\system\CodeIgniter.php(931): App\Controllers\Front->registrasi()
#2 G:\PROJECT\UNIFA\RPL-UF\vendor\codeigniter4\framework\system\CodeIgniter.php(439): CodeIgniter\CodeIgniter->runController(Object(App\Controllers\Front))
#3 G:\PROJECT\UNIFA\RPL-UF\vendor\codeigniter4\framework\system\CodeIgniter.php(339): CodeIgniter\CodeIgniter->handleRequest(NULL, Object(Config\Cache), false)
#4 G:\PROJECT\UNIFA\RPL-UF\public\index.php(45): CodeIgniter\CodeIgniter->run()
#5 G:\PROJECT\UNIFA\RPL-UF\vendor\codeigniter4\framework\system\Commands\Server\rewrite.php(45): require_once('G:\\PROJECT\\UNIF...')
#6 {main}
CRITICAL - 2023-01-20 05:02:53 --> Unable to connect to the database.
Main connection [MySQLi]: Unknown database 'skote-ci4'
#0 G:\PROJECT\UNIFA\RPL-UF\vendor\codeigniter4\framework\system\Database\MySQLi\Connection.php(390): CodeIgniter\Database\BaseConnection->initialize()
#1 G:\PROJECT\UNIFA\RPL-UF\vendor\codeigniter4\framework\system\Database\BaseConnection.php(1429): CodeIgniter\Database\MySQLi\Connection->_escapeString('adads')
#2 G:\PROJECT\UNIFA\RPL-UF\app\Controllers\Front.php(25): CodeIgniter\Database\BaseConnection->escapeString('adads')
#3 G:\PROJECT\UNIFA\RPL-UF\vendor\codeigniter4\framework\system\CodeIgniter.php(931): App\Controllers\Front->registrasi()
#4 G:\PROJECT\UNIFA\RPL-UF\vendor\codeigniter4\framework\system\CodeIgniter.php(439): CodeIgniter\CodeIgniter->runController(Object(App\Controllers\Front))
#5 G:\PROJECT\UNIFA\RPL-UF\vendor\codeigniter4\framework\system\CodeIgniter.php(339): CodeIgniter\CodeIgniter->handleRequest(NULL, Object(Config\Cache), false)
#6 G:\PROJECT\UNIFA\RPL-UF\public\index.php(45): CodeIgniter\CodeIgniter->run()
#7 G:\PROJECT\UNIFA\RPL-UF\vendor\codeigniter4\framework\system\Commands\Server\rewrite.php(45): require_once('G:\\PROJECT\\UNIF...')
#8 {main}
CRITICAL - 2023-01-20 05:03:22 --> Argument 1 passed to CodeIgniter\Database\MySQLi\Connection::_escapeString() must be of the type string, null given, called in G:\PROJECT\UNIFA\RPL-UF\vendor\codeigniter4\framework\system\Database\BaseConnection.php on line 1429
#0 G:\PROJECT\UNIFA\RPL-UF\vendor\codeigniter4\framework\system\Database\BaseConnection.php(1429): CodeIgniter\Database\MySQLi\Connection->_escapeString(NULL)
#1 G:\PROJECT\UNIFA\RPL-UF\app\Controllers\Front.php(29): CodeIgniter\Database\BaseConnection->escapeString(NULL)
#2 G:\PROJECT\UNIFA\RPL-UF\vendor\codeigniter4\framework\system\CodeIgniter.php(931): App\Controllers\Front->registrasi()
#3 G:\PROJECT\UNIFA\RPL-UF\vendor\codeigniter4\framework\system\CodeIgniter.php(439): CodeIgniter\CodeIgniter->runController(Object(App\Controllers\Front))
#4 G:\PROJECT\UNIFA\RPL-UF\vendor\codeigniter4\framework\system\CodeIgniter.php(339): CodeIgniter\CodeIgniter->handleRequest(NULL, Object(Config\Cache), false)
#5 G:\PROJECT\UNIFA\RPL-UF\public\index.php(45): CodeIgniter\CodeIgniter->run()
#6 G:\PROJECT\UNIFA\RPL-UF\vendor\codeigniter4\framework\system\Commands\Server\rewrite.php(45): require_once('G:\\PROJECT\\UNIF...')
#7 {main}
CRITICAL - 2023-01-20 05:04:20 --> Argument 1 passed to CodeIgniter\Database\MySQLi\Connection::_escapeString() must be of the type string, null given, called in G:\PROJECT\UNIFA\RPL-UF\vendor\codeigniter4\framework\system\Database\BaseConnection.php on line 1429
#0 G:\PROJECT\UNIFA\RPL-UF\vendor\codeigniter4\framework\system\Database\BaseConnection.php(1429): CodeIgniter\Database\MySQLi\Connection->_escapeString(NULL)
#1 G:\PROJECT\UNIFA\RPL-UF\app\Controllers\Front.php(29): CodeIgniter\Database\BaseConnection->escapeString(NULL)
#2 G:\PROJECT\UNIFA\RPL-UF\vendor\codeigniter4\framework\system\CodeIgniter.php(931): App\Controllers\Front->registrasi()
#3 G:\PROJECT\UNIFA\RPL-UF\vendor\codeigniter4\framework\system\CodeIgniter.php(439): CodeIgniter\CodeIgniter->runController(Object(App\Controllers\Front))
#4 G:\PROJECT\UNIFA\RPL-UF\vendor\codeigniter4\framework\system\CodeIgniter.php(339): CodeIgniter\CodeIgniter->handleRequest(NULL, Object(Config\Cache), false)
#5 G:\PROJECT\UNIFA\RPL-UF\public\index.php(45): CodeIgniter\CodeIgniter->run()
#6 G:\PROJECT\UNIFA\RPL-UF\vendor\codeigniter4\framework\system\Commands\Server\rewrite.php(45): require_once('G:\\PROJECT\\UNIF...')
#7 {main}
CRITICAL - 2023-01-20 05:05:02 --> Argument 1 passed to CodeIgniter\Database\MySQLi\Connection::_escapeString() must be of the type string, null given, called in G:\PROJECT\UNIFA\RPL-UF\vendor\codeigniter4\framework\system\Database\BaseConnection.php on line 1429
#0 G:\PROJECT\UNIFA\RPL-UF\vendor\codeigniter4\framework\system\Database\BaseConnection.php(1429): CodeIgniter\Database\MySQLi\Connection->_escapeString(NULL)
#1 G:\PROJECT\UNIFA\RPL-UF\app\Controllers\Front.php(29): CodeIgniter\Database\BaseConnection->escapeString(NULL)
#2 G:\PROJECT\UNIFA\RPL-UF\vendor\codeigniter4\framework\system\CodeIgniter.php(931): App\Controllers\Front->registrasi()
#3 G:\PROJECT\UNIFA\RPL-UF\vendor\codeigniter4\framework\system\CodeIgniter.php(439): CodeIgniter\CodeIgniter->runController(Object(App\Controllers\Front))
#4 G:\PROJECT\UNIFA\RPL-UF\vendor\codeigniter4\framework\system\CodeIgniter.php(339): CodeIgniter\CodeIgniter->handleRequest(NULL, Object(Config\Cache), false)
#5 G:\PROJECT\UNIFA\RPL-UF\public\index.php(45): CodeIgniter\CodeIgniter->run()
#6 G:\PROJECT\UNIFA\RPL-UF\vendor\codeigniter4\framework\system\Commands\Server\rewrite.php(45): require_once('G:\\PROJECT\\UNIF...')
#7 {main}
CRITICAL - 2023-01-20 05:05:10 --> Argument 1 passed to CodeIgniter\Database\MySQLi\Connection::_escapeString() must be of the type string, null given, called in G:\PROJECT\UNIFA\RPL-UF\vendor\codeigniter4\framework\system\Database\BaseConnection.php on line 1429
#0 G:\PROJECT\UNIFA\RPL-UF\vendor\codeigniter4\framework\system\Database\BaseConnection.php(1429): CodeIgniter\Database\MySQLi\Connection->_escapeString(NULL)
#1 G:\PROJECT\UNIFA\RPL-UF\app\Controllers\Front.php(30): CodeIgniter\Database\BaseConnection->escapeString(NULL)
#2 G:\PROJECT\UNIFA\RPL-UF\vendor\codeigniter4\framework\system\CodeIgniter.php(931): App\Controllers\Front->registrasi()
#3 G:\PROJECT\UNIFA\RPL-UF\vendor\codeigniter4\framework\system\CodeIgniter.php(439): CodeIgniter\CodeIgniter->runController(Object(App\Controllers\Front))
#4 G:\PROJECT\UNIFA\RPL-UF\vendor\codeigniter4\framework\system\CodeIgniter.php(339): CodeIgniter\CodeIgniter->handleRequest(NULL, Object(Config\Cache), false)
#5 G:\PROJECT\UNIFA\RPL-UF\public\index.php(45): CodeIgniter\CodeIgniter->run()
#6 G:\PROJECT\UNIFA\RPL-UF\vendor\codeigniter4\framework\system\Commands\Server\rewrite.php(45): require_once('G:\\PROJECT\\UNIF...')
#7 {main}
CRITICAL - 2023-01-20 05:17:23 --> Class 'App\Models\ModelRegistasi' not found
#0 G:\PROJECT\UNIFA\RPL-UF\vendor\codeigniter4\framework\system\CodeIgniter.php(931): App\Controllers\Front->registrasi()
#1 G:\PROJECT\UNIFA\RPL-UF\vendor\codeigniter4\framework\system\CodeIgniter.php(439): CodeIgniter\CodeIgniter->runController(Object(App\Controllers\Front))
#2 G:\PROJECT\UNIFA\RPL-UF\vendor\codeigniter4\framework\system\CodeIgniter.php(339): CodeIgniter\CodeIgniter->handleRequest(NULL, Object(Config\Cache), false)
#3 G:\PROJECT\UNIFA\RPL-UF\public\index.php(45): CodeIgniter\CodeIgniter->run()
#4 G:\PROJECT\UNIFA\RPL-UF\vendor\codeigniter4\framework\system\Commands\Server\rewrite.php(45): require_once('G:\\PROJECT\\UNIF...')
#5 {main}
CRITICAL - 2023-01-20 05:18:12 --> group_name is not a valid database connection group.
#0 G:\PROJECT\UNIFA\RPL-UF\vendor\codeigniter4\framework\system\Model.php(104): CodeIgniter\Database\Config::connect('group_name')
#1 G:\PROJECT\UNIFA\RPL-UF\app\Controllers\Front.php(24): CodeIgniter\Model->__construct()
#2 G:\PROJECT\UNIFA\RPL-UF\vendor\codeigniter4\framework\system\CodeIgniter.php(931): App\Controllers\Front->registrasi()
#3 G:\PROJECT\UNIFA\RPL-UF\vendor\codeigniter4\framework\system\CodeIgniter.php(439): CodeIgniter\CodeIgniter->runController(Object(App\Controllers\Front))
#4 G:\PROJECT\UNIFA\RPL-UF\vendor\codeigniter4\framework\system\CodeIgniter.php(339): CodeIgniter\CodeIgniter->handleRequest(NULL, Object(Config\Cache), false)
#5 G:\PROJECT\UNIFA\RPL-UF\public\index.php(45): CodeIgniter\CodeIgniter->run()
#6 G:\PROJECT\UNIFA\RPL-UF\vendor\codeigniter4\framework\system\Commands\Server\rewrite.php(45): require_once('G:\\PROJECT\\UNIF...')
#7 {main}
CRITICAL - 2023-01-20 05:22:14 --> group_name is not a valid database connection group.
#0 G:\PROJECT\UNIFA\RPL-UF\vendor\codeigniter4\framework\system\Model.php(104): CodeIgniter\Database\Config::connect('group_name')
#1 G:\PROJECT\UNIFA\RPL-UF\app\Controllers\Front.php(24): CodeIgniter\Model->__construct()
#2 G:\PROJECT\UNIFA\RPL-UF\vendor\codeigniter4\framework\system\CodeIgniter.php(931): App\Controllers\Front->registrasi()
#3 G:\PROJECT\UNIFA\RPL-UF\vendor\codeigniter4\framework\system\CodeIgniter.php(439): CodeIgniter\CodeIgniter->runController(Object(App\Controllers\Front))
#4 G:\PROJECT\UNIFA\RPL-UF\vendor\codeigniter4\framework\system\CodeIgniter.php(339): CodeIgniter\CodeIgniter->handleRequest(NULL, Object(Config\Cache), false)
#5 G:\PROJECT\UNIFA\RPL-UF\public\index.php(45): CodeIgniter\CodeIgniter->run()
#6 G:\PROJECT\UNIFA\RPL-UF\vendor\codeigniter4\framework\system\Commands\Server\rewrite.php(45): require_once('G:\\PROJECT\\UNIF...')
#7 {main}
CRITICAL - 2023-01-20 05:22:18 --> group_name is not a valid database connection group.
#0 G:\PROJECT\UNIFA\RPL-UF\vendor\codeigniter4\framework\system\Model.php(104): CodeIgniter\Database\Config::connect('group_name')
#1 G:\PROJECT\UNIFA\RPL-UF\app\Controllers\Front.php(24): CodeIgniter\Model->__construct()
#2 G:\PROJECT\UNIFA\RPL-UF\vendor\codeigniter4\framework\system\CodeIgniter.php(931): App\Controllers\Front->registrasi()
#3 G:\PROJECT\UNIFA\RPL-UF\vendor\codeigniter4\framework\system\CodeIgniter.php(439): CodeIgniter\CodeIgniter->runController(Object(App\Controllers\Front))
#4 G:\PROJECT\UNIFA\RPL-UF\vendor\codeigniter4\framework\system\CodeIgniter.php(339): CodeIgniter\CodeIgniter->handleRequest(NULL, Object(Config\Cache), false)
#5 G:\PROJECT\UNIFA\RPL-UF\public\index.php(45): CodeIgniter\CodeIgniter->run()
#6 G:\PROJECT\UNIFA\RPL-UF\vendor\codeigniter4\framework\system\Commands\Server\rewrite.php(45): require_once('G:\\PROJECT\\UNIF...')
#7 {main}
CRITICAL - 2023-01-20 05:22:25 --> group_name is not a valid database connection group.
#0 G:\PROJECT\UNIFA\RPL-UF\vendor\codeigniter4\framework\system\Model.php(104): CodeIgniter\Database\Config::connect('group_name')
#1 G:\PROJECT\UNIFA\RPL-UF\app\Controllers\Front.php(24): CodeIgniter\Model->__construct()
#2 G:\PROJECT\UNIFA\RPL-UF\vendor\codeigniter4\framework\system\CodeIgniter.php(931): App\Controllers\Front->registrasi()
#3 G:\PROJECT\UNIFA\RPL-UF\vendor\codeigniter4\framework\system\CodeIgniter.php(439): CodeIgniter\CodeIgniter->runController(Object(App\Controllers\Front))
#4 G:\PROJECT\UNIFA\RPL-UF\vendor\codeigniter4\framework\system\CodeIgniter.php(339): CodeIgniter\CodeIgniter->handleRequest(NULL, Object(Config\Cache), false)
#5 G:\PROJECT\UNIFA\RPL-UF\public\index.php(45): CodeIgniter\CodeIgniter->run()
#6 G:\PROJECT\UNIFA\RPL-UF\vendor\codeigniter4\framework\system\Commands\Server\rewrite.php(45): require_once('G:\\PROJECT\\UNIF...')
#7 {main}
CRITICAL - 2023-01-20 05:26:32 --> Argument 1 passed to CodeIgniter\Database\MySQLi\Connection::_escapeString() must be of the type string, null given, called in G:\PROJECT\UNIFA\RPL-UF\vendor\codeigniter4\framework\system\Database\BaseConnection.php on line 1429
#0 G:\PROJECT\UNIFA\RPL-UF\vendor\codeigniter4\framework\system\Database\BaseConnection.php(1429): CodeIgniter\Database\MySQLi\Connection->_escapeString(NULL)
#1 G:\PROJECT\UNIFA\RPL-UF\app\Controllers\Front.php(29): CodeIgniter\Database\BaseConnection->escapeString(NULL)
#2 G:\PROJECT\UNIFA\RPL-UF\vendor\codeigniter4\framework\system\CodeIgniter.php(931): App\Controllers\Front->registrasi()
#3 G:\PROJECT\UNIFA\RPL-UF\vendor\codeigniter4\framework\system\CodeIgniter.php(439): CodeIgniter\CodeIgniter->runController(Object(App\Controllers\Front))
#4 G:\PROJECT\UNIFA\RPL-UF\vendor\codeigniter4\framework\system\CodeIgniter.php(339): CodeIgniter\CodeIgniter->handleRequest(NULL, Object(Config\Cache), false)
#5 G:\PROJECT\UNIFA\RPL-UF\public\index.php(45): CodeIgniter\CodeIgniter->run()
#6 G:\PROJECT\UNIFA\RPL-UF\vendor\codeigniter4\framework\system\Commands\Server\rewrite.php(45): require_once('G:\\PROJECT\\UNIF...')
#7 {main}
CRITICAL - 2023-01-20 06:02:54 --> Call to undefined method App\Models\ModelRegistrasi::validates
#0 G:\PROJECT\UNIFA\RPL-UF\app\Controllers\Front.php(55): CodeIgniter\Model->__call('validates', Array)
#1 G:\PROJECT\UNIFA\RPL-UF\vendor\codeigniter4\framework\system\CodeIgniter.php(931): App\Controllers\Front->registrasi()
#2 G:\PROJECT\UNIFA\RPL-UF\vendor\codeigniter4\framework\system\CodeIgniter.php(439): CodeIgniter\CodeIgniter->runController(Object(App\Controllers\Front))
#3 G:\PROJECT\UNIFA\RPL-UF\vendor\codeigniter4\framework\system\CodeIgniter.php(339): CodeIgniter\CodeIgniter->handleRequest(NULL, Object(Config\Cache), false)
#4 G:\PROJECT\UNIFA\RPL-UF\public\index.php(45): CodeIgniter\CodeIgniter->run()
#5 G:\PROJECT\UNIFA\RPL-UF\vendor\codeigniter4\framework\system\Commands\Server\rewrite.php(45): require_once('G:\\PROJECT\\UNIF...')
#6 {main}
CRITICAL - 2023-01-20 06:09:14 --> Array to string conversion
#0 G:\PROJECT\UNIFA\RPL-UF\app\Controllers\Front.php(56): CodeIgniter\Debug\Exceptions->errorHandler(8, 'Array to string...', 'G:\\PROJECT\\UNIF...', 56, Array)
#1 G:\PROJECT\UNIFA\RPL-UF\vendor\codeigniter4\framework\system\CodeIgniter.php(931): App\Controllers\Front->registrasi()
#2 G:\PROJECT\UNIFA\RPL-UF\vendor\codeigniter4\framework\system\CodeIgniter.php(439): CodeIgniter\CodeIgniter->runController(Object(App\Controllers\Front))
#3 G:\PROJECT\UNIFA\RPL-UF\vendor\codeigniter4\framework\system\CodeIgniter.php(339): CodeIgniter\CodeIgniter->handleRequest(NULL, Object(Config\Cache), false)
#4 G:\PROJECT\UNIFA\RPL-UF\public\index.php(45): CodeIgniter\CodeIgniter->run()
#5 G:\PROJECT\UNIFA\RPL-UF\vendor\codeigniter4\framework\system\Commands\Server\rewrite.php(45): require_once('G:\\PROJECT\\UNIF...')
#6 {main}
CRITICAL - 2023-01-20 06:18:57 --> Unknown column 'noregistasi' in 'where clause'
#0 G:\PROJECT\UNIFA\RPL-UF\vendor\codeigniter4\framework\system\Database\MySQLi\Connection.php(329): mysqli->query('SELECT *\nFROM `...')
#1 G:\PROJECT\UNIFA\RPL-UF\vendor\codeigniter4\framework\system\Database\BaseConnection.php(732): CodeIgniter\Database\MySQLi\Connection->execute('SELECT *\nFROM `...')
#2 G:\PROJECT\UNIFA\RPL-UF\vendor\codeigniter4\framework\system\Database\BaseConnection.php(647): CodeIgniter\Database\BaseConnection->simpleQuery('SELECT *\nFROM `...')
#3 G:\PROJECT\UNIFA\RPL-UF\vendor\codeigniter4\framework\system\Database\BaseBuilder.php(1881): CodeIgniter\Database\BaseConnection->query('SELECT *\nFROM `...', Array, false)
#4 G:\PROJECT\UNIFA\RPL-UF\vendor\codeigniter4\framework\system\Model.php(197): CodeIgniter\Database\BaseBuilder->get()
#5 G:\PROJECT\UNIFA\RPL-UF\vendor\codeigniter4\framework\system\BaseModel.php(603): CodeIgniter\Model->doFindAll(0, 0)
#6 G:\PROJECT\UNIFA\RPL-UF\app\Controllers\Front.php(56): CodeIgniter\BaseModel->findAll()
#7 G:\PROJECT\UNIFA\RPL-UF\vendor\codeigniter4\framework\system\CodeIgniter.php(931): App\Controllers\Front->registrasi()
#8 G:\PROJECT\UNIFA\RPL-UF\vendor\codeigniter4\framework\system\CodeIgniter.php(439): CodeIgniter\CodeIgniter->runController(Object(App\Controllers\Front))
#9 G:\PROJECT\UNIFA\RPL-UF\vendor\codeigniter4\framework\system\CodeIgniter.php(339): CodeIgniter\CodeIgniter->handleRequest(NULL, Object(Config\Cache), false)
#10 G:\PROJECT\UNIFA\RPL-UF\public\index.php(45): CodeIgniter\CodeIgniter->run()
#11 G:\PROJECT\UNIFA\RPL-UF\vendor\codeigniter4\framework\system\Commands\Server\rewrite.php(45): require_once('G:\\PROJECT\\UNIF...')
#12 {main}
CRITICAL - 2023-01-20 06:19:17 --> Unknown column 'no_registasi' in 'where clause'
#0 G:\PROJECT\UNIFA\RPL-UF\vendor\codeigniter4\framework\system\Database\MySQLi\Connection.php(329): mysqli->query('SELECT *\nFROM `...')
#1 G:\PROJECT\UNIFA\RPL-UF\vendor\codeigniter4\framework\system\Database\BaseConnection.php(732): CodeIgniter\Database\MySQLi\Connection->execute('SELECT *\nFROM `...')
#2 G:\PROJECT\UNIFA\RPL-UF\vendor\codeigniter4\framework\system\Database\BaseConnection.php(647): CodeIgniter\Database\BaseConnection->simpleQuery('SELECT *\nFROM `...')
#3 G:\PROJECT\UNIFA\RPL-UF\vendor\codeigniter4\framework\system\Database\BaseBuilder.php(1881): CodeIgniter\Database\BaseConnection->query('SELECT *\nFROM `...', Array, false)
#4 G:\PROJECT\UNIFA\RPL-UF\vendor\codeigniter4\framework\system\Model.php(197): CodeIgniter\Database\BaseBuilder->get()
#5 G:\PROJECT\UNIFA\RPL-UF\vendor\codeigniter4\framework\system\BaseModel.php(603): CodeIgniter\Model->doFindAll(0, 0)
#6 G:\PROJECT\UNIFA\RPL-UF\app\Controllers\Front.php(56): CodeIgniter\BaseModel->findAll()
#7 G:\PROJECT\UNIFA\RPL-UF\vendor\codeigniter4\framework\system\CodeIgniter.php(931): App\Controllers\Front->registrasi()
#8 G:\PROJECT\UNIFA\RPL-UF\vendor\codeigniter4\framework\system\CodeIgniter.php(439): CodeIgniter\CodeIgniter->runController(Object(App\Controllers\Front))
#9 G:\PROJECT\UNIFA\RPL-UF\vendor\codeigniter4\framework\system\CodeIgniter.php(339): CodeIgniter\CodeIgniter->handleRequest(NULL, Object(Config\Cache), false)
#10 G:\PROJECT\UNIFA\RPL-UF\public\index.php(45): CodeIgniter\CodeIgniter->run()
#11 G:\PROJECT\UNIFA\RPL-UF\vendor\codeigniter4\framework\system\Commands\Server\rewrite.php(45): require_once('G:\\PROJECT\\UNIF...')
#12 {main}
CRITICAL - 2023-01-20 06:21:25 --> Object of class App\Models\ModelRegistrasi could not be converted to string
#0 G:\PROJECT\UNIFA\RPL-UF\vendor\codeigniter4\framework\system\CodeIgniter.php(931): App\Controllers\Front->registrasi()
#1 G:\PROJECT\UNIFA\RPL-UF\vendor\codeigniter4\framework\system\CodeIgniter.php(439): CodeIgniter\CodeIgniter->runController(Object(App\Controllers\Front))
#2 G:\PROJECT\UNIFA\RPL-UF\vendor\codeigniter4\framework\system\CodeIgniter.php(339): CodeIgniter\CodeIgniter->handleRequest(NULL, Object(Config\Cache), false)
#3 G:\PROJECT\UNIFA\RPL-UF\public\index.php(45): CodeIgniter\CodeIgniter->run()
#4 G:\PROJECT\UNIFA\RPL-UF\vendor\codeigniter4\framework\system\Commands\Server\rewrite.php(45): require_once('G:\\PROJECT\\UNIF...')
#5 {main}
CRITICAL - 2023-01-20 06:28:29 --> Argument 1 passed to CodeIgniter\Database\MySQLi\Connection::_escapeString() must be of the type string, null given, called in G:\PROJECT\UNIFA\RPL-UF\vendor\codeigniter4\framework\system\Database\BaseConnection.php on line 1429
#0 G:\PROJECT\UNIFA\RPL-UF\vendor\codeigniter4\framework\system\Database\BaseConnection.php(1429): CodeIgniter\Database\MySQLi\Connection->_escapeString(NULL)
#1 G:\PROJECT\UNIFA\RPL-UF\app\Controllers\Front.php(30): CodeIgniter\Database\BaseConnection->escapeString(NULL)
#2 G:\PROJECT\UNIFA\RPL-UF\vendor\codeigniter4\framework\system\CodeIgniter.php(931): App\Controllers\Front->registrasi()
#3 G:\PROJECT\UNIFA\RPL-UF\vendor\codeigniter4\framework\system\CodeIgniter.php(439): CodeIgniter\CodeIgniter->runController(Object(App\Controllers\Front))
#4 G:\PROJECT\UNIFA\RPL-UF\vendor\codeigniter4\framework\system\CodeIgniter.php(339): CodeIgniter\CodeIgniter->handleRequest(NULL, Object(Config\Cache), false)
#5 G:\PROJECT\UNIFA\RPL-UF\public\index.php(45): CodeIgniter\CodeIgniter->run()
#6 G:\PROJECT\UNIFA\RPL-UF\vendor\codeigniter4\framework\system\Commands\Server\rewrite.php(45): require_once('G:\\PROJECT\\UNIF...')
#7 {main}
CRITICAL - 2023-01-20 06:55:16 --> Illegal string offset 'alamat'
#0 G:\PROJECT\UNIFA\RPL-UF\app\Views\Front\rpl-layouts-horizontal.php(37): CodeIgniter\Debug\Exceptions->errorHandler(2, 'Illegal string ...', 'G:\\PROJECT\\UNIF...', 37, Array)
#1 G:\PROJECT\UNIFA\RPL-UF\vendor\codeigniter4\framework\system\View\View.php(230): include('G:\\PROJECT\\UNIF...')
#2 G:\PROJECT\UNIFA\RPL-UF\vendor\codeigniter4\framework\system\View\View.php(232): CodeIgniter\View\View->CodeIgniter\View\{closure}()
#3 G:\PROJECT\UNIFA\RPL-UF\vendor\codeigniter4\framework\system\Common.php(1250): CodeIgniter\View\View->render('Front/rpl-layou...', Array, true)
#4 G:\PROJECT\UNIFA\RPL-UF\app\Controllers\Front.php(63): view('Front/rpl-layou...', Array)
#5 G:\PROJECT\UNIFA\RPL-UF\vendor\codeigniter4\framework\system\CodeIgniter.php(931): App\Controllers\Front->registrasi()
#6 G:\PROJECT\UNIFA\RPL-UF\vendor\codeigniter4\framework\system\CodeIgniter.php(439): CodeIgniter\CodeIgniter->runController(Object(App\Controllers\Front))
#7 G:\PROJECT\UNIFA\RPL-UF\vendor\codeigniter4\framework\system\CodeIgniter.php(339): CodeIgniter\CodeIgniter->handleRequest(NULL, Object(Config\Cache), false)
#8 G:\PROJECT\UNIFA\RPL-UF\public\index.php(45): CodeIgniter\CodeIgniter->run()
#9 G:\PROJECT\UNIFA\RPL-UF\vendor\codeigniter4\framework\system\Commands\Server\rewrite.php(45): require_once('G:\\PROJECT\\UNIF...')
#10 {main}
CRITICAL - 2023-01-20 06:56:12 --> Invalid argument supplied for foreach()
#0 G:\PROJECT\UNIFA\RPL-UF\app\Views\Front\rpl-layouts-horizontal.php(37): CodeIgniter\Debug\Exceptions->errorHandler(2, 'Invalid argumen...', 'G:\\PROJECT\\UNIF...', 37, Array)
#1 G:\PROJECT\UNIFA\RPL-UF\vendor\codeigniter4\framework\system\View\View.php(230): include('G:\\PROJECT\\UNIF...')
#2 G:\PROJECT\UNIFA\RPL-UF\vendor\codeigniter4\framework\system\View\View.php(232): CodeIgniter\View\View->CodeIgniter\View\{closure}()
#3 G:\PROJECT\UNIFA\RPL-UF\vendor\codeigniter4\framework\system\Common.php(1250): CodeIgniter\View\View->render('Front/rpl-layou...', Array, true)
#4 G:\PROJECT\UNIFA\RPL-UF\app\Controllers\Front.php(63): view('Front/rpl-layou...', Array)
#5 G:\PROJECT\UNIFA\RPL-UF\vendor\codeigniter4\framework\system\CodeIgniter.php(931): App\Controllers\Front->registrasi()
#6 G:\PROJECT\UNIFA\RPL-UF\vendor\codeigniter4\framework\system\CodeIgniter.php(439): CodeIgniter\CodeIgniter->runController(Object(App\Controllers\Front))
#7 G:\PROJECT\UNIFA\RPL-UF\vendor\codeigniter4\framework\system\CodeIgniter.php(339): CodeIgniter\CodeIgniter->handleRequest(NULL, Object(Config\Cache), false)
#8 G:\PROJECT\UNIFA\RPL-UF\public\index.php(45): CodeIgniter\CodeIgniter->run()
#9 G:\PROJECT\UNIFA\RPL-UF\vendor\codeigniter4\framework\system\Commands\Server\rewrite.php(45): require_once('G:\\PROJECT\\UNIF...')
#10 {main}
CRITICAL - 2023-01-20 07:10:38 --> Table 'rpl-uf.users' doesn't exist
#0 G:\PROJECT\UNIFA\RPL-UF\vendor\codeigniter4\framework\system\Database\MySQLi\Connection.php(329): mysqli->query('SELECT 1\nFROM `...')
#1 G:\PROJECT\UNIFA\RPL-UF\vendor\codeigniter4\framework\system\Database\BaseConnection.php(732): CodeIgniter\Database\MySQLi\Connection->execute('SELECT 1\nFROM `...')
#2 G:\PROJECT\UNIFA\RPL-UF\vendor\codeigniter4\framework\system\Database\BaseConnection.php(647): CodeIgniter\Database\BaseConnection->simpleQuery('SELECT 1\nFROM `...')
#3 G:\PROJECT\UNIFA\RPL-UF\vendor\codeigniter4\framework\system\Database\BaseBuilder.php(1881): CodeIgniter\Database\BaseConnection->query('SELECT 1\nFROM `...', Array, false)
#4 G:\PROJECT\UNIFA\RPL-UF\vendor\codeigniter4\framework\system\Validation\Rules.php(206): CodeIgniter\Database\BaseBuilder->get()
#5 G:\PROJECT\UNIFA\RPL-UF\vendor\codeigniter4\framework\system\Validation\Validation.php(312): CodeIgniter\Validation\Rules->is_unique('ajsdg@b.com', 'email', Array, NULL)
#6 G:\PROJECT\UNIFA\RPL-UF\vendor\codeigniter4\framework\system\Validation\Validation.php(159): CodeIgniter\Validation\Validation->processRules('email', 'email', 'ajsdg@b.com', Array, Array)
#7 G:\PROJECT\UNIFA\RPL-UF\vendor\codeigniter4\framework\system\BaseModel.php(1416): CodeIgniter\Validation\Validation->run(Array, NULL, NULL)
#8 G:\PROJECT\UNIFA\RPL-UF\vendor\codeigniter4\framework\system\BaseModel.php(738): CodeIgniter\BaseModel->validate(Array)
#9 G:\PROJECT\UNIFA\RPL-UF\vendor\codeigniter4\framework\system\Model.php(686): CodeIgniter\BaseModel->insert(Array, true)
#10 G:\PROJECT\UNIFA\RPL-UF\app\Controllers\Front.php(54): CodeIgniter\Model->insert(Array)
#11 G:\PROJECT\UNIFA\RPL-UF\vendor\codeigniter4\framework\system\CodeIgniter.php(931): App\Controllers\Front->registrasi()
#12 G:\PROJECT\UNIFA\RPL-UF\vendor\codeigniter4\framework\system\CodeIgniter.php(439): CodeIgniter\CodeIgniter->runController(Object(App\Controllers\Front))
#13 G:\PROJECT\UNIFA\RPL-UF\vendor\codeigniter4\framework\system\CodeIgniter.php(339): CodeIgniter\CodeIgniter->handleRequest(NULL, Object(Config\Cache), false)
#14 G:\PROJECT\UNIFA\RPL-UF\public\index.php(45): CodeIgniter\CodeIgniter->run()
#15 G:\PROJECT\UNIFA\RPL-UF\vendor\codeigniter4\framework\system\Commands\Server\rewrite.php(45): require_once('G:\\PROJECT\\UNIF...')
#16 {main}
CRITICAL - 2023-01-20 07:12:23 --> Unknown column 'noregistasi' in 'where clause'
#0 G:\PROJECT\UNIFA\RPL-UF\vendor\codeigniter4\framework\system\Database\MySQLi\Connection.php(329): mysqli->query('SELECT *\nFROM `...')
#1 G:\PROJECT\UNIFA\RPL-UF\vendor\codeigniter4\framework\system\Database\BaseConnection.php(732): CodeIgniter\Database\MySQLi\Connection->execute('SELECT *\nFROM `...')
#2 G:\PROJECT\UNIFA\RPL-UF\vendor\codeigniter4\framework\system\Database\BaseConnection.php(647): CodeIgniter\Database\BaseConnection->simpleQuery('SELECT *\nFROM `...')
#3 G:\PROJECT\UNIFA\RPL-UF\vendor\codeigniter4\framework\system\Database\BaseBuilder.php(1881): CodeIgniter\Database\BaseConnection->query('SELECT *\nFROM `...', Array, false)
#4 G:\PROJECT\UNIFA\RPL-UF\vendor\codeigniter4\framework\system\Model.php(197): CodeIgniter\Database\BaseBuilder->get()
#5 G:\PROJECT\UNIFA\RPL-UF\vendor\codeigniter4\framework\system\BaseModel.php(603): CodeIgniter\Model->doFindAll(0, 0)
#6 G:\PROJECT\UNIFA\RPL-UF\app\Controllers\Front.php(65): CodeIgniter\BaseModel->findAll()
#7 G:\PROJECT\UNIFA\RPL-UF\vendor\codeigniter4\framework\system\CodeIgniter.php(931): App\Controllers\Front->registrasi()
#8 G:\PROJECT\UNIFA\RPL-UF\vendor\codeigniter4\framework\system\CodeIgniter.php(439): CodeIgniter\CodeIgniter->runController(Object(App\Controllers\Front))
#9 G:\PROJECT\UNIFA\RPL-UF\vendor\codeigniter4\framework\system\CodeIgniter.php(339): CodeIgniter\CodeIgniter->handleRequest(NULL, Object(Config\Cache), false)
#10 G:\PROJECT\UNIFA\RPL-UF\public\index.php(45): CodeIgniter\CodeIgniter->run()
#11 G:\PROJECT\UNIFA\RPL-UF\vendor\codeigniter4\framework\system\Commands\Server\rewrite.php(45): require_once('G:\\PROJECT\\UNIF...')
#12 {main}
CRITICAL - 2023-01-20 07:19:18 --> Array to string conversion
#0 G:\PROJECT\UNIFA\RPL-UF\app\Views\Front\rpl-layouts-horizontal.php(57): CodeIgniter\Debug\Exceptions->errorHandler(8, 'Array to string...', 'G:\\PROJECT\\UNIF...', 57, Array)
#1 G:\PROJECT\UNIFA\RPL-UF\vendor\codeigniter4\framework\system\View\View.php(230): include('G:\\PROJECT\\UNIF...')
#2 G:\PROJECT\UNIFA\RPL-UF\vendor\codeigniter4\framework\system\View\View.php(232): CodeIgniter\View\View->CodeIgniter\View\{closure}()
#3 G:\PROJECT\UNIFA\RPL-UF\vendor\codeigniter4\framework\system\Common.php(1250): CodeIgniter\View\View->render('Front/rpl-layou...', Array, true)
#4 G:\PROJECT\UNIFA\RPL-UF\app\Controllers\Front.php(63): view('Front/rpl-layou...', Array)
#5 G:\PROJECT\UNIFA\RPL-UF\vendor\codeigniter4\framework\system\CodeIgniter.php(931): App\Controllers\Front->registrasi()
#6 G:\PROJECT\UNIFA\RPL-UF\vendor\codeigniter4\framework\system\CodeIgniter.php(439): CodeIgniter\CodeIgniter->runController(Object(App\Controllers\Front))
#7 G:\PROJECT\UNIFA\RPL-UF\vendor\codeigniter4\framework\system\CodeIgniter.php(339): CodeIgniter\CodeIgniter->handleRequest(NULL, Object(Config\Cache), false)
#8 G:\PROJECT\UNIFA\RPL-UF\public\index.php(45): CodeIgniter\CodeIgniter->run()
#9 G:\PROJECT\UNIFA\RPL-UF\vendor\codeigniter4\framework\system\Commands\Server\rewrite.php(45): require_once('G:\\PROJECT\\UNIF...')
#10 {main}
CRITICAL - 2023-01-20 07:30:15 --> Undefined index: kab
#0 G:\PROJECT\UNIFA\RPL-UF\app\Views\Front\rpl-layouts-horizontal.php(88): CodeIgniter\Debug\Exceptions->errorHandler(8, 'Undefined index...', 'G:\\PROJECT\\UNIF...', 88, Array)
#1 G:\PROJECT\UNIFA\RPL-UF\vendor\codeigniter4\framework\system\View\View.php(230): include('G:\\PROJECT\\UNIF...')
#2 G:\PROJECT\UNIFA\RPL-UF\vendor\codeigniter4\framework\system\View\View.php(232): CodeIgniter\View\View->CodeIgniter\View\{closure}()
#3 G:\PROJECT\UNIFA\RPL-UF\vendor\codeigniter4\framework\system\Common.php(1250): CodeIgniter\View\View->render('Front/rpl-layou...', Array, true)
#4 G:\PROJECT\UNIFA\RPL-UF\app\Controllers\Front.php(63): view('Front/rpl-layou...', Array)
#5 G:\PROJECT\UNIFA\RPL-UF\vendor\codeigniter4\framework\system\CodeIgniter.php(931): App\Controllers\Front->registrasi()
#6 G:\PROJECT\UNIFA\RPL-UF\vendor\codeigniter4\framework\system\CodeIgniter.php(439): CodeIgniter\CodeIgniter->runController(Object(App\Controllers\Front))
#7 G:\PROJECT\UNIFA\RPL-UF\vendor\codeigniter4\framework\system\CodeIgniter.php(339): CodeIgniter\CodeIgniter->handleRequest(NULL, Object(Config\Cache), false)
#8 G:\PROJECT\UNIFA\RPL-UF\public\index.php(45): CodeIgniter\CodeIgniter->run()
#9 G:\PROJECT\UNIFA\RPL-UF\vendor\codeigniter4\framework\system\Commands\Server\rewrite.php(45): require_once('G:\\PROJECT\\UNIF...')
#10 {main}
CRITICAL - 2023-01-20 07:56:50 --> Undefined index: kab
#0 G:\PROJECT\UNIFA\RPL-UF\app\Views\Front\rpl-layouts-horizontal.php(88): CodeIgniter\Debug\Exceptions->errorHandler(8, 'Undefined index...', 'G:\\PROJECT\\UNIF...', 88, Array)
#1 G:\PROJECT\UNIFA\RPL-UF\vendor\codeigniter4\framework\system\View\View.php(230): include('G:\\PROJECT\\UNIF...')
#2 G:\PROJECT\UNIFA\RPL-UF\vendor\codeigniter4\framework\system\View\View.php(232): CodeIgniter\View\View->CodeIgniter\View\{closure}()
#3 G:\PROJECT\UNIFA\RPL-UF\vendor\codeigniter4\framework\system\Common.php(1250): CodeIgniter\View\View->render('Front/rpl-layou...', Array, true)
#4 G:\PROJECT\UNIFA\RPL-UF\app\Controllers\Front.php(63): view('Front/rpl-layou...', Array)
#5 G:\PROJECT\UNIFA\RPL-UF\vendor\codeigniter4\framework\system\CodeIgniter.php(931): App\Controllers\Front->registrasi()
#6 G:\PROJECT\UNIFA\RPL-UF\vendor\codeigniter4\framework\system\CodeIgniter.php(439): CodeIgniter\CodeIgniter->runController(Object(App\Controllers\Front))
#7 G:\PROJECT\UNIFA\RPL-UF\vendor\codeigniter4\framework\system\CodeIgniter.php(339): CodeIgniter\CodeIgniter->handleRequest(NULL, Object(Config\Cache), false)
#8 G:\PROJECT\UNIFA\RPL-UF\public\index.php(45): CodeIgniter\CodeIgniter->run()
#9 G:\PROJECT\UNIFA\RPL-UF\vendor\codeigniter4\framework\system\Commands\Server\rewrite.php(45): require_once('G:\\PROJECT\\UNIF...')
#10 {main}
CRITICAL - 2023-01-20 07:57:08 --> Undefined index: katkab
#0 G:\PROJECT\UNIFA\RPL-UF\app\Views\Front\rpl-layouts-horizontal.php(88): CodeIgniter\Debug\Exceptions->errorHandler(8, 'Undefined index...', 'G:\\PROJECT\\UNIF...', 88, Array)
#1 G:\PROJECT\UNIFA\RPL-UF\vendor\codeigniter4\framework\system\View\View.php(230): include('G:\\PROJECT\\UNIF...')
#2 G:\PROJECT\UNIFA\RPL-UF\vendor\codeigniter4\framework\system\View\View.php(232): CodeIgniter\View\View->CodeIgniter\View\{closure}()
#3 G:\PROJECT\UNIFA\RPL-UF\vendor\codeigniter4\framework\system\Common.php(1250): CodeIgniter\View\View->render('Front/rpl-layou...', Array, true)
#4 G:\PROJECT\UNIFA\RPL-UF\app\Controllers\Front.php(63): view('Front/rpl-layou...', Array)
#5 G:\PROJECT\UNIFA\RPL-UF\vendor\codeigniter4\framework\system\CodeIgniter.php(931): App\Controllers\Front->registrasi()
#6 G:\PROJECT\UNIFA\RPL-UF\vendor\codeigniter4\framework\system\CodeIgniter.php(439): CodeIgniter\CodeIgniter->runController(Object(App\Controllers\Front))
#7 G:\PROJECT\UNIFA\RPL-UF\vendor\codeigniter4\framework\system\CodeIgniter.php(339): CodeIgniter\CodeIgniter->handleRequest(NULL, Object(Config\Cache), false)
#8 G:\PROJECT\UNIFA\RPL-UF\public\index.php(45): CodeIgniter\CodeIgniter->run()
#9 G:\PROJECT\UNIFA\RPL-UF\vendor\codeigniter4\framework\system\Commands\Server\rewrite.php(45): require_once('G:\\PROJECT\\UNIF...')
#10 {main}
CRITICAL - 2023-01-20 07:57:25 --> Undefined index: pendidikan
#0 G:\PROJECT\UNIFA\RPL-UF\app\Views\Front\rpl-layouts-horizontal.php(120): CodeIgniter\Debug\Exceptions->errorHandler(8, 'Undefined index...', 'G:\\PROJECT\\UNIF...', 120, Array)
#1 G:\PROJECT\UNIFA\RPL-UF\vendor\codeigniter4\framework\system\View\View.php(230): include('G:\\PROJECT\\UNIF...')
#2 G:\PROJECT\UNIFA\RPL-UF\vendor\codeigniter4\framework\system\View\View.php(232): CodeIgniter\View\View->CodeIgniter\View\{closure}()
#3 G:\PROJECT\UNIFA\RPL-UF\vendor\codeigniter4\framework\system\Common.php(1250): CodeIgniter\View\View->render('Front/rpl-layou...', Array, true)
#4 G:\PROJECT\UNIFA\RPL-UF\app\Controllers\Front.php(63): view('Front/rpl-layou...', Array)
#5 G:\PROJECT\UNIFA\RPL-UF\vendor\codeigniter4\framework\system\CodeIgniter.php(931): App\Controllers\Front->registrasi()
#6 G:\PROJECT\UNIFA\RPL-UF\vendor\codeigniter4\framework\system\CodeIgniter.php(439): CodeIgniter\CodeIgniter->runController(Object(App\Controllers\Front))
#7 G:\PROJECT\UNIFA\RPL-UF\vendor\codeigniter4\framework\system\CodeIgniter.php(339): CodeIgniter\CodeIgniter->handleRequest(NULL, Object(Config\Cache), false)
#8 G:\PROJECT\UNIFA\RPL-UF\public\index.php(45): CodeIgniter\CodeIgniter->run()
#9 G:\PROJECT\UNIFA\RPL-UF\vendor\codeigniter4\framework\system\Commands\Server\rewrite.php(45): require_once('G:\\PROJECT\\UNIF...')
#10 {main}
CRITICAL - 2023-01-20 07:58:24 --> Undefined index: pendidikan
#0 G:\PROJECT\UNIFA\RPL-UF\app\Views\Front\rpl-layouts-horizontal.php(120): CodeIgniter\Debug\Exceptions->errorHandler(8, 'Undefined index...', 'G:\\PROJECT\\UNIF...', 120, Array)
#1 G:\PROJECT\UNIFA\RPL-UF\vendor\codeigniter4\framework\system\View\View.php(230): include('G:\\PROJECT\\UNIF...')
#2 G:\PROJECT\UNIFA\RPL-UF\vendor\codeigniter4\framework\system\View\View.php(232): CodeIgniter\View\View->CodeIgniter\View\{closure}()
#3 G:\PROJECT\UNIFA\RPL-UF\vendor\codeigniter4\framework\system\Common.php(1250): CodeIgniter\View\View->render('Front/rpl-layou...', Array, true)
#4 G:\PROJECT\UNIFA\RPL-UF\app\Controllers\Front.php(63): view('Front/rpl-layou...', Array)
#5 G:\PROJECT\UNIFA\RPL-UF\vendor\codeigniter4\framework\system\CodeIgniter.php(931): App\Controllers\Front->registrasi()
#6 G:\PROJECT\UNIFA\RPL-UF\vendor\codeigniter4\framework\system\CodeIgniter.php(439): CodeIgniter\CodeIgniter->runController(Object(App\Controllers\Front))
#7 G:\PROJECT\UNIFA\RPL-UF\vendor\codeigniter4\framework\system\CodeIgniter.php(339): CodeIgniter\CodeIgniter->handleRequest(NULL, Object(Config\Cache), false)
#8 G:\PROJECT\UNIFA\RPL-UF\public\index.php(45): CodeIgniter\CodeIgniter->run()
#9 G:\PROJECT\UNIFA\RPL-UF\vendor\codeigniter4\framework\system\Commands\Server\rewrite.php(45): require_once('G:\\PROJECT\\UNIF...')
#10 {main}
CRITICAL - 2023-01-20 07:59:52 --> Argument 1 passed to CodeIgniter\Database\MySQLi\Connection::_escapeString() must be of the type string, null given, called in G:\PROJECT\UNIFA\RPL-UF\vendor\codeigniter4\framework\system\Database\BaseConnection.php on line 1429
#0 G:\PROJECT\UNIFA\RPL-UF\vendor\codeigniter4\framework\system\Database\BaseConnection.php(1429): CodeIgniter\Database\MySQLi\Connection->_escapeString(NULL)
#1 G:\PROJECT\UNIFA\RPL-UF\app\Controllers\Front.php(30): CodeIgniter\Database\BaseConnection->escapeString(NULL)
#2 G:\PROJECT\UNIFA\RPL-UF\vendor\codeigniter4\framework\system\CodeIgniter.php(931): App\Controllers\Front->registrasi()
#3 G:\PROJECT\UNIFA\RPL-UF\vendor\codeigniter4\framework\system\CodeIgniter.php(439): CodeIgniter\CodeIgniter->runController(Object(App\Controllers\Front))
#4 G:\PROJECT\UNIFA\RPL-UF\vendor\codeigniter4\framework\system\CodeIgniter.php(339): CodeIgniter\CodeIgniter->handleRequest(NULL, Object(Config\Cache), false)
#5 G:\PROJECT\UNIFA\RPL-UF\public\index.php(45): CodeIgniter\CodeIgniter->run()
#6 G:\PROJECT\UNIFA\RPL-UF\vendor\codeigniter4\framework\system\Commands\Server\rewrite.php(45): require_once('G:\\PROJECT\\UNIF...')
#7 {main}
CRITICAL - 2023-01-20 08:42:45 --> FUNCTION rpl-uf.rigth does not exist
#0 G:\PROJECT\UNIFA\RPL-UF\vendor\codeigniter4\framework\system\Database\MySQLi\Connection.php(329): mysqli->query('select max(rigt...')
#1 G:\PROJECT\UNIFA\RPL-UF\vendor\codeigniter4\framework\system\Database\BaseConnection.php(732): CodeIgniter\Database\MySQLi\Connection->execute('select max(rigt...')
#2 G:\PROJECT\UNIFA\RPL-UF\vendor\codeigniter4\framework\system\Database\BaseConnection.php(647): CodeIgniter\Database\BaseConnection->simpleQuery('select max(rigt...')
#3 G:\PROJECT\UNIFA\RPL-UF\app\Controllers\Front.php(30): CodeIgniter\Database\BaseConnection->query('select max(rigt...')
#4 G:\PROJECT\UNIFA\RPL-UF\vendor\codeigniter4\framework\system\CodeIgniter.php(931): App\Controllers\Front->registrasi()
#5 G:\PROJECT\UNIFA\RPL-UF\vendor\codeigniter4\framework\system\CodeIgniter.php(439): CodeIgniter\CodeIgniter->runController(Object(App\Controllers\Front))
#6 G:\PROJECT\UNIFA\RPL-UF\vendor\codeigniter4\framework\system\CodeIgniter.php(339): CodeIgniter\CodeIgniter->handleRequest(NULL, Object(Config\Cache), false)
#7 G:\PROJECT\UNIFA\RPL-UF\public\index.php(45): CodeIgniter\CodeIgniter->run()
#8 G:\PROJECT\UNIFA\RPL-UF\vendor\codeigniter4\framework\system\Commands\Server\rewrite.php(45): require_once('G:\\PROJECT\\UNIF...')
#9 {main}
CRITICAL - 2023-01-20 08:42:56 --> FUNCTION rpl-uf.rigth does not exist
#0 G:\PROJECT\UNIFA\RPL-UF\vendor\codeigniter4\framework\system\Database\MySQLi\Connection.php(329): mysqli->query('select max(rigt...')
#1 G:\PROJECT\UNIFA\RPL-UF\vendor\codeigniter4\framework\system\Database\BaseConnection.php(732): CodeIgniter\Database\MySQLi\Connection->execute('select max(rigt...')
#2 G:\PROJECT\UNIFA\RPL-UF\vendor\codeigniter4\framework\system\Database\BaseConnection.php(647): CodeIgniter\Database\BaseConnection->simpleQuery('select max(rigt...')
#3 G:\PROJECT\UNIFA\RPL-UF\app\Controllers\Front.php(30): CodeIgniter\Database\BaseConnection->query('select max(rigt...')
#4 G:\PROJECT\UNIFA\RPL-UF\vendor\codeigniter4\framework\system\CodeIgniter.php(931): App\Controllers\Front->registrasi()
#5 G:\PROJECT\UNIFA\RPL-UF\vendor\codeigniter4\framework\system\CodeIgniter.php(439): CodeIgniter\CodeIgniter->runController(Object(App\Controllers\Front))
#6 G:\PROJECT\UNIFA\RPL-UF\vendor\codeigniter4\framework\system\CodeIgniter.php(339): CodeIgniter\CodeIgniter->handleRequest(NULL, Object(Config\Cache), false)
#7 G:\PROJECT\UNIFA\RPL-UF\public\index.php(45): CodeIgniter\CodeIgniter->run()
#8 G:\PROJECT\UNIFA\RPL-UF\vendor\codeigniter4\framework\system\Commands\Server\rewrite.php(45): require_once('G:\\PROJECT\\UNIF...')
#9 {main}
CRITICAL - 2023-01-20 08:43:12 --> Undefined variable: nolari
#0 G:\PROJECT\UNIFA\RPL-UF\app\Controllers\Front.php(44): CodeIgniter\Debug\Exceptions->errorHandler(8, 'Undefined varia...', 'G:\\PROJECT\\UNIF...', 44, Array)
#1 G:\PROJECT\UNIFA\RPL-UF\vendor\codeigniter4\framework\system\CodeIgniter.php(931): App\Controllers\Front->registrasi()
#2 G:\PROJECT\UNIFA\RPL-UF\vendor\codeigniter4\framework\system\CodeIgniter.php(439): CodeIgniter\CodeIgniter->runController(Object(App\Controllers\Front))
#3 G:\PROJECT\UNIFA\RPL-UF\vendor\codeigniter4\framework\system\CodeIgniter.php(339): CodeIgniter\CodeIgniter->handleRequest(NULL, Object(Config\Cache), false)
#4 G:\PROJECT\UNIFA\RPL-UF\public\index.php(45): CodeIgniter\CodeIgniter->run()
#5 G:\PROJECT\UNIFA\RPL-UF\vendor\codeigniter4\framework\system\Commands\Server\rewrite.php(45): require_once('G:\\PROJECT\\UNIF...')
#6 {main}
CRITICAL - 2023-01-20 08:43:46 --> Undefined index: nama
#0 G:\PROJECT\UNIFA\RPL-UF\app\Views\Front\rpl-layouts-horizontal.php(53): CodeIgniter\Debug\Exceptions->errorHandler(8, 'Undefined index...', 'G:\\PROJECT\\UNIF...', 53, Array)
#1 G:\PROJECT\UNIFA\RPL-UF\vendor\codeigniter4\framework\system\View\View.php(230): include('G:\\PROJECT\\UNIF...')
#2 G:\PROJECT\UNIFA\RPL-UF\vendor\codeigniter4\framework\system\View\View.php(232): CodeIgniter\View\View->CodeIgniter\View\{closure}()
#3 G:\PROJECT\UNIFA\RPL-UF\vendor\codeigniter4\framework\system\Common.php(1250): CodeIgniter\View\View->render('Front/rpl-layou...', Array, true)
#4 G:\PROJECT\UNIFA\RPL-UF\app\Controllers\Front.php(89): view('Front/rpl-layou...', Array)
#5 G:\PROJECT\UNIFA\RPL-UF\vendor\codeigniter4\framework\system\CodeIgniter.php(931): App\Controllers\Front->registrasi()
#6 G:\PROJECT\UNIFA\RPL-UF\vendor\codeigniter4\framework\system\CodeIgniter.php(439): CodeIgniter\CodeIgniter->runController(Object(App\Controllers\Front))
#7 G:\PROJECT\UNIFA\RPL-UF\vendor\codeigniter4\framework\system\CodeIgniter.php(339): CodeIgniter\CodeIgniter->handleRequest(NULL, Object(Config\Cache), false)
#8 G:\PROJECT\UNIFA\RPL-UF\public\index.php(45): CodeIgniter\CodeIgniter->run()
#9 G:\PROJECT\UNIFA\RPL-UF\vendor\codeigniter4\framework\system\Commands\Server\rewrite.php(45): require_once('G:\\PROJECT\\UNIF...')
#10 {main}
CRITICAL - 2023-01-20 08:44:03 --> Undefined variable: datasubmit
#0 G:\PROJECT\UNIFA\RPL-UF\app\Views\Front\rpl-layouts-horizontal.php(53): CodeIgniter\Debug\Exceptions->errorHandler(8, 'Undefined varia...', 'G:\\PROJECT\\UNIF...', 53, Array)
#1 G:\PROJECT\UNIFA\RPL-UF\vendor\codeigniter4\framework\system\View\View.php(230): include('G:\\PROJECT\\UNIF...')
#2 G:\PROJECT\UNIFA\RPL-UF\vendor\codeigniter4\framework\system\View\View.php(232): CodeIgniter\View\View->CodeIgniter\View\{closure}()
#3 G:\PROJECT\UNIFA\RPL-UF\vendor\codeigniter4\framework\system\Common.php(1250): CodeIgniter\View\View->render('Front/rpl-layou...', Array, true)
#4 G:\PROJECT\UNIFA\RPL-UF\app\Controllers\Front.php(18): view('Front/rpl-layou...', Array)
#5 G:\PROJECT\UNIFA\RPL-UF\vendor\codeigniter4\framework\system\CodeIgniter.php(931): App\Controllers\Front->index()
#6 G:\PROJECT\UNIFA\RPL-UF\vendor\codeigniter4\framework\system\CodeIgniter.php(439): CodeIgniter\CodeIgniter->runController(Object(App\Controllers\Front))
#7 G:\PROJECT\UNIFA\RPL-UF\vendor\codeigniter4\framework\system\CodeIgniter.php(339): CodeIgniter\CodeIgniter->handleRequest(NULL, Object(Config\Cache), false)
#8 G:\PROJECT\UNIFA\RPL-UF\public\index.php(45): CodeIgniter\CodeIgniter->run()
#9 G:\PROJECT\UNIFA\RPL-UF\vendor\codeigniter4\framework\system\Commands\Server\rewrite.php(45): require_once('G:\\PROJECT\\UNIF...')
#10 {main}
CRITICAL - 2023-01-20 08:44:06 --> Undefined variable: datasubmit
#0 G:\PROJECT\UNIFA\RPL-UF\app\Views\Front\rpl-layouts-horizontal.php(53): CodeIgniter\Debug\Exceptions->errorHandler(8, 'Undefined varia...', 'G:\\PROJECT\\UNIF...', 53, Array)
#1 G:\PROJECT\UNIFA\RPL-UF\vendor\codeigniter4\framework\system\View\View.php(230): include('G:\\PROJECT\\UNIF...')
#2 G:\PROJECT\UNIFA\RPL-UF\vendor\codeigniter4\framework\system\View\View.php(232): CodeIgniter\View\View->CodeIgniter\View\{closure}()
#3 G:\PROJECT\UNIFA\RPL-UF\vendor\codeigniter4\framework\system\Common.php(1250): CodeIgniter\View\View->render('Front/rpl-layou...', Array, true)
#4 G:\PROJECT\UNIFA\RPL-UF\app\Controllers\Front.php(18): view('Front/rpl-layou...', Array)
#5 G:\PROJECT\UNIFA\RPL-UF\vendor\codeigniter4\framework\system\CodeIgniter.php(931): App\Controllers\Front->index()
#6 G:\PROJECT\UNIFA\RPL-UF\vendor\codeigniter4\framework\system\CodeIgniter.php(439): CodeIgniter\CodeIgniter->runController(Object(App\Controllers\Front))
#7 G:\PROJECT\UNIFA\RPL-UF\vendor\codeigniter4\framework\system\CodeIgniter.php(339): CodeIgniter\CodeIgniter->handleRequest(NULL, Object(Config\Cache), false)
#8 G:\PROJECT\UNIFA\RPL-UF\public\index.php(45): CodeIgniter\CodeIgniter->run()
#9 G:\PROJECT\UNIFA\RPL-UF\vendor\codeigniter4\framework\system\Commands\Server\rewrite.php(45): require_once('G:\\PROJECT\\UNIF...')
#10 {main}
CRITICAL - 2023-01-20 08:44:11 --> Undefined variable: datasubmit
#0 G:\PROJECT\UNIFA\RPL-UF\app\Views\Front\rpl-layouts-horizontal.php(53): CodeIgniter\Debug\Exceptions->errorHandler(8, 'Undefined varia...', 'G:\\PROJECT\\UNIF...', 53, Array)
#1 G:\PROJECT\UNIFA\RPL-UF\vendor\codeigniter4\framework\system\View\View.php(230): include('G:\\PROJECT\\UNIF...')
#2 G:\PROJECT\UNIFA\RPL-UF\vendor\codeigniter4\framework\system\View\View.php(232): CodeIgniter\View\View->CodeIgniter\View\{closure}()
#3 G:\PROJECT\UNIFA\RPL-UF\vendor\codeigniter4\framework\system\Common.php(1250): CodeIgniter\View\View->render('Front/rpl-layou...', Array, true)
#4 G:\PROJECT\UNIFA\RPL-UF\app\Controllers\Front.php(18): view('Front/rpl-layou...', Array)
#5 G:\PROJECT\UNIFA\RPL-UF\vendor\codeigniter4\framework\system\CodeIgniter.php(931): App\Controllers\Front->index()
#6 G:\PROJECT\UNIFA\RPL-UF\vendor\codeigniter4\framework\system\CodeIgniter.php(439): CodeIgniter\CodeIgniter->runController(Object(App\Controllers\Front))
#7 G:\PROJECT\UNIFA\RPL-UF\vendor\codeigniter4\framework\system\CodeIgniter.php(339): CodeIgniter\CodeIgniter->handleRequest(NULL, Object(Config\Cache), false)
#8 G:\PROJECT\UNIFA\RPL-UF\public\index.php(45): CodeIgniter\CodeIgniter->run()
#9 G:\PROJECT\UNIFA\RPL-UF\vendor\codeigniter4\framework\system\Commands\Server\rewrite.php(45): require_once('G:\\PROJECT\\UNIF...')
#10 {main}
CRITICAL - 2023-01-20 08:44:13 --> Undefined variable: datasubmit
#0 G:\PROJECT\UNIFA\RPL-UF\app\Views\Front\rpl-layouts-horizontal.php(53): CodeIgniter\Debug\Exceptions->errorHandler(8, 'Undefined varia...', 'G:\\PROJECT\\UNIF...', 53, Array)
#1 G:\PROJECT\UNIFA\RPL-UF\vendor\codeigniter4\framework\system\View\View.php(230): include('G:\\PROJECT\\UNIF...')
#2 G:\PROJECT\UNIFA\RPL-UF\vendor\codeigniter4\framework\system\View\View.php(232): CodeIgniter\View\View->CodeIgniter\View\{closure}()
#3 G:\PROJECT\UNIFA\RPL-UF\vendor\codeigniter4\framework\system\Common.php(1250): CodeIgniter\View\View->render('Front/rpl-layou...', Array, true)
#4 G:\PROJECT\UNIFA\RPL-UF\app\Controllers\Front.php(18): view('Front/rpl-layou...', Array)
#5 G:\PROJECT\UNIFA\RPL-UF\vendor\codeigniter4\framework\system\CodeIgniter.php(931): App\Controllers\Front->index()
#6 G:\PROJECT\UNIFA\RPL-UF\vendor\codeigniter4\framework\system\CodeIgniter.php(439): CodeIgniter\CodeIgniter->runController(Object(App\Controllers\Front))
#7 G:\PROJECT\UNIFA\RPL-UF\vendor\codeigniter4\framework\system\CodeIgniter.php(339): CodeIgniter\CodeIgniter->handleRequest(NULL, Object(Config\Cache), false)
#8 G:\PROJECT\UNIFA\RPL-UF\public\index.php(45): CodeIgniter\CodeIgniter->run()
#9 G:\PROJECT\UNIFA\RPL-UF\vendor\codeigniter4\framework\system\Commands\Server\rewrite.php(45): require_once('G:\\PROJECT\\UNIF...')
#10 {main}
CRITICAL - 2023-01-20 08:45:29 --> Undefined variable: datasubmit
#0 G:\PROJECT\UNIFA\RPL-UF\app\Views\Front\rpl-layouts-horizontal.php(53): CodeIgniter\Debug\Exceptions->errorHandler(8, 'Undefined varia...', 'G:\\PROJECT\\UNIF...', 53, Array)
#1 G:\PROJECT\UNIFA\RPL-UF\vendor\codeigniter4\framework\system\View\View.php(230): include('G:\\PROJECT\\UNIF...')
#2 G:\PROJECT\UNIFA\RPL-UF\vendor\codeigniter4\framework\system\View\View.php(232): CodeIgniter\View\View->CodeIgniter\View\{closure}()
#3 G:\PROJECT\UNIFA\RPL-UF\vendor\codeigniter4\framework\system\Common.php(1250): CodeIgniter\View\View->render('Front/rpl-layou...', Array, true)
#4 G:\PROJECT\UNIFA\RPL-UF\app\Controllers\Front.php(18): view('Front/rpl-layou...', Array)
#5 G:\PROJECT\UNIFA\RPL-UF\vendor\codeigniter4\framework\system\CodeIgniter.php(931): App\Controllers\Front->index()
#6 G:\PROJECT\UNIFA\RPL-UF\vendor\codeigniter4\framework\system\CodeIgniter.php(439): CodeIgniter\CodeIgniter->runController(Object(App\Controllers\Front))
#7 G:\PROJECT\UNIFA\RPL-UF\vendor\codeigniter4\framework\system\CodeIgniter.php(339): CodeIgniter\CodeIgniter->handleRequest(NULL, Object(Config\Cache), false)
#8 G:\PROJECT\UNIFA\RPL-UF\public\index.php(45): CodeIgniter\CodeIgniter->run()
#9 G:\PROJECT\UNIFA\RPL-UF\vendor\codeigniter4\framework\system\Commands\Server\rewrite.php(45): require_once('G:\\PROJECT\\UNIF...')
#10 {main}
CRITICAL - 2023-01-20 08:45:42 --> Undefined variable: datasubmit
#0 G:\PROJECT\UNIFA\RPL-UF\app\Views\Front\rpl-layouts-horizontal.php(63): CodeIgniter\Debug\Exceptions->errorHandler(8, 'Undefined varia...', 'G:\\PROJECT\\UNIF...', 63, Array)
#1 G:\PROJECT\UNIFA\RPL-UF\vendor\codeigniter4\framework\system\View\View.php(230): include('G:\\PROJECT\\UNIF...')
#2 G:\PROJECT\UNIFA\RPL-UF\vendor\codeigniter4\framework\system\View\View.php(232): CodeIgniter\View\View->CodeIgniter\View\{closure}()
#3 G:\PROJECT\UNIFA\RPL-UF\vendor\codeigniter4\framework\system\Common.php(1250): CodeIgniter\View\View->render('Front/rpl-layou...', Array, true)
#4 G:\PROJECT\UNIFA\RPL-UF\app\Controllers\Front.php(18): view('Front/rpl-layou...', Array)
#5 G:\PROJECT\UNIFA\RPL-UF\vendor\codeigniter4\framework\system\CodeIgniter.php(931): App\Controllers\Front->index()
#6 G:\PROJECT\UNIFA\RPL-UF\vendor\codeigniter4\framework\system\CodeIgniter.php(439): CodeIgniter\CodeIgniter->runController(Object(App\Controllers\Front))
#7 G:\PROJECT\UNIFA\RPL-UF\vendor\codeigniter4\framework\system\CodeIgniter.php(339): CodeIgniter\CodeIgniter->handleRequest(NULL, Object(Config\Cache), false)
#8 G:\PROJECT\UNIFA\RPL-UF\public\index.php(45): CodeIgniter\CodeIgniter->run()
#9 G:\PROJECT\UNIFA\RPL-UF\vendor\codeigniter4\framework\system\Commands\Server\rewrite.php(45): require_once('G:\\PROJECT\\UNIF...')
#10 {main}
CRITICAL - 2023-01-20 08:48:02 --> Undefined variable: datasubmit
#0 G:\PROJECT\UNIFA\RPL-UF\app\Views\Front\rpl-layouts-horizontal.php(127): CodeIgniter\Debug\Exceptions->errorHandler(8, 'Undefined varia...', 'G:\\PROJECT\\UNIF...', 127, Array)
#1 G:\PROJECT\UNIFA\RPL-UF\vendor\codeigniter4\framework\system\View\View.php(230): include('G:\\PROJECT\\UNIF...')
#2 G:\PROJECT\UNIFA\RPL-UF\vendor\codeigniter4\framework\system\View\View.php(232): CodeIgniter\View\View->CodeIgniter\View\{closure}()
#3 G:\PROJECT\UNIFA\RPL-UF\vendor\codeigniter4\framework\system\Common.php(1250): CodeIgniter\View\View->render('Front/rpl-layou...', Array, true)
#4 G:\PROJECT\UNIFA\RPL-UF\app\Controllers\Front.php(18): view('Front/rpl-layou...', Array)
#5 G:\PROJECT\UNIFA\RPL-UF\vendor\codeigniter4\framework\system\CodeIgniter.php(931): App\Controllers\Front->index()
#6 G:\PROJECT\UNIFA\RPL-UF\vendor\codeigniter4\framework\system\CodeIgniter.php(439): CodeIgniter\CodeIgniter->runController(Object(App\Controllers\Front))
#7 G:\PROJECT\UNIFA\RPL-UF\vendor\codeigniter4\framework\system\CodeIgniter.php(339): CodeIgniter\CodeIgniter->handleRequest(NULL, Object(Config\Cache), false)
#8 G:\PROJECT\UNIFA\RPL-UF\public\index.php(45): CodeIgniter\CodeIgniter->run()
#9 G:\PROJECT\UNIFA\RPL-UF\vendor\codeigniter4\framework\system\Commands\Server\rewrite.php(45): require_once('G:\\PROJECT\\UNIF...')
#10 {main}
CRITICAL - 2023-01-20 08:48:59 --> Undefined variable: datasubmit
#0 G:\PROJECT\UNIFA\RPL-UF\app\Views\Front\rpl-layouts-horizontal.php(130): CodeIgniter\Debug\Exceptions->errorHandler(8, 'Undefined varia...', 'G:\\PROJECT\\UNIF...', 130, Array)
#1 G:\PROJECT\UNIFA\RPL-UF\vendor\codeigniter4\framework\system\View\View.php(230): include('G:\\PROJECT\\UNIF...')
#2 G:\PROJECT\UNIFA\RPL-UF\vendor\codeigniter4\framework\system\View\View.php(232): CodeIgniter\View\View->CodeIgniter\View\{closure}()
#3 G:\PROJECT\UNIFA\RPL-UF\vendor\codeigniter4\framework\system\Common.php(1250): CodeIgniter\View\View->render('Front/rpl-layou...', Array, true)
#4 G:\PROJECT\UNIFA\RPL-UF\app\Controllers\Front.php(18): view('Front/rpl-layou...', Array)
#5 G:\PROJECT\UNIFA\RPL-UF\vendor\codeigniter4\framework\system\CodeIgniter.php(931): App\Controllers\Front->index()
#6 G:\PROJECT\UNIFA\RPL-UF\vendor\codeigniter4\framework\system\CodeIgniter.php(439): CodeIgniter\CodeIgniter->runController(Object(App\Controllers\Front))
#7 G:\PROJECT\UNIFA\RPL-UF\vendor\codeigniter4\framework\system\CodeIgniter.php(339): CodeIgniter\CodeIgniter->handleRequest(NULL, Object(Config\Cache), false)
#8 G:\PROJECT\UNIFA\RPL-UF\public\index.php(45): CodeIgniter\CodeIgniter->run()
#9 G:\PROJECT\UNIFA\RPL-UF\vendor\codeigniter4\framework\system\Commands\Server\rewrite.php(45): require_once('G:\\PROJECT\\UNIF...')
#10 {main}
CRITICAL - 2023-01-20 08:50:45 --> Object of class stdClass could not be converted to float
#0 [internal function]: CodeIgniter\Debug\Exceptions->errorHandler(8, 'Object of class...', 'G:\\PROJECT\\UNIF...', 32, Array)
#1 G:\PROJECT\UNIFA\RPL-UF\app\Controllers\Front.php(32): floatval(Object(stdClass))
#2 G:\PROJECT\UNIFA\RPL-UF\vendor\codeigniter4\framework\system\CodeIgniter.php(931): App\Controllers\Front->registrasi()
#3 G:\PROJECT\UNIFA\RPL-UF\vendor\codeigniter4\framework\system\CodeIgniter.php(439): CodeIgniter\CodeIgniter->runController(Object(App\Controllers\Front))
#4 G:\PROJECT\UNIFA\RPL-UF\vendor\codeigniter4\framework\system\CodeIgniter.php(339): CodeIgniter\CodeIgniter->handleRequest(NULL, Object(Config\Cache), false)
#5 G:\PROJECT\UNIFA\RPL-UF\public\index.php(45): CodeIgniter\CodeIgniter->run()
#6 G:\PROJECT\UNIFA\RPL-UF\vendor\codeigniter4\framework\system\Commands\Server\rewrite.php(45): require_once('G:\\PROJECT\\UNIF...')
#7 {main}
CRITICAL - 2023-01-20 08:51:40 --> Argument 1 passed to CodeIgniter\Database\MySQLi\Connection::_escapeString() must be of the type string, null given, called in G:\PROJECT\UNIFA\RPL-UF\vendor\codeigniter4\framework\system\Database\BaseConnection.php on line 1429
#0 G:\PROJECT\UNIFA\RPL-UF\vendor\codeigniter4\framework\system\Database\BaseConnection.php(1429): CodeIgniter\Database\MySQLi\Connection->_escapeString(NULL)
#1 G:\PROJECT\UNIFA\RPL-UF\app\Controllers\Front.php(52): CodeIgniter\Database\BaseConnection->escapeString(NULL)
#2 G:\PROJECT\UNIFA\RPL-UF\vendor\codeigniter4\framework\system\CodeIgniter.php(931): App\Controllers\Front->registrasi()
#3 G:\PROJECT\UNIFA\RPL-UF\vendor\codeigniter4\framework\system\CodeIgniter.php(439): CodeIgniter\CodeIgniter->runController(Object(App\Controllers\Front))
#4 G:\PROJECT\UNIFA\RPL-UF\vendor\codeigniter4\framework\system\CodeIgniter.php(339): CodeIgniter\CodeIgniter->handleRequest(NULL, Object(Config\Cache), false)
#5 G:\PROJECT\UNIFA\RPL-UF\public\index.php(45): CodeIgniter\CodeIgniter->run()
#6 G:\PROJECT\UNIFA\RPL-UF\vendor\codeigniter4\framework\system\Commands\Server\rewrite.php(45): require_once('G:\\PROJECT\\UNIF...')
#7 {main}
CRITICAL - 2023-01-20 09:23:57 --> strpos() expects parameter 1 to be string, object given
#0 [internal function]: CodeIgniter\Debug\Exceptions->errorHandler(2, 'strpos() expect...', 'G:\\PROJECT\\UNIF...', 796, Array)
#1 G:\PROJECT\UNIFA\RPL-UF\vendor\codeigniter4\framework\system\Email\Email.php(796): strpos(Object(CodeIgniter\Email\Email), ',')
#2 G:\PROJECT\UNIFA\RPL-UF\vendor\codeigniter4\framework\system\Email\Email.php(574): CodeIgniter\Email\Email->stringToArray(Object(CodeIgniter\Email\Email))
#3 G:\PROJECT\UNIFA\RPL-UF\app\Controllers\Front.php(85): CodeIgniter\Email\Email->setTo(Object(CodeIgniter\Email\Email))
#4 G:\PROJECT\UNIFA\RPL-UF\vendor\codeigniter4\framework\system\CodeIgniter.php(931): App\Controllers\Front->registrasi()
#5 G:\PROJECT\UNIFA\RPL-UF\vendor\codeigniter4\framework\system\CodeIgniter.php(439): CodeIgniter\CodeIgniter->runController(Object(App\Controllers\Front))
#6 G:\PROJECT\UNIFA\RPL-UF\vendor\codeigniter4\framework\system\CodeIgniter.php(339): CodeIgniter\CodeIgniter->handleRequest(NULL, Object(Config\Cache), false)
#7 G:\PROJECT\UNIFA\RPL-UF\public\index.php(45): CodeIgniter\CodeIgniter->run()
#8 G:\PROJECT\UNIFA\RPL-UF\vendor\codeigniter4\framework\system\Commands\Server\rewrite.php(45): require_once('G:\\PROJECT\\UNIF...')
#9 {main}
CRITICAL - 2023-01-20 09:55:42 --> Argument 1 passed to CodeIgniter\Database\MySQLi\Connection::_escapeString() must be of the type string, null given, called in G:\PROJECT\UNIFA\RPL-UF\vendor\codeigniter4\framework\system\Database\BaseConnection.php on line 1429
#0 G:\PROJECT\UNIFA\RPL-UF\vendor\codeigniter4\framework\system\Database\BaseConnection.php(1429): CodeIgniter\Database\MySQLi\Connection->_escapeString(NULL)
#1 G:\PROJECT\UNIFA\RPL-UF\app\Controllers\Front.php(47): CodeIgniter\Database\BaseConnection->escapeString(NULL)
#2 G:\PROJECT\UNIFA\RPL-UF\vendor\codeigniter4\framework\system\CodeIgniter.php(931): App\Controllers\Front->registrasi()
#3 G:\PROJECT\UNIFA\RPL-UF\vendor\codeigniter4\framework\system\CodeIgniter.php(439): CodeIgniter\CodeIgniter->runController(Object(App\Controllers\Front))
#4 G:\PROJECT\UNIFA\RPL-UF\vendor\codeigniter4\framework\system\CodeIgniter.php(339): CodeIgniter\CodeIgniter->handleRequest(NULL, Object(Config\Cache), false)
#5 G:\PROJECT\UNIFA\RPL-UF\public\index.php(45): CodeIgniter\CodeIgniter->run()
#6 G:\PROJECT\UNIFA\RPL-UF\vendor\codeigniter4\framework\system\Commands\Server\rewrite.php(45): require_once('G:\\PROJECT\\UNIF...')
#7 {main}
CRITICAL - 2023-01-20 10:49:55 --> syntax error, unexpected '100' (T_LNUMBER)
#0 G:\PROJECT\UNIFA\RPL-UF\vendor\codeigniter4\framework\system\Autoloader\Autoloader.php(282): CodeIgniter\Autoloader\Autoloader->includeFile('G:\\PROJECT\\UNIF...')
#1 G:\PROJECT\UNIFA\RPL-UF\vendor\codeigniter4\framework\system\Autoloader\Autoloader.php(247): CodeIgniter\Autoloader\Autoloader->loadInNamespace('App\\Controllers...')
#2 [internal function]: CodeIgniter\Autoloader\Autoloader->loadClass('App\\Controllers...')
#3 [internal function]: spl_autoload_call('App\\Controllers...')
#4 G:\PROJECT\UNIFA\RPL-UF\vendor\codeigniter4\framework\system\CodeIgniter.php(888): class_exists('\\App\\Controller...', true)
#5 G:\PROJECT\UNIFA\RPL-UF\vendor\codeigniter4\framework\system\CodeIgniter.php(424): CodeIgniter\CodeIgniter->startController()
#6 G:\PROJECT\UNIFA\RPL-UF\vendor\codeigniter4\framework\system\CodeIgniter.php(339): CodeIgniter\CodeIgniter->handleRequest(NULL, Object(Config\Cache), false)
#7 G:\PROJECT\UNIFA\RPL-UF\public\index.php(45): CodeIgniter\CodeIgniter->run()
#8 G:\PROJECT\UNIFA\RPL-UF\vendor\codeigniter4\framework\system\Commands\Server\rewrite.php(45): require_once('G:\\PROJECT\\UNIF...')
#9 {main}
