CRITICAL - 2023-03-30 12:31:13 --> Invalid argument supplied for foreach()
#0 /www/wwwroot/silajux.unifa.ac.id/app/Models/ModelTransactionKlaim.php(152): CodeIgniter\Debug\Exceptions->errorHandler()
#1 /www/wwwroot/silajux.unifa.ac.id/app/Controllers/Front.php(1308): App\Models\ModelTransactionKlaim->simpanklaim()
#2 /www/wwwroot/silajux.unifa.ac.id/vendor/codeigniter4/framework/system/CodeIgniter.php(931): App\Controllers\Front->SimpanKlaimmk()
#3 /www/wwwroot/silajux.unifa.ac.id/vendor/codeigniter4/framework/system/CodeIgniter.php(439): CodeIgniter\CodeIgniter->runController()
#4 /www/wwwroot/silajux.unifa.ac.id/vendor/codeigniter4/framework/system/CodeIgniter.php(339): CodeIgniter\CodeIgniter->handleRequest()
#5 /www/wwwroot/silajux.unifa.ac.id/public/index.php(45): CodeIgniter\CodeIgniter->run()
#6 {main}
CRITICAL - 2023-03-30 12:39:29 --> Invalid argument supplied for foreach()
#0 /www/wwwroot/silajux.unifa.ac.id/app/Models/ModelTransactionKlaim.php(152): CodeIgniter\Debug\Exceptions->errorHandler()
#1 /www/wwwroot/silajux.unifa.ac.id/app/Controllers/Front.php(1308): App\Models\ModelTransactionKlaim->simpanklaim()
#2 /www/wwwroot/silajux.unifa.ac.id/vendor/codeigniter4/framework/system/CodeIgniter.php(931): App\Controllers\Front->SimpanKlaimmk()
#3 /www/wwwroot/silajux.unifa.ac.id/vendor/codeigniter4/framework/system/CodeIgniter.php(439): CodeIgniter\CodeIgniter->runController()
#4 /www/wwwroot/silajux.unifa.ac.id/vendor/codeigniter4/framework/system/CodeIgniter.php(339): CodeIgniter\CodeIgniter->handleRequest()
#5 /www/wwwroot/silajux.unifa.ac.id/public/index.php(45): CodeIgniter\CodeIgniter->run()
#6 {main}
CRITICAL - 2023-03-30 12:57:51 --> Invalid argument supplied for foreach()
#0 /www/wwwroot/silajux.unifa.ac.id/app/Models/ModelTransactionKlaim.php(152): CodeIgniter\Debug\Exceptions->errorHandler()
#1 /www/wwwroot/silajux.unifa.ac.id/app/Controllers/Front.php(1308): App\Models\ModelTransactionKlaim->simpanklaim()
#2 /www/wwwroot/silajux.unifa.ac.id/vendor/codeigniter4/framework/system/CodeIgniter.php(931): App\Controllers\Front->SimpanKlaimmk()
#3 /www/wwwroot/silajux.unifa.ac.id/vendor/codeigniter4/framework/system/CodeIgniter.php(439): CodeIgniter\CodeIgniter->runController()
#4 /www/wwwroot/silajux.unifa.ac.id/vendor/codeigniter4/framework/system/CodeIgniter.php(339): CodeIgniter\CodeIgniter->handleRequest()
#5 /www/wwwroot/silajux.unifa.ac.id/public/index.php(45): CodeIgniter\CodeIgniter->run()
#6 {main}
CRITICAL - 2023-03-30 00:12:18 --> Invalid argument supplied for foreach()
#0 /www/wwwroot/silajux.unifa.ac.id/app/Views/Admin/rpl-assesment-asessor.php(154): CodeIgniter\Debug\Exceptions->errorHandler()
#1 /www/wwwroot/silajux.unifa.ac.id/vendor/codeigniter4/framework/system/View/View.php(230): include('/www/wwwroot/si...')
#2 /www/wwwroot/silajux.unifa.ac.id/vendor/codeigniter4/framework/system/View/View.php(232): CodeIgniter\View\View->CodeIgniter\View\{closure}()
#3 /www/wwwroot/silajux.unifa.ac.id/vendor/codeigniter4/framework/system/Common.php(1250): CodeIgniter\View\View->render()
#4 /www/wwwroot/silajux.unifa.ac.id/app/Controllers/Admin.php(1619): view()
#5 /www/wwwroot/silajux.unifa.ac.id/vendor/codeigniter4/framework/system/CodeIgniter.php(931): App\Controllers\Admin->tanggapanAsessor()
#6 /www/wwwroot/silajux.unifa.ac.id/vendor/codeigniter4/framework/system/CodeIgniter.php(439): CodeIgniter\CodeIgniter->runController()
#7 /www/wwwroot/silajux.unifa.ac.id/vendor/codeigniter4/framework/system/CodeIgniter.php(339): CodeIgniter\CodeIgniter->handleRequest()
#8 /www/wwwroot/silajux.unifa.ac.id/public/index.php(45): CodeIgniter\CodeIgniter->run()
#9 {main}
CRITICAL - 2023-03-30 01:03:39 --> Invalid argument supplied for foreach()
#0 /www/wwwroot/silajux.unifa.ac.id/app/Views/Front/rpl-respon-asessor.php(164): CodeIgniter\Debug\Exceptions->errorHandler()
#1 /www/wwwroot/silajux.unifa.ac.id/vendor/codeigniter4/framework/system/View/View.php(230): include('/www/wwwroot/si...')
#2 /www/wwwroot/silajux.unifa.ac.id/vendor/codeigniter4/framework/system/View/View.php(232): CodeIgniter\View\View->CodeIgniter\View\{closure}()
#3 /www/wwwroot/silajux.unifa.ac.id/vendor/codeigniter4/framework/system/Common.php(1250): CodeIgniter\View\View->render()
#4 /www/wwwroot/silajux.unifa.ac.id/app/Controllers/Front.php(1166): view()
#5 /www/wwwroot/silajux.unifa.ac.id/vendor/codeigniter4/framework/system/CodeIgniter.php(931): App\Controllers\Front->AsessmentRespon()
#6 /www/wwwroot/silajux.unifa.ac.id/vendor/codeigniter4/framework/system/CodeIgniter.php(439): CodeIgniter\CodeIgniter->runController()
#7 /www/wwwroot/silajux.unifa.ac.id/vendor/codeigniter4/framework/system/CodeIgniter.php(339): CodeIgniter\CodeIgniter->handleRequest()
#8 /www/wwwroot/silajux.unifa.ac.id/public/index.php(45): CodeIgniter\CodeIgniter->run()
#9 {main}
CRITICAL - 2023-03-30 01:03:43 --> Invalid argument supplied for foreach()
#0 /www/wwwroot/silajux.unifa.ac.id/app/Views/Front/rpl-respon-asessor.php(164): CodeIgniter\Debug\Exceptions->errorHandler()
#1 /www/wwwroot/silajux.unifa.ac.id/vendor/codeigniter4/framework/system/View/View.php(230): include('/www/wwwroot/si...')
#2 /www/wwwroot/silajux.unifa.ac.id/vendor/codeigniter4/framework/system/View/View.php(232): CodeIgniter\View\View->CodeIgniter\View\{closure}()
#3 /www/wwwroot/silajux.unifa.ac.id/vendor/codeigniter4/framework/system/Common.php(1250): CodeIgniter\View\View->render()
#4 /www/wwwroot/silajux.unifa.ac.id/app/Controllers/Front.php(1166): view()
#5 /www/wwwroot/silajux.unifa.ac.id/vendor/codeigniter4/framework/system/CodeIgniter.php(931): App\Controllers\Front->AsessmentRespon()
#6 /www/wwwroot/silajux.unifa.ac.id/vendor/codeigniter4/framework/system/CodeIgniter.php(439): CodeIgniter\CodeIgniter->runController()
#7 /www/wwwroot/silajux.unifa.ac.id/vendor/codeigniter4/framework/system/CodeIgniter.php(339): CodeIgniter\CodeIgniter->handleRequest()
#8 /www/wwwroot/silajux.unifa.ac.id/public/index.php(45): CodeIgniter\CodeIgniter->run()
#9 {main}
CRITICAL - 2023-03-30 01:15:41 --> Argument 1 passed to CodeIgniter\Database\MySQLi\Connection::_escapeString() must be of the type string, null given, called in /www/wwwroot/silajux.unifa.ac.id/vendor/codeigniter4/framework/system/Database/BaseConnection.php on line 1429
#0 /www/wwwroot/silajux.unifa.ac.id/vendor/codeigniter4/framework/system/Database/BaseConnection.php(1429): CodeIgniter\Database\MySQLi\Connection->_escapeString()
#1 /www/wwwroot/silajux.unifa.ac.id/app/Controllers/Front.php(937): CodeIgniter\Database\BaseConnection->escapeString()
#2 /www/wwwroot/silajux.unifa.ac.id/vendor/codeigniter4/framework/system/CodeIgniter.php(931): App\Controllers\Front->Simpanberkas()
#3 /www/wwwroot/silajux.unifa.ac.id/vendor/codeigniter4/framework/system/CodeIgniter.php(439): CodeIgniter\CodeIgniter->runController()
#4 /www/wwwroot/silajux.unifa.ac.id/vendor/codeigniter4/framework/system/CodeIgniter.php(339): CodeIgniter\CodeIgniter->handleRequest()
#5 /www/wwwroot/silajux.unifa.ac.id/public/index.php(45): CodeIgniter\CodeIgniter->run()
#6 {main}
CRITICAL - 2023-03-30 01:26:31 --> Invalid argument supplied for foreach()
#0 /www/wwwroot/silajux.unifa.ac.id/app/Views/Front/rpl-respon-asessor.php(164): CodeIgniter\Debug\Exceptions->errorHandler()
#1 /www/wwwroot/silajux.unifa.ac.id/vendor/codeigniter4/framework/system/View/View.php(230): include('/www/wwwroot/si...')
#2 /www/wwwroot/silajux.unifa.ac.id/vendor/codeigniter4/framework/system/View/View.php(232): CodeIgniter\View\View->CodeIgniter\View\{closure}()
#3 /www/wwwroot/silajux.unifa.ac.id/vendor/codeigniter4/framework/system/Common.php(1250): CodeIgniter\View\View->render()
#4 /www/wwwroot/silajux.unifa.ac.id/app/Controllers/Front.php(1166): view()
#5 /www/wwwroot/silajux.unifa.ac.id/vendor/codeigniter4/framework/system/CodeIgniter.php(931): App\Controllers\Front->AsessmentRespon()
#6 /www/wwwroot/silajux.unifa.ac.id/vendor/codeigniter4/framework/system/CodeIgniter.php(439): CodeIgniter\CodeIgniter->runController()
#7 /www/wwwroot/silajux.unifa.ac.id/vendor/codeigniter4/framework/system/CodeIgniter.php(339): CodeIgniter\CodeIgniter->handleRequest()
#8 /www/wwwroot/silajux.unifa.ac.id/public/index.php(45): CodeIgniter\CodeIgniter->run()
#9 {main}
CRITICAL - 2023-03-30 03:04:18 --> Argument 1 passed to CodeIgniter\Database\MySQLi\Connection::_escapeString() must be of the type string, null given, called in /www/wwwroot/silajux.unifa.ac.id/vendor/codeigniter4/framework/system/Database/BaseConnection.php on line 1429
#0 /www/wwwroot/silajux.unifa.ac.id/vendor/codeigniter4/framework/system/Database/BaseConnection.php(1429): CodeIgniter\Database\MySQLi\Connection->_escapeString()
#1 /www/wwwroot/silajux.unifa.ac.id/app/Controllers/Front.php(77): CodeIgniter\Database\BaseConnection->escapeString()
#2 /www/wwwroot/silajux.unifa.ac.id/vendor/codeigniter4/framework/system/CodeIgniter.php(931): App\Controllers\Front->registrasi()
#3 /www/wwwroot/silajux.unifa.ac.id/vendor/codeigniter4/framework/system/CodeIgniter.php(439): CodeIgniter\CodeIgniter->runController()
#4 /www/wwwroot/silajux.unifa.ac.id/vendor/codeigniter4/framework/system/CodeIgniter.php(339): CodeIgniter\CodeIgniter->handleRequest()
#5 /www/wwwroot/silajux.unifa.ac.id/public/index.php(45): CodeIgniter\CodeIgniter->run()
#6 {main}
CRITICAL - 2023-03-30 03:04:21 --> Argument 1 passed to CodeIgniter\Database\MySQLi\Connection::_escapeString() must be of the type string, null given, called in /www/wwwroot/silajux.unifa.ac.id/vendor/codeigniter4/framework/system/Database/BaseConnection.php on line 1429
#0 /www/wwwroot/silajux.unifa.ac.id/vendor/codeigniter4/framework/system/Database/BaseConnection.php(1429): CodeIgniter\Database\MySQLi\Connection->_escapeString()
#1 /www/wwwroot/silajux.unifa.ac.id/app/Controllers/Front.php(77): CodeIgniter\Database\BaseConnection->escapeString()
#2 /www/wwwroot/silajux.unifa.ac.id/vendor/codeigniter4/framework/system/CodeIgniter.php(931): App\Controllers\Front->registrasi()
#3 /www/wwwroot/silajux.unifa.ac.id/vendor/codeigniter4/framework/system/CodeIgniter.php(439): CodeIgniter\CodeIgniter->runController()
#4 /www/wwwroot/silajux.unifa.ac.id/vendor/codeigniter4/framework/system/CodeIgniter.php(339): CodeIgniter\CodeIgniter->handleRequest()
#5 /www/wwwroot/silajux.unifa.ac.id/public/index.php(45): CodeIgniter\CodeIgniter->run()
#6 {main}
CRITICAL - 2023-03-30 04:45:05 --> Argument 1 passed to CodeIgniter\Database\MySQLi\Connection::_escapeString() must be of the type string, null given, called in /www/wwwroot/silajux.unifa.ac.id/vendor/codeigniter4/framework/system/Database/BaseConnection.php on line 1429
#0 /www/wwwroot/silajux.unifa.ac.id/vendor/codeigniter4/framework/system/Database/BaseConnection.php(1429): CodeIgniter\Database\MySQLi\Connection->_escapeString()
#1 /www/wwwroot/silajux.unifa.ac.id/app/Controllers/Front.php(1496): CodeIgniter\Database\BaseConnection->escapeString()
#2 /www/wwwroot/silajux.unifa.ac.id/vendor/codeigniter4/framework/system/CodeIgniter.php(931): App\Controllers\Front->searchtpasal()
#3 /www/wwwroot/silajux.unifa.ac.id/vendor/codeigniter4/framework/system/CodeIgniter.php(439): CodeIgniter\CodeIgniter->runController()
#4 /www/wwwroot/silajux.unifa.ac.id/vendor/codeigniter4/framework/system/CodeIgniter.php(339): CodeIgniter\CodeIgniter->handleRequest()
#5 /www/wwwroot/silajux.unifa.ac.id/public/index.php(45): CodeIgniter\CodeIgniter->run()
#6 {main}
CRITICAL - 2023-03-30 04:45:15 --> Argument 1 passed to CodeIgniter\Database\MySQLi\Connection::_escapeString() must be of the type string, null given, called in /www/wwwroot/silajux.unifa.ac.id/vendor/codeigniter4/framework/system/Database/BaseConnection.php on line 1429
#0 /www/wwwroot/silajux.unifa.ac.id/vendor/codeigniter4/framework/system/Database/BaseConnection.php(1429): CodeIgniter\Database\MySQLi\Connection->_escapeString()
#1 /www/wwwroot/silajux.unifa.ac.id/app/Controllers/Front.php(1496): CodeIgniter\Database\BaseConnection->escapeString()
#2 /www/wwwroot/silajux.unifa.ac.id/vendor/codeigniter4/framework/system/CodeIgniter.php(931): App\Controllers\Front->searchtpasal()
#3 /www/wwwroot/silajux.unifa.ac.id/vendor/codeigniter4/framework/system/CodeIgniter.php(439): CodeIgniter\CodeIgniter->runController()
#4 /www/wwwroot/silajux.unifa.ac.id/vendor/codeigniter4/framework/system/CodeIgniter.php(339): CodeIgniter\CodeIgniter->handleRequest()
#5 /www/wwwroot/silajux.unifa.ac.id/public/index.php(45): CodeIgniter\CodeIgniter->run()
#6 {main}
CRITICAL - 2023-03-30 05:07:49 --> Argument 1 passed to CodeIgniter\Database\MySQLi\Connection::_escapeString() must be of the type string, null given, called in /www/wwwroot/silajux.unifa.ac.id/vendor/codeigniter4/framework/system/Database/BaseConnection.php on line 1429
#0 /www/wwwroot/silajux.unifa.ac.id/vendor/codeigniter4/framework/system/Database/BaseConnection.php(1429): CodeIgniter\Database\MySQLi\Connection->_escapeString()
#1 /www/wwwroot/silajux.unifa.ac.id/app/Controllers/Front.php(1496): CodeIgniter\Database\BaseConnection->escapeString()
#2 /www/wwwroot/silajux.unifa.ac.id/vendor/codeigniter4/framework/system/CodeIgniter.php(931): App\Controllers\Front->searchtpasal()
#3 /www/wwwroot/silajux.unifa.ac.id/vendor/codeigniter4/framework/system/CodeIgniter.php(439): CodeIgniter\CodeIgniter->runController()
#4 /www/wwwroot/silajux.unifa.ac.id/vendor/codeigniter4/framework/system/CodeIgniter.php(339): CodeIgniter\CodeIgniter->handleRequest()
#5 /www/wwwroot/silajux.unifa.ac.id/public/index.php(45): CodeIgniter\CodeIgniter->run()
#6 {main}
CRITICAL - 2023-03-30 05:09:04 --> Argument 1 passed to CodeIgniter\Database\MySQLi\Connection::_escapeString() must be of the type string, null given, called in /www/wwwroot/silajux.unifa.ac.id/vendor/codeigniter4/framework/system/Database/BaseConnection.php on line 1429
#0 /www/wwwroot/silajux.unifa.ac.id/vendor/codeigniter4/framework/system/Database/BaseConnection.php(1429): CodeIgniter\Database\MySQLi\Connection->_escapeString()
#1 /www/wwwroot/silajux.unifa.ac.id/app/Controllers/Front.php(1496): CodeIgniter\Database\BaseConnection->escapeString()
#2 /www/wwwroot/silajux.unifa.ac.id/vendor/codeigniter4/framework/system/CodeIgniter.php(931): App\Controllers\Front->searchtpasal()
#3 /www/wwwroot/silajux.unifa.ac.id/vendor/codeigniter4/framework/system/CodeIgniter.php(439): CodeIgniter\CodeIgniter->runController()
#4 /www/wwwroot/silajux.unifa.ac.id/vendor/codeigniter4/framework/system/CodeIgniter.php(339): CodeIgniter\CodeIgniter->handleRequest()
#5 /www/wwwroot/silajux.unifa.ac.id/public/index.php(45): CodeIgniter\CodeIgniter->run()
#6 {main}
CRITICAL - 2023-03-30 05:09:08 --> Argument 1 passed to CodeIgniter\Database\MySQLi\Connection::_escapeString() must be of the type string, null given, called in /www/wwwroot/silajux.unifa.ac.id/vendor/codeigniter4/framework/system/Database/BaseConnection.php on line 1429
#0 /www/wwwroot/silajux.unifa.ac.id/vendor/codeigniter4/framework/system/Database/BaseConnection.php(1429): CodeIgniter\Database\MySQLi\Connection->_escapeString()
#1 /www/wwwroot/silajux.unifa.ac.id/app/Controllers/Front.php(1496): CodeIgniter\Database\BaseConnection->escapeString()
#2 /www/wwwroot/silajux.unifa.ac.id/vendor/codeigniter4/framework/system/CodeIgniter.php(931): App\Controllers\Front->searchtpasal()
#3 /www/wwwroot/silajux.unifa.ac.id/vendor/codeigniter4/framework/system/CodeIgniter.php(439): CodeIgniter\CodeIgniter->runController()
#4 /www/wwwroot/silajux.unifa.ac.id/vendor/codeigniter4/framework/system/CodeIgniter.php(339): CodeIgniter\CodeIgniter->handleRequest()
#5 /www/wwwroot/silajux.unifa.ac.id/public/index.php(45): CodeIgniter\CodeIgniter->run()
#6 {main}
CRITICAL - 2023-03-30 05:09:11 --> Argument 1 passed to CodeIgniter\Database\MySQLi\Connection::_escapeString() must be of the type string, null given, called in /www/wwwroot/silajux.unifa.ac.id/vendor/codeigniter4/framework/system/Database/BaseConnection.php on line 1429
#0 /www/wwwroot/silajux.unifa.ac.id/vendor/codeigniter4/framework/system/Database/BaseConnection.php(1429): CodeIgniter\Database\MySQLi\Connection->_escapeString()
#1 /www/wwwroot/silajux.unifa.ac.id/app/Controllers/Front.php(1496): CodeIgniter\Database\BaseConnection->escapeString()
#2 /www/wwwroot/silajux.unifa.ac.id/vendor/codeigniter4/framework/system/CodeIgniter.php(931): App\Controllers\Front->searchtpasal()
#3 /www/wwwroot/silajux.unifa.ac.id/vendor/codeigniter4/framework/system/CodeIgniter.php(439): CodeIgniter\CodeIgniter->runController()
#4 /www/wwwroot/silajux.unifa.ac.id/vendor/codeigniter4/framework/system/CodeIgniter.php(339): CodeIgniter\CodeIgniter->handleRequest()
#5 /www/wwwroot/silajux.unifa.ac.id/public/index.php(45): CodeIgniter\CodeIgniter->run()
#6 {main}
CRITICAL - 2023-03-30 05:09:11 --> Argument 1 passed to CodeIgniter\Database\MySQLi\Connection::_escapeString() must be of the type string, null given, called in /www/wwwroot/silajux.unifa.ac.id/vendor/codeigniter4/framework/system/Database/BaseConnection.php on line 1429
#0 /www/wwwroot/silajux.unifa.ac.id/vendor/codeigniter4/framework/system/Database/BaseConnection.php(1429): CodeIgniter\Database\MySQLi\Connection->_escapeString()
#1 /www/wwwroot/silajux.unifa.ac.id/app/Controllers/Front.php(1496): CodeIgniter\Database\BaseConnection->escapeString()
#2 /www/wwwroot/silajux.unifa.ac.id/vendor/codeigniter4/framework/system/CodeIgniter.php(931): App\Controllers\Front->searchtpasal()
#3 /www/wwwroot/silajux.unifa.ac.id/vendor/codeigniter4/framework/system/CodeIgniter.php(439): CodeIgniter\CodeIgniter->runController()
#4 /www/wwwroot/silajux.unifa.ac.id/vendor/codeigniter4/framework/system/CodeIgniter.php(339): CodeIgniter\CodeIgniter->handleRequest()
#5 /www/wwwroot/silajux.unifa.ac.id/public/index.php(45): CodeIgniter\CodeIgniter->run()
#6 {main}
CRITICAL - 2023-03-30 06:06:26 --> Argument 1 passed to CodeIgniter\Database\MySQLi\Connection::_escapeString() must be of the type string, null given, called in /www/wwwroot/silajux.unifa.ac.id/vendor/codeigniter4/framework/system/Database/BaseConnection.php on line 1429
#0 /www/wwwroot/silajux.unifa.ac.id/vendor/codeigniter4/framework/system/Database/BaseConnection.php(1429): CodeIgniter\Database\MySQLi\Connection->_escapeString()
#1 /www/wwwroot/silajux.unifa.ac.id/app/Controllers/Front.php(1496): CodeIgniter\Database\BaseConnection->escapeString()
#2 /www/wwwroot/silajux.unifa.ac.id/vendor/codeigniter4/framework/system/CodeIgniter.php(931): App\Controllers\Front->searchtpasal()
#3 /www/wwwroot/silajux.unifa.ac.id/vendor/codeigniter4/framework/system/CodeIgniter.php(439): CodeIgniter\CodeIgniter->runController()
#4 /www/wwwroot/silajux.unifa.ac.id/vendor/codeigniter4/framework/system/CodeIgniter.php(339): CodeIgniter\CodeIgniter->handleRequest()
#5 /www/wwwroot/silajux.unifa.ac.id/public/index.php(45): CodeIgniter\CodeIgniter->run()
#6 {main}
CRITICAL - 2023-03-30 06:06:33 --> Argument 1 passed to CodeIgniter\Database\MySQLi\Connection::_escapeString() must be of the type string, null given, called in /www/wwwroot/silajux.unifa.ac.id/vendor/codeigniter4/framework/system/Database/BaseConnection.php on line 1429
#0 /www/wwwroot/silajux.unifa.ac.id/vendor/codeigniter4/framework/system/Database/BaseConnection.php(1429): CodeIgniter\Database\MySQLi\Connection->_escapeString()
#1 /www/wwwroot/silajux.unifa.ac.id/app/Controllers/Front.php(1496): CodeIgniter\Database\BaseConnection->escapeString()
#2 /www/wwwroot/silajux.unifa.ac.id/vendor/codeigniter4/framework/system/CodeIgniter.php(931): App\Controllers\Front->searchtpasal()
#3 /www/wwwroot/silajux.unifa.ac.id/vendor/codeigniter4/framework/system/CodeIgniter.php(439): CodeIgniter\CodeIgniter->runController()
#4 /www/wwwroot/silajux.unifa.ac.id/vendor/codeigniter4/framework/system/CodeIgniter.php(339): CodeIgniter\CodeIgniter->handleRequest()
#5 /www/wwwroot/silajux.unifa.ac.id/public/index.php(45): CodeIgniter\CodeIgniter->run()
#6 {main}
CRITICAL - 2023-03-30 06:06:34 --> Argument 1 passed to CodeIgniter\Database\MySQLi\Connection::_escapeString() must be of the type string, null given, called in /www/wwwroot/silajux.unifa.ac.id/vendor/codeigniter4/framework/system/Database/BaseConnection.php on line 1429
#0 /www/wwwroot/silajux.unifa.ac.id/vendor/codeigniter4/framework/system/Database/BaseConnection.php(1429): CodeIgniter\Database\MySQLi\Connection->_escapeString()
#1 /www/wwwroot/silajux.unifa.ac.id/app/Controllers/Front.php(1496): CodeIgniter\Database\BaseConnection->escapeString()
#2 /www/wwwroot/silajux.unifa.ac.id/vendor/codeigniter4/framework/system/CodeIgniter.php(931): App\Controllers\Front->searchtpasal()
#3 /www/wwwroot/silajux.unifa.ac.id/vendor/codeigniter4/framework/system/CodeIgniter.php(439): CodeIgniter\CodeIgniter->runController()
#4 /www/wwwroot/silajux.unifa.ac.id/vendor/codeigniter4/framework/system/CodeIgniter.php(339): CodeIgniter\CodeIgniter->handleRequest()
#5 /www/wwwroot/silajux.unifa.ac.id/public/index.php(45): CodeIgniter\CodeIgniter->run()
#6 {main}
CRITICAL - 2023-03-30 06:06:56 --> Argument 1 passed to CodeIgniter\Database\MySQLi\Connection::_escapeString() must be of the type string, null given, called in /www/wwwroot/silajux.unifa.ac.id/vendor/codeigniter4/framework/system/Database/BaseConnection.php on line 1429
#0 /www/wwwroot/silajux.unifa.ac.id/vendor/codeigniter4/framework/system/Database/BaseConnection.php(1429): CodeIgniter\Database\MySQLi\Connection->_escapeString()
#1 /www/wwwroot/silajux.unifa.ac.id/app/Controllers/Front.php(1496): CodeIgniter\Database\BaseConnection->escapeString()
#2 /www/wwwroot/silajux.unifa.ac.id/vendor/codeigniter4/framework/system/CodeIgniter.php(931): App\Controllers\Front->searchtpasal()
#3 /www/wwwroot/silajux.unifa.ac.id/vendor/codeigniter4/framework/system/CodeIgniter.php(439): CodeIgniter\CodeIgniter->runController()
#4 /www/wwwroot/silajux.unifa.ac.id/vendor/codeigniter4/framework/system/CodeIgniter.php(339): CodeIgniter\CodeIgniter->handleRequest()
#5 /www/wwwroot/silajux.unifa.ac.id/public/index.php(45): CodeIgniter\CodeIgniter->run()
#6 {main}
CRITICAL - 2023-03-30 06:06:59 --> Argument 1 passed to CodeIgniter\Database\MySQLi\Connection::_escapeString() must be of the type string, null given, called in /www/wwwroot/silajux.unifa.ac.id/vendor/codeigniter4/framework/system/Database/BaseConnection.php on line 1429
#0 /www/wwwroot/silajux.unifa.ac.id/vendor/codeigniter4/framework/system/Database/BaseConnection.php(1429): CodeIgniter\Database\MySQLi\Connection->_escapeString()
#1 /www/wwwroot/silajux.unifa.ac.id/app/Controllers/Front.php(1496): CodeIgniter\Database\BaseConnection->escapeString()
#2 /www/wwwroot/silajux.unifa.ac.id/vendor/codeigniter4/framework/system/CodeIgniter.php(931): App\Controllers\Front->searchtpasal()
#3 /www/wwwroot/silajux.unifa.ac.id/vendor/codeigniter4/framework/system/CodeIgniter.php(439): CodeIgniter\CodeIgniter->runController()
#4 /www/wwwroot/silajux.unifa.ac.id/vendor/codeigniter4/framework/system/CodeIgniter.php(339): CodeIgniter\CodeIgniter->handleRequest()
#5 /www/wwwroot/silajux.unifa.ac.id/public/index.php(45): CodeIgniter\CodeIgniter->run()
#6 {main}
CRITICAL - 2023-03-30 06:07:01 --> Argument 1 passed to CodeIgniter\Database\MySQLi\Connection::_escapeString() must be of the type string, null given, called in /www/wwwroot/silajux.unifa.ac.id/vendor/codeigniter4/framework/system/Database/BaseConnection.php on line 1429
#0 /www/wwwroot/silajux.unifa.ac.id/vendor/codeigniter4/framework/system/Database/BaseConnection.php(1429): CodeIgniter\Database\MySQLi\Connection->_escapeString()
#1 /www/wwwroot/silajux.unifa.ac.id/app/Controllers/Front.php(1496): CodeIgniter\Database\BaseConnection->escapeString()
#2 /www/wwwroot/silajux.unifa.ac.id/vendor/codeigniter4/framework/system/CodeIgniter.php(931): App\Controllers\Front->searchtpasal()
#3 /www/wwwroot/silajux.unifa.ac.id/vendor/codeigniter4/framework/system/CodeIgniter.php(439): CodeIgniter\CodeIgniter->runController()
#4 /www/wwwroot/silajux.unifa.ac.id/vendor/codeigniter4/framework/system/CodeIgniter.php(339): CodeIgniter\CodeIgniter->handleRequest()
#5 /www/wwwroot/silajux.unifa.ac.id/public/index.php(45): CodeIgniter\CodeIgniter->run()
#6 {main}
CRITICAL - 2023-03-30 06:07:01 --> Argument 1 passed to CodeIgniter\Database\MySQLi\Connection::_escapeString() must be of the type string, null given, called in /www/wwwroot/silajux.unifa.ac.id/vendor/codeigniter4/framework/system/Database/BaseConnection.php on line 1429
#0 /www/wwwroot/silajux.unifa.ac.id/vendor/codeigniter4/framework/system/Database/BaseConnection.php(1429): CodeIgniter\Database\MySQLi\Connection->_escapeString()
#1 /www/wwwroot/silajux.unifa.ac.id/app/Controllers/Front.php(1496): CodeIgniter\Database\BaseConnection->escapeString()
#2 /www/wwwroot/silajux.unifa.ac.id/vendor/codeigniter4/framework/system/CodeIgniter.php(931): App\Controllers\Front->searchtpasal()
#3 /www/wwwroot/silajux.unifa.ac.id/vendor/codeigniter4/framework/system/CodeIgniter.php(439): CodeIgniter\CodeIgniter->runController()
#4 /www/wwwroot/silajux.unifa.ac.id/vendor/codeigniter4/framework/system/CodeIgniter.php(339): CodeIgniter\CodeIgniter->handleRequest()
#5 /www/wwwroot/silajux.unifa.ac.id/public/index.php(45): CodeIgniter\CodeIgniter->run()
#6 {main}
CRITICAL - 2023-03-30 08:55:39 --> Argument 1 passed to CodeIgniter\Database\MySQLi\Connection::_escapeString() must be of the type string, null given, called in /www/wwwroot/silajux.unifa.ac.id/vendor/codeigniter4/framework/system/Database/BaseConnection.php on line 1429
#0 /www/wwwroot/silajux.unifa.ac.id/vendor/codeigniter4/framework/system/Database/BaseConnection.php(1429): CodeIgniter\Database\MySQLi\Connection->_escapeString()
#1 /www/wwwroot/silajux.unifa.ac.id/app/Controllers/Front.php(940): CodeIgniter\Database\BaseConnection->escapeString()
#2 /www/wwwroot/silajux.unifa.ac.id/vendor/codeigniter4/framework/system/CodeIgniter.php(931): App\Controllers\Front->Simpanberkas()
#3 /www/wwwroot/silajux.unifa.ac.id/vendor/codeigniter4/framework/system/CodeIgniter.php(439): CodeIgniter\CodeIgniter->runController()
#4 /www/wwwroot/silajux.unifa.ac.id/vendor/codeigniter4/framework/system/CodeIgniter.php(339): CodeIgniter\CodeIgniter->handleRequest()
#5 /www/wwwroot/silajux.unifa.ac.id/public/index.php(45): CodeIgniter\CodeIgniter->run()
#6 {main}
CRITICAL - 2023-03-30 08:55:46 --> Argument 1 passed to CodeIgniter\Database\MySQLi\Connection::_escapeString() must be of the type string, null given, called in /www/wwwroot/silajux.unifa.ac.id/vendor/codeigniter4/framework/system/Database/BaseConnection.php on line 1429
#0 /www/wwwroot/silajux.unifa.ac.id/vendor/codeigniter4/framework/system/Database/BaseConnection.php(1429): CodeIgniter\Database\MySQLi\Connection->_escapeString()
#1 /www/wwwroot/silajux.unifa.ac.id/app/Controllers/Front.php(940): CodeIgniter\Database\BaseConnection->escapeString()
#2 /www/wwwroot/silajux.unifa.ac.id/vendor/codeigniter4/framework/system/CodeIgniter.php(931): App\Controllers\Front->Simpanberkas()
#3 /www/wwwroot/silajux.unifa.ac.id/vendor/codeigniter4/framework/system/CodeIgniter.php(439): CodeIgniter\CodeIgniter->runController()
#4 /www/wwwroot/silajux.unifa.ac.id/vendor/codeigniter4/framework/system/CodeIgniter.php(339): CodeIgniter\CodeIgniter->handleRequest()
#5 /www/wwwroot/silajux.unifa.ac.id/public/index.php(45): CodeIgniter\CodeIgniter->run()
#6 {main}
CRITICAL - 2023-03-30 09:29:25 --> Invalid argument supplied for foreach()
#0 /www/wwwroot/silajux.unifa.ac.id/app/Views/Front/rpl-respon-asessor.php(164): CodeIgniter\Debug\Exceptions->errorHandler()
#1 /www/wwwroot/silajux.unifa.ac.id/vendor/codeigniter4/framework/system/View/View.php(230): include('/www/wwwroot/si...')
#2 /www/wwwroot/silajux.unifa.ac.id/vendor/codeigniter4/framework/system/View/View.php(232): CodeIgniter\View\View->CodeIgniter\View\{closure}()
#3 /www/wwwroot/silajux.unifa.ac.id/vendor/codeigniter4/framework/system/Common.php(1250): CodeIgniter\View\View->render()
#4 /www/wwwroot/silajux.unifa.ac.id/app/Controllers/Front.php(1166): view()
#5 /www/wwwroot/silajux.unifa.ac.id/vendor/codeigniter4/framework/system/CodeIgniter.php(931): App\Controllers\Front->AsessmentRespon()
#6 /www/wwwroot/silajux.unifa.ac.id/vendor/codeigniter4/framework/system/CodeIgniter.php(439): CodeIgniter\CodeIgniter->runController()
#7 /www/wwwroot/silajux.unifa.ac.id/vendor/codeigniter4/framework/system/CodeIgniter.php(339): CodeIgniter\CodeIgniter->handleRequest()
#8 /www/wwwroot/silajux.unifa.ac.id/public/index.php(45): CodeIgniter\CodeIgniter->run()
#9 {main}
CRITICAL - 2023-03-30 11:16:37 --> Invalid argument supplied for foreach()
#0 /www/wwwroot/silajux.unifa.ac.id/app/Views/Front/rpl-respon-asessor.php(164): CodeIgniter\Debug\Exceptions->errorHandler()
#1 /www/wwwroot/silajux.unifa.ac.id/vendor/codeigniter4/framework/system/View/View.php(230): include('/www/wwwroot/si...')
#2 /www/wwwroot/silajux.unifa.ac.id/vendor/codeigniter4/framework/system/View/View.php(232): CodeIgniter\View\View->CodeIgniter\View\{closure}()
#3 /www/wwwroot/silajux.unifa.ac.id/vendor/codeigniter4/framework/system/Common.php(1250): CodeIgniter\View\View->render()
#4 /www/wwwroot/silajux.unifa.ac.id/app/Controllers/Front.php(1166): view()
#5 /www/wwwroot/silajux.unifa.ac.id/vendor/codeigniter4/framework/system/CodeIgniter.php(931): App\Controllers\Front->AsessmentRespon()
#6 /www/wwwroot/silajux.unifa.ac.id/vendor/codeigniter4/framework/system/CodeIgniter.php(439): CodeIgniter\CodeIgniter->runController()
#7 /www/wwwroot/silajux.unifa.ac.id/vendor/codeigniter4/framework/system/CodeIgniter.php(339): CodeIgniter\CodeIgniter->handleRequest()
#8 /www/wwwroot/silajux.unifa.ac.id/public/index.php(45): CodeIgniter\CodeIgniter->run()
#9 {main}
CRITICAL - 2023-03-30 11:34:28 --> Invalid argument supplied for foreach()
#0 /www/wwwroot/silajux.unifa.ac.id/app/Views/Admin/rpl-assesment-asessor.php(154): CodeIgniter\Debug\Exceptions->errorHandler()
#1 /www/wwwroot/silajux.unifa.ac.id/vendor/codeigniter4/framework/system/View/View.php(230): include('/www/wwwroot/si...')
#2 /www/wwwroot/silajux.unifa.ac.id/vendor/codeigniter4/framework/system/View/View.php(232): CodeIgniter\View\View->CodeIgniter\View\{closure}()
#3 /www/wwwroot/silajux.unifa.ac.id/vendor/codeigniter4/framework/system/Common.php(1250): CodeIgniter\View\View->render()
#4 /www/wwwroot/silajux.unifa.ac.id/app/Controllers/Admin.php(1619): view()
#5 /www/wwwroot/silajux.unifa.ac.id/vendor/codeigniter4/framework/system/CodeIgniter.php(931): App\Controllers\Admin->tanggapanAsessor()
#6 /www/wwwroot/silajux.unifa.ac.id/vendor/codeigniter4/framework/system/CodeIgniter.php(439): CodeIgniter\CodeIgniter->runController()
#7 /www/wwwroot/silajux.unifa.ac.id/vendor/codeigniter4/framework/system/CodeIgniter.php(339): CodeIgniter\CodeIgniter->handleRequest()
#8 /www/wwwroot/silajux.unifa.ac.id/public/index.php(45): CodeIgniter\CodeIgniter->run()
#9 {main}
CRITICAL - 2023-03-30 20:31:39 --> Invalid argument supplied for foreach()
#0 /www/wwwroot/silajux.unifa.ac.id/app/Views/Front/rpl-respon-asessor.php(164): CodeIgniter\Debug\Exceptions->errorHandler()
#1 /www/wwwroot/silajux.unifa.ac.id/vendor/codeigniter4/framework/system/View/View.php(230): include('/www/wwwroot/si...')
#2 /www/wwwroot/silajux.unifa.ac.id/vendor/codeigniter4/framework/system/View/View.php(232): CodeIgniter\View\View->CodeIgniter\View\{closure}()
#3 /www/wwwroot/silajux.unifa.ac.id/vendor/codeigniter4/framework/system/Common.php(1250): CodeIgniter\View\View->render()
#4 /www/wwwroot/silajux.unifa.ac.id/app/Controllers/Front.php(1166): view()
#5 /www/wwwroot/silajux.unifa.ac.id/vendor/codeigniter4/framework/system/CodeIgniter.php(931): App\Controllers\Front->AsessmentRespon()
#6 /www/wwwroot/silajux.unifa.ac.id/vendor/codeigniter4/framework/system/CodeIgniter.php(439): CodeIgniter\CodeIgniter->runController()
#7 /www/wwwroot/silajux.unifa.ac.id/vendor/codeigniter4/framework/system/CodeIgniter.php(339): CodeIgniter\CodeIgniter->handleRequest()
#8 /www/wwwroot/silajux.unifa.ac.id/public/index.php(45): CodeIgniter\CodeIgniter->run()
#9 {main}
CRITICAL - 2023-03-30 20:56:08 --> Invalid argument supplied for foreach()
#0 /www/wwwroot/silajux.unifa.ac.id/app/Views/Admin/rpl-assesment-asessor.php(154): CodeIgniter\Debug\Exceptions->errorHandler()
#1 /www/wwwroot/silajux.unifa.ac.id/vendor/codeigniter4/framework/system/View/View.php(230): include('/www/wwwroot/si...')
#2 /www/wwwroot/silajux.unifa.ac.id/vendor/codeigniter4/framework/system/View/View.php(232): CodeIgniter\View\View->CodeIgniter\View\{closure}()
#3 /www/wwwroot/silajux.unifa.ac.id/vendor/codeigniter4/framework/system/Common.php(1250): CodeIgniter\View\View->render()
#4 /www/wwwroot/silajux.unifa.ac.id/app/Controllers/Admin.php(1619): view()
#5 /www/wwwroot/silajux.unifa.ac.id/vendor/codeigniter4/framework/system/CodeIgniter.php(931): App\Controllers\Admin->tanggapanAsessor()
#6 /www/wwwroot/silajux.unifa.ac.id/vendor/codeigniter4/framework/system/CodeIgniter.php(439): CodeIgniter\CodeIgniter->runController()
#7 /www/wwwroot/silajux.unifa.ac.id/vendor/codeigniter4/framework/system/CodeIgniter.php(339): CodeIgniter\CodeIgniter->handleRequest()
#8 /www/wwwroot/silajux.unifa.ac.id/public/index.php(45): CodeIgniter\CodeIgniter->run()
#9 {main}
CRITICAL - 2023-03-30 21:10:01 --> Invalid argument supplied for foreach()
#0 /www/wwwroot/silajux.unifa.ac.id/app/Views/Admin/rpl-assesment-asessor.php(154): CodeIgniter\Debug\Exceptions->errorHandler()
#1 /www/wwwroot/silajux.unifa.ac.id/vendor/codeigniter4/framework/system/View/View.php(230): include('/www/wwwroot/si...')
#2 /www/wwwroot/silajux.unifa.ac.id/vendor/codeigniter4/framework/system/View/View.php(232): CodeIgniter\View\View->CodeIgniter\View\{closure}()
#3 /www/wwwroot/silajux.unifa.ac.id/vendor/codeigniter4/framework/system/Common.php(1250): CodeIgniter\View\View->render()
#4 /www/wwwroot/silajux.unifa.ac.id/app/Controllers/Admin.php(1619): view()
#5 /www/wwwroot/silajux.unifa.ac.id/vendor/codeigniter4/framework/system/CodeIgniter.php(931): App\Controllers\Admin->tanggapanAsessor()
#6 /www/wwwroot/silajux.unifa.ac.id/vendor/codeigniter4/framework/system/CodeIgniter.php(439): CodeIgniter\CodeIgniter->runController()
#7 /www/wwwroot/silajux.unifa.ac.id/vendor/codeigniter4/framework/system/CodeIgniter.php(339): CodeIgniter\CodeIgniter->handleRequest()
#8 /www/wwwroot/silajux.unifa.ac.id/public/index.php(45): CodeIgniter\CodeIgniter->run()
#9 {main}
CRITICAL - 2023-03-30 22:32:16 --> Argument 1 passed to CodeIgniter\Database\MySQLi\Connection::_escapeString() must be of the type string, null given, called in /www/wwwroot/silajux.unifa.ac.id/vendor/codeigniter4/framework/system/Database/BaseConnection.php on line 1429
#0 /www/wwwroot/silajux.unifa.ac.id/vendor/codeigniter4/framework/system/Database/BaseConnection.php(1429): CodeIgniter\Database\MySQLi\Connection->_escapeString()
#1 /www/wwwroot/silajux.unifa.ac.id/app/Controllers/Front.php(940): CodeIgniter\Database\BaseConnection->escapeString()
#2 /www/wwwroot/silajux.unifa.ac.id/vendor/codeigniter4/framework/system/CodeIgniter.php(931): App\Controllers\Front->Simpanberkas()
#3 /www/wwwroot/silajux.unifa.ac.id/vendor/codeigniter4/framework/system/CodeIgniter.php(439): CodeIgniter\CodeIgniter->runController()
#4 /www/wwwroot/silajux.unifa.ac.id/vendor/codeigniter4/framework/system/CodeIgniter.php(339): CodeIgniter\CodeIgniter->handleRequest()
#5 /www/wwwroot/silajux.unifa.ac.id/public/index.php(45): CodeIgniter\CodeIgniter->run()
#6 {main}
CRITICAL - 2023-03-30 22:35:23 --> Argument 1 passed to CodeIgniter\Database\MySQLi\Connection::_escapeString() must be of the type string, null given, called in /www/wwwroot/silajux.unifa.ac.id/vendor/codeigniter4/framework/system/Database/BaseConnection.php on line 1429
#0 /www/wwwroot/silajux.unifa.ac.id/vendor/codeigniter4/framework/system/Database/BaseConnection.php(1429): CodeIgniter\Database\MySQLi\Connection->_escapeString()
#1 /www/wwwroot/silajux.unifa.ac.id/app/Controllers/Front.php(1496): CodeIgniter\Database\BaseConnection->escapeString()
#2 /www/wwwroot/silajux.unifa.ac.id/vendor/codeigniter4/framework/system/CodeIgniter.php(931): App\Controllers\Front->searchtpasal()
#3 /www/wwwroot/silajux.unifa.ac.id/vendor/codeigniter4/framework/system/CodeIgniter.php(439): CodeIgniter\CodeIgniter->runController()
#4 /www/wwwroot/silajux.unifa.ac.id/vendor/codeigniter4/framework/system/CodeIgniter.php(339): CodeIgniter\CodeIgniter->handleRequest()
#5 /www/wwwroot/silajux.unifa.ac.id/public/index.php(45): CodeIgniter\CodeIgniter->run()
#6 {main}
CRITICAL - 2023-03-30 22:35:25 --> Argument 1 passed to CodeIgniter\Database\MySQLi\Connection::_escapeString() must be of the type string, null given, called in /www/wwwroot/silajux.unifa.ac.id/vendor/codeigniter4/framework/system/Database/BaseConnection.php on line 1429
#0 /www/wwwroot/silajux.unifa.ac.id/vendor/codeigniter4/framework/system/Database/BaseConnection.php(1429): CodeIgniter\Database\MySQLi\Connection->_escapeString()
#1 /www/wwwroot/silajux.unifa.ac.id/app/Controllers/Front.php(1496): CodeIgniter\Database\BaseConnection->escapeString()
#2 /www/wwwroot/silajux.unifa.ac.id/vendor/codeigniter4/framework/system/CodeIgniter.php(931): App\Controllers\Front->searchtpasal()
#3 /www/wwwroot/silajux.unifa.ac.id/vendor/codeigniter4/framework/system/CodeIgniter.php(439): CodeIgniter\CodeIgniter->runController()
#4 /www/wwwroot/silajux.unifa.ac.id/vendor/codeigniter4/framework/system/CodeIgniter.php(339): CodeIgniter\CodeIgniter->handleRequest()
#5 /www/wwwroot/silajux.unifa.ac.id/public/index.php(45): CodeIgniter\CodeIgniter->run()
#6 {main}
CRITICAL - 2023-03-30 22:37:20 --> Argument 1 passed to CodeIgniter\Database\MySQLi\Connection::_escapeString() must be of the type string, null given, called in /www/wwwroot/silajux.unifa.ac.id/vendor/codeigniter4/framework/system/Database/BaseConnection.php on line 1429
#0 /www/wwwroot/silajux.unifa.ac.id/vendor/codeigniter4/framework/system/Database/BaseConnection.php(1429): CodeIgniter\Database\MySQLi\Connection->_escapeString()
#1 /www/wwwroot/silajux.unifa.ac.id/app/Controllers/Front.php(1496): CodeIgniter\Database\BaseConnection->escapeString()
#2 /www/wwwroot/silajux.unifa.ac.id/vendor/codeigniter4/framework/system/CodeIgniter.php(931): App\Controllers\Front->searchtpasal()
#3 /www/wwwroot/silajux.unifa.ac.id/vendor/codeigniter4/framework/system/CodeIgniter.php(439): CodeIgniter\CodeIgniter->runController()
#4 /www/wwwroot/silajux.unifa.ac.id/vendor/codeigniter4/framework/system/CodeIgniter.php(339): CodeIgniter\CodeIgniter->handleRequest()
#5 /www/wwwroot/silajux.unifa.ac.id/public/index.php(45): CodeIgniter\CodeIgniter->run()
#6 {main}
CRITICAL - 2023-03-30 22:37:35 --> Argument 1 passed to CodeIgniter\Database\MySQLi\Connection::_escapeString() must be of the type string, null given, called in /www/wwwroot/silajux.unifa.ac.id/vendor/codeigniter4/framework/system/Database/BaseConnection.php on line 1429
#0 /www/wwwroot/silajux.unifa.ac.id/vendor/codeigniter4/framework/system/Database/BaseConnection.php(1429): CodeIgniter\Database\MySQLi\Connection->_escapeString()
#1 /www/wwwroot/silajux.unifa.ac.id/app/Controllers/Front.php(1496): CodeIgniter\Database\BaseConnection->escapeString()
#2 /www/wwwroot/silajux.unifa.ac.id/vendor/codeigniter4/framework/system/CodeIgniter.php(931): App\Controllers\Front->searchtpasal()
#3 /www/wwwroot/silajux.unifa.ac.id/vendor/codeigniter4/framework/system/CodeIgniter.php(439): CodeIgniter\CodeIgniter->runController()
#4 /www/wwwroot/silajux.unifa.ac.id/vendor/codeigniter4/framework/system/CodeIgniter.php(339): CodeIgniter\CodeIgniter->handleRequest()
#5 /www/wwwroot/silajux.unifa.ac.id/public/index.php(45): CodeIgniter\CodeIgniter->run()
#6 {main}
CRITICAL - 2023-03-30 22:37:36 --> Argument 1 passed to CodeIgniter\Database\MySQLi\Connection::_escapeString() must be of the type string, null given, called in /www/wwwroot/silajux.unifa.ac.id/vendor/codeigniter4/framework/system/Database/BaseConnection.php on line 1429
#0 /www/wwwroot/silajux.unifa.ac.id/vendor/codeigniter4/framework/system/Database/BaseConnection.php(1429): CodeIgniter\Database\MySQLi\Connection->_escapeString()
#1 /www/wwwroot/silajux.unifa.ac.id/app/Controllers/Front.php(1496): CodeIgniter\Database\BaseConnection->escapeString()
#2 /www/wwwroot/silajux.unifa.ac.id/vendor/codeigniter4/framework/system/CodeIgniter.php(931): App\Controllers\Front->searchtpasal()
#3 /www/wwwroot/silajux.unifa.ac.id/vendor/codeigniter4/framework/system/CodeIgniter.php(439): CodeIgniter\CodeIgniter->runController()
#4 /www/wwwroot/silajux.unifa.ac.id/vendor/codeigniter4/framework/system/CodeIgniter.php(339): CodeIgniter\CodeIgniter->handleRequest()
#5 /www/wwwroot/silajux.unifa.ac.id/public/index.php(45): CodeIgniter\CodeIgniter->run()
#6 {main}
CRITICAL - 2023-03-30 22:37:38 --> Argument 1 passed to CodeIgniter\Database\MySQLi\Connection::_escapeString() must be of the type string, null given, called in /www/wwwroot/silajux.unifa.ac.id/vendor/codeigniter4/framework/system/Database/BaseConnection.php on line 1429
#0 /www/wwwroot/silajux.unifa.ac.id/vendor/codeigniter4/framework/system/Database/BaseConnection.php(1429): CodeIgniter\Database\MySQLi\Connection->_escapeString()
#1 /www/wwwroot/silajux.unifa.ac.id/app/Controllers/Front.php(1496): CodeIgniter\Database\BaseConnection->escapeString()
#2 /www/wwwroot/silajux.unifa.ac.id/vendor/codeigniter4/framework/system/CodeIgniter.php(931): App\Controllers\Front->searchtpasal()
#3 /www/wwwroot/silajux.unifa.ac.id/vendor/codeigniter4/framework/system/CodeIgniter.php(439): CodeIgniter\CodeIgniter->runController()
#4 /www/wwwroot/silajux.unifa.ac.id/vendor/codeigniter4/framework/system/CodeIgniter.php(339): CodeIgniter\CodeIgniter->handleRequest()
#5 /www/wwwroot/silajux.unifa.ac.id/public/index.php(45): CodeIgniter\CodeIgniter->run()
#6 {main}
CRITICAL - 2023-03-30 22:39:44 --> Argument 1 passed to CodeIgniter\Database\MySQLi\Connection::_escapeString() must be of the type string, null given, called in /www/wwwroot/silajux.unifa.ac.id/vendor/codeigniter4/framework/system/Database/BaseConnection.php on line 1429
#0 /www/wwwroot/silajux.unifa.ac.id/vendor/codeigniter4/framework/system/Database/BaseConnection.php(1429): CodeIgniter\Database\MySQLi\Connection->_escapeString()
#1 /www/wwwroot/silajux.unifa.ac.id/app/Controllers/Front.php(1496): CodeIgniter\Database\BaseConnection->escapeString()
#2 /www/wwwroot/silajux.unifa.ac.id/vendor/codeigniter4/framework/system/CodeIgniter.php(931): App\Controllers\Front->searchtpasal()
#3 /www/wwwroot/silajux.unifa.ac.id/vendor/codeigniter4/framework/system/CodeIgniter.php(439): CodeIgniter\CodeIgniter->runController()
#4 /www/wwwroot/silajux.unifa.ac.id/vendor/codeigniter4/framework/system/CodeIgniter.php(339): CodeIgniter\CodeIgniter->handleRequest()
#5 /www/wwwroot/silajux.unifa.ac.id/public/index.php(45): CodeIgniter\CodeIgniter->run()
#6 {main}
CRITICAL - 2023-03-30 22:58:05 --> Argument 1 passed to CodeIgniter\Database\MySQLi\Connection::_escapeString() must be of the type string, null given, called in /www/wwwroot/silajux.unifa.ac.id/vendor/codeigniter4/framework/system/Database/BaseConnection.php on line 1429
#0 /www/wwwroot/silajux.unifa.ac.id/vendor/codeigniter4/framework/system/Database/BaseConnection.php(1429): CodeIgniter\Database\MySQLi\Connection->_escapeString()
#1 /www/wwwroot/silajux.unifa.ac.id/app/Controllers/Front.php(1496): CodeIgniter\Database\BaseConnection->escapeString()
#2 /www/wwwroot/silajux.unifa.ac.id/vendor/codeigniter4/framework/system/CodeIgniter.php(931): App\Controllers\Front->searchtpasal()
#3 /www/wwwroot/silajux.unifa.ac.id/vendor/codeigniter4/framework/system/CodeIgniter.php(439): CodeIgniter\CodeIgniter->runController()
#4 /www/wwwroot/silajux.unifa.ac.id/vendor/codeigniter4/framework/system/CodeIgniter.php(339): CodeIgniter\CodeIgniter->handleRequest()
#5 /www/wwwroot/silajux.unifa.ac.id/public/index.php(45): CodeIgniter\CodeIgniter->run()
#6 {main}
CRITICAL - 2023-03-30 23:03:29 --> Argument 1 passed to CodeIgniter\Database\MySQLi\Connection::_escapeString() must be of the type string, null given, called in /www/wwwroot/silajux.unifa.ac.id/vendor/codeigniter4/framework/system/Database/BaseConnection.php on line 1429
#0 /www/wwwroot/silajux.unifa.ac.id/vendor/codeigniter4/framework/system/Database/BaseConnection.php(1429): CodeIgniter\Database\MySQLi\Connection->_escapeString()
#1 /www/wwwroot/silajux.unifa.ac.id/app/Controllers/Front.php(1496): CodeIgniter\Database\BaseConnection->escapeString()
#2 /www/wwwroot/silajux.unifa.ac.id/vendor/codeigniter4/framework/system/CodeIgniter.php(931): App\Controllers\Front->searchtpasal()
#3 /www/wwwroot/silajux.unifa.ac.id/vendor/codeigniter4/framework/system/CodeIgniter.php(439): CodeIgniter\CodeIgniter->runController()
#4 /www/wwwroot/silajux.unifa.ac.id/vendor/codeigniter4/framework/system/CodeIgniter.php(339): CodeIgniter\CodeIgniter->handleRequest()
#5 /www/wwwroot/silajux.unifa.ac.id/public/index.php(45): CodeIgniter\CodeIgniter->run()
#6 {main}
