CRITICAL - 2023-07-11 00:00:42 --> Argument 1 passed to CodeIgniter\Database\MySQLi\Connection::_escapeString() must be of the type string, null given, called in G:\PROJECT\UNIFA\12-6-23-silajux.unifa.ac.id\vendor\codeigniter4\framework\system\Database\BaseConnection.php on line 1429
#0 G:\PROJECT\UNIFA\12-6-23-silajux.unifa.ac.id\vendor\codeigniter4\framework\system\Database\BaseConnection.php(1429): CodeIgniter\Database\MySQLi\Connection->_escapeString(NULL)
#1 G:\PROJECT\UNIFA\12-6-23-silajux.unifa.ac.id\app\Controllers\Admin.php(1296): CodeIgniter\Database\BaseConnection->escapeString(NULL)
#2 G:\PROJECT\UNIFA\12-6-23-silajux.unifa.ac.id\vendor\codeigniter4\framework\system\CodeIgniter.php(931): App\Controllers\Admin->getcpmkAdmin()
#3 G:\PROJECT\UNIFA\12-6-23-silajux.unifa.ac.id\vendor\codeigniter4\framework\system\CodeIgniter.php(439): CodeIgniter\CodeIgniter->runController(Object(App\Controllers\Admin))
#4 G:\PROJECT\UNIFA\12-6-23-silajux.unifa.ac.id\vendor\codeigniter4\framework\system\CodeIgniter.php(339): CodeIgniter\CodeIgniter->handleRequest(NULL, Object(Config\Cache), false)
#5 G:\PROJECT\UNIFA\12-6-23-silajux.unifa.ac.id\public\index.php(45): CodeIgniter\CodeIgniter->run()
#6 G:\PROJECT\UNIFA\12-6-23-silajux.unifa.ac.id\vendor\codeigniter4\framework\system\Commands\Server\rewrite.php(45): require_once('G:\\PROJECT\\UNIF...')
#7 {main}
CRITICAL - 2023-07-11 00:01:04 --> Argument 1 passed to CodeIgniter\Database\MySQLi\Connection::_escapeString() must be of the type string, null given, called in G:\PROJECT\UNIFA\12-6-23-silajux.unifa.ac.id\vendor\codeigniter4\framework\system\Database\BaseConnection.php on line 1429
#0 G:\PROJECT\UNIFA\12-6-23-silajux.unifa.ac.id\vendor\codeigniter4\framework\system\Database\BaseConnection.php(1429): CodeIgniter\Database\MySQLi\Connection->_escapeString(NULL)
#1 G:\PROJECT\UNIFA\12-6-23-silajux.unifa.ac.id\app\Controllers\Admin.php(1296): CodeIgniter\Database\BaseConnection->escapeString(NULL)
#2 G:\PROJECT\UNIFA\12-6-23-silajux.unifa.ac.id\vendor\codeigniter4\framework\system\CodeIgniter.php(931): App\Controllers\Admin->getcpmkAdmin()
#3 G:\PROJECT\UNIFA\12-6-23-silajux.unifa.ac.id\vendor\codeigniter4\framework\system\CodeIgniter.php(439): CodeIgniter\CodeIgniter->runController(Object(App\Controllers\Admin))
#4 G:\PROJECT\UNIFA\12-6-23-silajux.unifa.ac.id\vendor\codeigniter4\framework\system\CodeIgniter.php(339): CodeIgniter\CodeIgniter->handleRequest(NULL, Object(Config\Cache), false)
#5 G:\PROJECT\UNIFA\12-6-23-silajux.unifa.ac.id\public\index.php(45): CodeIgniter\CodeIgniter->run()
#6 G:\PROJECT\UNIFA\12-6-23-silajux.unifa.ac.id\vendor\codeigniter4\framework\system\Commands\Server\rewrite.php(45): require_once('G:\\PROJECT\\UNIF...')
#7 {main}
CRITICAL - 2023-07-11 00:01:48 --> Unknown column 'ta_akademik' in 'field list'
#0 G:\PROJECT\UNIFA\12-6-23-silajux.unifa.ac.id\vendor\codeigniter4\framework\system\Database\MySQLi\Connection.php(329): mysqli->query('INSERT INTO `ma...')
#1 G:\PROJECT\UNIFA\12-6-23-silajux.unifa.ac.id\vendor\codeigniter4\framework\system\Database\BaseConnection.php(732): CodeIgniter\Database\MySQLi\Connection->execute('INSERT INTO `ma...')
#2 G:\PROJECT\UNIFA\12-6-23-silajux.unifa.ac.id\vendor\codeigniter4\framework\system\Database\BaseConnection.php(647): CodeIgniter\Database\BaseConnection->simpleQuery('INSERT INTO `ma...')
#3 G:\PROJECT\UNIFA\12-6-23-silajux.unifa.ac.id\vendor\codeigniter4\framework\system\Database\BaseBuilder.php(2277): CodeIgniter\Database\BaseConnection->query('INSERT INTO `ma...', Array, false)
#4 G:\PROJECT\UNIFA\12-6-23-silajux.unifa.ac.id\vendor\codeigniter4\framework\system\Model.php(259): CodeIgniter\Database\BaseBuilder->insert()
#5 G:\PROJECT\UNIFA\12-6-23-silajux.unifa.ac.id\vendor\codeigniter4\framework\system\BaseModel.php(774): CodeIgniter\Model->doInsert(Array)
#6 G:\PROJECT\UNIFA\12-6-23-silajux.unifa.ac.id\vendor\codeigniter4\framework\system\Model.php(686): CodeIgniter\BaseModel->insert(Array, true)
#7 G:\PROJECT\UNIFA\12-6-23-silajux.unifa.ac.id\app\Controllers\Admin.php(1357): CodeIgniter\Model->insert(Array)
#8 G:\PROJECT\UNIFA\12-6-23-silajux.unifa.ac.id\vendor\codeigniter4\framework\system\CodeIgniter.php(931): App\Controllers\Admin->simpanCpmk()
#9 G:\PROJECT\UNIFA\12-6-23-silajux.unifa.ac.id\vendor\codeigniter4\framework\system\CodeIgniter.php(439): CodeIgniter\CodeIgniter->runController(Object(App\Controllers\Admin))
#10 G:\PROJECT\UNIFA\12-6-23-silajux.unifa.ac.id\vendor\codeigniter4\framework\system\CodeIgniter.php(339): CodeIgniter\CodeIgniter->handleRequest(NULL, Object(Config\Cache), false)
#11 G:\PROJECT\UNIFA\12-6-23-silajux.unifa.ac.id\public\index.php(45): CodeIgniter\CodeIgniter->run()
#12 G:\PROJECT\UNIFA\12-6-23-silajux.unifa.ac.id\vendor\codeigniter4\framework\system\Commands\Server\rewrite.php(45): require_once('G:\\PROJECT\\UNIF...')
#13 {main}
CRITICAL - 2023-07-11 00:04:32 --> Argument 1 passed to CodeIgniter\Database\MySQLi\Connection::_escapeString() must be of the type string, null given, called in G:\PROJECT\UNIFA\12-6-23-silajux.unifa.ac.id\vendor\codeigniter4\framework\system\Database\BaseConnection.php on line 1429
#0 G:\PROJECT\UNIFA\12-6-23-silajux.unifa.ac.id\vendor\codeigniter4\framework\system\Database\BaseConnection.php(1429): CodeIgniter\Database\MySQLi\Connection->_escapeString(NULL)
#1 G:\PROJECT\UNIFA\12-6-23-silajux.unifa.ac.id\app\Controllers\Admin.php(1296): CodeIgniter\Database\BaseConnection->escapeString(NULL)
#2 G:\PROJECT\UNIFA\12-6-23-silajux.unifa.ac.id\vendor\codeigniter4\framework\system\CodeIgniter.php(931): App\Controllers\Admin->getcpmkAdmin()
#3 G:\PROJECT\UNIFA\12-6-23-silajux.unifa.ac.id\vendor\codeigniter4\framework\system\CodeIgniter.php(439): CodeIgniter\CodeIgniter->runController(Object(App\Controllers\Admin))
#4 G:\PROJECT\UNIFA\12-6-23-silajux.unifa.ac.id\vendor\codeigniter4\framework\system\CodeIgniter.php(339): CodeIgniter\CodeIgniter->handleRequest(NULL, Object(Config\Cache), false)
#5 G:\PROJECT\UNIFA\12-6-23-silajux.unifa.ac.id\public\index.php(45): CodeIgniter\CodeIgniter->run()
#6 G:\PROJECT\UNIFA\12-6-23-silajux.unifa.ac.id\vendor\codeigniter4\framework\system\Commands\Server\rewrite.php(45): require_once('G:\\PROJECT\\UNIF...')
#7 {main}
CRITICAL - 2023-07-11 00:21:51 --> Argument 1 passed to CodeIgniter\Database\MySQLi\Connection::_escapeString() must be of the type string, null given, called in G:\PROJECT\UNIFA\12-6-23-silajux.unifa.ac.id\vendor\codeigniter4\framework\system\Database\BaseConnection.php on line 1429
#0 G:\PROJECT\UNIFA\12-6-23-silajux.unifa.ac.id\vendor\codeigniter4\framework\system\Database\BaseConnection.php(1429): CodeIgniter\Database\MySQLi\Connection->_escapeString(NULL)
#1 G:\PROJECT\UNIFA\12-6-23-silajux.unifa.ac.id\app\Controllers\Admin.php(1296): CodeIgniter\Database\BaseConnection->escapeString(NULL)
#2 G:\PROJECT\UNIFA\12-6-23-silajux.unifa.ac.id\vendor\codeigniter4\framework\system\CodeIgniter.php(931): App\Controllers\Admin->getcpmkAdmin()
#3 G:\PROJECT\UNIFA\12-6-23-silajux.unifa.ac.id\vendor\codeigniter4\framework\system\CodeIgniter.php(439): CodeIgniter\CodeIgniter->runController(Object(App\Controllers\Admin))
#4 G:\PROJECT\UNIFA\12-6-23-silajux.unifa.ac.id\vendor\codeigniter4\framework\system\CodeIgniter.php(339): CodeIgniter\CodeIgniter->handleRequest(NULL, Object(Config\Cache), false)
#5 G:\PROJECT\UNIFA\12-6-23-silajux.unifa.ac.id\public\index.php(45): CodeIgniter\CodeIgniter->run()
#6 G:\PROJECT\UNIFA\12-6-23-silajux.unifa.ac.id\vendor\codeigniter4\framework\system\Commands\Server\rewrite.php(45): require_once('G:\\PROJECT\\UNIF...')
#7 {main}
CRITICAL - 2023-07-11 00:22:02 --> Argument 1 passed to CodeIgniter\Database\MySQLi\Connection::_escapeString() must be of the type string, null given, called in G:\PROJECT\UNIFA\12-6-23-silajux.unifa.ac.id\vendor\codeigniter4\framework\system\Database\BaseConnection.php on line 1429
#0 G:\PROJECT\UNIFA\12-6-23-silajux.unifa.ac.id\vendor\codeigniter4\framework\system\Database\BaseConnection.php(1429): CodeIgniter\Database\MySQLi\Connection->_escapeString(NULL)
#1 G:\PROJECT\UNIFA\12-6-23-silajux.unifa.ac.id\app\Controllers\Admin.php(1296): CodeIgniter\Database\BaseConnection->escapeString(NULL)
#2 G:\PROJECT\UNIFA\12-6-23-silajux.unifa.ac.id\vendor\codeigniter4\framework\system\CodeIgniter.php(931): App\Controllers\Admin->getcpmkAdmin()
#3 G:\PROJECT\UNIFA\12-6-23-silajux.unifa.ac.id\vendor\codeigniter4\framework\system\CodeIgniter.php(439): CodeIgniter\CodeIgniter->runController(Object(App\Controllers\Admin))
#4 G:\PROJECT\UNIFA\12-6-23-silajux.unifa.ac.id\vendor\codeigniter4\framework\system\CodeIgniter.php(339): CodeIgniter\CodeIgniter->handleRequest(NULL, Object(Config\Cache), false)
#5 G:\PROJECT\UNIFA\12-6-23-silajux.unifa.ac.id\public\index.php(45): CodeIgniter\CodeIgniter->run()
#6 G:\PROJECT\UNIFA\12-6-23-silajux.unifa.ac.id\vendor\codeigniter4\framework\system\Commands\Server\rewrite.php(45): require_once('G:\\PROJECT\\UNIF...')
#7 {main}
CRITICAL - 2023-07-11 00:25:51 --> Argument 1 passed to CodeIgniter\Database\MySQLi\Connection::_escapeString() must be of the type string, null given, called in G:\PROJECT\UNIFA\12-6-23-silajux.unifa.ac.id\vendor\codeigniter4\framework\system\Database\BaseConnection.php on line 1429
#0 G:\PROJECT\UNIFA\12-6-23-silajux.unifa.ac.id\vendor\codeigniter4\framework\system\Database\BaseConnection.php(1429): CodeIgniter\Database\MySQLi\Connection->_escapeString(NULL)
#1 G:\PROJECT\UNIFA\12-6-23-silajux.unifa.ac.id\app\Controllers\Admin.php(1296): CodeIgniter\Database\BaseConnection->escapeString(NULL)
#2 G:\PROJECT\UNIFA\12-6-23-silajux.unifa.ac.id\vendor\codeigniter4\framework\system\CodeIgniter.php(931): App\Controllers\Admin->getcpmkAdmin()
#3 G:\PROJECT\UNIFA\12-6-23-silajux.unifa.ac.id\vendor\codeigniter4\framework\system\CodeIgniter.php(439): CodeIgniter\CodeIgniter->runController(Object(App\Controllers\Admin))
#4 G:\PROJECT\UNIFA\12-6-23-silajux.unifa.ac.id\vendor\codeigniter4\framework\system\CodeIgniter.php(339): CodeIgniter\CodeIgniter->handleRequest(NULL, Object(Config\Cache), false)
#5 G:\PROJECT\UNIFA\12-6-23-silajux.unifa.ac.id\public\index.php(45): CodeIgniter\CodeIgniter->run()
#6 G:\PROJECT\UNIFA\12-6-23-silajux.unifa.ac.id\vendor\codeigniter4\framework\system\Commands\Server\rewrite.php(45): require_once('G:\\PROJECT\\UNIF...')
#7 {main}
CRITICAL - 2023-07-11 00:26:08 --> Argument 1 passed to CodeIgniter\Database\MySQLi\Connection::_escapeString() must be of the type string, null given, called in G:\PROJECT\UNIFA\12-6-23-silajux.unifa.ac.id\vendor\codeigniter4\framework\system\Database\BaseConnection.php on line 1429
#0 G:\PROJECT\UNIFA\12-6-23-silajux.unifa.ac.id\vendor\codeigniter4\framework\system\Database\BaseConnection.php(1429): CodeIgniter\Database\MySQLi\Connection->_escapeString(NULL)
#1 G:\PROJECT\UNIFA\12-6-23-silajux.unifa.ac.id\app\Controllers\Admin.php(1423): CodeIgniter\Database\BaseConnection->escapeString(NULL)
#2 G:\PROJECT\UNIFA\12-6-23-silajux.unifa.ac.id\vendor\codeigniter4\framework\system\CodeIgniter.php(931): App\Controllers\Admin->editCpmk()
#3 G:\PROJECT\UNIFA\12-6-23-silajux.unifa.ac.id\vendor\codeigniter4\framework\system\CodeIgniter.php(439): CodeIgniter\CodeIgniter->runController(Object(App\Controllers\Admin))
#4 G:\PROJECT\UNIFA\12-6-23-silajux.unifa.ac.id\vendor\codeigniter4\framework\system\CodeIgniter.php(339): CodeIgniter\CodeIgniter->handleRequest(NULL, Object(Config\Cache), false)
#5 G:\PROJECT\UNIFA\12-6-23-silajux.unifa.ac.id\public\index.php(45): CodeIgniter\CodeIgniter->run()
#6 G:\PROJECT\UNIFA\12-6-23-silajux.unifa.ac.id\vendor\codeigniter4\framework\system\Commands\Server\rewrite.php(45): require_once('G:\\PROJECT\\UNIF...')
#7 {main}
CRITICAL - 2023-07-11 00:27:36 --> Argument 1 passed to CodeIgniter\Database\MySQLi\Connection::_escapeString() must be of the type string, null given, called in G:\PROJECT\UNIFA\12-6-23-silajux.unifa.ac.id\vendor\codeigniter4\framework\system\Database\BaseConnection.php on line 1429
#0 G:\PROJECT\UNIFA\12-6-23-silajux.unifa.ac.id\vendor\codeigniter4\framework\system\Database\BaseConnection.php(1429): CodeIgniter\Database\MySQLi\Connection->_escapeString(NULL)
#1 G:\PROJECT\UNIFA\12-6-23-silajux.unifa.ac.id\app\Controllers\Admin.php(1296): CodeIgniter\Database\BaseConnection->escapeString(NULL)
#2 G:\PROJECT\UNIFA\12-6-23-silajux.unifa.ac.id\vendor\codeigniter4\framework\system\CodeIgniter.php(931): App\Controllers\Admin->getcpmkAdmin()
#3 G:\PROJECT\UNIFA\12-6-23-silajux.unifa.ac.id\vendor\codeigniter4\framework\system\CodeIgniter.php(439): CodeIgniter\CodeIgniter->runController(Object(App\Controllers\Admin))
#4 G:\PROJECT\UNIFA\12-6-23-silajux.unifa.ac.id\vendor\codeigniter4\framework\system\CodeIgniter.php(339): CodeIgniter\CodeIgniter->handleRequest(NULL, Object(Config\Cache), false)
#5 G:\PROJECT\UNIFA\12-6-23-silajux.unifa.ac.id\public\index.php(45): CodeIgniter\CodeIgniter->run()
#6 G:\PROJECT\UNIFA\12-6-23-silajux.unifa.ac.id\vendor\codeigniter4\framework\system\Commands\Server\rewrite.php(45): require_once('G:\\PROJECT\\UNIF...')
#7 {main}
CRITICAL - 2023-07-11 00:28:01 --> Argument 1 passed to CodeIgniter\Database\MySQLi\Connection::_escapeString() must be of the type string, null given, called in G:\PROJECT\UNIFA\12-6-23-silajux.unifa.ac.id\vendor\codeigniter4\framework\system\Database\BaseConnection.php on line 1429
#0 G:\PROJECT\UNIFA\12-6-23-silajux.unifa.ac.id\vendor\codeigniter4\framework\system\Database\BaseConnection.php(1429): CodeIgniter\Database\MySQLi\Connection->_escapeString(NULL)
#1 G:\PROJECT\UNIFA\12-6-23-silajux.unifa.ac.id\app\Controllers\Admin.php(1296): CodeIgniter\Database\BaseConnection->escapeString(NULL)
#2 G:\PROJECT\UNIFA\12-6-23-silajux.unifa.ac.id\vendor\codeigniter4\framework\system\CodeIgniter.php(931): App\Controllers\Admin->getcpmkAdmin()
#3 G:\PROJECT\UNIFA\12-6-23-silajux.unifa.ac.id\vendor\codeigniter4\framework\system\CodeIgniter.php(439): CodeIgniter\CodeIgniter->runController(Object(App\Controllers\Admin))
#4 G:\PROJECT\UNIFA\12-6-23-silajux.unifa.ac.id\vendor\codeigniter4\framework\system\CodeIgniter.php(339): CodeIgniter\CodeIgniter->handleRequest(NULL, Object(Config\Cache), false)
#5 G:\PROJECT\UNIFA\12-6-23-silajux.unifa.ac.id\public\index.php(45): CodeIgniter\CodeIgniter->run()
#6 G:\PROJECT\UNIFA\12-6-23-silajux.unifa.ac.id\vendor\codeigniter4\framework\system\Commands\Server\rewrite.php(45): require_once('G:\\PROJECT\\UNIF...')
#7 {main}
CRITICAL - 2023-07-11 01:04:59 --> Trying to get property 'nama_prodi' of non-object
#0 G:\PROJECT\UNIFA\12-6-23-silajux.unifa.ac.id\app\Controllers\Admin.php(2572): CodeIgniter\Debug\Exceptions->errorHandler(8, 'Trying to get p...', 'G:\\PROJECT\\UNIF...', 2572, Array)
#1 G:\PROJECT\UNIFA\12-6-23-silajux.unifa.ac.id\app\Controllers\Admin.php(1554): App\Controllers\Admin->getNamaProdiByKode('-')
#2 G:\PROJECT\UNIFA\12-6-23-silajux.unifa.ac.id\vendor\codeigniter4\framework\system\CodeIgniter.php(931): App\Controllers\Admin->daftarMkRplAdmin()
#3 G:\PROJECT\UNIFA\12-6-23-silajux.unifa.ac.id\vendor\codeigniter4\framework\system\CodeIgniter.php(439): CodeIgniter\CodeIgniter->runController(Object(App\Controllers\Admin))
#4 G:\PROJECT\UNIFA\12-6-23-silajux.unifa.ac.id\vendor\codeigniter4\framework\system\CodeIgniter.php(339): CodeIgniter\CodeIgniter->handleRequest(NULL, Object(Config\Cache), false)
#5 G:\PROJECT\UNIFA\12-6-23-silajux.unifa.ac.id\public\index.php(45): CodeIgniter\CodeIgniter->run()
#6 G:\PROJECT\UNIFA\12-6-23-silajux.unifa.ac.id\vendor\codeigniter4\framework\system\Commands\Server\rewrite.php(45): require_once('G:\\PROJECT\\UNIF...')
#7 {main}
CRITICAL - 2023-07-11 01:06:20 --> Trying to get property 'nama_prodi' of non-object
#0 G:\PROJECT\UNIFA\12-6-23-silajux.unifa.ac.id\app\Controllers\Admin.php(2572): CodeIgniter\Debug\Exceptions->errorHandler(8, 'Trying to get p...', 'G:\\PROJECT\\UNIF...', 2572, Array)
#1 G:\PROJECT\UNIFA\12-6-23-silajux.unifa.ac.id\app\Controllers\Admin.php(1554): App\Controllers\Admin->getNamaProdiByKode('-')
#2 G:\PROJECT\UNIFA\12-6-23-silajux.unifa.ac.id\vendor\codeigniter4\framework\system\CodeIgniter.php(931): App\Controllers\Admin->daftarMkRplAdmin()
#3 G:\PROJECT\UNIFA\12-6-23-silajux.unifa.ac.id\vendor\codeigniter4\framework\system\CodeIgniter.php(439): CodeIgniter\CodeIgniter->runController(Object(App\Controllers\Admin))
#4 G:\PROJECT\UNIFA\12-6-23-silajux.unifa.ac.id\vendor\codeigniter4\framework\system\CodeIgniter.php(339): CodeIgniter\CodeIgniter->handleRequest(NULL, Object(Config\Cache), false)
#5 G:\PROJECT\UNIFA\12-6-23-silajux.unifa.ac.id\public\index.php(45): CodeIgniter\CodeIgniter->run()
#6 G:\PROJECT\UNIFA\12-6-23-silajux.unifa.ac.id\vendor\codeigniter4\framework\system\Commands\Server\rewrite.php(45): require_once('G:\\PROJECT\\UNIF...')
#7 {main}
CRITICAL - 2023-07-11 01:08:02 --> Trying to get property 'nama_prodi' of non-object
#0 G:\PROJECT\UNIFA\12-6-23-silajux.unifa.ac.id\app\Controllers\Admin.php(2572): CodeIgniter\Debug\Exceptions->errorHandler(8, 'Trying to get p...', 'G:\\PROJECT\\UNIF...', 2572, Array)
#1 G:\PROJECT\UNIFA\12-6-23-silajux.unifa.ac.id\app\Controllers\Admin.php(1554): App\Controllers\Admin->getNamaProdiByKode('-')
#2 G:\PROJECT\UNIFA\12-6-23-silajux.unifa.ac.id\vendor\codeigniter4\framework\system\CodeIgniter.php(931): App\Controllers\Admin->daftarMkRplAdmin()
#3 G:\PROJECT\UNIFA\12-6-23-silajux.unifa.ac.id\vendor\codeigniter4\framework\system\CodeIgniter.php(439): CodeIgniter\CodeIgniter->runController(Object(App\Controllers\Admin))
#4 G:\PROJECT\UNIFA\12-6-23-silajux.unifa.ac.id\vendor\codeigniter4\framework\system\CodeIgniter.php(339): CodeIgniter\CodeIgniter->handleRequest(NULL, Object(Config\Cache), false)
#5 G:\PROJECT\UNIFA\12-6-23-silajux.unifa.ac.id\public\index.php(45): CodeIgniter\CodeIgniter->run()
#6 G:\PROJECT\UNIFA\12-6-23-silajux.unifa.ac.id\vendor\codeigniter4\framework\system\Commands\Server\rewrite.php(45): require_once('G:\\PROJECT\\UNIF...')
#7 {main}
CRITICAL - 2023-07-11 01:08:05 --> Trying to get property 'nama_prodi' of non-object
#0 G:\PROJECT\UNIFA\12-6-23-silajux.unifa.ac.id\app\Controllers\Admin.php(2572): CodeIgniter\Debug\Exceptions->errorHandler(8, 'Trying to get p...', 'G:\\PROJECT\\UNIF...', 2572, Array)
#1 G:\PROJECT\UNIFA\12-6-23-silajux.unifa.ac.id\app\Controllers\Admin.php(1554): App\Controllers\Admin->getNamaProdiByKode('-')
#2 G:\PROJECT\UNIFA\12-6-23-silajux.unifa.ac.id\vendor\codeigniter4\framework\system\CodeIgniter.php(931): App\Controllers\Admin->daftarMkRplAdmin()
#3 G:\PROJECT\UNIFA\12-6-23-silajux.unifa.ac.id\vendor\codeigniter4\framework\system\CodeIgniter.php(439): CodeIgniter\CodeIgniter->runController(Object(App\Controllers\Admin))
#4 G:\PROJECT\UNIFA\12-6-23-silajux.unifa.ac.id\vendor\codeigniter4\framework\system\CodeIgniter.php(339): CodeIgniter\CodeIgniter->handleRequest(NULL, Object(Config\Cache), false)
#5 G:\PROJECT\UNIFA\12-6-23-silajux.unifa.ac.id\public\index.php(45): CodeIgniter\CodeIgniter->run()
#6 G:\PROJECT\UNIFA\12-6-23-silajux.unifa.ac.id\vendor\codeigniter4\framework\system\Commands\Server\rewrite.php(45): require_once('G:\\PROJECT\\UNIF...')
#7 {main}
CRITICAL - 2023-07-11 01:08:42 --> Too few arguments to function App\Models\ModelMatakuliah::getMatakuliahRplByAdmin(), 1 passed in G:\PROJECT\UNIFA\12-6-23-silajux.unifa.ac.id\app\Controllers\Admin.php on line 1553 and exactly 2 expected
#0 G:\PROJECT\UNIFA\12-6-23-silajux.unifa.ac.id\app\Controllers\Admin.php(1553): App\Models\ModelMatakuliah->getMatakuliahRplByAdmin('20222')
#1 G:\PROJECT\UNIFA\12-6-23-silajux.unifa.ac.id\vendor\codeigniter4\framework\system\CodeIgniter.php(931): App\Controllers\Admin->daftarMkRplAdmin()
#2 G:\PROJECT\UNIFA\12-6-23-silajux.unifa.ac.id\vendor\codeigniter4\framework\system\CodeIgniter.php(439): CodeIgniter\CodeIgniter->runController(Object(App\Controllers\Admin))
#3 G:\PROJECT\UNIFA\12-6-23-silajux.unifa.ac.id\vendor\codeigniter4\framework\system\CodeIgniter.php(339): CodeIgniter\CodeIgniter->handleRequest(NULL, Object(Config\Cache), false)
#4 G:\PROJECT\UNIFA\12-6-23-silajux.unifa.ac.id\public\index.php(45): CodeIgniter\CodeIgniter->run()
#5 G:\PROJECT\UNIFA\12-6-23-silajux.unifa.ac.id\vendor\codeigniter4\framework\system\Commands\Server\rewrite.php(45): require_once('G:\\PROJECT\\UNIF...')
#6 {main}
CRITICAL - 2023-07-11 01:08:52 --> Undefined variable: nama_prodi
#0 G:\PROJECT\UNIFA\12-6-23-silajux.unifa.ac.id\app\Views\Admin\rpl-matakuliah-rpl.php(87): CodeIgniter\Debug\Exceptions->errorHandler(8, 'Undefined varia...', 'G:\\PROJECT\\UNIF...', 87, Array)
#1 G:\PROJECT\UNIFA\12-6-23-silajux.unifa.ac.id\vendor\codeigniter4\framework\system\View\View.php(230): include('G:\\PROJECT\\UNIF...')
#2 G:\PROJECT\UNIFA\12-6-23-silajux.unifa.ac.id\vendor\codeigniter4\framework\system\View\View.php(232): CodeIgniter\View\View->CodeIgniter\View\{closure}()
#3 G:\PROJECT\UNIFA\12-6-23-silajux.unifa.ac.id\vendor\codeigniter4\framework\system\Common.php(1250): CodeIgniter\View\View->render('Admin/rpl-matak...', Array, true)
#4 G:\PROJECT\UNIFA\12-6-23-silajux.unifa.ac.id\app\Controllers\Admin.php(1567): view('Admin/rpl-matak...', Array)
#5 G:\PROJECT\UNIFA\12-6-23-silajux.unifa.ac.id\vendor\codeigniter4\framework\system\CodeIgniter.php(931): App\Controllers\Admin->daftarMkRplAdmin()
#6 G:\PROJECT\UNIFA\12-6-23-silajux.unifa.ac.id\vendor\codeigniter4\framework\system\CodeIgniter.php(439): CodeIgniter\CodeIgniter->runController(Object(App\Controllers\Admin))
#7 G:\PROJECT\UNIFA\12-6-23-silajux.unifa.ac.id\vendor\codeigniter4\framework\system\CodeIgniter.php(339): CodeIgniter\CodeIgniter->handleRequest(NULL, Object(Config\Cache), false)
#8 G:\PROJECT\UNIFA\12-6-23-silajux.unifa.ac.id\public\index.php(45): CodeIgniter\CodeIgniter->run()
#9 G:\PROJECT\UNIFA\12-6-23-silajux.unifa.ac.id\vendor\codeigniter4\framework\system\Commands\Server\rewrite.php(45): require_once('G:\\PROJECT\\UNIF...')
#10 {main}
CRITICAL - 2023-07-11 01:09:49 --> Undefined variable: nama_prodi
#0 G:\PROJECT\UNIFA\12-6-23-silajux.unifa.ac.id\app\Views\Admin\rpl-matakuliah-rpl.php(87): CodeIgniter\Debug\Exceptions->errorHandler(8, 'Undefined varia...', 'G:\\PROJECT\\UNIF...', 87, Array)
#1 G:\PROJECT\UNIFA\12-6-23-silajux.unifa.ac.id\vendor\codeigniter4\framework\system\View\View.php(230): include('G:\\PROJECT\\UNIF...')
#2 G:\PROJECT\UNIFA\12-6-23-silajux.unifa.ac.id\vendor\codeigniter4\framework\system\View\View.php(232): CodeIgniter\View\View->CodeIgniter\View\{closure}()
#3 G:\PROJECT\UNIFA\12-6-23-silajux.unifa.ac.id\vendor\codeigniter4\framework\system\Common.php(1250): CodeIgniter\View\View->render('Admin/rpl-matak...', Array, true)
#4 G:\PROJECT\UNIFA\12-6-23-silajux.unifa.ac.id\app\Controllers\Admin.php(1567): view('Admin/rpl-matak...', Array)
#5 G:\PROJECT\UNIFA\12-6-23-silajux.unifa.ac.id\vendor\codeigniter4\framework\system\CodeIgniter.php(931): App\Controllers\Admin->daftarMkRplAdmin()
#6 G:\PROJECT\UNIFA\12-6-23-silajux.unifa.ac.id\vendor\codeigniter4\framework\system\CodeIgniter.php(439): CodeIgniter\CodeIgniter->runController(Object(App\Controllers\Admin))
#7 G:\PROJECT\UNIFA\12-6-23-silajux.unifa.ac.id\vendor\codeigniter4\framework\system\CodeIgniter.php(339): CodeIgniter\CodeIgniter->handleRequest(NULL, Object(Config\Cache), false)
#8 G:\PROJECT\UNIFA\12-6-23-silajux.unifa.ac.id\public\index.php(45): CodeIgniter\CodeIgniter->run()
#9 G:\PROJECT\UNIFA\12-6-23-silajux.unifa.ac.id\vendor\codeigniter4\framework\system\Commands\Server\rewrite.php(45): require_once('G:\\PROJECT\\UNIF...')
#10 {main}
CRITICAL - 2023-07-11 01:09:52 --> Undefined variable: nama_prodi
#0 G:\PROJECT\UNIFA\12-6-23-silajux.unifa.ac.id\app\Views\Admin\rpl-matakuliah-rpl.php(87): CodeIgniter\Debug\Exceptions->errorHandler(8, 'Undefined varia...', 'G:\\PROJECT\\UNIF...', 87, Array)
#1 G:\PROJECT\UNIFA\12-6-23-silajux.unifa.ac.id\vendor\codeigniter4\framework\system\View\View.php(230): include('G:\\PROJECT\\UNIF...')
#2 G:\PROJECT\UNIFA\12-6-23-silajux.unifa.ac.id\vendor\codeigniter4\framework\system\View\View.php(232): CodeIgniter\View\View->CodeIgniter\View\{closure}()
#3 G:\PROJECT\UNIFA\12-6-23-silajux.unifa.ac.id\vendor\codeigniter4\framework\system\Common.php(1250): CodeIgniter\View\View->render('Admin/rpl-matak...', Array, true)
#4 G:\PROJECT\UNIFA\12-6-23-silajux.unifa.ac.id\app\Controllers\Admin.php(1567): view('Admin/rpl-matak...', Array)
#5 G:\PROJECT\UNIFA\12-6-23-silajux.unifa.ac.id\vendor\codeigniter4\framework\system\CodeIgniter.php(931): App\Controllers\Admin->daftarMkRplAdmin()
#6 G:\PROJECT\UNIFA\12-6-23-silajux.unifa.ac.id\vendor\codeigniter4\framework\system\CodeIgniter.php(439): CodeIgniter\CodeIgniter->runController(Object(App\Controllers\Admin))
#7 G:\PROJECT\UNIFA\12-6-23-silajux.unifa.ac.id\vendor\codeigniter4\framework\system\CodeIgniter.php(339): CodeIgniter\CodeIgniter->handleRequest(NULL, Object(Config\Cache), false)
#8 G:\PROJECT\UNIFA\12-6-23-silajux.unifa.ac.id\public\index.php(45): CodeIgniter\CodeIgniter->run()
#9 G:\PROJECT\UNIFA\12-6-23-silajux.unifa.ac.id\vendor\codeigniter4\framework\system\Commands\Server\rewrite.php(45): require_once('G:\\PROJECT\\UNIF...')
#10 {main}
CRITICAL - 2023-07-11 01:10:06 --> Undefined variable: nama_prodi
#0 G:\PROJECT\UNIFA\12-6-23-silajux.unifa.ac.id\app\Views\Admin\rpl-matakuliah-rpl.php(87): CodeIgniter\Debug\Exceptions->errorHandler(8, 'Undefined varia...', 'G:\\PROJECT\\UNIF...', 87, Array)
#1 G:\PROJECT\UNIFA\12-6-23-silajux.unifa.ac.id\vendor\codeigniter4\framework\system\View\View.php(230): include('G:\\PROJECT\\UNIF...')
#2 G:\PROJECT\UNIFA\12-6-23-silajux.unifa.ac.id\vendor\codeigniter4\framework\system\View\View.php(232): CodeIgniter\View\View->CodeIgniter\View\{closure}()
#3 G:\PROJECT\UNIFA\12-6-23-silajux.unifa.ac.id\vendor\codeigniter4\framework\system\Common.php(1250): CodeIgniter\View\View->render('Admin/rpl-matak...', Array, true)
#4 G:\PROJECT\UNIFA\12-6-23-silajux.unifa.ac.id\app\Controllers\Admin.php(1567): view('Admin/rpl-matak...', Array)
#5 G:\PROJECT\UNIFA\12-6-23-silajux.unifa.ac.id\vendor\codeigniter4\framework\system\CodeIgniter.php(931): App\Controllers\Admin->daftarMkRplAdmin()
#6 G:\PROJECT\UNIFA\12-6-23-silajux.unifa.ac.id\vendor\codeigniter4\framework\system\CodeIgniter.php(439): CodeIgniter\CodeIgniter->runController(Object(App\Controllers\Admin))
#7 G:\PROJECT\UNIFA\12-6-23-silajux.unifa.ac.id\vendor\codeigniter4\framework\system\CodeIgniter.php(339): CodeIgniter\CodeIgniter->handleRequest(NULL, Object(Config\Cache), false)
#8 G:\PROJECT\UNIFA\12-6-23-silajux.unifa.ac.id\public\index.php(45): CodeIgniter\CodeIgniter->run()
#9 G:\PROJECT\UNIFA\12-6-23-silajux.unifa.ac.id\vendor\codeigniter4\framework\system\Commands\Server\rewrite.php(45): require_once('G:\\PROJECT\\UNIF...')
#10 {main}
CRITICAL - 2023-07-11 01:17:01 --> Undefined property: stdClass::$prodi
#0 G:\PROJECT\UNIFA\12-6-23-silajux.unifa.ac.id\app\Views\Admin\rpl-matakuliah-rpl-admin.php(121): CodeIgniter\Debug\Exceptions->errorHandler(8, 'Undefined prope...', 'G:\\PROJECT\\UNIF...', 121, Array)
#1 G:\PROJECT\UNIFA\12-6-23-silajux.unifa.ac.id\vendor\codeigniter4\framework\system\View\View.php(230): include('G:\\PROJECT\\UNIF...')
#2 G:\PROJECT\UNIFA\12-6-23-silajux.unifa.ac.id\vendor\codeigniter4\framework\system\View\View.php(232): CodeIgniter\View\View->CodeIgniter\View\{closure}()
#3 G:\PROJECT\UNIFA\12-6-23-silajux.unifa.ac.id\vendor\codeigniter4\framework\system\Common.php(1250): CodeIgniter\View\View->render('Admin/rpl-matak...', Array, true)
#4 G:\PROJECT\UNIFA\12-6-23-silajux.unifa.ac.id\app\Controllers\Admin.php(1567): view('Admin/rpl-matak...', Array)
#5 G:\PROJECT\UNIFA\12-6-23-silajux.unifa.ac.id\vendor\codeigniter4\framework\system\CodeIgniter.php(931): App\Controllers\Admin->daftarMkRplAdmin()
#6 G:\PROJECT\UNIFA\12-6-23-silajux.unifa.ac.id\vendor\codeigniter4\framework\system\CodeIgniter.php(439): CodeIgniter\CodeIgniter->runController(Object(App\Controllers\Admin))
#7 G:\PROJECT\UNIFA\12-6-23-silajux.unifa.ac.id\vendor\codeigniter4\framework\system\CodeIgniter.php(339): CodeIgniter\CodeIgniter->handleRequest(NULL, Object(Config\Cache), false)
#8 G:\PROJECT\UNIFA\12-6-23-silajux.unifa.ac.id\public\index.php(45): CodeIgniter\CodeIgniter->run()
#9 G:\PROJECT\UNIFA\12-6-23-silajux.unifa.ac.id\vendor\codeigniter4\framework\system\Commands\Server\rewrite.php(45): require_once('G:\\PROJECT\\UNIF...')
#10 {main}
CRITICAL - 2023-07-11 01:27:09 --> Unknown column 'no_peserta' in 'where clause'
#0 G:\PROJECT\UNIFA\12-6-23-silajux.unifa.ac.id\vendor\codeigniter4\framework\system\Database\MySQLi\Connection.php(329): mysqli->query('SELECT *\nFROM `...')
#1 G:\PROJECT\UNIFA\12-6-23-silajux.unifa.ac.id\vendor\codeigniter4\framework\system\Database\BaseConnection.php(732): CodeIgniter\Database\MySQLi\Connection->execute('SELECT *\nFROM `...')
#2 G:\PROJECT\UNIFA\12-6-23-silajux.unifa.ac.id\vendor\codeigniter4\framework\system\Database\BaseConnection.php(647): CodeIgniter\Database\BaseConnection->simpleQuery('SELECT *\nFROM `...')
#3 G:\PROJECT\UNIFA\12-6-23-silajux.unifa.ac.id\vendor\codeigniter4\framework\system\Database\BaseBuilder.php(1881): CodeIgniter\Database\BaseConnection->query('SELECT *\nFROM `...', Array, false)
#4 G:\PROJECT\UNIFA\12-6-23-silajux.unifa.ac.id\vendor\codeigniter4\framework\system\Model.php(197): CodeIgniter\Database\BaseBuilder->get()
#5 G:\PROJECT\UNIFA\12-6-23-silajux.unifa.ac.id\vendor\codeigniter4\framework\system\BaseModel.php(603): CodeIgniter\Model->doFindAll(0, 0)
#6 G:\PROJECT\UNIFA\12-6-23-silajux.unifa.ac.id\app\Controllers\Front.php(1051): CodeIgniter\BaseModel->findAll()
#7 G:\PROJECT\UNIFA\12-6-23-silajux.unifa.ac.id\vendor\codeigniter4\framework\system\CodeIgniter.php(931): App\Controllers\Front->Simpanberkas()
#8 G:\PROJECT\UNIFA\12-6-23-silajux.unifa.ac.id\vendor\codeigniter4\framework\system\CodeIgniter.php(439): CodeIgniter\CodeIgniter->runController(Object(App\Controllers\Front))
#9 G:\PROJECT\UNIFA\12-6-23-silajux.unifa.ac.id\vendor\codeigniter4\framework\system\CodeIgniter.php(339): CodeIgniter\CodeIgniter->handleRequest(NULL, Object(Config\Cache), false)
#10 G:\PROJECT\UNIFA\12-6-23-silajux.unifa.ac.id\public\index.php(45): CodeIgniter\CodeIgniter->run()
#11 G:\PROJECT\UNIFA\12-6-23-silajux.unifa.ac.id\vendor\codeigniter4\framework\system\Commands\Server\rewrite.php(45): require_once('G:\\PROJECT\\UNIF...')
#12 {main}
CRITICAL - 2023-07-11 01:30:58 --> Argument 1 passed to CodeIgniter\Database\MySQLi\Connection::_escapeString() must be of the type string, null given, called in G:\PROJECT\UNIFA\12-6-23-silajux.unifa.ac.id\vendor\codeigniter4\framework\system\Database\BaseConnection.php on line 1429
#0 G:\PROJECT\UNIFA\12-6-23-silajux.unifa.ac.id\vendor\codeigniter4\framework\system\Database\BaseConnection.php(1429): CodeIgniter\Database\MySQLi\Connection->_escapeString(NULL)
#1 G:\PROJECT\UNIFA\12-6-23-silajux.unifa.ac.id\app\Controllers\Front.php(1705): CodeIgniter\Database\BaseConnection->escapeString(NULL)
#2 G:\PROJECT\UNIFA\12-6-23-silajux.unifa.ac.id\vendor\codeigniter4\framework\system\CodeIgniter.php(931): App\Controllers\Front->searchtpasal()
#3 G:\PROJECT\UNIFA\12-6-23-silajux.unifa.ac.id\vendor\codeigniter4\framework\system\CodeIgniter.php(439): CodeIgniter\CodeIgniter->runController(Object(App\Controllers\Front))
#4 G:\PROJECT\UNIFA\12-6-23-silajux.unifa.ac.id\vendor\codeigniter4\framework\system\CodeIgniter.php(339): CodeIgniter\CodeIgniter->handleRequest(NULL, Object(Config\Cache), false)
#5 G:\PROJECT\UNIFA\12-6-23-silajux.unifa.ac.id\public\index.php(45): CodeIgniter\CodeIgniter->run()
#6 G:\PROJECT\UNIFA\12-6-23-silajux.unifa.ac.id\vendor\codeigniter4\framework\system\Commands\Server\rewrite.php(45): require_once('G:\\PROJECT\\UNIF...')
#7 {main}
CRITICAL - 2023-07-11 01:31:23 --> Unknown column 'no_peserta' in 'where clause'
#0 G:\PROJECT\UNIFA\12-6-23-silajux.unifa.ac.id\vendor\codeigniter4\framework\system\Database\MySQLi\Connection.php(329): mysqli->query('select kode_mat...')
#1 G:\PROJECT\UNIFA\12-6-23-silajux.unifa.ac.id\vendor\codeigniter4\framework\system\Database\BaseConnection.php(732): CodeIgniter\Database\MySQLi\Connection->execute('select kode_mat...')
#2 G:\PROJECT\UNIFA\12-6-23-silajux.unifa.ac.id\vendor\codeigniter4\framework\system\Database\BaseConnection.php(647): CodeIgniter\Database\BaseConnection->simpleQuery('select kode_mat...')
#3 G:\PROJECT\UNIFA\12-6-23-silajux.unifa.ac.id\app\Controllers\Front.php(537): CodeIgniter\Database\BaseConnection->query('select kode_mat...')
#4 G:\PROJECT\UNIFA\12-6-23-silajux.unifa.ac.id\app\Controllers\Front.php(455): App\Controllers\Front->validatemka1('20222', '20222-0332', '12313123')
#5 G:\PROJECT\UNIFA\12-6-23-silajux.unifa.ac.id\vendor\codeigniter4\framework\system\CodeIgniter.php(931): App\Controllers\Front->SimpanMatakuliahA1()
#6 G:\PROJECT\UNIFA\12-6-23-silajux.unifa.ac.id\vendor\codeigniter4\framework\system\CodeIgniter.php(439): CodeIgniter\CodeIgniter->runController(Object(App\Controllers\Front))
#7 G:\PROJECT\UNIFA\12-6-23-silajux.unifa.ac.id\vendor\codeigniter4\framework\system\CodeIgniter.php(339): CodeIgniter\CodeIgniter->handleRequest(NULL, Object(Config\Cache), false)
#8 G:\PROJECT\UNIFA\12-6-23-silajux.unifa.ac.id\public\index.php(45): CodeIgniter\CodeIgniter->run()
#9 G:\PROJECT\UNIFA\12-6-23-silajux.unifa.ac.id\vendor\codeigniter4\framework\system\Commands\Server\rewrite.php(45): require_once('G:\\PROJECT\\UNIF...')
#10 {main}
CRITICAL - 2023-07-11 01:32:21 --> Unknown column 'no_peserta' in 'where clause'
#0 G:\PROJECT\UNIFA\12-6-23-silajux.unifa.ac.id\vendor\codeigniter4\framework\system\Database\MySQLi\Connection.php(329): mysqli->query('SELECT *\nFROM `...')
#1 G:\PROJECT\UNIFA\12-6-23-silajux.unifa.ac.id\vendor\codeigniter4\framework\system\Database\BaseConnection.php(732): CodeIgniter\Database\MySQLi\Connection->execute('SELECT *\nFROM `...')
#2 G:\PROJECT\UNIFA\12-6-23-silajux.unifa.ac.id\vendor\codeigniter4\framework\system\Database\BaseConnection.php(647): CodeIgniter\Database\BaseConnection->simpleQuery('SELECT *\nFROM `...')
#3 G:\PROJECT\UNIFA\12-6-23-silajux.unifa.ac.id\vendor\codeigniter4\framework\system\Database\BaseBuilder.php(1881): CodeIgniter\Database\BaseConnection->query('SELECT *\nFROM `...', Array, false)
#4 G:\PROJECT\UNIFA\12-6-23-silajux.unifa.ac.id\vendor\codeigniter4\framework\system\Model.php(197): CodeIgniter\Database\BaseBuilder->get()
#5 G:\PROJECT\UNIFA\12-6-23-silajux.unifa.ac.id\vendor\codeigniter4\framework\system\BaseModel.php(603): CodeIgniter\Model->doFindAll(0, 0)
#6 G:\PROJECT\UNIFA\12-6-23-silajux.unifa.ac.id\app\Controllers\Front.php(458): CodeIgniter\BaseModel->findAll()
#7 G:\PROJECT\UNIFA\12-6-23-silajux.unifa.ac.id\vendor\codeigniter4\framework\system\CodeIgniter.php(931): App\Controllers\Front->SimpanMatakuliahA1()
#8 G:\PROJECT\UNIFA\12-6-23-silajux.unifa.ac.id\vendor\codeigniter4\framework\system\CodeIgniter.php(439): CodeIgniter\CodeIgniter->runController(Object(App\Controllers\Front))
#9 G:\PROJECT\UNIFA\12-6-23-silajux.unifa.ac.id\vendor\codeigniter4\framework\system\CodeIgniter.php(339): CodeIgniter\CodeIgniter->handleRequest(NULL, Object(Config\Cache), false)
#10 G:\PROJECT\UNIFA\12-6-23-silajux.unifa.ac.id\public\index.php(45): CodeIgniter\CodeIgniter->run()
#11 G:\PROJECT\UNIFA\12-6-23-silajux.unifa.ac.id\vendor\codeigniter4\framework\system\Commands\Server\rewrite.php(45): require_once('G:\\PROJECT\\UNIF...')
#12 {main}
CRITICAL - 2023-07-11 01:32:31 --> Unknown column 'no_peserta' in 'where clause'
#0 G:\PROJECT\UNIFA\12-6-23-silajux.unifa.ac.id\vendor\codeigniter4\framework\system\Database\MySQLi\Connection.php(329): mysqli->query('SELECT *\nFROM `...')
#1 G:\PROJECT\UNIFA\12-6-23-silajux.unifa.ac.id\vendor\codeigniter4\framework\system\Database\BaseConnection.php(732): CodeIgniter\Database\MySQLi\Connection->execute('SELECT *\nFROM `...')
#2 G:\PROJECT\UNIFA\12-6-23-silajux.unifa.ac.id\vendor\codeigniter4\framework\system\Database\BaseConnection.php(647): CodeIgniter\Database\BaseConnection->simpleQuery('SELECT *\nFROM `...')
#3 G:\PROJECT\UNIFA\12-6-23-silajux.unifa.ac.id\vendor\codeigniter4\framework\system\Database\BaseBuilder.php(1881): CodeIgniter\Database\BaseConnection->query('SELECT *\nFROM `...', Array, false)
#4 G:\PROJECT\UNIFA\12-6-23-silajux.unifa.ac.id\vendor\codeigniter4\framework\system\Model.php(197): CodeIgniter\Database\BaseBuilder->get()
#5 G:\PROJECT\UNIFA\12-6-23-silajux.unifa.ac.id\vendor\codeigniter4\framework\system\BaseModel.php(603): CodeIgniter\Model->doFindAll(0, 0)
#6 G:\PROJECT\UNIFA\12-6-23-silajux.unifa.ac.id\app\Controllers\Front.php(458): CodeIgniter\BaseModel->findAll()
#7 G:\PROJECT\UNIFA\12-6-23-silajux.unifa.ac.id\vendor\codeigniter4\framework\system\CodeIgniter.php(931): App\Controllers\Front->SimpanMatakuliahA1()
#8 G:\PROJECT\UNIFA\12-6-23-silajux.unifa.ac.id\vendor\codeigniter4\framework\system\CodeIgniter.php(439): CodeIgniter\CodeIgniter->runController(Object(App\Controllers\Front))
#9 G:\PROJECT\UNIFA\12-6-23-silajux.unifa.ac.id\vendor\codeigniter4\framework\system\CodeIgniter.php(339): CodeIgniter\CodeIgniter->handleRequest(NULL, Object(Config\Cache), false)
#10 G:\PROJECT\UNIFA\12-6-23-silajux.unifa.ac.id\public\index.php(45): CodeIgniter\CodeIgniter->run()
#11 G:\PROJECT\UNIFA\12-6-23-silajux.unifa.ac.id\vendor\codeigniter4\framework\system\Commands\Server\rewrite.php(45): require_once('G:\\PROJECT\\UNIF...')
#12 {main}
CRITICAL - 2023-07-11 01:33:27 --> Argument 1 passed to CodeIgniter\Database\MySQLi\Connection::_escapeString() must be of the type string, null given, called in G:\PROJECT\UNIFA\12-6-23-silajux.unifa.ac.id\vendor\codeigniter4\framework\system\Database\BaseConnection.php on line 1429
#0 G:\PROJECT\UNIFA\12-6-23-silajux.unifa.ac.id\vendor\codeigniter4\framework\system\Database\BaseConnection.php(1429): CodeIgniter\Database\MySQLi\Connection->_escapeString(NULL)
#1 G:\PROJECT\UNIFA\12-6-23-silajux.unifa.ac.id\app\Controllers\Front.php(1705): CodeIgniter\Database\BaseConnection->escapeString(NULL)
#2 G:\PROJECT\UNIFA\12-6-23-silajux.unifa.ac.id\vendor\codeigniter4\framework\system\CodeIgniter.php(931): App\Controllers\Front->searchtpasal()
#3 G:\PROJECT\UNIFA\12-6-23-silajux.unifa.ac.id\vendor\codeigniter4\framework\system\CodeIgniter.php(439): CodeIgniter\CodeIgniter->runController(Object(App\Controllers\Front))
#4 G:\PROJECT\UNIFA\12-6-23-silajux.unifa.ac.id\vendor\codeigniter4\framework\system\CodeIgniter.php(339): CodeIgniter\CodeIgniter->handleRequest(NULL, Object(Config\Cache), false)
#5 G:\PROJECT\UNIFA\12-6-23-silajux.unifa.ac.id\public\index.php(45): CodeIgniter\CodeIgniter->run()
#6 G:\PROJECT\UNIFA\12-6-23-silajux.unifa.ac.id\vendor\codeigniter4\framework\system\Commands\Server\rewrite.php(45): require_once('G:\\PROJECT\\UNIF...')
#7 {main}
CRITICAL - 2023-07-11 01:34:20 --> Argument 1 passed to CodeIgniter\Database\MySQLi\Connection::_escapeString() must be of the type string, null given, called in G:\PROJECT\UNIFA\12-6-23-silajux.unifa.ac.id\vendor\codeigniter4\framework\system\Database\BaseConnection.php on line 1429
#0 G:\PROJECT\UNIFA\12-6-23-silajux.unifa.ac.id\vendor\codeigniter4\framework\system\Database\BaseConnection.php(1429): CodeIgniter\Database\MySQLi\Connection->_escapeString(NULL)
#1 G:\PROJECT\UNIFA\12-6-23-silajux.unifa.ac.id\app\Controllers\Front.php(1705): CodeIgniter\Database\BaseConnection->escapeString(NULL)
#2 G:\PROJECT\UNIFA\12-6-23-silajux.unifa.ac.id\vendor\codeigniter4\framework\system\CodeIgniter.php(931): App\Controllers\Front->searchtpasal()
#3 G:\PROJECT\UNIFA\12-6-23-silajux.unifa.ac.id\vendor\codeigniter4\framework\system\CodeIgniter.php(439): CodeIgniter\CodeIgniter->runController(Object(App\Controllers\Front))
#4 G:\PROJECT\UNIFA\12-6-23-silajux.unifa.ac.id\vendor\codeigniter4\framework\system\CodeIgniter.php(339): CodeIgniter\CodeIgniter->handleRequest(NULL, Object(Config\Cache), false)
#5 G:\PROJECT\UNIFA\12-6-23-silajux.unifa.ac.id\public\index.php(45): CodeIgniter\CodeIgniter->run()
#6 G:\PROJECT\UNIFA\12-6-23-silajux.unifa.ac.id\vendor\codeigniter4\framework\system\Commands\Server\rewrite.php(45): require_once('G:\\PROJECT\\UNIF...')
#7 {main}
CRITICAL - 2023-07-11 01:34:36 --> Argument 1 passed to CodeIgniter\Database\MySQLi\Connection::_escapeString() must be of the type string, null given, called in G:\PROJECT\UNIFA\12-6-23-silajux.unifa.ac.id\vendor\codeigniter4\framework\system\Database\BaseConnection.php on line 1429
#0 G:\PROJECT\UNIFA\12-6-23-silajux.unifa.ac.id\vendor\codeigniter4\framework\system\Database\BaseConnection.php(1429): CodeIgniter\Database\MySQLi\Connection->_escapeString(NULL)
#1 G:\PROJECT\UNIFA\12-6-23-silajux.unifa.ac.id\app\Controllers\Front.php(1705): CodeIgniter\Database\BaseConnection->escapeString(NULL)
#2 G:\PROJECT\UNIFA\12-6-23-silajux.unifa.ac.id\vendor\codeigniter4\framework\system\CodeIgniter.php(931): App\Controllers\Front->searchtpasal()
#3 G:\PROJECT\UNIFA\12-6-23-silajux.unifa.ac.id\vendor\codeigniter4\framework\system\CodeIgniter.php(439): CodeIgniter\CodeIgniter->runController(Object(App\Controllers\Front))
#4 G:\PROJECT\UNIFA\12-6-23-silajux.unifa.ac.id\vendor\codeigniter4\framework\system\CodeIgniter.php(339): CodeIgniter\CodeIgniter->handleRequest(NULL, Object(Config\Cache), false)
#5 G:\PROJECT\UNIFA\12-6-23-silajux.unifa.ac.id\public\index.php(45): CodeIgniter\CodeIgniter->run()
#6 G:\PROJECT\UNIFA\12-6-23-silajux.unifa.ac.id\vendor\codeigniter4\framework\system\Commands\Server\rewrite.php(45): require_once('G:\\PROJECT\\UNIF...')
#7 {main}
CRITICAL - 2023-07-11 01:35:04 --> Argument 1 passed to CodeIgniter\Database\MySQLi\Connection::_escapeString() must be of the type string, null given, called in G:\PROJECT\UNIFA\12-6-23-silajux.unifa.ac.id\vendor\codeigniter4\framework\system\Database\BaseConnection.php on line 1429
#0 G:\PROJECT\UNIFA\12-6-23-silajux.unifa.ac.id\vendor\codeigniter4\framework\system\Database\BaseConnection.php(1429): CodeIgniter\Database\MySQLi\Connection->_escapeString(NULL)
#1 G:\PROJECT\UNIFA\12-6-23-silajux.unifa.ac.id\app\Controllers\Front.php(1705): CodeIgniter\Database\BaseConnection->escapeString(NULL)
#2 G:\PROJECT\UNIFA\12-6-23-silajux.unifa.ac.id\vendor\codeigniter4\framework\system\CodeIgniter.php(931): App\Controllers\Front->searchtpasal()
#3 G:\PROJECT\UNIFA\12-6-23-silajux.unifa.ac.id\vendor\codeigniter4\framework\system\CodeIgniter.php(439): CodeIgniter\CodeIgniter->runController(Object(App\Controllers\Front))
#4 G:\PROJECT\UNIFA\12-6-23-silajux.unifa.ac.id\vendor\codeigniter4\framework\system\CodeIgniter.php(339): CodeIgniter\CodeIgniter->handleRequest(NULL, Object(Config\Cache), false)
#5 G:\PROJECT\UNIFA\12-6-23-silajux.unifa.ac.id\public\index.php(45): CodeIgniter\CodeIgniter->run()
#6 G:\PROJECT\UNIFA\12-6-23-silajux.unifa.ac.id\vendor\codeigniter4\framework\system\Commands\Server\rewrite.php(45): require_once('G:\\PROJECT\\UNIF...')
#7 {main}
CRITICAL - 2023-07-11 01:35:12 --> Unknown column 'no_peserta' in 'where clause'
#0 G:\PROJECT\UNIFA\12-6-23-silajux.unifa.ac.id\vendor\codeigniter4\framework\system\Database\MySQLi\Connection.php(329): mysqli->query('SELECT *\nFROM `...')
#1 G:\PROJECT\UNIFA\12-6-23-silajux.unifa.ac.id\vendor\codeigniter4\framework\system\Database\BaseConnection.php(732): CodeIgniter\Database\MySQLi\Connection->execute('SELECT *\nFROM `...')
#2 G:\PROJECT\UNIFA\12-6-23-silajux.unifa.ac.id\vendor\codeigniter4\framework\system\Database\BaseConnection.php(647): CodeIgniter\Database\BaseConnection->simpleQuery('SELECT *\nFROM `...')
#3 G:\PROJECT\UNIFA\12-6-23-silajux.unifa.ac.id\vendor\codeigniter4\framework\system\Database\BaseBuilder.php(1881): CodeIgniter\Database\BaseConnection->query('SELECT *\nFROM `...', Array, false)
#4 G:\PROJECT\UNIFA\12-6-23-silajux.unifa.ac.id\vendor\codeigniter4\framework\system\Model.php(197): CodeIgniter\Database\BaseBuilder->get()
#5 G:\PROJECT\UNIFA\12-6-23-silajux.unifa.ac.id\vendor\codeigniter4\framework\system\BaseModel.php(603): CodeIgniter\Model->doFindAll(0, 0)
#6 G:\PROJECT\UNIFA\12-6-23-silajux.unifa.ac.id\app\Controllers\Front.php(579): CodeIgniter\BaseModel->findAll()
#7 G:\PROJECT\UNIFA\12-6-23-silajux.unifa.ac.id\vendor\codeigniter4\framework\system\CodeIgniter.php(931): App\Controllers\Front->HapusMatakuliahA1()
#8 G:\PROJECT\UNIFA\12-6-23-silajux.unifa.ac.id\vendor\codeigniter4\framework\system\CodeIgniter.php(439): CodeIgniter\CodeIgniter->runController(Object(App\Controllers\Front))
#9 G:\PROJECT\UNIFA\12-6-23-silajux.unifa.ac.id\vendor\codeigniter4\framework\system\CodeIgniter.php(339): CodeIgniter\CodeIgniter->handleRequest(NULL, Object(Config\Cache), false)
#10 G:\PROJECT\UNIFA\12-6-23-silajux.unifa.ac.id\public\index.php(45): CodeIgniter\CodeIgniter->run()
#11 G:\PROJECT\UNIFA\12-6-23-silajux.unifa.ac.id\vendor\codeigniter4\framework\system\Commands\Server\rewrite.php(45): require_once('G:\\PROJECT\\UNIF...')
#12 {main}
CRITICAL - 2023-07-11 01:50:07 --> Argument 1 passed to CodeIgniter\Database\MySQLi\Connection::_escapeString() must be of the type string, null given, called in G:\PROJECT\UNIFA\12-6-23-silajux.unifa.ac.id\vendor\codeigniter4\framework\system\Database\BaseConnection.php on line 1429
#0 G:\PROJECT\UNIFA\12-6-23-silajux.unifa.ac.id\vendor\codeigniter4\framework\system\Database\BaseConnection.php(1429): CodeIgniter\Database\MySQLi\Connection->_escapeString(NULL)
#1 G:\PROJECT\UNIFA\12-6-23-silajux.unifa.ac.id\app\Controllers\Front.php(573): CodeIgniter\Database\BaseConnection->escapeString(NULL)
#2 G:\PROJECT\UNIFA\12-6-23-silajux.unifa.ac.id\vendor\codeigniter4\framework\system\CodeIgniter.php(931): App\Controllers\Front->HapusMatakuliahA1()
#3 G:\PROJECT\UNIFA\12-6-23-silajux.unifa.ac.id\vendor\codeigniter4\framework\system\CodeIgniter.php(439): CodeIgniter\CodeIgniter->runController(Object(App\Controllers\Front))
#4 G:\PROJECT\UNIFA\12-6-23-silajux.unifa.ac.id\vendor\codeigniter4\framework\system\CodeIgniter.php(339): CodeIgniter\CodeIgniter->handleRequest(NULL, Object(Config\Cache), false)
#5 G:\PROJECT\UNIFA\12-6-23-silajux.unifa.ac.id\public\index.php(45): CodeIgniter\CodeIgniter->run()
#6 G:\PROJECT\UNIFA\12-6-23-silajux.unifa.ac.id\vendor\codeigniter4\framework\system\Commands\Server\rewrite.php(45): require_once('G:\\PROJECT\\UNIF...')
#7 {main}
CRITICAL - 2023-07-11 01:50:12 --> Argument 1 passed to CodeIgniter\Database\MySQLi\Connection::_escapeString() must be of the type string, null given, called in G:\PROJECT\UNIFA\12-6-23-silajux.unifa.ac.id\vendor\codeigniter4\framework\system\Database\BaseConnection.php on line 1429
#0 G:\PROJECT\UNIFA\12-6-23-silajux.unifa.ac.id\vendor\codeigniter4\framework\system\Database\BaseConnection.php(1429): CodeIgniter\Database\MySQLi\Connection->_escapeString(NULL)
#1 G:\PROJECT\UNIFA\12-6-23-silajux.unifa.ac.id\app\Controllers\Front.php(573): CodeIgniter\Database\BaseConnection->escapeString(NULL)
#2 G:\PROJECT\UNIFA\12-6-23-silajux.unifa.ac.id\vendor\codeigniter4\framework\system\CodeIgniter.php(931): App\Controllers\Front->HapusMatakuliahA1()
#3 G:\PROJECT\UNIFA\12-6-23-silajux.unifa.ac.id\vendor\codeigniter4\framework\system\CodeIgniter.php(439): CodeIgniter\CodeIgniter->runController(Object(App\Controllers\Front))
#4 G:\PROJECT\UNIFA\12-6-23-silajux.unifa.ac.id\vendor\codeigniter4\framework\system\CodeIgniter.php(339): CodeIgniter\CodeIgniter->handleRequest(NULL, Object(Config\Cache), false)
#5 G:\PROJECT\UNIFA\12-6-23-silajux.unifa.ac.id\public\index.php(45): CodeIgniter\CodeIgniter->run()
#6 G:\PROJECT\UNIFA\12-6-23-silajux.unifa.ac.id\vendor\codeigniter4\framework\system\Commands\Server\rewrite.php(45): require_once('G:\\PROJECT\\UNIF...')
#7 {main}
CRITICAL - 2023-07-11 01:51:58 --> Unknown column 'no_peserta' in 'field list'
#0 G:\PROJECT\UNIFA\12-6-23-silajux.unifa.ac.id\vendor\codeigniter4\framework\system\Database\MySQLi\Connection.php(329): mysqli->query('(select no_pese...')
#1 G:\PROJECT\UNIFA\12-6-23-silajux.unifa.ac.id\vendor\codeigniter4\framework\system\Database\BaseConnection.php(732): CodeIgniter\Database\MySQLi\Connection->execute('(select no_pese...')
#2 G:\PROJECT\UNIFA\12-6-23-silajux.unifa.ac.id\vendor\codeigniter4\framework\system\Database\BaseConnection.php(647): CodeIgniter\Database\BaseConnection->simpleQuery('(select no_pese...')
#3 G:\PROJECT\UNIFA\12-6-23-silajux.unifa.ac.id\app\Controllers\Front.php(1005): CodeIgniter\Database\BaseConnection->query('(select no_pese...')
#4 G:\PROJECT\UNIFA\12-6-23-silajux.unifa.ac.id\vendor\codeigniter4\framework\system\CodeIgniter.php(931): App\Controllers\Front->deleteDokumen()
#5 G:\PROJECT\UNIFA\12-6-23-silajux.unifa.ac.id\vendor\codeigniter4\framework\system\CodeIgniter.php(439): CodeIgniter\CodeIgniter->runController(Object(App\Controllers\Front))
#6 G:\PROJECT\UNIFA\12-6-23-silajux.unifa.ac.id\vendor\codeigniter4\framework\system\CodeIgniter.php(339): CodeIgniter\CodeIgniter->handleRequest(NULL, Object(Config\Cache), false)
#7 G:\PROJECT\UNIFA\12-6-23-silajux.unifa.ac.id\public\index.php(45): CodeIgniter\CodeIgniter->run()
#8 G:\PROJECT\UNIFA\12-6-23-silajux.unifa.ac.id\vendor\codeigniter4\framework\system\Commands\Server\rewrite.php(45): require_once('G:\\PROJECT\\UNIF...')
#9 {main}
CRITICAL - 2023-07-11 01:52:24 --> Unknown column 'no_peserta' in 'field list'
#0 G:\PROJECT\UNIFA\12-6-23-silajux.unifa.ac.id\vendor\codeigniter4\framework\system\Database\MySQLi\Connection.php(329): mysqli->query('(select no_pese...')
#1 G:\PROJECT\UNIFA\12-6-23-silajux.unifa.ac.id\vendor\codeigniter4\framework\system\Database\BaseConnection.php(732): CodeIgniter\Database\MySQLi\Connection->execute('(select no_pese...')
#2 G:\PROJECT\UNIFA\12-6-23-silajux.unifa.ac.id\vendor\codeigniter4\framework\system\Database\BaseConnection.php(647): CodeIgniter\Database\BaseConnection->simpleQuery('(select no_pese...')
#3 G:\PROJECT\UNIFA\12-6-23-silajux.unifa.ac.id\app\Controllers\Front.php(1005): CodeIgniter\Database\BaseConnection->query('(select no_pese...')
#4 G:\PROJECT\UNIFA\12-6-23-silajux.unifa.ac.id\vendor\codeigniter4\framework\system\CodeIgniter.php(931): App\Controllers\Front->deleteDokumen()
#5 G:\PROJECT\UNIFA\12-6-23-silajux.unifa.ac.id\vendor\codeigniter4\framework\system\CodeIgniter.php(439): CodeIgniter\CodeIgniter->runController(Object(App\Controllers\Front))
#6 G:\PROJECT\UNIFA\12-6-23-silajux.unifa.ac.id\vendor\codeigniter4\framework\system\CodeIgniter.php(339): CodeIgniter\CodeIgniter->handleRequest(NULL, Object(Config\Cache), false)
#7 G:\PROJECT\UNIFA\12-6-23-silajux.unifa.ac.id\public\index.php(45): CodeIgniter\CodeIgniter->run()
#8 G:\PROJECT\UNIFA\12-6-23-silajux.unifa.ac.id\vendor\codeigniter4\framework\system\Commands\Server\rewrite.php(45): require_once('G:\\PROJECT\\UNIF...')
#9 {main}
CRITICAL - 2023-07-11 01:53:24 --> Unknown column 'no_peserta' in 'field list'
#0 G:\PROJECT\UNIFA\12-6-23-silajux.unifa.ac.id\vendor\codeigniter4\framework\system\Database\MySQLi\Connection.php(329): mysqli->query('(select no_pese...')
#1 G:\PROJECT\UNIFA\12-6-23-silajux.unifa.ac.id\vendor\codeigniter4\framework\system\Database\BaseConnection.php(732): CodeIgniter\Database\MySQLi\Connection->execute('(select no_pese...')
#2 G:\PROJECT\UNIFA\12-6-23-silajux.unifa.ac.id\vendor\codeigniter4\framework\system\Database\BaseConnection.php(647): CodeIgniter\Database\BaseConnection->simpleQuery('(select no_pese...')
#3 G:\PROJECT\UNIFA\12-6-23-silajux.unifa.ac.id\app\Controllers\Front.php(1005): CodeIgniter\Database\BaseConnection->query('(select no_pese...')
#4 G:\PROJECT\UNIFA\12-6-23-silajux.unifa.ac.id\vendor\codeigniter4\framework\system\CodeIgniter.php(931): App\Controllers\Front->deleteDokumen()
#5 G:\PROJECT\UNIFA\12-6-23-silajux.unifa.ac.id\vendor\codeigniter4\framework\system\CodeIgniter.php(439): CodeIgniter\CodeIgniter->runController(Object(App\Controllers\Front))
#6 G:\PROJECT\UNIFA\12-6-23-silajux.unifa.ac.id\vendor\codeigniter4\framework\system\CodeIgniter.php(339): CodeIgniter\CodeIgniter->handleRequest(NULL, Object(Config\Cache), false)
#7 G:\PROJECT\UNIFA\12-6-23-silajux.unifa.ac.id\public\index.php(45): CodeIgniter\CodeIgniter->run()
#8 G:\PROJECT\UNIFA\12-6-23-silajux.unifa.ac.id\vendor\codeigniter4\framework\system\Commands\Server\rewrite.php(45): require_once('G:\\PROJECT\\UNIF...')
#9 {main}
CRITICAL - 2023-07-11 01:54:52 --> Unknown column 'no_peserta' in 'field list'
#0 G:\PROJECT\UNIFA\12-6-23-silajux.unifa.ac.id\vendor\codeigniter4\framework\system\Database\MySQLi\Connection.php(329): mysqli->query('(select no_pese...')
#1 G:\PROJECT\UNIFA\12-6-23-silajux.unifa.ac.id\vendor\codeigniter4\framework\system\Database\BaseConnection.php(732): CodeIgniter\Database\MySQLi\Connection->execute('(select no_pese...')
#2 G:\PROJECT\UNIFA\12-6-23-silajux.unifa.ac.id\vendor\codeigniter4\framework\system\Database\BaseConnection.php(647): CodeIgniter\Database\BaseConnection->simpleQuery('(select no_pese...')
#3 G:\PROJECT\UNIFA\12-6-23-silajux.unifa.ac.id\app\Controllers\Front.php(1005): CodeIgniter\Database\BaseConnection->query('(select no_pese...')
#4 G:\PROJECT\UNIFA\12-6-23-silajux.unifa.ac.id\vendor\codeigniter4\framework\system\CodeIgniter.php(931): App\Controllers\Front->deleteDokumen()
#5 G:\PROJECT\UNIFA\12-6-23-silajux.unifa.ac.id\vendor\codeigniter4\framework\system\CodeIgniter.php(439): CodeIgniter\CodeIgniter->runController(Object(App\Controllers\Front))
#6 G:\PROJECT\UNIFA\12-6-23-silajux.unifa.ac.id\vendor\codeigniter4\framework\system\CodeIgniter.php(339): CodeIgniter\CodeIgniter->handleRequest(NULL, Object(Config\Cache), false)
#7 G:\PROJECT\UNIFA\12-6-23-silajux.unifa.ac.id\public\index.php(45): CodeIgniter\CodeIgniter->run()
#8 G:\PROJECT\UNIFA\12-6-23-silajux.unifa.ac.id\vendor\codeigniter4\framework\system\Commands\Server\rewrite.php(45): require_once('G:\\PROJECT\\UNIF...')
#9 {main}
CRITICAL - 2023-07-11 01:58:32 --> Argument 1 passed to CodeIgniter\Database\MySQLi\Connection::_escapeString() must be of the type string, null given, called in G:\PROJECT\UNIFA\12-6-23-silajux.unifa.ac.id\vendor\codeigniter4\framework\system\Database\BaseConnection.php on line 1429
#0 G:\PROJECT\UNIFA\12-6-23-silajux.unifa.ac.id\vendor\codeigniter4\framework\system\Database\BaseConnection.php(1429): CodeIgniter\Database\MySQLi\Connection->_escapeString(NULL)
#1 G:\PROJECT\UNIFA\12-6-23-silajux.unifa.ac.id\app\Controllers\Front.php(1705): CodeIgniter\Database\BaseConnection->escapeString(NULL)
#2 G:\PROJECT\UNIFA\12-6-23-silajux.unifa.ac.id\vendor\codeigniter4\framework\system\CodeIgniter.php(931): App\Controllers\Front->searchtpasal()
#3 G:\PROJECT\UNIFA\12-6-23-silajux.unifa.ac.id\vendor\codeigniter4\framework\system\CodeIgniter.php(439): CodeIgniter\CodeIgniter->runController(Object(App\Controllers\Front))
#4 G:\PROJECT\UNIFA\12-6-23-silajux.unifa.ac.id\vendor\codeigniter4\framework\system\CodeIgniter.php(339): CodeIgniter\CodeIgniter->handleRequest(NULL, Object(Config\Cache), false)
#5 G:\PROJECT\UNIFA\12-6-23-silajux.unifa.ac.id\public\index.php(45): CodeIgniter\CodeIgniter->run()
#6 G:\PROJECT\UNIFA\12-6-23-silajux.unifa.ac.id\vendor\codeigniter4\framework\system\Commands\Server\rewrite.php(45): require_once('G:\\PROJECT\\UNIF...')
#7 {main}
CRITICAL - 2023-07-11 01:59:01 --> Argument 1 passed to CodeIgniter\Database\MySQLi\Connection::_escapeString() must be of the type string, null given, called in G:\PROJECT\UNIFA\12-6-23-silajux.unifa.ac.id\vendor\codeigniter4\framework\system\Database\BaseConnection.php on line 1429
#0 G:\PROJECT\UNIFA\12-6-23-silajux.unifa.ac.id\vendor\codeigniter4\framework\system\Database\BaseConnection.php(1429): CodeIgniter\Database\MySQLi\Connection->_escapeString(NULL)
#1 G:\PROJECT\UNIFA\12-6-23-silajux.unifa.ac.id\app\Controllers\Front.php(1705): CodeIgniter\Database\BaseConnection->escapeString(NULL)
#2 G:\PROJECT\UNIFA\12-6-23-silajux.unifa.ac.id\vendor\codeigniter4\framework\system\CodeIgniter.php(931): App\Controllers\Front->searchtpasal()
#3 G:\PROJECT\UNIFA\12-6-23-silajux.unifa.ac.id\vendor\codeigniter4\framework\system\CodeIgniter.php(439): CodeIgniter\CodeIgniter->runController(Object(App\Controllers\Front))
#4 G:\PROJECT\UNIFA\12-6-23-silajux.unifa.ac.id\vendor\codeigniter4\framework\system\CodeIgniter.php(339): CodeIgniter\CodeIgniter->handleRequest(NULL, Object(Config\Cache), false)
#5 G:\PROJECT\UNIFA\12-6-23-silajux.unifa.ac.id\public\index.php(45): CodeIgniter\CodeIgniter->run()
#6 G:\PROJECT\UNIFA\12-6-23-silajux.unifa.ac.id\vendor\codeigniter4\framework\system\Commands\Server\rewrite.php(45): require_once('G:\\PROJECT\\UNIF...')
#7 {main}
CRITICAL - 2023-07-11 10:05:15 --> Argument 1 passed to CodeIgniter\Database\MySQLi\Connection::_escapeString() must be of the type string, null given, called in G:\PROJECT\UNIFA\12-6-23-silajux.unifa.ac.id\vendor\codeigniter4\framework\system\Database\BaseConnection.php on line 1429
#0 G:\PROJECT\UNIFA\12-6-23-silajux.unifa.ac.id\vendor\codeigniter4\framework\system\Database\BaseConnection.php(1429): CodeIgniter\Database\MySQLi\Connection->_escapeString(NULL)
#1 G:\PROJECT\UNIFA\12-6-23-silajux.unifa.ac.id\app\Controllers\Admin.php(1296): CodeIgniter\Database\BaseConnection->escapeString(NULL)
#2 G:\PROJECT\UNIFA\12-6-23-silajux.unifa.ac.id\vendor\codeigniter4\framework\system\CodeIgniter.php(931): App\Controllers\Admin->getcpmkAdmin()
#3 G:\PROJECT\UNIFA\12-6-23-silajux.unifa.ac.id\vendor\codeigniter4\framework\system\CodeIgniter.php(439): CodeIgniter\CodeIgniter->runController(Object(App\Controllers\Admin))
#4 G:\PROJECT\UNIFA\12-6-23-silajux.unifa.ac.id\vendor\codeigniter4\framework\system\CodeIgniter.php(339): CodeIgniter\CodeIgniter->handleRequest(NULL, Object(Config\Cache), false)
#5 G:\PROJECT\UNIFA\12-6-23-silajux.unifa.ac.id\public\index.php(45): CodeIgniter\CodeIgniter->run()
#6 G:\PROJECT\UNIFA\12-6-23-silajux.unifa.ac.id\vendor\codeigniter4\framework\system\Commands\Server\rewrite.php(45): require_once('G:\\PROJECT\\UNIF...')
#7 {main}
CRITICAL - 2023-07-11 10:05:28 --> Argument 1 passed to CodeIgniter\Database\MySQLi\Connection::_escapeString() must be of the type string, null given, called in G:\PROJECT\UNIFA\12-6-23-silajux.unifa.ac.id\vendor\codeigniter4\framework\system\Database\BaseConnection.php on line 1429
#0 G:\PROJECT\UNIFA\12-6-23-silajux.unifa.ac.id\vendor\codeigniter4\framework\system\Database\BaseConnection.php(1429): CodeIgniter\Database\MySQLi\Connection->_escapeString(NULL)
#1 G:\PROJECT\UNIFA\12-6-23-silajux.unifa.ac.id\app\Controllers\Admin.php(1296): CodeIgniter\Database\BaseConnection->escapeString(NULL)
#2 G:\PROJECT\UNIFA\12-6-23-silajux.unifa.ac.id\vendor\codeigniter4\framework\system\CodeIgniter.php(931): App\Controllers\Admin->getcpmkAdmin()
#3 G:\PROJECT\UNIFA\12-6-23-silajux.unifa.ac.id\vendor\codeigniter4\framework\system\CodeIgniter.php(439): CodeIgniter\CodeIgniter->runController(Object(App\Controllers\Admin))
#4 G:\PROJECT\UNIFA\12-6-23-silajux.unifa.ac.id\vendor\codeigniter4\framework\system\CodeIgniter.php(339): CodeIgniter\CodeIgniter->handleRequest(NULL, Object(Config\Cache), false)
#5 G:\PROJECT\UNIFA\12-6-23-silajux.unifa.ac.id\public\index.php(45): CodeIgniter\CodeIgniter->run()
#6 G:\PROJECT\UNIFA\12-6-23-silajux.unifa.ac.id\vendor\codeigniter4\framework\system\Commands\Server\rewrite.php(45): require_once('G:\\PROJECT\\UNIF...')
#7 {main}
CRITICAL - 2023-07-11 10:06:28 --> Undefined variable: kode_prodi
#0 G:\PROJECT\UNIFA\12-6-23-silajux.unifa.ac.id\app\Controllers\Admin.php(1306): CodeIgniter\Debug\Exceptions->errorHandler(8, 'Undefined varia...', 'G:\\PROJECT\\UNIF...', 1306, Array)
#1 G:\PROJECT\UNIFA\12-6-23-silajux.unifa.ac.id\vendor\codeigniter4\framework\system\CodeIgniter.php(931): App\Controllers\Admin->getcpmkAdmin()
#2 G:\PROJECT\UNIFA\12-6-23-silajux.unifa.ac.id\vendor\codeigniter4\framework\system\CodeIgniter.php(439): CodeIgniter\CodeIgniter->runController(Object(App\Controllers\Admin))
#3 G:\PROJECT\UNIFA\12-6-23-silajux.unifa.ac.id\vendor\codeigniter4\framework\system\CodeIgniter.php(339): CodeIgniter\CodeIgniter->handleRequest(NULL, Object(Config\Cache), false)
#4 G:\PROJECT\UNIFA\12-6-23-silajux.unifa.ac.id\public\index.php(45): CodeIgniter\CodeIgniter->run()
#5 G:\PROJECT\UNIFA\12-6-23-silajux.unifa.ac.id\vendor\codeigniter4\framework\system\Commands\Server\rewrite.php(45): require_once('G:\\PROJECT\\UNIF...')
#6 {main}
CRITICAL - 2023-07-11 10:25:51 --> Invalid argument supplied for foreach()
#0 G:\PROJECT\UNIFA\12-6-23-silajux.unifa.ac.id\app\Views\Admin\rpl-input-cpmk-admin.php(288): CodeIgniter\Debug\Exceptions->errorHandler(2, 'Invalid argumen...', 'G:\\PROJECT\\UNIF...', 288, Array)
#1 G:\PROJECT\UNIFA\12-6-23-silajux.unifa.ac.id\vendor\codeigniter4\framework\system\View\View.php(230): include('G:\\PROJECT\\UNIF...')
#2 G:\PROJECT\UNIFA\12-6-23-silajux.unifa.ac.id\vendor\codeigniter4\framework\system\View\View.php(232): CodeIgniter\View\View->CodeIgniter\View\{closure}()
#3 G:\PROJECT\UNIFA\12-6-23-silajux.unifa.ac.id\vendor\codeigniter4\framework\system\Common.php(1250): CodeIgniter\View\View->render('Admin/rpl-input...', Array, true)
#4 G:\PROJECT\UNIFA\12-6-23-silajux.unifa.ac.id\app\Controllers\Admin.php(1187): view('Admin/rpl-input...', Array)
#5 G:\PROJECT\UNIFA\12-6-23-silajux.unifa.ac.id\vendor\codeigniter4\framework\system\CodeIgniter.php(931): App\Controllers\Admin->inputcpmk()
#6 G:\PROJECT\UNIFA\12-6-23-silajux.unifa.ac.id\vendor\codeigniter4\framework\system\CodeIgniter.php(439): CodeIgniter\CodeIgniter->runController(Object(App\Controllers\Admin))
#7 G:\PROJECT\UNIFA\12-6-23-silajux.unifa.ac.id\vendor\codeigniter4\framework\system\CodeIgniter.php(339): CodeIgniter\CodeIgniter->handleRequest(NULL, Object(Config\Cache), false)
#8 G:\PROJECT\UNIFA\12-6-23-silajux.unifa.ac.id\public\index.php(45): CodeIgniter\CodeIgniter->run()
#9 G:\PROJECT\UNIFA\12-6-23-silajux.unifa.ac.id\vendor\codeigniter4\framework\system\Commands\Server\rewrite.php(45): require_once('G:\\PROJECT\\UNIF...')
#10 {main}
CRITICAL - 2023-07-11 10:27:41 --> Invalid argument supplied for foreach()
#0 G:\PROJECT\UNIFA\12-6-23-silajux.unifa.ac.id\app\Views\Admin\rpl-input-cpmk-admin.php(288): CodeIgniter\Debug\Exceptions->errorHandler(2, 'Invalid argumen...', 'G:\\PROJECT\\UNIF...', 288, Array)
#1 G:\PROJECT\UNIFA\12-6-23-silajux.unifa.ac.id\vendor\codeigniter4\framework\system\View\View.php(230): include('G:\\PROJECT\\UNIF...')
#2 G:\PROJECT\UNIFA\12-6-23-silajux.unifa.ac.id\vendor\codeigniter4\framework\system\View\View.php(232): CodeIgniter\View\View->CodeIgniter\View\{closure}()
#3 G:\PROJECT\UNIFA\12-6-23-silajux.unifa.ac.id\vendor\codeigniter4\framework\system\Common.php(1250): CodeIgniter\View\View->render('Admin/rpl-input...', Array, true)
#4 G:\PROJECT\UNIFA\12-6-23-silajux.unifa.ac.id\app\Controllers\Admin.php(1187): view('Admin/rpl-input...', Array)
#5 G:\PROJECT\UNIFA\12-6-23-silajux.unifa.ac.id\vendor\codeigniter4\framework\system\CodeIgniter.php(931): App\Controllers\Admin->inputcpmk()
#6 G:\PROJECT\UNIFA\12-6-23-silajux.unifa.ac.id\vendor\codeigniter4\framework\system\CodeIgniter.php(439): CodeIgniter\CodeIgniter->runController(Object(App\Controllers\Admin))
#7 G:\PROJECT\UNIFA\12-6-23-silajux.unifa.ac.id\vendor\codeigniter4\framework\system\CodeIgniter.php(339): CodeIgniter\CodeIgniter->handleRequest(NULL, Object(Config\Cache), false)
#8 G:\PROJECT\UNIFA\12-6-23-silajux.unifa.ac.id\public\index.php(45): CodeIgniter\CodeIgniter->run()
#9 G:\PROJECT\UNIFA\12-6-23-silajux.unifa.ac.id\vendor\codeigniter4\framework\system\Commands\Server\rewrite.php(45): require_once('G:\\PROJECT\\UNIF...')
#10 {main}
CRITICAL - 2023-07-11 10:28:56 --> Invalid argument supplied for foreach()
#0 G:\PROJECT\UNIFA\12-6-23-silajux.unifa.ac.id\app\Views\Admin\rpl-input-cpmk-admin.php(256): CodeIgniter\Debug\Exceptions->errorHandler(2, 'Invalid argumen...', 'G:\\PROJECT\\UNIF...', 256, Array)
#1 G:\PROJECT\UNIFA\12-6-23-silajux.unifa.ac.id\vendor\codeigniter4\framework\system\View\View.php(230): include('G:\\PROJECT\\UNIF...')
#2 G:\PROJECT\UNIFA\12-6-23-silajux.unifa.ac.id\vendor\codeigniter4\framework\system\View\View.php(232): CodeIgniter\View\View->CodeIgniter\View\{closure}()
#3 G:\PROJECT\UNIFA\12-6-23-silajux.unifa.ac.id\vendor\codeigniter4\framework\system\Common.php(1250): CodeIgniter\View\View->render('Admin/rpl-input...', Array, true)
#4 G:\PROJECT\UNIFA\12-6-23-silajux.unifa.ac.id\app\Controllers\Admin.php(1187): view('Admin/rpl-input...', Array)
#5 G:\PROJECT\UNIFA\12-6-23-silajux.unifa.ac.id\vendor\codeigniter4\framework\system\CodeIgniter.php(931): App\Controllers\Admin->inputcpmk()
#6 G:\PROJECT\UNIFA\12-6-23-silajux.unifa.ac.id\vendor\codeigniter4\framework\system\CodeIgniter.php(439): CodeIgniter\CodeIgniter->runController(Object(App\Controllers\Admin))
#7 G:\PROJECT\UNIFA\12-6-23-silajux.unifa.ac.id\vendor\codeigniter4\framework\system\CodeIgniter.php(339): CodeIgniter\CodeIgniter->handleRequest(NULL, Object(Config\Cache), false)
#8 G:\PROJECT\UNIFA\12-6-23-silajux.unifa.ac.id\public\index.php(45): CodeIgniter\CodeIgniter->run()
#9 G:\PROJECT\UNIFA\12-6-23-silajux.unifa.ac.id\vendor\codeigniter4\framework\system\Commands\Server\rewrite.php(45): require_once('G:\\PROJECT\\UNIF...')
#10 {main}
CRITICAL - 2023-07-11 10:34:38 --> Trying to get property 'kode_matakuliah' of non-object
#0 G:\PROJECT\UNIFA\12-6-23-silajux.unifa.ac.id\app\Views\Admin\rpl-input-cpmk-admin.php(260): CodeIgniter\Debug\Exceptions->errorHandler(8, 'Trying to get p...', 'G:\\PROJECT\\UNIF...', 260, Array)
#1 G:\PROJECT\UNIFA\12-6-23-silajux.unifa.ac.id\vendor\codeigniter4\framework\system\View\View.php(230): include('G:\\PROJECT\\UNIF...')
#2 G:\PROJECT\UNIFA\12-6-23-silajux.unifa.ac.id\vendor\codeigniter4\framework\system\View\View.php(232): CodeIgniter\View\View->CodeIgniter\View\{closure}()
#3 G:\PROJECT\UNIFA\12-6-23-silajux.unifa.ac.id\vendor\codeigniter4\framework\system\Common.php(1250): CodeIgniter\View\View->render('Admin/rpl-input...', Array, true)
#4 G:\PROJECT\UNIFA\12-6-23-silajux.unifa.ac.id\app\Controllers\Admin.php(1187): view('Admin/rpl-input...', Array)
#5 G:\PROJECT\UNIFA\12-6-23-silajux.unifa.ac.id\vendor\codeigniter4\framework\system\CodeIgniter.php(931): App\Controllers\Admin->inputcpmk()
#6 G:\PROJECT\UNIFA\12-6-23-silajux.unifa.ac.id\vendor\codeigniter4\framework\system\CodeIgniter.php(439): CodeIgniter\CodeIgniter->runController(Object(App\Controllers\Admin))
#7 G:\PROJECT\UNIFA\12-6-23-silajux.unifa.ac.id\vendor\codeigniter4\framework\system\CodeIgniter.php(339): CodeIgniter\CodeIgniter->handleRequest(NULL, Object(Config\Cache), false)
#8 G:\PROJECT\UNIFA\12-6-23-silajux.unifa.ac.id\public\index.php(45): CodeIgniter\CodeIgniter->run()
#9 G:\PROJECT\UNIFA\12-6-23-silajux.unifa.ac.id\vendor\codeigniter4\framework\system\Commands\Server\rewrite.php(45): require_once('G:\\PROJECT\\UNIF...')
#10 {main}
CRITICAL - 2023-07-11 11:06:26 --> Argument 1 passed to CodeIgniter\Database\MySQLi\Connection::_escapeString() must be of the type string, null given, called in G:\PROJECT\UNIFA\12-6-23-silajux.unifa.ac.id\vendor\codeigniter4\framework\system\Database\BaseConnection.php on line 1429
#0 G:\PROJECT\UNIFA\12-6-23-silajux.unifa.ac.id\vendor\codeigniter4\framework\system\Database\BaseConnection.php(1429): CodeIgniter\Database\MySQLi\Connection->_escapeString(NULL)
#1 G:\PROJECT\UNIFA\12-6-23-silajux.unifa.ac.id\app\Controllers\Admin.php(1342): CodeIgniter\Database\BaseConnection->escapeString(NULL)
#2 G:\PROJECT\UNIFA\12-6-23-silajux.unifa.ac.id\vendor\codeigniter4\framework\system\CodeIgniter.php(931): App\Controllers\Admin->simpanCpmk()
#3 G:\PROJECT\UNIFA\12-6-23-silajux.unifa.ac.id\vendor\codeigniter4\framework\system\CodeIgniter.php(439): CodeIgniter\CodeIgniter->runController(Object(App\Controllers\Admin))
#4 G:\PROJECT\UNIFA\12-6-23-silajux.unifa.ac.id\vendor\codeigniter4\framework\system\CodeIgniter.php(339): CodeIgniter\CodeIgniter->handleRequest(NULL, Object(Config\Cache), false)
#5 G:\PROJECT\UNIFA\12-6-23-silajux.unifa.ac.id\public\index.php(45): CodeIgniter\CodeIgniter->run()
#6 G:\PROJECT\UNIFA\12-6-23-silajux.unifa.ac.id\vendor\codeigniter4\framework\system\Commands\Server\rewrite.php(45): require_once('G:\\PROJECT\\UNIF...')
#7 {main}
CRITICAL - 2023-07-11 12:19:58 --> Unknown column 'prodi.nama_prodi' in 'field list'
#0 G:\PROJECT\UNIFA\12-6-23-silajux.unifa.ac.id\vendor\codeigniter4\framework\system\Database\MySQLi\Connection.php(329): mysqli->query('select matakuli...')
#1 G:\PROJECT\UNIFA\12-6-23-silajux.unifa.ac.id\vendor\codeigniter4\framework\system\Database\BaseConnection.php(732): CodeIgniter\Database\MySQLi\Connection->execute('select matakuli...')
#2 G:\PROJECT\UNIFA\12-6-23-silajux.unifa.ac.id\vendor\codeigniter4\framework\system\Database\BaseConnection.php(647): CodeIgniter\Database\BaseConnection->simpleQuery('select matakuli...')
#3 G:\PROJECT\UNIFA\12-6-23-silajux.unifa.ac.id\app\Models\ModelMatakuliah.php(55): CodeIgniter\Database\BaseConnection->query('select matakuli...')
#4 G:\PROJECT\UNIFA\12-6-23-silajux.unifa.ac.id\app\Controllers\Admin.php(1248): App\Models\ModelMatakuliah->getMatakuliahAdmin()
#5 G:\PROJECT\UNIFA\12-6-23-silajux.unifa.ac.id\vendor\codeigniter4\framework\system\CodeIgniter.php(931): App\Controllers\Admin->inputmk_admin()
#6 G:\PROJECT\UNIFA\12-6-23-silajux.unifa.ac.id\vendor\codeigniter4\framework\system\CodeIgniter.php(439): CodeIgniter\CodeIgniter->runController(Object(App\Controllers\Admin))
#7 G:\PROJECT\UNIFA\12-6-23-silajux.unifa.ac.id\vendor\codeigniter4\framework\system\CodeIgniter.php(339): CodeIgniter\CodeIgniter->handleRequest(NULL, Object(Config\Cache), false)
#8 G:\PROJECT\UNIFA\12-6-23-silajux.unifa.ac.id\public\index.php(45): CodeIgniter\CodeIgniter->run()
#9 G:\PROJECT\UNIFA\12-6-23-silajux.unifa.ac.id\vendor\codeigniter4\framework\system\Commands\Server\rewrite.php(45): require_once('G:\\PROJECT\\UNIF...')
#10 {main}
CRITICAL - 2023-07-11 12:22:45 --> Undefined index: no_registrasi
#0 G:\PROJECT\UNIFA\12-6-23-silajux.unifa.ac.id\app\Views\Admin\rpl-data-reg-mhs.php(73): CodeIgniter\Debug\Exceptions->errorHandler(8, 'Undefined index...', 'G:\\PROJECT\\UNIF...', 73, Array)
#1 G:\PROJECT\UNIFA\12-6-23-silajux.unifa.ac.id\vendor\codeigniter4\framework\system\View\View.php(230): include('G:\\PROJECT\\UNIF...')
#2 G:\PROJECT\UNIFA\12-6-23-silajux.unifa.ac.id\vendor\codeigniter4\framework\system\View\View.php(232): CodeIgniter\View\View->CodeIgniter\View\{closure}()
#3 G:\PROJECT\UNIFA\12-6-23-silajux.unifa.ac.id\vendor\codeigniter4\framework\system\Common.php(1250): CodeIgniter\View\View->render('Admin/rpl-data-...', Array, true)
#4 G:\PROJECT\UNIFA\12-6-23-silajux.unifa.ac.id\app\Controllers\Admin.php(296): view('Admin/rpl-data-...', Array)
#5 G:\PROJECT\UNIFA\12-6-23-silajux.unifa.ac.id\vendor\codeigniter4\framework\system\CodeIgniter.php(931): App\Controllers\Admin->resetpassmhs()
#6 G:\PROJECT\UNIFA\12-6-23-silajux.unifa.ac.id\vendor\codeigniter4\framework\system\CodeIgniter.php(439): CodeIgniter\CodeIgniter->runController(Object(App\Controllers\Admin))
#7 G:\PROJECT\UNIFA\12-6-23-silajux.unifa.ac.id\vendor\codeigniter4\framework\system\CodeIgniter.php(339): CodeIgniter\CodeIgniter->handleRequest(NULL, Object(Config\Cache), false)
#8 G:\PROJECT\UNIFA\12-6-23-silajux.unifa.ac.id\public\index.php(45): CodeIgniter\CodeIgniter->run()
#9 G:\PROJECT\UNIFA\12-6-23-silajux.unifa.ac.id\vendor\codeigniter4\framework\system\Commands\Server\rewrite.php(45): require_once('G:\\PROJECT\\UNIF...')
#10 {main}
CRITICAL - 2023-07-11 12:22:54 --> Undefined index: no_registrasi
#0 G:\PROJECT\UNIFA\12-6-23-silajux.unifa.ac.id\app\Views\Admin\rpl-data-reg-mhs.php(73): CodeIgniter\Debug\Exceptions->errorHandler(8, 'Undefined index...', 'G:\\PROJECT\\UNIF...', 73, Array)
#1 G:\PROJECT\UNIFA\12-6-23-silajux.unifa.ac.id\vendor\codeigniter4\framework\system\View\View.php(230): include('G:\\PROJECT\\UNIF...')
#2 G:\PROJECT\UNIFA\12-6-23-silajux.unifa.ac.id\vendor\codeigniter4\framework\system\View\View.php(232): CodeIgniter\View\View->CodeIgniter\View\{closure}()
#3 G:\PROJECT\UNIFA\12-6-23-silajux.unifa.ac.id\vendor\codeigniter4\framework\system\Common.php(1250): CodeIgniter\View\View->render('Admin/rpl-data-...', Array, true)
#4 G:\PROJECT\UNIFA\12-6-23-silajux.unifa.ac.id\app\Controllers\Admin.php(296): view('Admin/rpl-data-...', Array)
#5 G:\PROJECT\UNIFA\12-6-23-silajux.unifa.ac.id\vendor\codeigniter4\framework\system\CodeIgniter.php(931): App\Controllers\Admin->resetpassmhs()
#6 G:\PROJECT\UNIFA\12-6-23-silajux.unifa.ac.id\vendor\codeigniter4\framework\system\CodeIgniter.php(439): CodeIgniter\CodeIgniter->runController(Object(App\Controllers\Admin))
#7 G:\PROJECT\UNIFA\12-6-23-silajux.unifa.ac.id\vendor\codeigniter4\framework\system\CodeIgniter.php(339): CodeIgniter\CodeIgniter->handleRequest(NULL, Object(Config\Cache), false)
#8 G:\PROJECT\UNIFA\12-6-23-silajux.unifa.ac.id\public\index.php(45): CodeIgniter\CodeIgniter->run()
#9 G:\PROJECT\UNIFA\12-6-23-silajux.unifa.ac.id\vendor\codeigniter4\framework\system\Commands\Server\rewrite.php(45): require_once('G:\\PROJECT\\UNIF...')
#10 {main}
CRITICAL - 2023-07-11 12:32:52 --> Unknown column 'prodi.nama_prodi' in 'field list'
#0 G:\PROJECT\UNIFA\12-6-23-silajux.unifa.ac.id\vendor\codeigniter4\framework\system\Database\MySQLi\Connection.php(329): mysqli->query('select matakuli...')
#1 G:\PROJECT\UNIFA\12-6-23-silajux.unifa.ac.id\vendor\codeigniter4\framework\system\Database\BaseConnection.php(732): CodeIgniter\Database\MySQLi\Connection->execute('select matakuli...')
#2 G:\PROJECT\UNIFA\12-6-23-silajux.unifa.ac.id\vendor\codeigniter4\framework\system\Database\BaseConnection.php(647): CodeIgniter\Database\BaseConnection->simpleQuery('select matakuli...')
#3 G:\PROJECT\UNIFA\12-6-23-silajux.unifa.ac.id\app\Models\ModelMatakuliah.php(55): CodeIgniter\Database\BaseConnection->query('select matakuli...')
#4 G:\PROJECT\UNIFA\12-6-23-silajux.unifa.ac.id\app\Controllers\Admin.php(1248): App\Models\ModelMatakuliah->getMatakuliahAdmin()
#5 G:\PROJECT\UNIFA\12-6-23-silajux.unifa.ac.id\vendor\codeigniter4\framework\system\CodeIgniter.php(931): App\Controllers\Admin->inputmk_admin()
#6 G:\PROJECT\UNIFA\12-6-23-silajux.unifa.ac.id\vendor\codeigniter4\framework\system\CodeIgniter.php(439): CodeIgniter\CodeIgniter->runController(Object(App\Controllers\Admin))
#7 G:\PROJECT\UNIFA\12-6-23-silajux.unifa.ac.id\vendor\codeigniter4\framework\system\CodeIgniter.php(339): CodeIgniter\CodeIgniter->handleRequest(NULL, Object(Config\Cache), false)
#8 G:\PROJECT\UNIFA\12-6-23-silajux.unifa.ac.id\public\index.php(45): CodeIgniter\CodeIgniter->run()
#9 G:\PROJECT\UNIFA\12-6-23-silajux.unifa.ac.id\vendor\codeigniter4\framework\system\Commands\Server\rewrite.php(45): require_once('G:\\PROJECT\\UNIF...')
#10 {main}
CRITICAL - 2023-07-11 12:37:59 --> Unknown column 'prodi.nama_prodi' in 'field list'
#0 G:\PROJECT\UNIFA\12-6-23-silajux.unifa.ac.id\vendor\codeigniter4\framework\system\Database\MySQLi\Connection.php(329): mysqli->query('select matakuli...')
#1 G:\PROJECT\UNIFA\12-6-23-silajux.unifa.ac.id\vendor\codeigniter4\framework\system\Database\BaseConnection.php(732): CodeIgniter\Database\MySQLi\Connection->execute('select matakuli...')
#2 G:\PROJECT\UNIFA\12-6-23-silajux.unifa.ac.id\vendor\codeigniter4\framework\system\Database\BaseConnection.php(647): CodeIgniter\Database\BaseConnection->simpleQuery('select matakuli...')
#3 G:\PROJECT\UNIFA\12-6-23-silajux.unifa.ac.id\app\Models\ModelMatakuliah.php(55): CodeIgniter\Database\BaseConnection->query('select matakuli...')
#4 G:\PROJECT\UNIFA\12-6-23-silajux.unifa.ac.id\app\Controllers\Admin.php(1248): App\Models\ModelMatakuliah->getMatakuliahAdmin()
#5 G:\PROJECT\UNIFA\12-6-23-silajux.unifa.ac.id\vendor\codeigniter4\framework\system\CodeIgniter.php(931): App\Controllers\Admin->inputmk_admin()
#6 G:\PROJECT\UNIFA\12-6-23-silajux.unifa.ac.id\vendor\codeigniter4\framework\system\CodeIgniter.php(439): CodeIgniter\CodeIgniter->runController(Object(App\Controllers\Admin))
#7 G:\PROJECT\UNIFA\12-6-23-silajux.unifa.ac.id\vendor\codeigniter4\framework\system\CodeIgniter.php(339): CodeIgniter\CodeIgniter->handleRequest(NULL, Object(Config\Cache), false)
#8 G:\PROJECT\UNIFA\12-6-23-silajux.unifa.ac.id\public\index.php(45): CodeIgniter\CodeIgniter->run()
#9 G:\PROJECT\UNIFA\12-6-23-silajux.unifa.ac.id\vendor\codeigniter4\framework\system\Commands\Server\rewrite.php(45): require_once('G:\\PROJECT\\UNIF...')
#10 {main}
CRITICAL - 2023-07-11 12:38:34 --> Undefined property: stdClass::$nama_prodi
#0 G:\PROJECT\UNIFA\12-6-23-silajux.unifa.ac.id\app\Views\Admin\rpl-input-matakuliah-admin.php(416): CodeIgniter\Debug\Exceptions->errorHandler(8, 'Undefined prope...', 'G:\\PROJECT\\UNIF...', 416, Array)
#1 G:\PROJECT\UNIFA\12-6-23-silajux.unifa.ac.id\vendor\codeigniter4\framework\system\View\View.php(230): include('G:\\PROJECT\\UNIF...')
#2 G:\PROJECT\UNIFA\12-6-23-silajux.unifa.ac.id\vendor\codeigniter4\framework\system\View\View.php(232): CodeIgniter\View\View->CodeIgniter\View\{closure}()
#3 G:\PROJECT\UNIFA\12-6-23-silajux.unifa.ac.id\vendor\codeigniter4\framework\system\Common.php(1250): CodeIgniter\View\View->render('Admin/rpl-input...', Array, true)
#4 G:\PROJECT\UNIFA\12-6-23-silajux.unifa.ac.id\app\Controllers\Admin.php(1262): view('Admin/rpl-input...', Array)
#5 G:\PROJECT\UNIFA\12-6-23-silajux.unifa.ac.id\vendor\codeigniter4\framework\system\CodeIgniter.php(931): App\Controllers\Admin->inputmk_admin()
#6 G:\PROJECT\UNIFA\12-6-23-silajux.unifa.ac.id\vendor\codeigniter4\framework\system\CodeIgniter.php(439): CodeIgniter\CodeIgniter->runController(Object(App\Controllers\Admin))
#7 G:\PROJECT\UNIFA\12-6-23-silajux.unifa.ac.id\vendor\codeigniter4\framework\system\CodeIgniter.php(339): CodeIgniter\CodeIgniter->handleRequest(NULL, Object(Config\Cache), false)
#8 G:\PROJECT\UNIFA\12-6-23-silajux.unifa.ac.id\public\index.php(45): CodeIgniter\CodeIgniter->run()
#9 G:\PROJECT\UNIFA\12-6-23-silajux.unifa.ac.id\vendor\codeigniter4\framework\system\Commands\Server\rewrite.php(45): require_once('G:\\PROJECT\\UNIF...')
#10 {main}
CRITICAL - 2023-07-11 12:49:16 --> Argument 1 passed to CodeIgniter\Database\MySQLi\Connection::_escapeString() must be of the type string, null given, called in G:\PROJECT\UNIFA\12-6-23-silajux.unifa.ac.id\vendor\codeigniter4\framework\system\Database\BaseConnection.php on line 1429
#0 G:\PROJECT\UNIFA\12-6-23-silajux.unifa.ac.id\vendor\codeigniter4\framework\system\Database\BaseConnection.php(1429): CodeIgniter\Database\MySQLi\Connection->_escapeString(NULL)
#1 G:\PROJECT\UNIFA\12-6-23-silajux.unifa.ac.id\app\Controllers\Admin.php(1494): CodeIgniter\Database\BaseConnection->escapeString(NULL)
#2 G:\PROJECT\UNIFA\12-6-23-silajux.unifa.ac.id\vendor\codeigniter4\framework\system\CodeIgniter.php(931): App\Controllers\Admin->hapusMk()
#3 G:\PROJECT\UNIFA\12-6-23-silajux.unifa.ac.id\vendor\codeigniter4\framework\system\CodeIgniter.php(439): CodeIgniter\CodeIgniter->runController(Object(App\Controllers\Admin))
#4 G:\PROJECT\UNIFA\12-6-23-silajux.unifa.ac.id\vendor\codeigniter4\framework\system\CodeIgniter.php(339): CodeIgniter\CodeIgniter->handleRequest(NULL, Object(Config\Cache), false)
#5 G:\PROJECT\UNIFA\12-6-23-silajux.unifa.ac.id\public\index.php(45): CodeIgniter\CodeIgniter->run()
#6 G:\PROJECT\UNIFA\12-6-23-silajux.unifa.ac.id\vendor\codeigniter4\framework\system\Commands\Server\rewrite.php(45): require_once('G:\\PROJECT\\UNIF...')
#7 {main}
CRITICAL - 2023-07-11 12:49:22 --> Argument 1 passed to CodeIgniter\Database\MySQLi\Connection::_escapeString() must be of the type string, null given, called in G:\PROJECT\UNIFA\12-6-23-silajux.unifa.ac.id\vendor\codeigniter4\framework\system\Database\BaseConnection.php on line 1429
#0 G:\PROJECT\UNIFA\12-6-23-silajux.unifa.ac.id\vendor\codeigniter4\framework\system\Database\BaseConnection.php(1429): CodeIgniter\Database\MySQLi\Connection->_escapeString(NULL)
#1 G:\PROJECT\UNIFA\12-6-23-silajux.unifa.ac.id\app\Controllers\Admin.php(1494): CodeIgniter\Database\BaseConnection->escapeString(NULL)
#2 G:\PROJECT\UNIFA\12-6-23-silajux.unifa.ac.id\vendor\codeigniter4\framework\system\CodeIgniter.php(931): App\Controllers\Admin->hapusMk()
#3 G:\PROJECT\UNIFA\12-6-23-silajux.unifa.ac.id\vendor\codeigniter4\framework\system\CodeIgniter.php(439): CodeIgniter\CodeIgniter->runController(Object(App\Controllers\Admin))
#4 G:\PROJECT\UNIFA\12-6-23-silajux.unifa.ac.id\vendor\codeigniter4\framework\system\CodeIgniter.php(339): CodeIgniter\CodeIgniter->handleRequest(NULL, Object(Config\Cache), false)
#5 G:\PROJECT\UNIFA\12-6-23-silajux.unifa.ac.id\public\index.php(45): CodeIgniter\CodeIgniter->run()
#6 G:\PROJECT\UNIFA\12-6-23-silajux.unifa.ac.id\vendor\codeigniter4\framework\system\Commands\Server\rewrite.php(45): require_once('G:\\PROJECT\\UNIF...')
#7 {main}
CRITICAL - 2023-07-11 12:52:34 --> Undefined index: no_registrasi
#0 G:\PROJECT\UNIFA\12-6-23-silajux.unifa.ac.id\app\Views\Admin\rpl-data-reg-mhs.php(73): CodeIgniter\Debug\Exceptions->errorHandler(8, 'Undefined index...', 'G:\\PROJECT\\UNIF...', 73, Array)
#1 G:\PROJECT\UNIFA\12-6-23-silajux.unifa.ac.id\vendor\codeigniter4\framework\system\View\View.php(230): include('G:\\PROJECT\\UNIF...')
#2 G:\PROJECT\UNIFA\12-6-23-silajux.unifa.ac.id\vendor\codeigniter4\framework\system\View\View.php(232): CodeIgniter\View\View->CodeIgniter\View\{closure}()
#3 G:\PROJECT\UNIFA\12-6-23-silajux.unifa.ac.id\vendor\codeigniter4\framework\system\Common.php(1250): CodeIgniter\View\View->render('Admin/rpl-data-...', Array, true)
#4 G:\PROJECT\UNIFA\12-6-23-silajux.unifa.ac.id\app\Controllers\Admin.php(296): view('Admin/rpl-data-...', Array)
#5 G:\PROJECT\UNIFA\12-6-23-silajux.unifa.ac.id\vendor\codeigniter4\framework\system\CodeIgniter.php(931): App\Controllers\Admin->resetpassmhs()
#6 G:\PROJECT\UNIFA\12-6-23-silajux.unifa.ac.id\vendor\codeigniter4\framework\system\CodeIgniter.php(439): CodeIgniter\CodeIgniter->runController(Object(App\Controllers\Admin))
#7 G:\PROJECT\UNIFA\12-6-23-silajux.unifa.ac.id\vendor\codeigniter4\framework\system\CodeIgniter.php(339): CodeIgniter\CodeIgniter->handleRequest(NULL, Object(Config\Cache), false)
#8 G:\PROJECT\UNIFA\12-6-23-silajux.unifa.ac.id\public\index.php(45): CodeIgniter\CodeIgniter->run()
#9 G:\PROJECT\UNIFA\12-6-23-silajux.unifa.ac.id\vendor\codeigniter4\framework\system\Commands\Server\rewrite.php(45): require_once('G:\\PROJECT\\UNIF...')
#10 {main}
CRITICAL - 2023-07-11 13:04:14 --> Table 'rpl.uf.reg_peserta' doesn't exist
#0 G:\PROJECT\UNIFA\12-6-23-silajux.unifa.ac.id\vendor\codeigniter4\framework\system\Database\MySQLi\Connection.php(329): mysqli->query('SELECT\n        ...')
#1 G:\PROJECT\UNIFA\12-6-23-silajux.unifa.ac.id\vendor\codeigniter4\framework\system\Database\BaseConnection.php(732): CodeIgniter\Database\MySQLi\Connection->execute('SELECT\n        ...')
#2 G:\PROJECT\UNIFA\12-6-23-silajux.unifa.ac.id\vendor\codeigniter4\framework\system\Database\BaseConnection.php(647): CodeIgniter\Database\BaseConnection->simpleQuery('SELECT\n        ...')
#3 G:\PROJECT\UNIFA\12-6-23-silajux.unifa.ac.id\app\Models\ModelKeu.php(101): CodeIgniter\Database\BaseConnection->query('SELECT\n        ...')
#4 G:\PROJECT\UNIFA\12-6-23-silajux.unifa.ac.id\app\Controllers\Admin.php(500): App\Models\ModelKeu->getDataLulus('20222')
#5 G:\PROJECT\UNIFA\12-6-23-silajux.unifa.ac.id\vendor\codeigniter4\framework\system\CodeIgniter.php(931): App\Controllers\Admin->dataKeuangan()
#6 G:\PROJECT\UNIFA\12-6-23-silajux.unifa.ac.id\vendor\codeigniter4\framework\system\CodeIgniter.php(439): CodeIgniter\CodeIgniter->runController(Object(App\Controllers\Admin))
#7 G:\PROJECT\UNIFA\12-6-23-silajux.unifa.ac.id\vendor\codeigniter4\framework\system\CodeIgniter.php(339): CodeIgniter\CodeIgniter->handleRequest(NULL, Object(Config\Cache), false)
#8 G:\PROJECT\UNIFA\12-6-23-silajux.unifa.ac.id\public\index.php(45): CodeIgniter\CodeIgniter->run()
#9 G:\PROJECT\UNIFA\12-6-23-silajux.unifa.ac.id\vendor\codeigniter4\framework\system\Commands\Server\rewrite.php(45): require_once('G:\\PROJECT\\UNIF...')
#10 {main}
CRITICAL - 2023-07-11 13:06:18 --> Undefined property: stdClass::$no_registrasi
#0 G:\PROJECT\UNIFA\12-6-23-silajux.unifa.ac.id\app\Views\Admin\rpl-data-keuangan.php(119): CodeIgniter\Debug\Exceptions->errorHandler(8, 'Undefined prope...', 'G:\\PROJECT\\UNIF...', 119, Array)
#1 G:\PROJECT\UNIFA\12-6-23-silajux.unifa.ac.id\vendor\codeigniter4\framework\system\View\View.php(230): include('G:\\PROJECT\\UNIF...')
#2 G:\PROJECT\UNIFA\12-6-23-silajux.unifa.ac.id\vendor\codeigniter4\framework\system\View\View.php(232): CodeIgniter\View\View->CodeIgniter\View\{closure}()
#3 G:\PROJECT\UNIFA\12-6-23-silajux.unifa.ac.id\vendor\codeigniter4\framework\system\Common.php(1250): CodeIgniter\View\View->render('Admin/rpl-data-...', Array, true)
#4 G:\PROJECT\UNIFA\12-6-23-silajux.unifa.ac.id\app\Controllers\Admin.php(513): view('Admin/rpl-data-...', Array)
#5 G:\PROJECT\UNIFA\12-6-23-silajux.unifa.ac.id\vendor\codeigniter4\framework\system\CodeIgniter.php(931): App\Controllers\Admin->dataKeuangan()
#6 G:\PROJECT\UNIFA\12-6-23-silajux.unifa.ac.id\vendor\codeigniter4\framework\system\CodeIgniter.php(439): CodeIgniter\CodeIgniter->runController(Object(App\Controllers\Admin))
#7 G:\PROJECT\UNIFA\12-6-23-silajux.unifa.ac.id\vendor\codeigniter4\framework\system\CodeIgniter.php(339): CodeIgniter\CodeIgniter->handleRequest(NULL, Object(Config\Cache), false)
#8 G:\PROJECT\UNIFA\12-6-23-silajux.unifa.ac.id\public\index.php(45): CodeIgniter\CodeIgniter->run()
#9 G:\PROJECT\UNIFA\12-6-23-silajux.unifa.ac.id\vendor\codeigniter4\framework\system\Commands\Server\rewrite.php(45): require_once('G:\\PROJECT\\UNIF...')
#10 {main}
