CRITICAL - 2023-02-22 10:09:12 --> Argument 1 passed to CodeIgniter\Database\MySQLi\Connection::_escapeString() must be of the type string, null given, called in /www/wwwroot/silaju.unifa.ac.id/vendor/codeigniter4/framework/system/Database/BaseConnection.php on line 1429
#0 /www/wwwroot/silaju.unifa.ac.id/vendor/codeigniter4/framework/system/Database/BaseConnection.php(1429): CodeIgniter\Database\MySQLi\Connection->_escapeString()
#1 /www/wwwroot/silaju.unifa.ac.id/app/Controllers/Admin.php(795): CodeIgniter\Database\BaseConnection->escapeString()
#2 /www/wwwroot/silaju.unifa.ac.id/vendor/codeigniter4/framework/system/CodeIgniter.php(931): App\Controllers\Admin->getdatamahsiswaBelumPunyaAsessor()
#3 /www/wwwroot/silaju.unifa.ac.id/vendor/codeigniter4/framework/system/CodeIgniter.php(439): CodeIgniter\CodeIgniter->runController()
#4 /www/wwwroot/silaju.unifa.ac.id/vendor/codeigniter4/framework/system/CodeIgniter.php(339): CodeIgniter\CodeIgniter->handleRequest()
#5 /www/wwwroot/silaju.unifa.ac.id/public/index.php(45): CodeIgniter\CodeIgniter->run()
#6 {main}
CRITICAL - 2023-02-22 10:09:20 --> Argument 1 passed to CodeIgniter\Database\MySQLi\Connection::_escapeString() must be of the type string, null given, called in /www/wwwroot/silaju.unifa.ac.id/vendor/codeigniter4/framework/system/Database/BaseConnection.php on line 1429
#0 /www/wwwroot/silaju.unifa.ac.id/vendor/codeigniter4/framework/system/Database/BaseConnection.php(1429): CodeIgniter\Database\MySQLi\Connection->_escapeString()
#1 /www/wwwroot/silaju.unifa.ac.id/app/Controllers/Admin.php(795): CodeIgniter\Database\BaseConnection->escapeString()
#2 /www/wwwroot/silaju.unifa.ac.id/vendor/codeigniter4/framework/system/CodeIgniter.php(931): App\Controllers\Admin->getdatamahsiswaBelumPunyaAsessor()
#3 /www/wwwroot/silaju.unifa.ac.id/vendor/codeigniter4/framework/system/CodeIgniter.php(439): CodeIgniter\CodeIgniter->runController()
#4 /www/wwwroot/silaju.unifa.ac.id/vendor/codeigniter4/framework/system/CodeIgniter.php(339): CodeIgniter\CodeIgniter->handleRequest()
#5 /www/wwwroot/silaju.unifa.ac.id/public/index.php(45): CodeIgniter\CodeIgniter->run()
#6 {main}
CRITICAL - 2023-02-22 10:09:28 --> Argument 1 passed to CodeIgniter\Database\MySQLi\Connection::_escapeString() must be of the type string, null given, called in /www/wwwroot/silaju.unifa.ac.id/vendor/codeigniter4/framework/system/Database/BaseConnection.php on line 1429
#0 /www/wwwroot/silaju.unifa.ac.id/vendor/codeigniter4/framework/system/Database/BaseConnection.php(1429): CodeIgniter\Database\MySQLi\Connection->_escapeString()
#1 /www/wwwroot/silaju.unifa.ac.id/app/Controllers/Admin.php(795): CodeIgniter\Database\BaseConnection->escapeString()
#2 /www/wwwroot/silaju.unifa.ac.id/vendor/codeigniter4/framework/system/CodeIgniter.php(931): App\Controllers\Admin->getdatamahsiswaBelumPunyaAsessor()
#3 /www/wwwroot/silaju.unifa.ac.id/vendor/codeigniter4/framework/system/CodeIgniter.php(439): CodeIgniter\CodeIgniter->runController()
#4 /www/wwwroot/silaju.unifa.ac.id/vendor/codeigniter4/framework/system/CodeIgniter.php(339): CodeIgniter\CodeIgniter->handleRequest()
#5 /www/wwwroot/silaju.unifa.ac.id/public/index.php(45): CodeIgniter\CodeIgniter->run()
#6 {main}
CRITICAL - 2023-02-22 10:15:15 --> Argument 1 passed to CodeIgniter\Database\MySQLi\Connection::_escapeString() must be of the type string, null given, called in /www/wwwroot/silaju.unifa.ac.id/vendor/codeigniter4/framework/system/Database/BaseConnection.php on line 1429
#0 /www/wwwroot/silaju.unifa.ac.id/vendor/codeigniter4/framework/system/Database/BaseConnection.php(1429): CodeIgniter\Database\MySQLi\Connection->_escapeString()
#1 /www/wwwroot/silaju.unifa.ac.id/app/Controllers/Admin.php(795): CodeIgniter\Database\BaseConnection->escapeString()
#2 /www/wwwroot/silaju.unifa.ac.id/vendor/codeigniter4/framework/system/CodeIgniter.php(931): App\Controllers\Admin->getdatamahsiswaBelumPunyaAsessor()
#3 /www/wwwroot/silaju.unifa.ac.id/vendor/codeigniter4/framework/system/CodeIgniter.php(439): CodeIgniter\CodeIgniter->runController()
#4 /www/wwwroot/silaju.unifa.ac.id/vendor/codeigniter4/framework/system/CodeIgniter.php(339): CodeIgniter\CodeIgniter->handleRequest()
#5 /www/wwwroot/silaju.unifa.ac.id/public/index.php(45): CodeIgniter\CodeIgniter->run()
#6 {main}
CRITICAL - 2023-02-22 10:21:19 --> Argument 1 passed to CodeIgniter\Database\MySQLi\Connection::_escapeString() must be of the type string, null given, called in /www/wwwroot/silaju.unifa.ac.id/vendor/codeigniter4/framework/system/Database/BaseConnection.php on line 1429
#0 /www/wwwroot/silaju.unifa.ac.id/vendor/codeigniter4/framework/system/Database/BaseConnection.php(1429): CodeIgniter\Database\MySQLi\Connection->_escapeString()
#1 /www/wwwroot/silaju.unifa.ac.id/app/Controllers/Admin.php(795): CodeIgniter\Database\BaseConnection->escapeString()
#2 /www/wwwroot/silaju.unifa.ac.id/vendor/codeigniter4/framework/system/CodeIgniter.php(931): App\Controllers\Admin->getdatamahsiswaBelumPunyaAsessor()
#3 /www/wwwroot/silaju.unifa.ac.id/vendor/codeigniter4/framework/system/CodeIgniter.php(439): CodeIgniter\CodeIgniter->runController()
#4 /www/wwwroot/silaju.unifa.ac.id/vendor/codeigniter4/framework/system/CodeIgniter.php(339): CodeIgniter\CodeIgniter->handleRequest()
#5 /www/wwwroot/silaju.unifa.ac.id/public/index.php(45): CodeIgniter\CodeIgniter->run()
#6 {main}
CRITICAL - 2023-02-22 10:24:44 --> Argument 1 passed to CodeIgniter\Database\MySQLi\Connection::_escapeString() must be of the type string, null given, called in /www/wwwroot/silaju.unifa.ac.id/vendor/codeigniter4/framework/system/Database/BaseConnection.php on line 1429
#0 /www/wwwroot/silaju.unifa.ac.id/vendor/codeigniter4/framework/system/Database/BaseConnection.php(1429): CodeIgniter\Database\MySQLi\Connection->_escapeString()
#1 /www/wwwroot/silaju.unifa.ac.id/app/Controllers/Admin.php(795): CodeIgniter\Database\BaseConnection->escapeString()
#2 /www/wwwroot/silaju.unifa.ac.id/vendor/codeigniter4/framework/system/CodeIgniter.php(931): App\Controllers\Admin->getdatamahsiswaBelumPunyaAsessor()
#3 /www/wwwroot/silaju.unifa.ac.id/vendor/codeigniter4/framework/system/CodeIgniter.php(439): CodeIgniter\CodeIgniter->runController()
#4 /www/wwwroot/silaju.unifa.ac.id/vendor/codeigniter4/framework/system/CodeIgniter.php(339): CodeIgniter\CodeIgniter->handleRequest()
#5 /www/wwwroot/silaju.unifa.ac.id/public/index.php(45): CodeIgniter\CodeIgniter->run()
#6 {main}
CRITICAL - 2023-02-22 10:27:21 --> Undefined variable: kode_prodi
#0 /www/wwwroot/silaju.unifa.ac.id/app/Models/ModelPesertaAsessor.php(58): CodeIgniter\Debug\Exceptions->errorHandler()
#1 /www/wwwroot/silaju.unifa.ac.id/app/Controllers/Admin.php(1303): App\Models\ModelPesertaAsessor->getDataPesertaByAsessor()
#2 /www/wwwroot/silaju.unifa.ac.id/vendor/codeigniter4/framework/system/CodeIgniter.php(931): App\Controllers\Admin->getDataMhsPerAsessor()
#3 /www/wwwroot/silaju.unifa.ac.id/vendor/codeigniter4/framework/system/CodeIgniter.php(439): CodeIgniter\CodeIgniter->runController()
#4 /www/wwwroot/silaju.unifa.ac.id/vendor/codeigniter4/framework/system/CodeIgniter.php(339): CodeIgniter\CodeIgniter->handleRequest()
#5 /www/wwwroot/silaju.unifa.ac.id/public/index.php(45): CodeIgniter\CodeIgniter->run()
#6 {main}
CRITICAL - 2023-02-22 10:27:24 --> Undefined variable: kode_prodi
#0 /www/wwwroot/silaju.unifa.ac.id/app/Models/ModelPesertaAsessor.php(58): CodeIgniter\Debug\Exceptions->errorHandler()
#1 /www/wwwroot/silaju.unifa.ac.id/app/Controllers/Admin.php(1303): App\Models\ModelPesertaAsessor->getDataPesertaByAsessor()
#2 /www/wwwroot/silaju.unifa.ac.id/vendor/codeigniter4/framework/system/CodeIgniter.php(931): App\Controllers\Admin->getDataMhsPerAsessor()
#3 /www/wwwroot/silaju.unifa.ac.id/vendor/codeigniter4/framework/system/CodeIgniter.php(439): CodeIgniter\CodeIgniter->runController()
#4 /www/wwwroot/silaju.unifa.ac.id/vendor/codeigniter4/framework/system/CodeIgniter.php(339): CodeIgniter\CodeIgniter->handleRequest()
#5 /www/wwwroot/silaju.unifa.ac.id/public/index.php(45): CodeIgniter\CodeIgniter->run()
#6 {main}
CRITICAL - 2023-02-22 10:27:28 --> Undefined variable: kode_prodi
#0 /www/wwwroot/silaju.unifa.ac.id/app/Models/ModelPesertaAsessor.php(58): CodeIgniter\Debug\Exceptions->errorHandler()
#1 /www/wwwroot/silaju.unifa.ac.id/app/Controllers/Admin.php(1303): App\Models\ModelPesertaAsessor->getDataPesertaByAsessor()
#2 /www/wwwroot/silaju.unifa.ac.id/vendor/codeigniter4/framework/system/CodeIgniter.php(931): App\Controllers\Admin->getDataMhsPerAsessor()
#3 /www/wwwroot/silaju.unifa.ac.id/vendor/codeigniter4/framework/system/CodeIgniter.php(439): CodeIgniter\CodeIgniter->runController()
#4 /www/wwwroot/silaju.unifa.ac.id/vendor/codeigniter4/framework/system/CodeIgniter.php(339): CodeIgniter\CodeIgniter->handleRequest()
#5 /www/wwwroot/silaju.unifa.ac.id/public/index.php(45): CodeIgniter\CodeIgniter->run()
#6 {main}
CRITICAL - 2023-02-22 10:27:41 --> Undefined variable: kode_prodi
#0 /www/wwwroot/silaju.unifa.ac.id/app/Models/ModelPesertaAsessor.php(58): CodeIgniter\Debug\Exceptions->errorHandler()
#1 /www/wwwroot/silaju.unifa.ac.id/app/Controllers/Admin.php(1303): App\Models\ModelPesertaAsessor->getDataPesertaByAsessor()
#2 /www/wwwroot/silaju.unifa.ac.id/vendor/codeigniter4/framework/system/CodeIgniter.php(931): App\Controllers\Admin->getDataMhsPerAsessor()
#3 /www/wwwroot/silaju.unifa.ac.id/vendor/codeigniter4/framework/system/CodeIgniter.php(439): CodeIgniter\CodeIgniter->runController()
#4 /www/wwwroot/silaju.unifa.ac.id/vendor/codeigniter4/framework/system/CodeIgniter.php(339): CodeIgniter\CodeIgniter->handleRequest()
#5 /www/wwwroot/silaju.unifa.ac.id/public/index.php(45): CodeIgniter\CodeIgniter->run()
#6 {main}
CRITICAL - 2023-02-22 10:29:20 --> Undefined variable: kode_prodi
#0 /www/wwwroot/silaju.unifa.ac.id/app/Models/ModelPesertaAsessor.php(58): CodeIgniter\Debug\Exceptions->errorHandler()
#1 /www/wwwroot/silaju.unifa.ac.id/app/Controllers/Admin.php(1303): App\Models\ModelPesertaAsessor->getDataPesertaByAsessor()
#2 /www/wwwroot/silaju.unifa.ac.id/vendor/codeigniter4/framework/system/CodeIgniter.php(931): App\Controllers\Admin->getDataMhsPerAsessor()
#3 /www/wwwroot/silaju.unifa.ac.id/vendor/codeigniter4/framework/system/CodeIgniter.php(439): CodeIgniter\CodeIgniter->runController()
#4 /www/wwwroot/silaju.unifa.ac.id/vendor/codeigniter4/framework/system/CodeIgniter.php(339): CodeIgniter\CodeIgniter->handleRequest()
#5 /www/wwwroot/silaju.unifa.ac.id/public/index.php(45): CodeIgniter\CodeIgniter->run()
#6 {main}
CRITICAL - 2023-02-22 10:37:05 --> Undefined variable: kode_prodi
#0 /www/wwwroot/silaju.unifa.ac.id/app/Models/ModelPesertaAsessor.php(58): CodeIgniter\Debug\Exceptions->errorHandler()
#1 /www/wwwroot/silaju.unifa.ac.id/app/Controllers/Admin.php(1303): App\Models\ModelPesertaAsessor->getDataPesertaByAsessor()
#2 /www/wwwroot/silaju.unifa.ac.id/vendor/codeigniter4/framework/system/CodeIgniter.php(931): App\Controllers\Admin->getDataMhsPerAsessor()
#3 /www/wwwroot/silaju.unifa.ac.id/vendor/codeigniter4/framework/system/CodeIgniter.php(439): CodeIgniter\CodeIgniter->runController()
#4 /www/wwwroot/silaju.unifa.ac.id/vendor/codeigniter4/framework/system/CodeIgniter.php(339): CodeIgniter\CodeIgniter->handleRequest()
#5 /www/wwwroot/silaju.unifa.ac.id/public/index.php(45): CodeIgniter\CodeIgniter->run()
#6 {main}
