CRITICAL - 2023-07-31 21:18:14 --> Undefined offset: 0
#0 G:\PROJECT\UNIFA\12-6-23-silajux.unifa.ac.id\app\Controllers\Admin.php(1960): CodeIgniter\Debug\Exceptions->errorHandler(8, 'Undefined offse...', 'G:\\PROJECT\\UNIF...', 1960, Array)
#1 G:\PROJECT\UNIFA\12-6-23-silajux.unifa.ac.id\app\Controllers\Admin.php(2015): App\Controllers\Admin->getasessorbynoregis('assets')
#2 G:\PROJECT\UNIFA\12-6-23-silajux.unifa.ac.id\vendor\codeigniter4\framework\system\CodeIgniter.php(931): App\Controllers\Admin->tanggapanAsessorA1('assets', 'images', 'logo.svg')
#3 G:\PROJECT\UNIFA\12-6-23-silajux.unifa.ac.id\vendor\codeigniter4\framework\system\CodeIgniter.php(439): CodeIgniter\CodeIgniter->runController(Object(App\Controllers\Admin))
#4 G:\PROJECT\UNIFA\12-6-23-silajux.unifa.ac.id\vendor\codeigniter4\framework\system\CodeIgniter.php(339): CodeIgniter\CodeIgniter->handleRequest(NULL, Object(Config\Cache), false)
#5 G:\PROJECT\UNIFA\12-6-23-silajux.unifa.ac.id\public\index.php(45): CodeIgniter\CodeIgniter->run()
#6 G:\PROJECT\UNIFA\12-6-23-silajux.unifa.ac.id\vendor\codeigniter4\framework\system\Commands\Server\rewrite.php(45): require_once('G:\\PROJECT\\UNIF...')
#7 {main}
CRITICAL - 2023-07-31 21:18:14 --> Undefined offset: 0
#0 G:\PROJECT\UNIFA\12-6-23-silajux.unifa.ac.id\app\Controllers\Admin.php(1960): CodeIgniter\Debug\Exceptions->errorHandler(8, 'Undefined offse...', 'G:\\PROJECT\\UNIF...', 1960, Array)
#1 G:\PROJECT\UNIFA\12-6-23-silajux.unifa.ac.id\app\Controllers\Admin.php(2015): App\Controllers\Admin->getasessorbynoregis('assets')
#2 G:\PROJECT\UNIFA\12-6-23-silajux.unifa.ac.id\vendor\codeigniter4\framework\system\CodeIgniter.php(931): App\Controllers\Admin->tanggapanAsessorA1('assets', 'images', 'logo-dark.png')
#3 G:\PROJECT\UNIFA\12-6-23-silajux.unifa.ac.id\vendor\codeigniter4\framework\system\CodeIgniter.php(439): CodeIgniter\CodeIgniter->runController(Object(App\Controllers\Admin))
#4 G:\PROJECT\UNIFA\12-6-23-silajux.unifa.ac.id\vendor\codeigniter4\framework\system\CodeIgniter.php(339): CodeIgniter\CodeIgniter->handleRequest(NULL, Object(Config\Cache), false)
#5 G:\PROJECT\UNIFA\12-6-23-silajux.unifa.ac.id\public\index.php(45): CodeIgniter\CodeIgniter->run()
#6 G:\PROJECT\UNIFA\12-6-23-silajux.unifa.ac.id\vendor\codeigniter4\framework\system\Commands\Server\rewrite.php(45): require_once('G:\\PROJECT\\UNIF...')
#7 {main}
CRITICAL - 2023-07-31 21:18:37 --> Trying to get property 'kode_nilai' of non-object
#0 G:\PROJECT\UNIFA\12-6-23-silajux.unifa.ac.id\app\Views\Admin\rpl-assesment-asessor.php(49): CodeIgniter\Debug\Exceptions->errorHandler(8, 'Trying to get p...', 'G:\\PROJECT\\UNIF...', 49, Array)
#1 G:\PROJECT\UNIFA\12-6-23-silajux.unifa.ac.id\vendor\codeigniter4\framework\system\View\View.php(230): include('G:\\PROJECT\\UNIF...')
#2 G:\PROJECT\UNIFA\12-6-23-silajux.unifa.ac.id\vendor\codeigniter4\framework\system\View\View.php(232): CodeIgniter\View\View->CodeIgniter\View\{closure}()
#3 G:\PROJECT\UNIFA\12-6-23-silajux.unifa.ac.id\vendor\codeigniter4\framework\system\Common.php(1250): CodeIgniter\View\View->render('Admin/rpl-asses...', Array, true)
#4 G:\PROJECT\UNIFA\12-6-23-silajux.unifa.ac.id\app\Controllers\Admin.php(2000): view('Admin/rpl-asses...', Array)
#5 G:\PROJECT\UNIFA\12-6-23-silajux.unifa.ac.id\vendor\codeigniter4\framework\system\CodeIgniter.php(931): App\Controllers\Admin->tanggapanAsessor('20222-0223')
#6 G:\PROJECT\UNIFA\12-6-23-silajux.unifa.ac.id\vendor\codeigniter4\framework\system\CodeIgniter.php(439): CodeIgniter\CodeIgniter->runController(Object(App\Controllers\Admin))
#7 G:\PROJECT\UNIFA\12-6-23-silajux.unifa.ac.id\vendor\codeigniter4\framework\system\CodeIgniter.php(339): CodeIgniter\CodeIgniter->handleRequest(NULL, Object(Config\Cache), false)
#8 G:\PROJECT\UNIFA\12-6-23-silajux.unifa.ac.id\public\index.php(45): CodeIgniter\CodeIgniter->run()
#9 G:\PROJECT\UNIFA\12-6-23-silajux.unifa.ac.id\vendor\codeigniter4\framework\system\Commands\Server\rewrite.php(45): require_once('G:\\PROJECT\\UNIF...')
#10 {main}
CRITICAL - 2023-07-31 21:21:50 --> syntax error, unexpected '' (T_ENCAPSED_AND_WHITESPACE), expecting '-' or identifier (T_STRING) or variable (T_VARIABLE) or number (T_NUM_STRING)
#0 G:\PROJECT\UNIFA\12-6-23-silajux.unifa.ac.id\vendor\codeigniter4\framework\system\View\View.php(232): CodeIgniter\View\View->CodeIgniter\View\{closure}()
#1 G:\PROJECT\UNIFA\12-6-23-silajux.unifa.ac.id\vendor\codeigniter4\framework\system\Common.php(1250): CodeIgniter\View\View->render('Admin/rpl-asses...', Array, true)
#2 G:\PROJECT\UNIFA\12-6-23-silajux.unifa.ac.id\app\Controllers\Admin.php(2000): view('Admin/rpl-asses...', Array)
#3 G:\PROJECT\UNIFA\12-6-23-silajux.unifa.ac.id\vendor\codeigniter4\framework\system\CodeIgniter.php(931): App\Controllers\Admin->tanggapanAsessor('20222-0223')
#4 G:\PROJECT\UNIFA\12-6-23-silajux.unifa.ac.id\vendor\codeigniter4\framework\system\CodeIgniter.php(439): CodeIgniter\CodeIgniter->runController(Object(App\Controllers\Admin))
#5 G:\PROJECT\UNIFA\12-6-23-silajux.unifa.ac.id\vendor\codeigniter4\framework\system\CodeIgniter.php(339): CodeIgniter\CodeIgniter->handleRequest(NULL, Object(Config\Cache), false)
#6 G:\PROJECT\UNIFA\12-6-23-silajux.unifa.ac.id\public\index.php(45): CodeIgniter\CodeIgniter->run()
#7 G:\PROJECT\UNIFA\12-6-23-silajux.unifa.ac.id\vendor\codeigniter4\framework\system\Commands\Server\rewrite.php(45): require_once('G:\\PROJECT\\UNIF...')
#8 {main}
CRITICAL - 2023-07-31 21:22:24 --> Undefined offset: 0
#0 G:\PROJECT\UNIFA\12-6-23-silajux.unifa.ac.id\app\Controllers\Admin.php(1960): CodeIgniter\Debug\Exceptions->errorHandler(8, 'Undefined offse...', 'G:\\PROJECT\\UNIF...', 1960, Array)
#1 G:\PROJECT\UNIFA\12-6-23-silajux.unifa.ac.id\app\Controllers\Admin.php(1970): App\Controllers\Admin->getasessorbynoregis('assets')
#2 G:\PROJECT\UNIFA\12-6-23-silajux.unifa.ac.id\vendor\codeigniter4\framework\system\CodeIgniter.php(931): App\Controllers\Admin->tanggapanAsessor('assets', 'images', 'logo.svg')
#3 G:\PROJECT\UNIFA\12-6-23-silajux.unifa.ac.id\vendor\codeigniter4\framework\system\CodeIgniter.php(439): CodeIgniter\CodeIgniter->runController(Object(App\Controllers\Admin))
#4 G:\PROJECT\UNIFA\12-6-23-silajux.unifa.ac.id\vendor\codeigniter4\framework\system\CodeIgniter.php(339): CodeIgniter\CodeIgniter->handleRequest(NULL, Object(Config\Cache), false)
#5 G:\PROJECT\UNIFA\12-6-23-silajux.unifa.ac.id\public\index.php(45): CodeIgniter\CodeIgniter->run()
#6 G:\PROJECT\UNIFA\12-6-23-silajux.unifa.ac.id\vendor\codeigniter4\framework\system\Commands\Server\rewrite.php(45): require_once('G:\\PROJECT\\UNIF...')
#7 {main}
CRITICAL - 2023-07-31 21:22:25 --> Undefined offset: 0
#0 G:\PROJECT\UNIFA\12-6-23-silajux.unifa.ac.id\app\Controllers\Admin.php(1960): CodeIgniter\Debug\Exceptions->errorHandler(8, 'Undefined offse...', 'G:\\PROJECT\\UNIF...', 1960, Array)
#1 G:\PROJECT\UNIFA\12-6-23-silajux.unifa.ac.id\app\Controllers\Admin.php(1970): App\Controllers\Admin->getasessorbynoregis('assets')
#2 G:\PROJECT\UNIFA\12-6-23-silajux.unifa.ac.id\vendor\codeigniter4\framework\system\CodeIgniter.php(931): App\Controllers\Admin->tanggapanAsessor('assets', 'images', 'logo-dark.png')
#3 G:\PROJECT\UNIFA\12-6-23-silajux.unifa.ac.id\vendor\codeigniter4\framework\system\CodeIgniter.php(439): CodeIgniter\CodeIgniter->runController(Object(App\Controllers\Admin))
#4 G:\PROJECT\UNIFA\12-6-23-silajux.unifa.ac.id\vendor\codeigniter4\framework\system\CodeIgniter.php(339): CodeIgniter\CodeIgniter->handleRequest(NULL, Object(Config\Cache), false)
#5 G:\PROJECT\UNIFA\12-6-23-silajux.unifa.ac.id\public\index.php(45): CodeIgniter\CodeIgniter->run()
#6 G:\PROJECT\UNIFA\12-6-23-silajux.unifa.ac.id\vendor\codeigniter4\framework\system\Commands\Server\rewrite.php(45): require_once('G:\\PROJECT\\UNIF...')
#7 {main}
CRITICAL - 2023-07-31 21:22:36 --> Undefined offset: 0
#0 G:\PROJECT\UNIFA\12-6-23-silajux.unifa.ac.id\app\Controllers\Admin.php(1960): CodeIgniter\Debug\Exceptions->errorHandler(8, 'Undefined offse...', 'G:\\PROJECT\\UNIF...', 1960, Array)
#1 G:\PROJECT\UNIFA\12-6-23-silajux.unifa.ac.id\app\Controllers\Admin.php(1970): App\Controllers\Admin->getasessorbynoregis('assets')
#2 G:\PROJECT\UNIFA\12-6-23-silajux.unifa.ac.id\vendor\codeigniter4\framework\system\CodeIgniter.php(931): App\Controllers\Admin->tanggapanAsessor('assets', 'images', 'logo.svg')
#3 G:\PROJECT\UNIFA\12-6-23-silajux.unifa.ac.id\vendor\codeigniter4\framework\system\CodeIgniter.php(439): CodeIgniter\CodeIgniter->runController(Object(App\Controllers\Admin))
#4 G:\PROJECT\UNIFA\12-6-23-silajux.unifa.ac.id\vendor\codeigniter4\framework\system\CodeIgniter.php(339): CodeIgniter\CodeIgniter->handleRequest(NULL, Object(Config\Cache), false)
#5 G:\PROJECT\UNIFA\12-6-23-silajux.unifa.ac.id\public\index.php(45): CodeIgniter\CodeIgniter->run()
#6 G:\PROJECT\UNIFA\12-6-23-silajux.unifa.ac.id\vendor\codeigniter4\framework\system\Commands\Server\rewrite.php(45): require_once('G:\\PROJECT\\UNIF...')
#7 {main}
CRITICAL - 2023-07-31 21:22:37 --> Undefined offset: 0
#0 G:\PROJECT\UNIFA\12-6-23-silajux.unifa.ac.id\app\Controllers\Admin.php(1960): CodeIgniter\Debug\Exceptions->errorHandler(8, 'Undefined offse...', 'G:\\PROJECT\\UNIF...', 1960, Array)
#1 G:\PROJECT\UNIFA\12-6-23-silajux.unifa.ac.id\app\Controllers\Admin.php(1970): App\Controllers\Admin->getasessorbynoregis('assets')
#2 G:\PROJECT\UNIFA\12-6-23-silajux.unifa.ac.id\vendor\codeigniter4\framework\system\CodeIgniter.php(931): App\Controllers\Admin->tanggapanAsessor('assets', 'images', 'logo-dark.png')
#3 G:\PROJECT\UNIFA\12-6-23-silajux.unifa.ac.id\vendor\codeigniter4\framework\system\CodeIgniter.php(439): CodeIgniter\CodeIgniter->runController(Object(App\Controllers\Admin))
#4 G:\PROJECT\UNIFA\12-6-23-silajux.unifa.ac.id\vendor\codeigniter4\framework\system\CodeIgniter.php(339): CodeIgniter\CodeIgniter->handleRequest(NULL, Object(Config\Cache), false)
#5 G:\PROJECT\UNIFA\12-6-23-silajux.unifa.ac.id\public\index.php(45): CodeIgniter\CodeIgniter->run()
#6 G:\PROJECT\UNIFA\12-6-23-silajux.unifa.ac.id\vendor\codeigniter4\framework\system\Commands\Server\rewrite.php(45): require_once('G:\\PROJECT\\UNIF...')
#7 {main}
CRITICAL - 2023-07-31 21:24:12 --> Undefined offset: 0
#0 G:\PROJECT\UNIFA\12-6-23-silajux.unifa.ac.id\app\Controllers\Admin.php(1960): CodeIgniter\Debug\Exceptions->errorHandler(8, 'Undefined offse...', 'G:\\PROJECT\\UNIF...', 1960, Array)
#1 G:\PROJECT\UNIFA\12-6-23-silajux.unifa.ac.id\app\Controllers\Admin.php(1970): App\Controllers\Admin->getasessorbynoregis('assets')
#2 G:\PROJECT\UNIFA\12-6-23-silajux.unifa.ac.id\vendor\codeigniter4\framework\system\CodeIgniter.php(931): App\Controllers\Admin->tanggapanAsessor('assets', 'images', 'logo.svg')
#3 G:\PROJECT\UNIFA\12-6-23-silajux.unifa.ac.id\vendor\codeigniter4\framework\system\CodeIgniter.php(439): CodeIgniter\CodeIgniter->runController(Object(App\Controllers\Admin))
#4 G:\PROJECT\UNIFA\12-6-23-silajux.unifa.ac.id\vendor\codeigniter4\framework\system\CodeIgniter.php(339): CodeIgniter\CodeIgniter->handleRequest(NULL, Object(Config\Cache), false)
#5 G:\PROJECT\UNIFA\12-6-23-silajux.unifa.ac.id\public\index.php(45): CodeIgniter\CodeIgniter->run()
#6 G:\PROJECT\UNIFA\12-6-23-silajux.unifa.ac.id\vendor\codeigniter4\framework\system\Commands\Server\rewrite.php(45): require_once('G:\\PROJECT\\UNIF...')
#7 {main}
CRITICAL - 2023-07-31 21:24:12 --> Undefined offset: 0
#0 G:\PROJECT\UNIFA\12-6-23-silajux.unifa.ac.id\app\Controllers\Admin.php(1960): CodeIgniter\Debug\Exceptions->errorHandler(8, 'Undefined offse...', 'G:\\PROJECT\\UNIF...', 1960, Array)
#1 G:\PROJECT\UNIFA\12-6-23-silajux.unifa.ac.id\app\Controllers\Admin.php(1970): App\Controllers\Admin->getasessorbynoregis('assets')
#2 G:\PROJECT\UNIFA\12-6-23-silajux.unifa.ac.id\vendor\codeigniter4\framework\system\CodeIgniter.php(931): App\Controllers\Admin->tanggapanAsessor('assets', 'images', 'logo-dark.png')
#3 G:\PROJECT\UNIFA\12-6-23-silajux.unifa.ac.id\vendor\codeigniter4\framework\system\CodeIgniter.php(439): CodeIgniter\CodeIgniter->runController(Object(App\Controllers\Admin))
#4 G:\PROJECT\UNIFA\12-6-23-silajux.unifa.ac.id\vendor\codeigniter4\framework\system\CodeIgniter.php(339): CodeIgniter\CodeIgniter->handleRequest(NULL, Object(Config\Cache), false)
#5 G:\PROJECT\UNIFA\12-6-23-silajux.unifa.ac.id\public\index.php(45): CodeIgniter\CodeIgniter->run()
#6 G:\PROJECT\UNIFA\12-6-23-silajux.unifa.ac.id\vendor\codeigniter4\framework\system\Commands\Server\rewrite.php(45): require_once('G:\\PROJECT\\UNIF...')
#7 {main}
CRITICAL - 2023-07-31 21:26:29 --> Undefined offset: 0
#0 G:\PROJECT\UNIFA\12-6-23-silajux.unifa.ac.id\app\Controllers\Admin.php(1960): CodeIgniter\Debug\Exceptions->errorHandler(8, 'Undefined offse...', 'G:\\PROJECT\\UNIF...', 1960, Array)
#1 G:\PROJECT\UNIFA\12-6-23-silajux.unifa.ac.id\app\Controllers\Admin.php(1970): App\Controllers\Admin->getasessorbynoregis('assets')
#2 G:\PROJECT\UNIFA\12-6-23-silajux.unifa.ac.id\vendor\codeigniter4\framework\system\CodeIgniter.php(931): App\Controllers\Admin->tanggapanAsessor('assets', 'images', 'logo.svg')
#3 G:\PROJECT\UNIFA\12-6-23-silajux.unifa.ac.id\vendor\codeigniter4\framework\system\CodeIgniter.php(439): CodeIgniter\CodeIgniter->runController(Object(App\Controllers\Admin))
#4 G:\PROJECT\UNIFA\12-6-23-silajux.unifa.ac.id\vendor\codeigniter4\framework\system\CodeIgniter.php(339): CodeIgniter\CodeIgniter->handleRequest(NULL, Object(Config\Cache), false)
#5 G:\PROJECT\UNIFA\12-6-23-silajux.unifa.ac.id\public\index.php(45): CodeIgniter\CodeIgniter->run()
#6 G:\PROJECT\UNIFA\12-6-23-silajux.unifa.ac.id\vendor\codeigniter4\framework\system\Commands\Server\rewrite.php(45): require_once('G:\\PROJECT\\UNIF...')
#7 {main}
CRITICAL - 2023-07-31 21:26:30 --> Undefined offset: 0
#0 G:\PROJECT\UNIFA\12-6-23-silajux.unifa.ac.id\app\Controllers\Admin.php(1960): CodeIgniter\Debug\Exceptions->errorHandler(8, 'Undefined offse...', 'G:\\PROJECT\\UNIF...', 1960, Array)
#1 G:\PROJECT\UNIFA\12-6-23-silajux.unifa.ac.id\app\Controllers\Admin.php(1970): App\Controllers\Admin->getasessorbynoregis('assets')
#2 G:\PROJECT\UNIFA\12-6-23-silajux.unifa.ac.id\vendor\codeigniter4\framework\system\CodeIgniter.php(931): App\Controllers\Admin->tanggapanAsessor('assets', 'images', 'logo-dark.png')
#3 G:\PROJECT\UNIFA\12-6-23-silajux.unifa.ac.id\vendor\codeigniter4\framework\system\CodeIgniter.php(439): CodeIgniter\CodeIgniter->runController(Object(App\Controllers\Admin))
#4 G:\PROJECT\UNIFA\12-6-23-silajux.unifa.ac.id\vendor\codeigniter4\framework\system\CodeIgniter.php(339): CodeIgniter\CodeIgniter->handleRequest(NULL, Object(Config\Cache), false)
#5 G:\PROJECT\UNIFA\12-6-23-silajux.unifa.ac.id\public\index.php(45): CodeIgniter\CodeIgniter->run()
#6 G:\PROJECT\UNIFA\12-6-23-silajux.unifa.ac.id\vendor\codeigniter4\framework\system\Commands\Server\rewrite.php(45): require_once('G:\\PROJECT\\UNIF...')
#7 {main}
