CRITICAL - 2024-08-14 22:05:50 --> Expression #2 of SELECT list is not in GROUP BY clause and contains nonaggregated column 'mm.nama_matakuliah' which is not functionally dependent on columns in GROUP BY clause; this is incompatible with sql_mode=only_full_group_by
#0 /Users/macbookprom2/Desktop/PROJECT/silaju.unifa.ac.id/RPL-RF/vendor/codeigniter4/framework/system/Database/MySQLi/Connection.php(329): mysqli->query('SELECT\n\t\t\t\t\t\t\t\t...')
#1 /Users/macbookprom2/Desktop/PROJECT/silaju.unifa.ac.id/RPL-RF/vendor/codeigniter4/framework/system/Database/BaseConnection.php(732): CodeIgniter\Database\MySQLi\Connection->execute('SELECT\n\t\t\t\t\t\t\t\t...')
#2 /Users/macbookprom2/Desktop/PROJECT/silaju.unifa.ac.id/RPL-RF/vendor/codeigniter4/framework/system/Database/BaseConnection.php(647): CodeIgniter\Database\BaseConnection->simpleQuery('SELECT\n\t\t\t\t\t\t\t\t...')
#3 /Users/macbookprom2/Desktop/PROJECT/silaju.unifa.ac.id/RPL-RF/app/Controllers/Front.php(2384): CodeIgniter\Database\BaseConnection->query('SELECT\n\t\t\t\t\t\t\t\t...')
#4 /Users/macbookprom2/Desktop/PROJECT/silaju.unifa.ac.id/RPL-RF/app/Controllers/Front.php(1964): App\Controllers\Front->getMatakuliahklaimperprodi('62201', '20231-0271', '1')
#5 /Users/macbookprom2/Desktop/PROJECT/silaju.unifa.ac.id/RPL-RF/vendor/codeigniter4/framework/system/CodeIgniter.php(931): App\Controllers\Front->AssesmentMandiri()
#6 /Users/macbookprom2/Desktop/PROJECT/silaju.unifa.ac.id/RPL-RF/vendor/codeigniter4/framework/system/CodeIgniter.php(439): CodeIgniter\CodeIgniter->runController(Object(App\Controllers\Front))
#7 /Users/macbookprom2/Desktop/PROJECT/silaju.unifa.ac.id/RPL-RF/vendor/codeigniter4/framework/system/CodeIgniter.php(339): CodeIgniter\CodeIgniter->handleRequest(NULL, Object(Config\Cache), false)
#8 /Users/macbookprom2/Desktop/PROJECT/silaju.unifa.ac.id/RPL-RF/public/index.php(45): CodeIgniter\CodeIgniter->run()
#9 /Users/macbookprom2/Desktop/PROJECT/silaju.unifa.ac.id/RPL-RF/vendor/codeigniter4/framework/system/Commands/Server/rewrite.php(45): require_once('/Users/macbookp...')
#10 {main}
CRITICAL - 2024-08-14 22:07:30 --> Undefined offset: 0
#0 /Users/macbookprom2/Desktop/PROJECT/silaju.unifa.ac.id/RPL-RF/app/Controllers/Admin.php(2464): CodeIgniter\Debug\Exceptions->errorHandler(8, 'Undefined offse...', '/Users/macbookp...', 2464, Array)
#1 /Users/macbookprom2/Desktop/PROJECT/silaju.unifa.ac.id/RPL-RF/app/Controllers/Admin.php(2474): App\Controllers\Admin->getasessorbynoregis('assets')
#2 /Users/macbookprom2/Desktop/PROJECT/silaju.unifa.ac.id/RPL-RF/vendor/codeigniter4/framework/system/CodeIgniter.php(931): App\Controllers\Admin->tanggapanAsessor('assets', 'images', 'logo-dark.png')
#3 /Users/macbookprom2/Desktop/PROJECT/silaju.unifa.ac.id/RPL-RF/vendor/codeigniter4/framework/system/CodeIgniter.php(439): CodeIgniter\CodeIgniter->runController(Object(App\Controllers\Admin))
#4 /Users/macbookprom2/Desktop/PROJECT/silaju.unifa.ac.id/RPL-RF/vendor/codeigniter4/framework/system/CodeIgniter.php(339): CodeIgniter\CodeIgniter->handleRequest(NULL, Object(Config\Cache), false)
#5 /Users/macbookprom2/Desktop/PROJECT/silaju.unifa.ac.id/RPL-RF/public/index.php(45): CodeIgniter\CodeIgniter->run()
#6 /Users/macbookprom2/Desktop/PROJECT/silaju.unifa.ac.id/RPL-RF/vendor/codeigniter4/framework/system/Commands/Server/rewrite.php(45): require_once('/Users/macbookp...')
#7 {main}
CRITICAL - 2024-08-14 22:07:30 --> Undefined offset: 0
#0 /Users/macbookprom2/Desktop/PROJECT/silaju.unifa.ac.id/RPL-RF/app/Controllers/Admin.php(2464): CodeIgniter\Debug\Exceptions->errorHandler(8, 'Undefined offse...', '/Users/macbookp...', 2464, Array)
#1 /Users/macbookprom2/Desktop/PROJECT/silaju.unifa.ac.id/RPL-RF/app/Controllers/Admin.php(2474): App\Controllers\Admin->getasessorbynoregis('assets')
#2 /Users/macbookprom2/Desktop/PROJECT/silaju.unifa.ac.id/RPL-RF/vendor/codeigniter4/framework/system/CodeIgniter.php(931): App\Controllers\Admin->tanggapanAsessor('assets', 'images', 'logo.svg')
#3 /Users/macbookprom2/Desktop/PROJECT/silaju.unifa.ac.id/RPL-RF/vendor/codeigniter4/framework/system/CodeIgniter.php(439): CodeIgniter\CodeIgniter->runController(Object(App\Controllers\Admin))
#4 /Users/macbookprom2/Desktop/PROJECT/silaju.unifa.ac.id/RPL-RF/vendor/codeigniter4/framework/system/CodeIgniter.php(339): CodeIgniter\CodeIgniter->handleRequest(NULL, Object(Config\Cache), false)
#5 /Users/macbookprom2/Desktop/PROJECT/silaju.unifa.ac.id/RPL-RF/public/index.php(45): CodeIgniter\CodeIgniter->run()
#6 /Users/macbookprom2/Desktop/PROJECT/silaju.unifa.ac.id/RPL-RF/vendor/codeigniter4/framework/system/Commands/Server/rewrite.php(45): require_once('/Users/macbookp...')
#7 {main}
CRITICAL - 2024-08-14 22:07:41 --> Undefined offset: 0
#0 /Users/macbookprom2/Desktop/PROJECT/silaju.unifa.ac.id/RPL-RF/app/Controllers/Admin.php(2464): CodeIgniter\Debug\Exceptions->errorHandler(8, 'Undefined offse...', '/Users/macbookp...', 2464, Array)
#1 /Users/macbookprom2/Desktop/PROJECT/silaju.unifa.ac.id/RPL-RF/app/Controllers/Admin.php(2474): App\Controllers\Admin->getasessorbynoregis('assets')
#2 /Users/macbookprom2/Desktop/PROJECT/silaju.unifa.ac.id/RPL-RF/vendor/codeigniter4/framework/system/CodeIgniter.php(931): App\Controllers\Admin->tanggapanAsessor('assets', 'images', 'logo.svg')
#3 /Users/macbookprom2/Desktop/PROJECT/silaju.unifa.ac.id/RPL-RF/vendor/codeigniter4/framework/system/CodeIgniter.php(439): CodeIgniter\CodeIgniter->runController(Object(App\Controllers\Admin))
#4 /Users/macbookprom2/Desktop/PROJECT/silaju.unifa.ac.id/RPL-RF/vendor/codeigniter4/framework/system/CodeIgniter.php(339): CodeIgniter\CodeIgniter->handleRequest(NULL, Object(Config\Cache), false)
#5 /Users/macbookprom2/Desktop/PROJECT/silaju.unifa.ac.id/RPL-RF/public/index.php(45): CodeIgniter\CodeIgniter->run()
#6 /Users/macbookprom2/Desktop/PROJECT/silaju.unifa.ac.id/RPL-RF/vendor/codeigniter4/framework/system/Commands/Server/rewrite.php(45): require_once('/Users/macbookp...')
#7 {main}
CRITICAL - 2024-08-14 22:07:41 --> Undefined offset: 0
#0 /Users/macbookprom2/Desktop/PROJECT/silaju.unifa.ac.id/RPL-RF/app/Controllers/Admin.php(2464): CodeIgniter\Debug\Exceptions->errorHandler(8, 'Undefined offse...', '/Users/macbookp...', 2464, Array)
#1 /Users/macbookprom2/Desktop/PROJECT/silaju.unifa.ac.id/RPL-RF/app/Controllers/Admin.php(2474): App\Controllers\Admin->getasessorbynoregis('assets')
#2 /Users/macbookprom2/Desktop/PROJECT/silaju.unifa.ac.id/RPL-RF/vendor/codeigniter4/framework/system/CodeIgniter.php(931): App\Controllers\Admin->tanggapanAsessor('assets', 'images', 'logo-dark.png')
#3 /Users/macbookprom2/Desktop/PROJECT/silaju.unifa.ac.id/RPL-RF/vendor/codeigniter4/framework/system/CodeIgniter.php(439): CodeIgniter\CodeIgniter->runController(Object(App\Controllers\Admin))
#4 /Users/macbookprom2/Desktop/PROJECT/silaju.unifa.ac.id/RPL-RF/vendor/codeigniter4/framework/system/CodeIgniter.php(339): CodeIgniter\CodeIgniter->handleRequest(NULL, Object(Config\Cache), false)
#5 /Users/macbookprom2/Desktop/PROJECT/silaju.unifa.ac.id/RPL-RF/public/index.php(45): CodeIgniter\CodeIgniter->run()
#6 /Users/macbookprom2/Desktop/PROJECT/silaju.unifa.ac.id/RPL-RF/vendor/codeigniter4/framework/system/Commands/Server/rewrite.php(45): require_once('/Users/macbookp...')
#7 {main}
CRITICAL - 2024-08-14 22:08:20 --> Undefined offset: 0
#0 /Users/macbookprom2/Desktop/PROJECT/silaju.unifa.ac.id/RPL-RF/app/Controllers/Admin.php(2464): CodeIgniter\Debug\Exceptions->errorHandler(8, 'Undefined offse...', '/Users/macbookp...', 2464, Array)
#1 /Users/macbookprom2/Desktop/PROJECT/silaju.unifa.ac.id/RPL-RF/app/Controllers/Admin.php(2474): App\Controllers\Admin->getasessorbynoregis('assets')
#2 /Users/macbookprom2/Desktop/PROJECT/silaju.unifa.ac.id/RPL-RF/vendor/codeigniter4/framework/system/CodeIgniter.php(931): App\Controllers\Admin->tanggapanAsessor('assets', 'images', 'logo-dark.png')
#3 /Users/macbookprom2/Desktop/PROJECT/silaju.unifa.ac.id/RPL-RF/vendor/codeigniter4/framework/system/CodeIgniter.php(439): CodeIgniter\CodeIgniter->runController(Object(App\Controllers\Admin))
#4 /Users/macbookprom2/Desktop/PROJECT/silaju.unifa.ac.id/RPL-RF/vendor/codeigniter4/framework/system/CodeIgniter.php(339): CodeIgniter\CodeIgniter->handleRequest(NULL, Object(Config\Cache), false)
#5 /Users/macbookprom2/Desktop/PROJECT/silaju.unifa.ac.id/RPL-RF/public/index.php(45): CodeIgniter\CodeIgniter->run()
#6 /Users/macbookprom2/Desktop/PROJECT/silaju.unifa.ac.id/RPL-RF/vendor/codeigniter4/framework/system/Commands/Server/rewrite.php(45): require_once('/Users/macbookp...')
#7 {main}
CRITICAL - 2024-08-14 22:08:20 --> Undefined offset: 0
#0 /Users/macbookprom2/Desktop/PROJECT/silaju.unifa.ac.id/RPL-RF/app/Controllers/Admin.php(2464): CodeIgniter\Debug\Exceptions->errorHandler(8, 'Undefined offse...', '/Users/macbookp...', 2464, Array)
#1 /Users/macbookprom2/Desktop/PROJECT/silaju.unifa.ac.id/RPL-RF/app/Controllers/Admin.php(2474): App\Controllers\Admin->getasessorbynoregis('assets')
#2 /Users/macbookprom2/Desktop/PROJECT/silaju.unifa.ac.id/RPL-RF/vendor/codeigniter4/framework/system/CodeIgniter.php(931): App\Controllers\Admin->tanggapanAsessor('assets', 'images', 'logo.svg')
#3 /Users/macbookprom2/Desktop/PROJECT/silaju.unifa.ac.id/RPL-RF/vendor/codeigniter4/framework/system/CodeIgniter.php(439): CodeIgniter\CodeIgniter->runController(Object(App\Controllers\Admin))
#4 /Users/macbookprom2/Desktop/PROJECT/silaju.unifa.ac.id/RPL-RF/vendor/codeigniter4/framework/system/CodeIgniter.php(339): CodeIgniter\CodeIgniter->handleRequest(NULL, Object(Config\Cache), false)
#5 /Users/macbookprom2/Desktop/PROJECT/silaju.unifa.ac.id/RPL-RF/public/index.php(45): CodeIgniter\CodeIgniter->run()
#6 /Users/macbookprom2/Desktop/PROJECT/silaju.unifa.ac.id/RPL-RF/vendor/codeigniter4/framework/system/Commands/Server/rewrite.php(45): require_once('/Users/macbookp...')
#7 {main}
CRITICAL - 2024-08-14 22:09:41 --> Undefined index: 001
#0 /Users/macbookprom2/Desktop/PROJECT/silaju.unifa.ac.id/RPL-RF/app/Views/Front/rpl-form-klaim.php(137): CodeIgniter\Debug\Exceptions->errorHandler(8, 'Undefined index...', '/Users/macbookp...', 137, Array)
#1 /Users/macbookprom2/Desktop/PROJECT/silaju.unifa.ac.id/RPL-RF/vendor/codeigniter4/framework/system/View/View.php(230): include('/Users/macbookp...')
#2 /Users/macbookprom2/Desktop/PROJECT/silaju.unifa.ac.id/RPL-RF/vendor/codeigniter4/framework/system/View/View.php(232): CodeIgniter\View\View->CodeIgniter\View\{closure}()
#3 /Users/macbookprom2/Desktop/PROJECT/silaju.unifa.ac.id/RPL-RF/vendor/codeigniter4/framework/system/Common.php(1250): CodeIgniter\View\View->render('Front/rpl-form-...', Array, true)
#4 /Users/macbookprom2/Desktop/PROJECT/silaju.unifa.ac.id/RPL-RF/app/Controllers/Front.php(2177): view('Front/rpl-form-...', Array)
#5 /Users/macbookprom2/Desktop/PROJECT/silaju.unifa.ac.id/RPL-RF/vendor/codeigniter4/framework/system/CodeIgniter.php(931): App\Controllers\Front->AssesmentMandiri_mk('10000BAI2')
#6 /Users/macbookprom2/Desktop/PROJECT/silaju.unifa.ac.id/RPL-RF/vendor/codeigniter4/framework/system/CodeIgniter.php(439): CodeIgniter\CodeIgniter->runController(Object(App\Controllers\Front))
#7 /Users/macbookprom2/Desktop/PROJECT/silaju.unifa.ac.id/RPL-RF/vendor/codeigniter4/framework/system/CodeIgniter.php(339): CodeIgniter\CodeIgniter->handleRequest(NULL, Object(Config\Cache), false)
#8 /Users/macbookprom2/Desktop/PROJECT/silaju.unifa.ac.id/RPL-RF/public/index.php(45): CodeIgniter\CodeIgniter->run()
#9 /Users/macbookprom2/Desktop/PROJECT/silaju.unifa.ac.id/RPL-RF/vendor/codeigniter4/framework/system/Commands/Server/rewrite.php(45): require_once('/Users/macbookp...')
#10 {main}
CRITICAL - 2024-08-14 22:15:21 --> Undefined offset: 0
#0 /Users/macbookprom2/Desktop/PROJECT/silaju.unifa.ac.id/RPL-RF/app/Controllers/Admin.php(2464): CodeIgniter\Debug\Exceptions->errorHandler(8, 'Undefined offse...', '/Users/macbookp...', 2464, Array)
#1 /Users/macbookprom2/Desktop/PROJECT/silaju.unifa.ac.id/RPL-RF/app/Controllers/Admin.php(2530): App\Controllers\Admin->getasessorbynoregis('assets')
#2 /Users/macbookprom2/Desktop/PROJECT/silaju.unifa.ac.id/RPL-RF/vendor/codeigniter4/framework/system/CodeIgniter.php(931): App\Controllers\Admin->tanggapanAsessorA1('assets', 'images', 'logo.svg')
#3 /Users/macbookprom2/Desktop/PROJECT/silaju.unifa.ac.id/RPL-RF/vendor/codeigniter4/framework/system/CodeIgniter.php(439): CodeIgniter\CodeIgniter->runController(Object(App\Controllers\Admin))
#4 /Users/macbookprom2/Desktop/PROJECT/silaju.unifa.ac.id/RPL-RF/vendor/codeigniter4/framework/system/CodeIgniter.php(339): CodeIgniter\CodeIgniter->handleRequest(NULL, Object(Config\Cache), false)
#5 /Users/macbookprom2/Desktop/PROJECT/silaju.unifa.ac.id/RPL-RF/public/index.php(45): CodeIgniter\CodeIgniter->run()
#6 /Users/macbookprom2/Desktop/PROJECT/silaju.unifa.ac.id/RPL-RF/vendor/codeigniter4/framework/system/Commands/Server/rewrite.php(45): require_once('/Users/macbookp...')
#7 {main}
CRITICAL - 2024-08-14 22:15:21 --> Undefined offset: 0
#0 /Users/macbookprom2/Desktop/PROJECT/silaju.unifa.ac.id/RPL-RF/app/Controllers/Admin.php(2464): CodeIgniter\Debug\Exceptions->errorHandler(8, 'Undefined offse...', '/Users/macbookp...', 2464, Array)
#1 /Users/macbookprom2/Desktop/PROJECT/silaju.unifa.ac.id/RPL-RF/app/Controllers/Admin.php(2530): App\Controllers\Admin->getasessorbynoregis('assets')
#2 /Users/macbookprom2/Desktop/PROJECT/silaju.unifa.ac.id/RPL-RF/vendor/codeigniter4/framework/system/CodeIgniter.php(931): App\Controllers\Admin->tanggapanAsessorA1('assets', 'images', 'logo-dark.png')
#3 /Users/macbookprom2/Desktop/PROJECT/silaju.unifa.ac.id/RPL-RF/vendor/codeigniter4/framework/system/CodeIgniter.php(439): CodeIgniter\CodeIgniter->runController(Object(App\Controllers\Admin))
#4 /Users/macbookprom2/Desktop/PROJECT/silaju.unifa.ac.id/RPL-RF/vendor/codeigniter4/framework/system/CodeIgniter.php(339): CodeIgniter\CodeIgniter->handleRequest(NULL, Object(Config\Cache), false)
#5 /Users/macbookprom2/Desktop/PROJECT/silaju.unifa.ac.id/RPL-RF/public/index.php(45): CodeIgniter\CodeIgniter->run()
#6 /Users/macbookprom2/Desktop/PROJECT/silaju.unifa.ac.id/RPL-RF/vendor/codeigniter4/framework/system/Commands/Server/rewrite.php(45): require_once('/Users/macbookp...')
#7 {main}
CRITICAL - 2024-08-14 22:15:43 --> Undefined offset: 0
#0 /Users/macbookprom2/Desktop/PROJECT/silaju.unifa.ac.id/RPL-RF/app/Controllers/Admin.php(2464): CodeIgniter\Debug\Exceptions->errorHandler(8, 'Undefined offse...', '/Users/macbookp...', 2464, Array)
#1 /Users/macbookprom2/Desktop/PROJECT/silaju.unifa.ac.id/RPL-RF/app/Controllers/Admin.php(2530): App\Controllers\Admin->getasessorbynoregis('assets')
#2 /Users/macbookprom2/Desktop/PROJECT/silaju.unifa.ac.id/RPL-RF/vendor/codeigniter4/framework/system/CodeIgniter.php(931): App\Controllers\Admin->tanggapanAsessorA1('assets', 'images', 'logo.svg')
#3 /Users/macbookprom2/Desktop/PROJECT/silaju.unifa.ac.id/RPL-RF/vendor/codeigniter4/framework/system/CodeIgniter.php(439): CodeIgniter\CodeIgniter->runController(Object(App\Controllers\Admin))
#4 /Users/macbookprom2/Desktop/PROJECT/silaju.unifa.ac.id/RPL-RF/vendor/codeigniter4/framework/system/CodeIgniter.php(339): CodeIgniter\CodeIgniter->handleRequest(NULL, Object(Config\Cache), false)
#5 /Users/macbookprom2/Desktop/PROJECT/silaju.unifa.ac.id/RPL-RF/public/index.php(45): CodeIgniter\CodeIgniter->run()
#6 /Users/macbookprom2/Desktop/PROJECT/silaju.unifa.ac.id/RPL-RF/vendor/codeigniter4/framework/system/Commands/Server/rewrite.php(45): require_once('/Users/macbookp...')
#7 {main}
CRITICAL - 2024-08-14 22:15:43 --> Undefined offset: 0
#0 /Users/macbookprom2/Desktop/PROJECT/silaju.unifa.ac.id/RPL-RF/app/Controllers/Admin.php(2464): CodeIgniter\Debug\Exceptions->errorHandler(8, 'Undefined offse...', '/Users/macbookp...', 2464, Array)
#1 /Users/macbookprom2/Desktop/PROJECT/silaju.unifa.ac.id/RPL-RF/app/Controllers/Admin.php(2530): App\Controllers\Admin->getasessorbynoregis('assets')
#2 /Users/macbookprom2/Desktop/PROJECT/silaju.unifa.ac.id/RPL-RF/vendor/codeigniter4/framework/system/CodeIgniter.php(931): App\Controllers\Admin->tanggapanAsessorA1('assets', 'images', 'logo-dark.png')
#3 /Users/macbookprom2/Desktop/PROJECT/silaju.unifa.ac.id/RPL-RF/vendor/codeigniter4/framework/system/CodeIgniter.php(439): CodeIgniter\CodeIgniter->runController(Object(App\Controllers\Admin))
#4 /Users/macbookprom2/Desktop/PROJECT/silaju.unifa.ac.id/RPL-RF/vendor/codeigniter4/framework/system/CodeIgniter.php(339): CodeIgniter\CodeIgniter->handleRequest(NULL, Object(Config\Cache), false)
#5 /Users/macbookprom2/Desktop/PROJECT/silaju.unifa.ac.id/RPL-RF/public/index.php(45): CodeIgniter\CodeIgniter->run()
#6 /Users/macbookprom2/Desktop/PROJECT/silaju.unifa.ac.id/RPL-RF/vendor/codeigniter4/framework/system/Commands/Server/rewrite.php(45): require_once('/Users/macbookp...')
#7 {main}
CRITICAL - 2024-08-14 22:15:52 --> Undefined offset: 0
#0 /Users/macbookprom2/Desktop/PROJECT/silaju.unifa.ac.id/RPL-RF/app/Controllers/Admin.php(2464): CodeIgniter\Debug\Exceptions->errorHandler(8, 'Undefined offse...', '/Users/macbookp...', 2464, Array)
#1 /Users/macbookprom2/Desktop/PROJECT/silaju.unifa.ac.id/RPL-RF/app/Controllers/Admin.php(2530): App\Controllers\Admin->getasessorbynoregis('assets')
#2 /Users/macbookprom2/Desktop/PROJECT/silaju.unifa.ac.id/RPL-RF/vendor/codeigniter4/framework/system/CodeIgniter.php(931): App\Controllers\Admin->tanggapanAsessorA1('assets', 'images', 'logo.svg')
#3 /Users/macbookprom2/Desktop/PROJECT/silaju.unifa.ac.id/RPL-RF/vendor/codeigniter4/framework/system/CodeIgniter.php(439): CodeIgniter\CodeIgniter->runController(Object(App\Controllers\Admin))
#4 /Users/macbookprom2/Desktop/PROJECT/silaju.unifa.ac.id/RPL-RF/vendor/codeigniter4/framework/system/CodeIgniter.php(339): CodeIgniter\CodeIgniter->handleRequest(NULL, Object(Config\Cache), false)
#5 /Users/macbookprom2/Desktop/PROJECT/silaju.unifa.ac.id/RPL-RF/public/index.php(45): CodeIgniter\CodeIgniter->run()
#6 /Users/macbookprom2/Desktop/PROJECT/silaju.unifa.ac.id/RPL-RF/vendor/codeigniter4/framework/system/Commands/Server/rewrite.php(45): require_once('/Users/macbookp...')
#7 {main}
CRITICAL - 2024-08-14 22:15:52 --> Undefined offset: 0
#0 /Users/macbookprom2/Desktop/PROJECT/silaju.unifa.ac.id/RPL-RF/app/Controllers/Admin.php(2464): CodeIgniter\Debug\Exceptions->errorHandler(8, 'Undefined offse...', '/Users/macbookp...', 2464, Array)
#1 /Users/macbookprom2/Desktop/PROJECT/silaju.unifa.ac.id/RPL-RF/app/Controllers/Admin.php(2530): App\Controllers\Admin->getasessorbynoregis('assets')
#2 /Users/macbookprom2/Desktop/PROJECT/silaju.unifa.ac.id/RPL-RF/vendor/codeigniter4/framework/system/CodeIgniter.php(931): App\Controllers\Admin->tanggapanAsessorA1('assets', 'images', 'logo-dark.png')
#3 /Users/macbookprom2/Desktop/PROJECT/silaju.unifa.ac.id/RPL-RF/vendor/codeigniter4/framework/system/CodeIgniter.php(439): CodeIgniter\CodeIgniter->runController(Object(App\Controllers\Admin))
#4 /Users/macbookprom2/Desktop/PROJECT/silaju.unifa.ac.id/RPL-RF/vendor/codeigniter4/framework/system/CodeIgniter.php(339): CodeIgniter\CodeIgniter->handleRequest(NULL, Object(Config\Cache), false)
#5 /Users/macbookprom2/Desktop/PROJECT/silaju.unifa.ac.id/RPL-RF/public/index.php(45): CodeIgniter\CodeIgniter->run()
#6 /Users/macbookprom2/Desktop/PROJECT/silaju.unifa.ac.id/RPL-RF/vendor/codeigniter4/framework/system/Commands/Server/rewrite.php(45): require_once('/Users/macbookp...')
#7 {main}
CRITICAL - 2024-08-14 22:16:02 --> Undefined offset: 0
#0 /Users/macbookprom2/Desktop/PROJECT/silaju.unifa.ac.id/RPL-RF/app/Controllers/Admin.php(2464): CodeIgniter\Debug\Exceptions->errorHandler(8, 'Undefined offse...', '/Users/macbookp...', 2464, Array)
#1 /Users/macbookprom2/Desktop/PROJECT/silaju.unifa.ac.id/RPL-RF/app/Controllers/Admin.php(2530): App\Controllers\Admin->getasessorbynoregis('assets')
#2 /Users/macbookprom2/Desktop/PROJECT/silaju.unifa.ac.id/RPL-RF/vendor/codeigniter4/framework/system/CodeIgniter.php(931): App\Controllers\Admin->tanggapanAsessorA1('assets', 'images', 'logo.svg')
#3 /Users/macbookprom2/Desktop/PROJECT/silaju.unifa.ac.id/RPL-RF/vendor/codeigniter4/framework/system/CodeIgniter.php(439): CodeIgniter\CodeIgniter->runController(Object(App\Controllers\Admin))
#4 /Users/macbookprom2/Desktop/PROJECT/silaju.unifa.ac.id/RPL-RF/vendor/codeigniter4/framework/system/CodeIgniter.php(339): CodeIgniter\CodeIgniter->handleRequest(NULL, Object(Config\Cache), false)
#5 /Users/macbookprom2/Desktop/PROJECT/silaju.unifa.ac.id/RPL-RF/public/index.php(45): CodeIgniter\CodeIgniter->run()
#6 /Users/macbookprom2/Desktop/PROJECT/silaju.unifa.ac.id/RPL-RF/vendor/codeigniter4/framework/system/Commands/Server/rewrite.php(45): require_once('/Users/macbookp...')
#7 {main}
CRITICAL - 2024-08-14 22:16:02 --> Undefined offset: 0
#0 /Users/macbookprom2/Desktop/PROJECT/silaju.unifa.ac.id/RPL-RF/app/Controllers/Admin.php(2464): CodeIgniter\Debug\Exceptions->errorHandler(8, 'Undefined offse...', '/Users/macbookp...', 2464, Array)
#1 /Users/macbookprom2/Desktop/PROJECT/silaju.unifa.ac.id/RPL-RF/app/Controllers/Admin.php(2530): App\Controllers\Admin->getasessorbynoregis('assets')
#2 /Users/macbookprom2/Desktop/PROJECT/silaju.unifa.ac.id/RPL-RF/vendor/codeigniter4/framework/system/CodeIgniter.php(931): App\Controllers\Admin->tanggapanAsessorA1('assets', 'images', 'logo-dark.png')
#3 /Users/macbookprom2/Desktop/PROJECT/silaju.unifa.ac.id/RPL-RF/vendor/codeigniter4/framework/system/CodeIgniter.php(439): CodeIgniter\CodeIgniter->runController(Object(App\Controllers\Admin))
#4 /Users/macbookprom2/Desktop/PROJECT/silaju.unifa.ac.id/RPL-RF/vendor/codeigniter4/framework/system/CodeIgniter.php(339): CodeIgniter\CodeIgniter->handleRequest(NULL, Object(Config\Cache), false)
#5 /Users/macbookprom2/Desktop/PROJECT/silaju.unifa.ac.id/RPL-RF/public/index.php(45): CodeIgniter\CodeIgniter->run()
#6 /Users/macbookprom2/Desktop/PROJECT/silaju.unifa.ac.id/RPL-RF/vendor/codeigniter4/framework/system/Commands/Server/rewrite.php(45): require_once('/Users/macbookp...')
#7 {main}
CRITICAL - 2024-08-14 22:16:16 --> Undefined offset: 0
#0 /Users/macbookprom2/Desktop/PROJECT/silaju.unifa.ac.id/RPL-RF/app/Controllers/Admin.php(2464): CodeIgniter\Debug\Exceptions->errorHandler(8, 'Undefined offse...', '/Users/macbookp...', 2464, Array)
#1 /Users/macbookprom2/Desktop/PROJECT/silaju.unifa.ac.id/RPL-RF/app/Controllers/Admin.php(2530): App\Controllers\Admin->getasessorbynoregis('assets')
#2 /Users/macbookprom2/Desktop/PROJECT/silaju.unifa.ac.id/RPL-RF/vendor/codeigniter4/framework/system/CodeIgniter.php(931): App\Controllers\Admin->tanggapanAsessorA1('assets', 'images', 'logo.svg')
#3 /Users/macbookprom2/Desktop/PROJECT/silaju.unifa.ac.id/RPL-RF/vendor/codeigniter4/framework/system/CodeIgniter.php(439): CodeIgniter\CodeIgniter->runController(Object(App\Controllers\Admin))
#4 /Users/macbookprom2/Desktop/PROJECT/silaju.unifa.ac.id/RPL-RF/vendor/codeigniter4/framework/system/CodeIgniter.php(339): CodeIgniter\CodeIgniter->handleRequest(NULL, Object(Config\Cache), false)
#5 /Users/macbookprom2/Desktop/PROJECT/silaju.unifa.ac.id/RPL-RF/public/index.php(45): CodeIgniter\CodeIgniter->run()
#6 /Users/macbookprom2/Desktop/PROJECT/silaju.unifa.ac.id/RPL-RF/vendor/codeigniter4/framework/system/Commands/Server/rewrite.php(45): require_once('/Users/macbookp...')
#7 {main}
CRITICAL - 2024-08-14 22:16:16 --> Undefined offset: 0
#0 /Users/macbookprom2/Desktop/PROJECT/silaju.unifa.ac.id/RPL-RF/app/Controllers/Admin.php(2464): CodeIgniter\Debug\Exceptions->errorHandler(8, 'Undefined offse...', '/Users/macbookp...', 2464, Array)
#1 /Users/macbookprom2/Desktop/PROJECT/silaju.unifa.ac.id/RPL-RF/app/Controllers/Admin.php(2530): App\Controllers\Admin->getasessorbynoregis('assets')
#2 /Users/macbookprom2/Desktop/PROJECT/silaju.unifa.ac.id/RPL-RF/vendor/codeigniter4/framework/system/CodeIgniter.php(931): App\Controllers\Admin->tanggapanAsessorA1('assets', 'images', 'logo-dark.png')
#3 /Users/macbookprom2/Desktop/PROJECT/silaju.unifa.ac.id/RPL-RF/vendor/codeigniter4/framework/system/CodeIgniter.php(439): CodeIgniter\CodeIgniter->runController(Object(App\Controllers\Admin))
#4 /Users/macbookprom2/Desktop/PROJECT/silaju.unifa.ac.id/RPL-RF/vendor/codeigniter4/framework/system/CodeIgniter.php(339): CodeIgniter\CodeIgniter->handleRequest(NULL, Object(Config\Cache), false)
#5 /Users/macbookprom2/Desktop/PROJECT/silaju.unifa.ac.id/RPL-RF/public/index.php(45): CodeIgniter\CodeIgniter->run()
#6 /Users/macbookprom2/Desktop/PROJECT/silaju.unifa.ac.id/RPL-RF/vendor/codeigniter4/framework/system/Commands/Server/rewrite.php(45): require_once('/Users/macbookp...')
#7 {main}
CRITICAL - 2024-08-14 22:16:32 --> Undefined offset: 0
#0 /Users/macbookprom2/Desktop/PROJECT/silaju.unifa.ac.id/RPL-RF/app/Controllers/Admin.php(2464): CodeIgniter\Debug\Exceptions->errorHandler(8, 'Undefined offse...', '/Users/macbookp...', 2464, Array)
#1 /Users/macbookprom2/Desktop/PROJECT/silaju.unifa.ac.id/RPL-RF/app/Controllers/Admin.php(2530): App\Controllers\Admin->getasessorbynoregis('assets')
#2 /Users/macbookprom2/Desktop/PROJECT/silaju.unifa.ac.id/RPL-RF/vendor/codeigniter4/framework/system/CodeIgniter.php(931): App\Controllers\Admin->tanggapanAsessorA1('assets', 'images', 'logo.svg')
#3 /Users/macbookprom2/Desktop/PROJECT/silaju.unifa.ac.id/RPL-RF/vendor/codeigniter4/framework/system/CodeIgniter.php(439): CodeIgniter\CodeIgniter->runController(Object(App\Controllers\Admin))
#4 /Users/macbookprom2/Desktop/PROJECT/silaju.unifa.ac.id/RPL-RF/vendor/codeigniter4/framework/system/CodeIgniter.php(339): CodeIgniter\CodeIgniter->handleRequest(NULL, Object(Config\Cache), false)
#5 /Users/macbookprom2/Desktop/PROJECT/silaju.unifa.ac.id/RPL-RF/public/index.php(45): CodeIgniter\CodeIgniter->run()
#6 /Users/macbookprom2/Desktop/PROJECT/silaju.unifa.ac.id/RPL-RF/vendor/codeigniter4/framework/system/Commands/Server/rewrite.php(45): require_once('/Users/macbookp...')
#7 {main}
CRITICAL - 2024-08-14 22:16:32 --> Undefined offset: 0
#0 /Users/macbookprom2/Desktop/PROJECT/silaju.unifa.ac.id/RPL-RF/app/Controllers/Admin.php(2464): CodeIgniter\Debug\Exceptions->errorHandler(8, 'Undefined offse...', '/Users/macbookp...', 2464, Array)
#1 /Users/macbookprom2/Desktop/PROJECT/silaju.unifa.ac.id/RPL-RF/app/Controllers/Admin.php(2530): App\Controllers\Admin->getasessorbynoregis('assets')
#2 /Users/macbookprom2/Desktop/PROJECT/silaju.unifa.ac.id/RPL-RF/vendor/codeigniter4/framework/system/CodeIgniter.php(931): App\Controllers\Admin->tanggapanAsessorA1('assets', 'images', 'logo-dark.png')
#3 /Users/macbookprom2/Desktop/PROJECT/silaju.unifa.ac.id/RPL-RF/vendor/codeigniter4/framework/system/CodeIgniter.php(439): CodeIgniter\CodeIgniter->runController(Object(App\Controllers\Admin))
#4 /Users/macbookprom2/Desktop/PROJECT/silaju.unifa.ac.id/RPL-RF/vendor/codeigniter4/framework/system/CodeIgniter.php(339): CodeIgniter\CodeIgniter->handleRequest(NULL, Object(Config\Cache), false)
#5 /Users/macbookprom2/Desktop/PROJECT/silaju.unifa.ac.id/RPL-RF/public/index.php(45): CodeIgniter\CodeIgniter->run()
#6 /Users/macbookprom2/Desktop/PROJECT/silaju.unifa.ac.id/RPL-RF/vendor/codeigniter4/framework/system/Commands/Server/rewrite.php(45): require_once('/Users/macbookp...')
#7 {main}
CRITICAL - 2024-08-14 22:16:43 --> Undefined offset: 0
#0 /Users/macbookprom2/Desktop/PROJECT/silaju.unifa.ac.id/RPL-RF/app/Controllers/Admin.php(2464): CodeIgniter\Debug\Exceptions->errorHandler(8, 'Undefined offse...', '/Users/macbookp...', 2464, Array)
#1 /Users/macbookprom2/Desktop/PROJECT/silaju.unifa.ac.id/RPL-RF/app/Controllers/Admin.php(2530): App\Controllers\Admin->getasessorbynoregis('assets')
#2 /Users/macbookprom2/Desktop/PROJECT/silaju.unifa.ac.id/RPL-RF/vendor/codeigniter4/framework/system/CodeIgniter.php(931): App\Controllers\Admin->tanggapanAsessorA1('assets', 'images', 'logo.svg')
#3 /Users/macbookprom2/Desktop/PROJECT/silaju.unifa.ac.id/RPL-RF/vendor/codeigniter4/framework/system/CodeIgniter.php(439): CodeIgniter\CodeIgniter->runController(Object(App\Controllers\Admin))
#4 /Users/macbookprom2/Desktop/PROJECT/silaju.unifa.ac.id/RPL-RF/vendor/codeigniter4/framework/system/CodeIgniter.php(339): CodeIgniter\CodeIgniter->handleRequest(NULL, Object(Config\Cache), false)
#5 /Users/macbookprom2/Desktop/PROJECT/silaju.unifa.ac.id/RPL-RF/public/index.php(45): CodeIgniter\CodeIgniter->run()
#6 /Users/macbookprom2/Desktop/PROJECT/silaju.unifa.ac.id/RPL-RF/vendor/codeigniter4/framework/system/Commands/Server/rewrite.php(45): require_once('/Users/macbookp...')
#7 {main}
CRITICAL - 2024-08-14 22:16:43 --> Undefined offset: 0
#0 /Users/macbookprom2/Desktop/PROJECT/silaju.unifa.ac.id/RPL-RF/app/Controllers/Admin.php(2464): CodeIgniter\Debug\Exceptions->errorHandler(8, 'Undefined offse...', '/Users/macbookp...', 2464, Array)
#1 /Users/macbookprom2/Desktop/PROJECT/silaju.unifa.ac.id/RPL-RF/app/Controllers/Admin.php(2530): App\Controllers\Admin->getasessorbynoregis('assets')
#2 /Users/macbookprom2/Desktop/PROJECT/silaju.unifa.ac.id/RPL-RF/vendor/codeigniter4/framework/system/CodeIgniter.php(931): App\Controllers\Admin->tanggapanAsessorA1('assets', 'images', 'logo-dark.png')
#3 /Users/macbookprom2/Desktop/PROJECT/silaju.unifa.ac.id/RPL-RF/vendor/codeigniter4/framework/system/CodeIgniter.php(439): CodeIgniter\CodeIgniter->runController(Object(App\Controllers\Admin))
#4 /Users/macbookprom2/Desktop/PROJECT/silaju.unifa.ac.id/RPL-RF/vendor/codeigniter4/framework/system/CodeIgniter.php(339): CodeIgniter\CodeIgniter->handleRequest(NULL, Object(Config\Cache), false)
#5 /Users/macbookprom2/Desktop/PROJECT/silaju.unifa.ac.id/RPL-RF/public/index.php(45): CodeIgniter\CodeIgniter->run()
#6 /Users/macbookprom2/Desktop/PROJECT/silaju.unifa.ac.id/RPL-RF/vendor/codeigniter4/framework/system/Commands/Server/rewrite.php(45): require_once('/Users/macbookp...')
#7 {main}
CRITICAL - 2024-08-14 22:16:55 --> Undefined offset: 0
#0 /Users/macbookprom2/Desktop/PROJECT/silaju.unifa.ac.id/RPL-RF/app/Controllers/Admin.php(2464): CodeIgniter\Debug\Exceptions->errorHandler(8, 'Undefined offse...', '/Users/macbookp...', 2464, Array)
#1 /Users/macbookprom2/Desktop/PROJECT/silaju.unifa.ac.id/RPL-RF/app/Controllers/Admin.php(2530): App\Controllers\Admin->getasessorbynoregis('assets')
#2 /Users/macbookprom2/Desktop/PROJECT/silaju.unifa.ac.id/RPL-RF/vendor/codeigniter4/framework/system/CodeIgniter.php(931): App\Controllers\Admin->tanggapanAsessorA1('assets', 'images', 'logo.svg')
#3 /Users/macbookprom2/Desktop/PROJECT/silaju.unifa.ac.id/RPL-RF/vendor/codeigniter4/framework/system/CodeIgniter.php(439): CodeIgniter\CodeIgniter->runController(Object(App\Controllers\Admin))
#4 /Users/macbookprom2/Desktop/PROJECT/silaju.unifa.ac.id/RPL-RF/vendor/codeigniter4/framework/system/CodeIgniter.php(339): CodeIgniter\CodeIgniter->handleRequest(NULL, Object(Config\Cache), false)
#5 /Users/macbookprom2/Desktop/PROJECT/silaju.unifa.ac.id/RPL-RF/public/index.php(45): CodeIgniter\CodeIgniter->run()
#6 /Users/macbookprom2/Desktop/PROJECT/silaju.unifa.ac.id/RPL-RF/vendor/codeigniter4/framework/system/Commands/Server/rewrite.php(45): require_once('/Users/macbookp...')
#7 {main}
CRITICAL - 2024-08-14 22:16:55 --> Undefined offset: 0
#0 /Users/macbookprom2/Desktop/PROJECT/silaju.unifa.ac.id/RPL-RF/app/Controllers/Admin.php(2464): CodeIgniter\Debug\Exceptions->errorHandler(8, 'Undefined offse...', '/Users/macbookp...', 2464, Array)
#1 /Users/macbookprom2/Desktop/PROJECT/silaju.unifa.ac.id/RPL-RF/app/Controllers/Admin.php(2530): App\Controllers\Admin->getasessorbynoregis('assets')
#2 /Users/macbookprom2/Desktop/PROJECT/silaju.unifa.ac.id/RPL-RF/vendor/codeigniter4/framework/system/CodeIgniter.php(931): App\Controllers\Admin->tanggapanAsessorA1('assets', 'images', 'logo-dark.png')
#3 /Users/macbookprom2/Desktop/PROJECT/silaju.unifa.ac.id/RPL-RF/vendor/codeigniter4/framework/system/CodeIgniter.php(439): CodeIgniter\CodeIgniter->runController(Object(App\Controllers\Admin))
#4 /Users/macbookprom2/Desktop/PROJECT/silaju.unifa.ac.id/RPL-RF/vendor/codeigniter4/framework/system/CodeIgniter.php(339): CodeIgniter\CodeIgniter->handleRequest(NULL, Object(Config\Cache), false)
#5 /Users/macbookprom2/Desktop/PROJECT/silaju.unifa.ac.id/RPL-RF/public/index.php(45): CodeIgniter\CodeIgniter->run()
#6 /Users/macbookprom2/Desktop/PROJECT/silaju.unifa.ac.id/RPL-RF/vendor/codeigniter4/framework/system/Commands/Server/rewrite.php(45): require_once('/Users/macbookp...')
#7 {main}
CRITICAL - 2024-08-14 22:17:11 --> Undefined offset: 0
#0 /Users/macbookprom2/Desktop/PROJECT/silaju.unifa.ac.id/RPL-RF/app/Controllers/Admin.php(2464): CodeIgniter\Debug\Exceptions->errorHandler(8, 'Undefined offse...', '/Users/macbookp...', 2464, Array)
#1 /Users/macbookprom2/Desktop/PROJECT/silaju.unifa.ac.id/RPL-RF/app/Controllers/Admin.php(2530): App\Controllers\Admin->getasessorbynoregis('assets')
#2 /Users/macbookprom2/Desktop/PROJECT/silaju.unifa.ac.id/RPL-RF/vendor/codeigniter4/framework/system/CodeIgniter.php(931): App\Controllers\Admin->tanggapanAsessorA1('assets', 'images', 'logo.svg')
#3 /Users/macbookprom2/Desktop/PROJECT/silaju.unifa.ac.id/RPL-RF/vendor/codeigniter4/framework/system/CodeIgniter.php(439): CodeIgniter\CodeIgniter->runController(Object(App\Controllers\Admin))
#4 /Users/macbookprom2/Desktop/PROJECT/silaju.unifa.ac.id/RPL-RF/vendor/codeigniter4/framework/system/CodeIgniter.php(339): CodeIgniter\CodeIgniter->handleRequest(NULL, Object(Config\Cache), false)
#5 /Users/macbookprom2/Desktop/PROJECT/silaju.unifa.ac.id/RPL-RF/public/index.php(45): CodeIgniter\CodeIgniter->run()
#6 /Users/macbookprom2/Desktop/PROJECT/silaju.unifa.ac.id/RPL-RF/vendor/codeigniter4/framework/system/Commands/Server/rewrite.php(45): require_once('/Users/macbookp...')
#7 {main}
CRITICAL - 2024-08-14 22:17:11 --> Undefined offset: 0
#0 /Users/macbookprom2/Desktop/PROJECT/silaju.unifa.ac.id/RPL-RF/app/Controllers/Admin.php(2464): CodeIgniter\Debug\Exceptions->errorHandler(8, 'Undefined offse...', '/Users/macbookp...', 2464, Array)
#1 /Users/macbookprom2/Desktop/PROJECT/silaju.unifa.ac.id/RPL-RF/app/Controllers/Admin.php(2530): App\Controllers\Admin->getasessorbynoregis('assets')
#2 /Users/macbookprom2/Desktop/PROJECT/silaju.unifa.ac.id/RPL-RF/vendor/codeigniter4/framework/system/CodeIgniter.php(931): App\Controllers\Admin->tanggapanAsessorA1('assets', 'images', 'logo-dark.png')
#3 /Users/macbookprom2/Desktop/PROJECT/silaju.unifa.ac.id/RPL-RF/vendor/codeigniter4/framework/system/CodeIgniter.php(439): CodeIgniter\CodeIgniter->runController(Object(App\Controllers\Admin))
#4 /Users/macbookprom2/Desktop/PROJECT/silaju.unifa.ac.id/RPL-RF/vendor/codeigniter4/framework/system/CodeIgniter.php(339): CodeIgniter\CodeIgniter->handleRequest(NULL, Object(Config\Cache), false)
#5 /Users/macbookprom2/Desktop/PROJECT/silaju.unifa.ac.id/RPL-RF/public/index.php(45): CodeIgniter\CodeIgniter->run()
#6 /Users/macbookprom2/Desktop/PROJECT/silaju.unifa.ac.id/RPL-RF/vendor/codeigniter4/framework/system/Commands/Server/rewrite.php(45): require_once('/Users/macbookp...')
#7 {main}
CRITICAL - 2024-08-14 22:17:30 --> Undefined offset: 0
#0 /Users/macbookprom2/Desktop/PROJECT/silaju.unifa.ac.id/RPL-RF/app/Controllers/Admin.php(2464): CodeIgniter\Debug\Exceptions->errorHandler(8, 'Undefined offse...', '/Users/macbookp...', 2464, Array)
#1 /Users/macbookprom2/Desktop/PROJECT/silaju.unifa.ac.id/RPL-RF/app/Controllers/Admin.php(2530): App\Controllers\Admin->getasessorbynoregis('assets')
#2 /Users/macbookprom2/Desktop/PROJECT/silaju.unifa.ac.id/RPL-RF/vendor/codeigniter4/framework/system/CodeIgniter.php(931): App\Controllers\Admin->tanggapanAsessorA1('assets', 'images', 'logo.svg')
#3 /Users/macbookprom2/Desktop/PROJECT/silaju.unifa.ac.id/RPL-RF/vendor/codeigniter4/framework/system/CodeIgniter.php(439): CodeIgniter\CodeIgniter->runController(Object(App\Controllers\Admin))
#4 /Users/macbookprom2/Desktop/PROJECT/silaju.unifa.ac.id/RPL-RF/vendor/codeigniter4/framework/system/CodeIgniter.php(339): CodeIgniter\CodeIgniter->handleRequest(NULL, Object(Config\Cache), false)
#5 /Users/macbookprom2/Desktop/PROJECT/silaju.unifa.ac.id/RPL-RF/public/index.php(45): CodeIgniter\CodeIgniter->run()
#6 /Users/macbookprom2/Desktop/PROJECT/silaju.unifa.ac.id/RPL-RF/vendor/codeigniter4/framework/system/Commands/Server/rewrite.php(45): require_once('/Users/macbookp...')
#7 {main}
CRITICAL - 2024-08-14 22:17:30 --> Undefined offset: 0
#0 /Users/macbookprom2/Desktop/PROJECT/silaju.unifa.ac.id/RPL-RF/app/Controllers/Admin.php(2464): CodeIgniter\Debug\Exceptions->errorHandler(8, 'Undefined offse...', '/Users/macbookp...', 2464, Array)
#1 /Users/macbookprom2/Desktop/PROJECT/silaju.unifa.ac.id/RPL-RF/app/Controllers/Admin.php(2530): App\Controllers\Admin->getasessorbynoregis('assets')
#2 /Users/macbookprom2/Desktop/PROJECT/silaju.unifa.ac.id/RPL-RF/vendor/codeigniter4/framework/system/CodeIgniter.php(931): App\Controllers\Admin->tanggapanAsessorA1('assets', 'images', 'logo-dark.png')
#3 /Users/macbookprom2/Desktop/PROJECT/silaju.unifa.ac.id/RPL-RF/vendor/codeigniter4/framework/system/CodeIgniter.php(439): CodeIgniter\CodeIgniter->runController(Object(App\Controllers\Admin))
#4 /Users/macbookprom2/Desktop/PROJECT/silaju.unifa.ac.id/RPL-RF/vendor/codeigniter4/framework/system/CodeIgniter.php(339): CodeIgniter\CodeIgniter->handleRequest(NULL, Object(Config\Cache), false)
#5 /Users/macbookprom2/Desktop/PROJECT/silaju.unifa.ac.id/RPL-RF/public/index.php(45): CodeIgniter\CodeIgniter->run()
#6 /Users/macbookprom2/Desktop/PROJECT/silaju.unifa.ac.id/RPL-RF/vendor/codeigniter4/framework/system/Commands/Server/rewrite.php(45): require_once('/Users/macbookp...')
#7 {main}
CRITICAL - 2024-08-14 22:19:07 --> Undefined offset: 0
#0 /Users/macbookprom2/Desktop/PROJECT/silaju.unifa.ac.id/RPL-RF/app/Controllers/Admin.php(2464): CodeIgniter\Debug\Exceptions->errorHandler(8, 'Undefined offse...', '/Users/macbookp...', 2464, Array)
#1 /Users/macbookprom2/Desktop/PROJECT/silaju.unifa.ac.id/RPL-RF/app/Controllers/Admin.php(2530): App\Controllers\Admin->getasessorbynoregis('assets')
#2 /Users/macbookprom2/Desktop/PROJECT/silaju.unifa.ac.id/RPL-RF/vendor/codeigniter4/framework/system/CodeIgniter.php(931): App\Controllers\Admin->tanggapanAsessorA1('assets', 'images', 'logo.svg')
#3 /Users/macbookprom2/Desktop/PROJECT/silaju.unifa.ac.id/RPL-RF/vendor/codeigniter4/framework/system/CodeIgniter.php(439): CodeIgniter\CodeIgniter->runController(Object(App\Controllers\Admin))
#4 /Users/macbookprom2/Desktop/PROJECT/silaju.unifa.ac.id/RPL-RF/vendor/codeigniter4/framework/system/CodeIgniter.php(339): CodeIgniter\CodeIgniter->handleRequest(NULL, Object(Config\Cache), false)
#5 /Users/macbookprom2/Desktop/PROJECT/silaju.unifa.ac.id/RPL-RF/public/index.php(45): CodeIgniter\CodeIgniter->run()
#6 /Users/macbookprom2/Desktop/PROJECT/silaju.unifa.ac.id/RPL-RF/vendor/codeigniter4/framework/system/Commands/Server/rewrite.php(45): require_once('/Users/macbookp...')
#7 {main}
CRITICAL - 2024-08-14 22:19:07 --> Undefined offset: 0
#0 /Users/macbookprom2/Desktop/PROJECT/silaju.unifa.ac.id/RPL-RF/app/Controllers/Admin.php(2464): CodeIgniter\Debug\Exceptions->errorHandler(8, 'Undefined offse...', '/Users/macbookp...', 2464, Array)
#1 /Users/macbookprom2/Desktop/PROJECT/silaju.unifa.ac.id/RPL-RF/app/Controllers/Admin.php(2530): App\Controllers\Admin->getasessorbynoregis('assets')
#2 /Users/macbookprom2/Desktop/PROJECT/silaju.unifa.ac.id/RPL-RF/vendor/codeigniter4/framework/system/CodeIgniter.php(931): App\Controllers\Admin->tanggapanAsessorA1('assets', 'images', 'logo-dark.png')
#3 /Users/macbookprom2/Desktop/PROJECT/silaju.unifa.ac.id/RPL-RF/vendor/codeigniter4/framework/system/CodeIgniter.php(439): CodeIgniter\CodeIgniter->runController(Object(App\Controllers\Admin))
#4 /Users/macbookprom2/Desktop/PROJECT/silaju.unifa.ac.id/RPL-RF/vendor/codeigniter4/framework/system/CodeIgniter.php(339): CodeIgniter\CodeIgniter->handleRequest(NULL, Object(Config\Cache), false)
#5 /Users/macbookprom2/Desktop/PROJECT/silaju.unifa.ac.id/RPL-RF/public/index.php(45): CodeIgniter\CodeIgniter->run()
#6 /Users/macbookprom2/Desktop/PROJECT/silaju.unifa.ac.id/RPL-RF/vendor/codeigniter4/framework/system/Commands/Server/rewrite.php(45): require_once('/Users/macbookp...')
#7 {main}
CRITICAL - 2024-08-14 22:20:37 --> Trying to get property 'kode_prodi' of non-object
#0 /Users/macbookprom2/Desktop/PROJECT/silaju.unifa.ac.id/RPL-RF/app/Controllers/Admin.php(3534): CodeIgniter\Debug\Exceptions->errorHandler(8, 'Trying to get p...', '/Users/macbookp...', 3534, Array)
#1 /Users/macbookprom2/Desktop/PROJECT/silaju.unifa.ac.id/RPL-RF/app/Controllers/Admin.php(2724): App\Controllers\Admin->getKodeProdiBy('assets')
#2 /Users/macbookprom2/Desktop/PROJECT/silaju.unifa.ac.id/RPL-RF/vendor/codeigniter4/framework/system/CodeIgniter.php(931): App\Controllers\Admin->validprodia1('assets', 'images', 'logo.svg')
#3 /Users/macbookprom2/Desktop/PROJECT/silaju.unifa.ac.id/RPL-RF/vendor/codeigniter4/framework/system/CodeIgniter.php(439): CodeIgniter\CodeIgniter->runController(Object(App\Controllers\Admin))
#4 /Users/macbookprom2/Desktop/PROJECT/silaju.unifa.ac.id/RPL-RF/vendor/codeigniter4/framework/system/CodeIgniter.php(339): CodeIgniter\CodeIgniter->handleRequest(NULL, Object(Config\Cache), false)
#5 /Users/macbookprom2/Desktop/PROJECT/silaju.unifa.ac.id/RPL-RF/public/index.php(45): CodeIgniter\CodeIgniter->run()
#6 /Users/macbookprom2/Desktop/PROJECT/silaju.unifa.ac.id/RPL-RF/vendor/codeigniter4/framework/system/Commands/Server/rewrite.php(45): require_once('/Users/macbookp...')
#7 {main}
CRITICAL - 2024-08-14 22:20:37 --> Trying to get property 'kode_prodi' of non-object
#0 /Users/macbookprom2/Desktop/PROJECT/silaju.unifa.ac.id/RPL-RF/app/Controllers/Admin.php(3534): CodeIgniter\Debug\Exceptions->errorHandler(8, 'Trying to get p...', '/Users/macbookp...', 3534, Array)
#1 /Users/macbookprom2/Desktop/PROJECT/silaju.unifa.ac.id/RPL-RF/app/Controllers/Admin.php(2724): App\Controllers\Admin->getKodeProdiBy('assets')
#2 /Users/macbookprom2/Desktop/PROJECT/silaju.unifa.ac.id/RPL-RF/vendor/codeigniter4/framework/system/CodeIgniter.php(931): App\Controllers\Admin->validprodia1('assets', 'images', 'logo-dark.png')
#3 /Users/macbookprom2/Desktop/PROJECT/silaju.unifa.ac.id/RPL-RF/vendor/codeigniter4/framework/system/CodeIgniter.php(439): CodeIgniter\CodeIgniter->runController(Object(App\Controllers\Admin))
#4 /Users/macbookprom2/Desktop/PROJECT/silaju.unifa.ac.id/RPL-RF/vendor/codeigniter4/framework/system/CodeIgniter.php(339): CodeIgniter\CodeIgniter->handleRequest(NULL, Object(Config\Cache), false)
#5 /Users/macbookprom2/Desktop/PROJECT/silaju.unifa.ac.id/RPL-RF/public/index.php(45): CodeIgniter\CodeIgniter->run()
#6 /Users/macbookprom2/Desktop/PROJECT/silaju.unifa.ac.id/RPL-RF/vendor/codeigniter4/framework/system/Commands/Server/rewrite.php(45): require_once('/Users/macbookp...')
#7 {main}
CRITICAL - 2024-08-14 22:21:11 --> Trying to get property 'kode_prodi' of non-object
#0 /Users/macbookprom2/Desktop/PROJECT/silaju.unifa.ac.id/RPL-RF/app/Controllers/Admin.php(3534): CodeIgniter\Debug\Exceptions->errorHandler(8, 'Trying to get p...', '/Users/macbookp...', 3534, Array)
#1 /Users/macbookprom2/Desktop/PROJECT/silaju.unifa.ac.id/RPL-RF/app/Controllers/Admin.php(2724): App\Controllers\Admin->getKodeProdiBy('assets')
#2 /Users/macbookprom2/Desktop/PROJECT/silaju.unifa.ac.id/RPL-RF/vendor/codeigniter4/framework/system/CodeIgniter.php(931): App\Controllers\Admin->validprodia1('assets', 'images', 'logo.svg')
#3 /Users/macbookprom2/Desktop/PROJECT/silaju.unifa.ac.id/RPL-RF/vendor/codeigniter4/framework/system/CodeIgniter.php(439): CodeIgniter\CodeIgniter->runController(Object(App\Controllers\Admin))
#4 /Users/macbookprom2/Desktop/PROJECT/silaju.unifa.ac.id/RPL-RF/vendor/codeigniter4/framework/system/CodeIgniter.php(339): CodeIgniter\CodeIgniter->handleRequest(NULL, Object(Config\Cache), false)
#5 /Users/macbookprom2/Desktop/PROJECT/silaju.unifa.ac.id/RPL-RF/public/index.php(45): CodeIgniter\CodeIgniter->run()
#6 /Users/macbookprom2/Desktop/PROJECT/silaju.unifa.ac.id/RPL-RF/vendor/codeigniter4/framework/system/Commands/Server/rewrite.php(45): require_once('/Users/macbookp...')
#7 {main}
CRITICAL - 2024-08-14 22:21:11 --> Trying to get property 'kode_prodi' of non-object
#0 /Users/macbookprom2/Desktop/PROJECT/silaju.unifa.ac.id/RPL-RF/app/Controllers/Admin.php(3534): CodeIgniter\Debug\Exceptions->errorHandler(8, 'Trying to get p...', '/Users/macbookp...', 3534, Array)
#1 /Users/macbookprom2/Desktop/PROJECT/silaju.unifa.ac.id/RPL-RF/app/Controllers/Admin.php(2724): App\Controllers\Admin->getKodeProdiBy('assets')
#2 /Users/macbookprom2/Desktop/PROJECT/silaju.unifa.ac.id/RPL-RF/vendor/codeigniter4/framework/system/CodeIgniter.php(931): App\Controllers\Admin->validprodia1('assets', 'images', 'logo-dark.png')
#3 /Users/macbookprom2/Desktop/PROJECT/silaju.unifa.ac.id/RPL-RF/vendor/codeigniter4/framework/system/CodeIgniter.php(439): CodeIgniter\CodeIgniter->runController(Object(App\Controllers\Admin))
#4 /Users/macbookprom2/Desktop/PROJECT/silaju.unifa.ac.id/RPL-RF/vendor/codeigniter4/framework/system/CodeIgniter.php(339): CodeIgniter\CodeIgniter->handleRequest(NULL, Object(Config\Cache), false)
#5 /Users/macbookprom2/Desktop/PROJECT/silaju.unifa.ac.id/RPL-RF/public/index.php(45): CodeIgniter\CodeIgniter->run()
#6 /Users/macbookprom2/Desktop/PROJECT/silaju.unifa.ac.id/RPL-RF/vendor/codeigniter4/framework/system/Commands/Server/rewrite.php(45): require_once('/Users/macbookp...')
#7 {main}
CRITICAL - 2024-08-14 22:25:53 --> Trying to get property 'kode_prodi' of non-object
#0 /Users/macbookprom2/Desktop/PROJECT/silaju.unifa.ac.id/RPL-RF/app/Controllers/Admin.php(3534): CodeIgniter\Debug\Exceptions->errorHandler(8, 'Trying to get p...', '/Users/macbookp...', 3534, Array)
#1 /Users/macbookprom2/Desktop/PROJECT/silaju.unifa.ac.id/RPL-RF/app/Controllers/Admin.php(2724): App\Controllers\Admin->getKodeProdiBy('assets')
#2 /Users/macbookprom2/Desktop/PROJECT/silaju.unifa.ac.id/RPL-RF/vendor/codeigniter4/framework/system/CodeIgniter.php(931): App\Controllers\Admin->validprodia1('assets', 'images', 'logo.svg')
#3 /Users/macbookprom2/Desktop/PROJECT/silaju.unifa.ac.id/RPL-RF/vendor/codeigniter4/framework/system/CodeIgniter.php(439): CodeIgniter\CodeIgniter->runController(Object(App\Controllers\Admin))
#4 /Users/macbookprom2/Desktop/PROJECT/silaju.unifa.ac.id/RPL-RF/vendor/codeigniter4/framework/system/CodeIgniter.php(339): CodeIgniter\CodeIgniter->handleRequest(NULL, Object(Config\Cache), false)
#5 /Users/macbookprom2/Desktop/PROJECT/silaju.unifa.ac.id/RPL-RF/public/index.php(45): CodeIgniter\CodeIgniter->run()
#6 /Users/macbookprom2/Desktop/PROJECT/silaju.unifa.ac.id/RPL-RF/vendor/codeigniter4/framework/system/Commands/Server/rewrite.php(45): require_once('/Users/macbookp...')
#7 {main}
CRITICAL - 2024-08-14 22:25:53 --> Trying to get property 'kode_prodi' of non-object
#0 /Users/macbookprom2/Desktop/PROJECT/silaju.unifa.ac.id/RPL-RF/app/Controllers/Admin.php(3534): CodeIgniter\Debug\Exceptions->errorHandler(8, 'Trying to get p...', '/Users/macbookp...', 3534, Array)
#1 /Users/macbookprom2/Desktop/PROJECT/silaju.unifa.ac.id/RPL-RF/app/Controllers/Admin.php(2724): App\Controllers\Admin->getKodeProdiBy('assets')
#2 /Users/macbookprom2/Desktop/PROJECT/silaju.unifa.ac.id/RPL-RF/vendor/codeigniter4/framework/system/CodeIgniter.php(931): App\Controllers\Admin->validprodia1('assets', 'images', 'logo-dark.png')
#3 /Users/macbookprom2/Desktop/PROJECT/silaju.unifa.ac.id/RPL-RF/vendor/codeigniter4/framework/system/CodeIgniter.php(439): CodeIgniter\CodeIgniter->runController(Object(App\Controllers\Admin))
#4 /Users/macbookprom2/Desktop/PROJECT/silaju.unifa.ac.id/RPL-RF/vendor/codeigniter4/framework/system/CodeIgniter.php(339): CodeIgniter\CodeIgniter->handleRequest(NULL, Object(Config\Cache), false)
#5 /Users/macbookprom2/Desktop/PROJECT/silaju.unifa.ac.id/RPL-RF/public/index.php(45): CodeIgniter\CodeIgniter->run()
#6 /Users/macbookprom2/Desktop/PROJECT/silaju.unifa.ac.id/RPL-RF/vendor/codeigniter4/framework/system/Commands/Server/rewrite.php(45): require_once('/Users/macbookp...')
#7 {main}
CRITICAL - 2024-08-14 22:30:40 --> Trying to get property 'kode_prodi' of non-object
#0 /Users/macbookprom2/Desktop/PROJECT/silaju.unifa.ac.id/RPL-RF/app/Controllers/Admin.php(3534): CodeIgniter\Debug\Exceptions->errorHandler(8, 'Trying to get p...', '/Users/macbookp...', 3534, Array)
#1 /Users/macbookprom2/Desktop/PROJECT/silaju.unifa.ac.id/RPL-RF/app/Controllers/Admin.php(2724): App\Controllers\Admin->getKodeProdiBy('assets')
#2 /Users/macbookprom2/Desktop/PROJECT/silaju.unifa.ac.id/RPL-RF/vendor/codeigniter4/framework/system/CodeIgniter.php(931): App\Controllers\Admin->validprodia1('assets', 'images', 'logo.svg')
#3 /Users/macbookprom2/Desktop/PROJECT/silaju.unifa.ac.id/RPL-RF/vendor/codeigniter4/framework/system/CodeIgniter.php(439): CodeIgniter\CodeIgniter->runController(Object(App\Controllers\Admin))
#4 /Users/macbookprom2/Desktop/PROJECT/silaju.unifa.ac.id/RPL-RF/vendor/codeigniter4/framework/system/CodeIgniter.php(339): CodeIgniter\CodeIgniter->handleRequest(NULL, Object(Config\Cache), false)
#5 /Users/macbookprom2/Desktop/PROJECT/silaju.unifa.ac.id/RPL-RF/public/index.php(45): CodeIgniter\CodeIgniter->run()
#6 /Users/macbookprom2/Desktop/PROJECT/silaju.unifa.ac.id/RPL-RF/vendor/codeigniter4/framework/system/Commands/Server/rewrite.php(45): require_once('/Users/macbookp...')
#7 {main}
CRITICAL - 2024-08-14 22:30:40 --> Trying to get property 'kode_prodi' of non-object
#0 /Users/macbookprom2/Desktop/PROJECT/silaju.unifa.ac.id/RPL-RF/app/Controllers/Admin.php(3534): CodeIgniter\Debug\Exceptions->errorHandler(8, 'Trying to get p...', '/Users/macbookp...', 3534, Array)
#1 /Users/macbookprom2/Desktop/PROJECT/silaju.unifa.ac.id/RPL-RF/app/Controllers/Admin.php(2724): App\Controllers\Admin->getKodeProdiBy('assets')
#2 /Users/macbookprom2/Desktop/PROJECT/silaju.unifa.ac.id/RPL-RF/vendor/codeigniter4/framework/system/CodeIgniter.php(931): App\Controllers\Admin->validprodia1('assets', 'images', 'logo-dark.png')
#3 /Users/macbookprom2/Desktop/PROJECT/silaju.unifa.ac.id/RPL-RF/vendor/codeigniter4/framework/system/CodeIgniter.php(439): CodeIgniter\CodeIgniter->runController(Object(App\Controllers\Admin))
#4 /Users/macbookprom2/Desktop/PROJECT/silaju.unifa.ac.id/RPL-RF/vendor/codeigniter4/framework/system/CodeIgniter.php(339): CodeIgniter\CodeIgniter->handleRequest(NULL, Object(Config\Cache), false)
#5 /Users/macbookprom2/Desktop/PROJECT/silaju.unifa.ac.id/RPL-RF/public/index.php(45): CodeIgniter\CodeIgniter->run()
#6 /Users/macbookprom2/Desktop/PROJECT/silaju.unifa.ac.id/RPL-RF/vendor/codeigniter4/framework/system/Commands/Server/rewrite.php(45): require_once('/Users/macbookp...')
#7 {main}
CRITICAL - 2024-08-14 22:30:41 --> Trying to get property 'kode_prodi' of non-object
#0 /Users/macbookprom2/Desktop/PROJECT/silaju.unifa.ac.id/RPL-RF/app/Controllers/Admin.php(3534): CodeIgniter\Debug\Exceptions->errorHandler(8, 'Trying to get p...', '/Users/macbookp...', 3534, Array)
#1 /Users/macbookprom2/Desktop/PROJECT/silaju.unifa.ac.id/RPL-RF/app/Controllers/Admin.php(2724): App\Controllers\Admin->getKodeProdiBy('assets')
#2 /Users/macbookprom2/Desktop/PROJECT/silaju.unifa.ac.id/RPL-RF/vendor/codeigniter4/framework/system/CodeIgniter.php(931): App\Controllers\Admin->validprodia1('assets', 'images', 'logo.svg')
#3 /Users/macbookprom2/Desktop/PROJECT/silaju.unifa.ac.id/RPL-RF/vendor/codeigniter4/framework/system/CodeIgniter.php(439): CodeIgniter\CodeIgniter->runController(Object(App\Controllers\Admin))
#4 /Users/macbookprom2/Desktop/PROJECT/silaju.unifa.ac.id/RPL-RF/vendor/codeigniter4/framework/system/CodeIgniter.php(339): CodeIgniter\CodeIgniter->handleRequest(NULL, Object(Config\Cache), false)
#5 /Users/macbookprom2/Desktop/PROJECT/silaju.unifa.ac.id/RPL-RF/public/index.php(45): CodeIgniter\CodeIgniter->run()
#6 /Users/macbookprom2/Desktop/PROJECT/silaju.unifa.ac.id/RPL-RF/vendor/codeigniter4/framework/system/Commands/Server/rewrite.php(45): require_once('/Users/macbookp...')
#7 {main}
CRITICAL - 2024-08-14 22:30:41 --> Trying to get property 'kode_prodi' of non-object
#0 /Users/macbookprom2/Desktop/PROJECT/silaju.unifa.ac.id/RPL-RF/app/Controllers/Admin.php(3534): CodeIgniter\Debug\Exceptions->errorHandler(8, 'Trying to get p...', '/Users/macbookp...', 3534, Array)
#1 /Users/macbookprom2/Desktop/PROJECT/silaju.unifa.ac.id/RPL-RF/app/Controllers/Admin.php(2724): App\Controllers\Admin->getKodeProdiBy('assets')
#2 /Users/macbookprom2/Desktop/PROJECT/silaju.unifa.ac.id/RPL-RF/vendor/codeigniter4/framework/system/CodeIgniter.php(931): App\Controllers\Admin->validprodia1('assets', 'images', 'logo-dark.png')
#3 /Users/macbookprom2/Desktop/PROJECT/silaju.unifa.ac.id/RPL-RF/vendor/codeigniter4/framework/system/CodeIgniter.php(439): CodeIgniter\CodeIgniter->runController(Object(App\Controllers\Admin))
#4 /Users/macbookprom2/Desktop/PROJECT/silaju.unifa.ac.id/RPL-RF/vendor/codeigniter4/framework/system/CodeIgniter.php(339): CodeIgniter\CodeIgniter->handleRequest(NULL, Object(Config\Cache), false)
#5 /Users/macbookprom2/Desktop/PROJECT/silaju.unifa.ac.id/RPL-RF/public/index.php(45): CodeIgniter\CodeIgniter->run()
#6 /Users/macbookprom2/Desktop/PROJECT/silaju.unifa.ac.id/RPL-RF/vendor/codeigniter4/framework/system/Commands/Server/rewrite.php(45): require_once('/Users/macbookp...')
#7 {main}
CRITICAL - 2024-08-14 22:31:06 --> Trying to get property 'kode_prodi' of non-object
#0 /Users/macbookprom2/Desktop/PROJECT/silaju.unifa.ac.id/RPL-RF/app/Controllers/Admin.php(3534): CodeIgniter\Debug\Exceptions->errorHandler(8, 'Trying to get p...', '/Users/macbookp...', 3534, Array)
#1 /Users/macbookprom2/Desktop/PROJECT/silaju.unifa.ac.id/RPL-RF/app/Controllers/Admin.php(2724): App\Controllers\Admin->getKodeProdiBy('assets')
#2 /Users/macbookprom2/Desktop/PROJECT/silaju.unifa.ac.id/RPL-RF/vendor/codeigniter4/framework/system/CodeIgniter.php(931): App\Controllers\Admin->validprodia1('assets', 'images', 'logo.svg')
#3 /Users/macbookprom2/Desktop/PROJECT/silaju.unifa.ac.id/RPL-RF/vendor/codeigniter4/framework/system/CodeIgniter.php(439): CodeIgniter\CodeIgniter->runController(Object(App\Controllers\Admin))
#4 /Users/macbookprom2/Desktop/PROJECT/silaju.unifa.ac.id/RPL-RF/vendor/codeigniter4/framework/system/CodeIgniter.php(339): CodeIgniter\CodeIgniter->handleRequest(NULL, Object(Config\Cache), false)
#5 /Users/macbookprom2/Desktop/PROJECT/silaju.unifa.ac.id/RPL-RF/public/index.php(45): CodeIgniter\CodeIgniter->run()
#6 /Users/macbookprom2/Desktop/PROJECT/silaju.unifa.ac.id/RPL-RF/vendor/codeigniter4/framework/system/Commands/Server/rewrite.php(45): require_once('/Users/macbookp...')
#7 {main}
CRITICAL - 2024-08-14 22:31:06 --> Trying to get property 'kode_prodi' of non-object
#0 /Users/macbookprom2/Desktop/PROJECT/silaju.unifa.ac.id/RPL-RF/app/Controllers/Admin.php(3534): CodeIgniter\Debug\Exceptions->errorHandler(8, 'Trying to get p...', '/Users/macbookp...', 3534, Array)
#1 /Users/macbookprom2/Desktop/PROJECT/silaju.unifa.ac.id/RPL-RF/app/Controllers/Admin.php(2724): App\Controllers\Admin->getKodeProdiBy('assets')
#2 /Users/macbookprom2/Desktop/PROJECT/silaju.unifa.ac.id/RPL-RF/vendor/codeigniter4/framework/system/CodeIgniter.php(931): App\Controllers\Admin->validprodia1('assets', 'images', 'logo-dark.png')
#3 /Users/macbookprom2/Desktop/PROJECT/silaju.unifa.ac.id/RPL-RF/vendor/codeigniter4/framework/system/CodeIgniter.php(439): CodeIgniter\CodeIgniter->runController(Object(App\Controllers\Admin))
#4 /Users/macbookprom2/Desktop/PROJECT/silaju.unifa.ac.id/RPL-RF/vendor/codeigniter4/framework/system/CodeIgniter.php(339): CodeIgniter\CodeIgniter->handleRequest(NULL, Object(Config\Cache), false)
#5 /Users/macbookprom2/Desktop/PROJECT/silaju.unifa.ac.id/RPL-RF/public/index.php(45): CodeIgniter\CodeIgniter->run()
#6 /Users/macbookprom2/Desktop/PROJECT/silaju.unifa.ac.id/RPL-RF/vendor/codeigniter4/framework/system/Commands/Server/rewrite.php(45): require_once('/Users/macbookp...')
#7 {main}
CRITICAL - 2024-08-14 22:31:07 --> Trying to get property 'kode_prodi' of non-object
#0 /Users/macbookprom2/Desktop/PROJECT/silaju.unifa.ac.id/RPL-RF/app/Controllers/Admin.php(3534): CodeIgniter\Debug\Exceptions->errorHandler(8, 'Trying to get p...', '/Users/macbookp...', 3534, Array)
#1 /Users/macbookprom2/Desktop/PROJECT/silaju.unifa.ac.id/RPL-RF/app/Controllers/Admin.php(2724): App\Controllers\Admin->getKodeProdiBy('assets')
#2 /Users/macbookprom2/Desktop/PROJECT/silaju.unifa.ac.id/RPL-RF/vendor/codeigniter4/framework/system/CodeIgniter.php(931): App\Controllers\Admin->validprodia1('assets', 'images', 'logo.svg')
#3 /Users/macbookprom2/Desktop/PROJECT/silaju.unifa.ac.id/RPL-RF/vendor/codeigniter4/framework/system/CodeIgniter.php(439): CodeIgniter\CodeIgniter->runController(Object(App\Controllers\Admin))
#4 /Users/macbookprom2/Desktop/PROJECT/silaju.unifa.ac.id/RPL-RF/vendor/codeigniter4/framework/system/CodeIgniter.php(339): CodeIgniter\CodeIgniter->handleRequest(NULL, Object(Config\Cache), false)
#5 /Users/macbookprom2/Desktop/PROJECT/silaju.unifa.ac.id/RPL-RF/public/index.php(45): CodeIgniter\CodeIgniter->run()
#6 /Users/macbookprom2/Desktop/PROJECT/silaju.unifa.ac.id/RPL-RF/vendor/codeigniter4/framework/system/Commands/Server/rewrite.php(45): require_once('/Users/macbookp...')
#7 {main}
CRITICAL - 2024-08-14 22:31:07 --> Trying to get property 'kode_prodi' of non-object
#0 /Users/macbookprom2/Desktop/PROJECT/silaju.unifa.ac.id/RPL-RF/app/Controllers/Admin.php(3534): CodeIgniter\Debug\Exceptions->errorHandler(8, 'Trying to get p...', '/Users/macbookp...', 3534, Array)
#1 /Users/macbookprom2/Desktop/PROJECT/silaju.unifa.ac.id/RPL-RF/app/Controllers/Admin.php(2724): App\Controllers\Admin->getKodeProdiBy('assets')
#2 /Users/macbookprom2/Desktop/PROJECT/silaju.unifa.ac.id/RPL-RF/vendor/codeigniter4/framework/system/CodeIgniter.php(931): App\Controllers\Admin->validprodia1('assets', 'images', 'logo-dark.png')
#3 /Users/macbookprom2/Desktop/PROJECT/silaju.unifa.ac.id/RPL-RF/vendor/codeigniter4/framework/system/CodeIgniter.php(439): CodeIgniter\CodeIgniter->runController(Object(App\Controllers\Admin))
#4 /Users/macbookprom2/Desktop/PROJECT/silaju.unifa.ac.id/RPL-RF/vendor/codeigniter4/framework/system/CodeIgniter.php(339): CodeIgniter\CodeIgniter->handleRequest(NULL, Object(Config\Cache), false)
#5 /Users/macbookprom2/Desktop/PROJECT/silaju.unifa.ac.id/RPL-RF/public/index.php(45): CodeIgniter\CodeIgniter->run()
#6 /Users/macbookprom2/Desktop/PROJECT/silaju.unifa.ac.id/RPL-RF/vendor/codeigniter4/framework/system/Commands/Server/rewrite.php(45): require_once('/Users/macbookp...')
#7 {main}
CRITICAL - 2024-08-14 22:32:04 --> Trying to get property 'kode_prodi' of non-object
#0 /Users/macbookprom2/Desktop/PROJECT/silaju.unifa.ac.id/RPL-RF/app/Controllers/Admin.php(3534): CodeIgniter\Debug\Exceptions->errorHandler(8, 'Trying to get p...', '/Users/macbookp...', 3534, Array)
#1 /Users/macbookprom2/Desktop/PROJECT/silaju.unifa.ac.id/RPL-RF/app/Controllers/Admin.php(2724): App\Controllers\Admin->getKodeProdiBy('assets')
#2 /Users/macbookprom2/Desktop/PROJECT/silaju.unifa.ac.id/RPL-RF/vendor/codeigniter4/framework/system/CodeIgniter.php(931): App\Controllers\Admin->validprodia1('assets', 'images', 'logo.svg')
#3 /Users/macbookprom2/Desktop/PROJECT/silaju.unifa.ac.id/RPL-RF/vendor/codeigniter4/framework/system/CodeIgniter.php(439): CodeIgniter\CodeIgniter->runController(Object(App\Controllers\Admin))
#4 /Users/macbookprom2/Desktop/PROJECT/silaju.unifa.ac.id/RPL-RF/vendor/codeigniter4/framework/system/CodeIgniter.php(339): CodeIgniter\CodeIgniter->handleRequest(NULL, Object(Config\Cache), false)
#5 /Users/macbookprom2/Desktop/PROJECT/silaju.unifa.ac.id/RPL-RF/public/index.php(45): CodeIgniter\CodeIgniter->run()
#6 /Users/macbookprom2/Desktop/PROJECT/silaju.unifa.ac.id/RPL-RF/vendor/codeigniter4/framework/system/Commands/Server/rewrite.php(45): require_once('/Users/macbookp...')
#7 {main}
CRITICAL - 2024-08-14 22:32:04 --> Trying to get property 'kode_prodi' of non-object
#0 /Users/macbookprom2/Desktop/PROJECT/silaju.unifa.ac.id/RPL-RF/app/Controllers/Admin.php(3534): CodeIgniter\Debug\Exceptions->errorHandler(8, 'Trying to get p...', '/Users/macbookp...', 3534, Array)
#1 /Users/macbookprom2/Desktop/PROJECT/silaju.unifa.ac.id/RPL-RF/app/Controllers/Admin.php(2724): App\Controllers\Admin->getKodeProdiBy('assets')
#2 /Users/macbookprom2/Desktop/PROJECT/silaju.unifa.ac.id/RPL-RF/vendor/codeigniter4/framework/system/CodeIgniter.php(931): App\Controllers\Admin->validprodia1('assets', 'images', 'logo-dark.png')
#3 /Users/macbookprom2/Desktop/PROJECT/silaju.unifa.ac.id/RPL-RF/vendor/codeigniter4/framework/system/CodeIgniter.php(439): CodeIgniter\CodeIgniter->runController(Object(App\Controllers\Admin))
#4 /Users/macbookprom2/Desktop/PROJECT/silaju.unifa.ac.id/RPL-RF/vendor/codeigniter4/framework/system/CodeIgniter.php(339): CodeIgniter\CodeIgniter->handleRequest(NULL, Object(Config\Cache), false)
#5 /Users/macbookprom2/Desktop/PROJECT/silaju.unifa.ac.id/RPL-RF/public/index.php(45): CodeIgniter\CodeIgniter->run()
#6 /Users/macbookprom2/Desktop/PROJECT/silaju.unifa.ac.id/RPL-RF/vendor/codeigniter4/framework/system/Commands/Server/rewrite.php(45): require_once('/Users/macbookp...')
#7 {main}
CRITICAL - 2024-08-14 22:34:18 --> Trying to get property 'kode_prodi' of non-object
#0 /Users/macbookprom2/Desktop/PROJECT/silaju.unifa.ac.id/RPL-RF/app/Controllers/Admin.php(3534): CodeIgniter\Debug\Exceptions->errorHandler(8, 'Trying to get p...', '/Users/macbookp...', 3534, Array)
#1 /Users/macbookprom2/Desktop/PROJECT/silaju.unifa.ac.id/RPL-RF/app/Controllers/Admin.php(2724): App\Controllers\Admin->getKodeProdiBy('assets')
#2 /Users/macbookprom2/Desktop/PROJECT/silaju.unifa.ac.id/RPL-RF/vendor/codeigniter4/framework/system/CodeIgniter.php(931): App\Controllers\Admin->validprodia1('assets', 'images', 'logo-dark.png')
#3 /Users/macbookprom2/Desktop/PROJECT/silaju.unifa.ac.id/RPL-RF/vendor/codeigniter4/framework/system/CodeIgniter.php(439): CodeIgniter\CodeIgniter->runController(Object(App\Controllers\Admin))
#4 /Users/macbookprom2/Desktop/PROJECT/silaju.unifa.ac.id/RPL-RF/vendor/codeigniter4/framework/system/CodeIgniter.php(339): CodeIgniter\CodeIgniter->handleRequest(NULL, Object(Config\Cache), false)
#5 /Users/macbookprom2/Desktop/PROJECT/silaju.unifa.ac.id/RPL-RF/public/index.php(45): CodeIgniter\CodeIgniter->run()
#6 /Users/macbookprom2/Desktop/PROJECT/silaju.unifa.ac.id/RPL-RF/vendor/codeigniter4/framework/system/Commands/Server/rewrite.php(45): require_once('/Users/macbookp...')
#7 {main}
CRITICAL - 2024-08-14 22:34:18 --> Trying to get property 'kode_prodi' of non-object
#0 /Users/macbookprom2/Desktop/PROJECT/silaju.unifa.ac.id/RPL-RF/app/Controllers/Admin.php(3534): CodeIgniter\Debug\Exceptions->errorHandler(8, 'Trying to get p...', '/Users/macbookp...', 3534, Array)
#1 /Users/macbookprom2/Desktop/PROJECT/silaju.unifa.ac.id/RPL-RF/app/Controllers/Admin.php(2724): App\Controllers\Admin->getKodeProdiBy('assets')
#2 /Users/macbookprom2/Desktop/PROJECT/silaju.unifa.ac.id/RPL-RF/vendor/codeigniter4/framework/system/CodeIgniter.php(931): App\Controllers\Admin->validprodia1('assets', 'images', 'logo.svg')
#3 /Users/macbookprom2/Desktop/PROJECT/silaju.unifa.ac.id/RPL-RF/vendor/codeigniter4/framework/system/CodeIgniter.php(439): CodeIgniter\CodeIgniter->runController(Object(App\Controllers\Admin))
#4 /Users/macbookprom2/Desktop/PROJECT/silaju.unifa.ac.id/RPL-RF/vendor/codeigniter4/framework/system/CodeIgniter.php(339): CodeIgniter\CodeIgniter->handleRequest(NULL, Object(Config\Cache), false)
#5 /Users/macbookprom2/Desktop/PROJECT/silaju.unifa.ac.id/RPL-RF/public/index.php(45): CodeIgniter\CodeIgniter->run()
#6 /Users/macbookprom2/Desktop/PROJECT/silaju.unifa.ac.id/RPL-RF/vendor/codeigniter4/framework/system/Commands/Server/rewrite.php(45): require_once('/Users/macbookp...')
#7 {main}
CRITICAL - 2024-08-14 22:34:19 --> Trying to get property 'kode_prodi' of non-object
#0 /Users/macbookprom2/Desktop/PROJECT/silaju.unifa.ac.id/RPL-RF/app/Controllers/Admin.php(3534): CodeIgniter\Debug\Exceptions->errorHandler(8, 'Trying to get p...', '/Users/macbookp...', 3534, Array)
#1 /Users/macbookprom2/Desktop/PROJECT/silaju.unifa.ac.id/RPL-RF/app/Controllers/Admin.php(2724): App\Controllers\Admin->getKodeProdiBy('assets')
#2 /Users/macbookprom2/Desktop/PROJECT/silaju.unifa.ac.id/RPL-RF/vendor/codeigniter4/framework/system/CodeIgniter.php(931): App\Controllers\Admin->validprodia1('assets', 'images', 'logo.svg')
#3 /Users/macbookprom2/Desktop/PROJECT/silaju.unifa.ac.id/RPL-RF/vendor/codeigniter4/framework/system/CodeIgniter.php(439): CodeIgniter\CodeIgniter->runController(Object(App\Controllers\Admin))
#4 /Users/macbookprom2/Desktop/PROJECT/silaju.unifa.ac.id/RPL-RF/vendor/codeigniter4/framework/system/CodeIgniter.php(339): CodeIgniter\CodeIgniter->handleRequest(NULL, Object(Config\Cache), false)
#5 /Users/macbookprom2/Desktop/PROJECT/silaju.unifa.ac.id/RPL-RF/public/index.php(45): CodeIgniter\CodeIgniter->run()
#6 /Users/macbookprom2/Desktop/PROJECT/silaju.unifa.ac.id/RPL-RF/vendor/codeigniter4/framework/system/Commands/Server/rewrite.php(45): require_once('/Users/macbookp...')
#7 {main}
CRITICAL - 2024-08-14 22:34:19 --> Trying to get property 'kode_prodi' of non-object
#0 /Users/macbookprom2/Desktop/PROJECT/silaju.unifa.ac.id/RPL-RF/app/Controllers/Admin.php(3534): CodeIgniter\Debug\Exceptions->errorHandler(8, 'Trying to get p...', '/Users/macbookp...', 3534, Array)
#1 /Users/macbookprom2/Desktop/PROJECT/silaju.unifa.ac.id/RPL-RF/app/Controllers/Admin.php(2724): App\Controllers\Admin->getKodeProdiBy('assets')
#2 /Users/macbookprom2/Desktop/PROJECT/silaju.unifa.ac.id/RPL-RF/vendor/codeigniter4/framework/system/CodeIgniter.php(931): App\Controllers\Admin->validprodia1('assets', 'images', 'logo-dark.png')
#3 /Users/macbookprom2/Desktop/PROJECT/silaju.unifa.ac.id/RPL-RF/vendor/codeigniter4/framework/system/CodeIgniter.php(439): CodeIgniter\CodeIgniter->runController(Object(App\Controllers\Admin))
#4 /Users/macbookprom2/Desktop/PROJECT/silaju.unifa.ac.id/RPL-RF/vendor/codeigniter4/framework/system/CodeIgniter.php(339): CodeIgniter\CodeIgniter->handleRequest(NULL, Object(Config\Cache), false)
#5 /Users/macbookprom2/Desktop/PROJECT/silaju.unifa.ac.id/RPL-RF/public/index.php(45): CodeIgniter\CodeIgniter->run()
#6 /Users/macbookprom2/Desktop/PROJECT/silaju.unifa.ac.id/RPL-RF/vendor/codeigniter4/framework/system/Commands/Server/rewrite.php(45): require_once('/Users/macbookp...')
#7 {main}
CRITICAL - 2024-08-14 22:34:20 --> Trying to get property 'kode_prodi' of non-object
#0 /Users/macbookprom2/Desktop/PROJECT/silaju.unifa.ac.id/RPL-RF/app/Controllers/Admin.php(3534): CodeIgniter\Debug\Exceptions->errorHandler(8, 'Trying to get p...', '/Users/macbookp...', 3534, Array)
#1 /Users/macbookprom2/Desktop/PROJECT/silaju.unifa.ac.id/RPL-RF/app/Controllers/Admin.php(2724): App\Controllers\Admin->getKodeProdiBy('assets')
#2 /Users/macbookprom2/Desktop/PROJECT/silaju.unifa.ac.id/RPL-RF/vendor/codeigniter4/framework/system/CodeIgniter.php(931): App\Controllers\Admin->validprodia1('assets', 'images', 'logo.svg')
#3 /Users/macbookprom2/Desktop/PROJECT/silaju.unifa.ac.id/RPL-RF/vendor/codeigniter4/framework/system/CodeIgniter.php(439): CodeIgniter\CodeIgniter->runController(Object(App\Controllers\Admin))
#4 /Users/macbookprom2/Desktop/PROJECT/silaju.unifa.ac.id/RPL-RF/vendor/codeigniter4/framework/system/CodeIgniter.php(339): CodeIgniter\CodeIgniter->handleRequest(NULL, Object(Config\Cache), false)
#5 /Users/macbookprom2/Desktop/PROJECT/silaju.unifa.ac.id/RPL-RF/public/index.php(45): CodeIgniter\CodeIgniter->run()
#6 /Users/macbookprom2/Desktop/PROJECT/silaju.unifa.ac.id/RPL-RF/vendor/codeigniter4/framework/system/Commands/Server/rewrite.php(45): require_once('/Users/macbookp...')
#7 {main}
CRITICAL - 2024-08-14 22:34:20 --> Trying to get property 'kode_prodi' of non-object
#0 /Users/macbookprom2/Desktop/PROJECT/silaju.unifa.ac.id/RPL-RF/app/Controllers/Admin.php(3534): CodeIgniter\Debug\Exceptions->errorHandler(8, 'Trying to get p...', '/Users/macbookp...', 3534, Array)
#1 /Users/macbookprom2/Desktop/PROJECT/silaju.unifa.ac.id/RPL-RF/app/Controllers/Admin.php(2724): App\Controllers\Admin->getKodeProdiBy('assets')
#2 /Users/macbookprom2/Desktop/PROJECT/silaju.unifa.ac.id/RPL-RF/vendor/codeigniter4/framework/system/CodeIgniter.php(931): App\Controllers\Admin->validprodia1('assets', 'images', 'logo-dark.png')
#3 /Users/macbookprom2/Desktop/PROJECT/silaju.unifa.ac.id/RPL-RF/vendor/codeigniter4/framework/system/CodeIgniter.php(439): CodeIgniter\CodeIgniter->runController(Object(App\Controllers\Admin))
#4 /Users/macbookprom2/Desktop/PROJECT/silaju.unifa.ac.id/RPL-RF/vendor/codeigniter4/framework/system/CodeIgniter.php(339): CodeIgniter\CodeIgniter->handleRequest(NULL, Object(Config\Cache), false)
#5 /Users/macbookprom2/Desktop/PROJECT/silaju.unifa.ac.id/RPL-RF/public/index.php(45): CodeIgniter\CodeIgniter->run()
#6 /Users/macbookprom2/Desktop/PROJECT/silaju.unifa.ac.id/RPL-RF/vendor/codeigniter4/framework/system/Commands/Server/rewrite.php(45): require_once('/Users/macbookp...')
#7 {main}
