CRITICAL - 2023-06-20 07:36:20 --> You have an error in your SQL syntax; check the manual that corresponds to your MariaDB server version for the right syntax to use near '='20231'' at line 1
#0 G:\PROJECT\UNIFA\12-6-23-silajux.unifa.ac.id\vendor\codeigniter4\framework\system\Database\MySQLi\Connection.php(329): mysqli->query('update tb_ta_ak...')
#1 G:\PROJECT\UNIFA\12-6-23-silajux.unifa.ac.id\vendor\codeigniter4\framework\system\Database\BaseConnection.php(732): CodeIgniter\Database\MySQLi\Connection->execute('update tb_ta_ak...')
#2 G:\PROJECT\UNIFA\12-6-23-silajux.unifa.ac.id\vendor\codeigniter4\framework\system\Database\BaseConnection.php(647): CodeIgniter\Database\BaseConnection->simpleQuery('update tb_ta_ak...')
#3 G:\PROJECT\UNIFA\12-6-23-silajux.unifa.ac.id\app\Controllers\Admin.php(2883): CodeIgniter\Database\BaseConnection->query('update tb_ta_ak...')
#4 G:\PROJECT\UNIFA\12-6-23-silajux.unifa.ac.id\vendor\codeigniter4\framework\system\CodeIgniter.php(931): App\Controllers\Admin->updateTaAkademik()
#5 G:\PROJECT\UNIFA\12-6-23-silajux.unifa.ac.id\vendor\codeigniter4\framework\system\CodeIgniter.php(439): CodeIgniter\CodeIgniter->runController(Object(App\Controllers\Admin))
#6 G:\PROJECT\UNIFA\12-6-23-silajux.unifa.ac.id\vendor\codeigniter4\framework\system\CodeIgniter.php(339): CodeIgniter\CodeIgniter->handleRequest(NULL, Object(Config\Cache), false)
#7 G:\PROJECT\UNIFA\12-6-23-silajux.unifa.ac.id\public\index.php(45): CodeIgniter\CodeIgniter->run()
#8 G:\PROJECT\UNIFA\12-6-23-silajux.unifa.ac.id\vendor\codeigniter4\framework\system\Commands\Server\rewrite.php(45): require_once('G:\\PROJECT\\UNIF...')
#9 {main}
CRITICAL - 2023-06-20 08:16:11 --> Trying to get property 'prodi' of non-object
#0 G:\PROJECT\UNIFA\12-6-23-silajux.unifa.ac.id\app\Views\Admin\rpl-konsentrasi.php(93): CodeIgniter\Debug\Exceptions->errorHandler(8, 'Trying to get p...', 'G:\\PROJECT\\UNIF...', 93, Array)
#1 G:\PROJECT\UNIFA\12-6-23-silajux.unifa.ac.id\vendor\codeigniter4\framework\system\View\View.php(230): include('G:\\PROJECT\\UNIF...')
#2 G:\PROJECT\UNIFA\12-6-23-silajux.unifa.ac.id\vendor\codeigniter4\framework\system\View\View.php(232): CodeIgniter\View\View->CodeIgniter\View\{closure}()
#3 G:\PROJECT\UNIFA\12-6-23-silajux.unifa.ac.id\vendor\codeigniter4\framework\system\Common.php(1250): CodeIgniter\View\View->render('admin/rpl-konse...', Array, true)
#4 G:\PROJECT\UNIFA\12-6-23-silajux.unifa.ac.id\app\Controllers\Admin.php(2917): view('admin/rpl-konse...', Array)
#5 G:\PROJECT\UNIFA\12-6-23-silajux.unifa.ac.id\vendor\codeigniter4\framework\system\CodeIgniter.php(931): App\Controllers\Admin->setupKonsentrasi()
#6 G:\PROJECT\UNIFA\12-6-23-silajux.unifa.ac.id\vendor\codeigniter4\framework\system\CodeIgniter.php(439): CodeIgniter\CodeIgniter->runController(Object(App\Controllers\Admin))
#7 G:\PROJECT\UNIFA\12-6-23-silajux.unifa.ac.id\vendor\codeigniter4\framework\system\CodeIgniter.php(339): CodeIgniter\CodeIgniter->handleRequest(NULL, Object(Config\Cache), false)
#8 G:\PROJECT\UNIFA\12-6-23-silajux.unifa.ac.id\public\index.php(45): CodeIgniter\CodeIgniter->run()
#9 G:\PROJECT\UNIFA\12-6-23-silajux.unifa.ac.id\vendor\codeigniter4\framework\system\Commands\Server\rewrite.php(45): require_once('G:\\PROJECT\\UNIF...')
#10 {main}
CRITICAL - 2023-06-20 08:23:20 --> You have an error in your SQL syntax; check the manual that corresponds to your MariaDB server version for the right syntax to use near 'from tb_konsentrasi LEFT JOIN prodi on tb_konsentrasi.prodi = prodi.kode_prod...' at line 1
#0 G:\PROJECT\UNIFA\12-6-23-silajux.unifa.ac.id\vendor\codeigniter4\framework\system\Database\MySQLi\Connection.php(329): mysqli->query('SELECT tb_konse...')
#1 G:\PROJECT\UNIFA\12-6-23-silajux.unifa.ac.id\vendor\codeigniter4\framework\system\Database\BaseConnection.php(732): CodeIgniter\Database\MySQLi\Connection->execute('SELECT tb_konse...')
#2 G:\PROJECT\UNIFA\12-6-23-silajux.unifa.ac.id\vendor\codeigniter4\framework\system\Database\BaseConnection.php(647): CodeIgniter\Database\BaseConnection->simpleQuery('SELECT tb_konse...')
#3 G:\PROJECT\UNIFA\12-6-23-silajux.unifa.ac.id\app\Models\ModelKonsentrasi.php(41): CodeIgniter\Database\BaseConnection->query('SELECT tb_konse...')
#4 G:\PROJECT\UNIFA\12-6-23-silajux.unifa.ac.id\app\Controllers\Admin.php(2909): App\Models\ModelKonsentrasi->getDataKonsentrasiByProdi('62201')
#5 G:\PROJECT\UNIFA\12-6-23-silajux.unifa.ac.id\vendor\codeigniter4\framework\system\CodeIgniter.php(931): App\Controllers\Admin->setupKonsentrasi()
#6 G:\PROJECT\UNIFA\12-6-23-silajux.unifa.ac.id\vendor\codeigniter4\framework\system\CodeIgniter.php(439): CodeIgniter\CodeIgniter->runController(Object(App\Controllers\Admin))
#7 G:\PROJECT\UNIFA\12-6-23-silajux.unifa.ac.id\vendor\codeigniter4\framework\system\CodeIgniter.php(339): CodeIgniter\CodeIgniter->handleRequest(NULL, Object(Config\Cache), false)
#8 G:\PROJECT\UNIFA\12-6-23-silajux.unifa.ac.id\public\index.php(45): CodeIgniter\CodeIgniter->run()
#9 G:\PROJECT\UNIFA\12-6-23-silajux.unifa.ac.id\vendor\codeigniter4\framework\system\Commands\Server\rewrite.php(45): require_once('G:\\PROJECT\\UNIF...')
#10 {main}
CRITICAL - 2023-06-20 08:24:21 --> Cannot use object of type stdClass as array
#0 G:\PROJECT\UNIFA\12-6-23-silajux.unifa.ac.id\vendor\codeigniter4\framework\system\View\View.php(230): include()
#1 G:\PROJECT\UNIFA\12-6-23-silajux.unifa.ac.id\vendor\codeigniter4\framework\system\View\View.php(232): CodeIgniter\View\View->CodeIgniter\View\{closure}()
#2 G:\PROJECT\UNIFA\12-6-23-silajux.unifa.ac.id\vendor\codeigniter4\framework\system\Common.php(1250): CodeIgniter\View\View->render('admin/rpl-konse...', Array, true)
#3 G:\PROJECT\UNIFA\12-6-23-silajux.unifa.ac.id\app\Controllers\Admin.php(2918): view('admin/rpl-konse...', Array)
#4 G:\PROJECT\UNIFA\12-6-23-silajux.unifa.ac.id\vendor\codeigniter4\framework\system\CodeIgniter.php(931): App\Controllers\Admin->setupKonsentrasi()
#5 G:\PROJECT\UNIFA\12-6-23-silajux.unifa.ac.id\vendor\codeigniter4\framework\system\CodeIgniter.php(439): CodeIgniter\CodeIgniter->runController(Object(App\Controllers\Admin))
#6 G:\PROJECT\UNIFA\12-6-23-silajux.unifa.ac.id\vendor\codeigniter4\framework\system\CodeIgniter.php(339): CodeIgniter\CodeIgniter->handleRequest(NULL, Object(Config\Cache), false)
#7 G:\PROJECT\UNIFA\12-6-23-silajux.unifa.ac.id\public\index.php(45): CodeIgniter\CodeIgniter->run()
#8 G:\PROJECT\UNIFA\12-6-23-silajux.unifa.ac.id\vendor\codeigniter4\framework\system\Commands\Server\rewrite.php(45): require_once('G:\\PROJECT\\UNIF...')
#9 {main}
