CRITICAL - 2023-06-24 23:40:08 --> Duplicate entry '1232' for key 'PRIMARY'
#0 G:\PROJECT\UNIFA\12-6-23-silajux.unifa.ac.id\vendor\codeigniter4\framework\system\Database\MySQLi\Connection.php(329): mysqli->query('INSERT INTO `tb...')
#1 G:\PROJECT\UNIFA\12-6-23-silajux.unifa.ac.id\vendor\codeigniter4\framework\system\Database\BaseConnection.php(732): CodeIgniter\Database\MySQLi\Connection->execute('INSERT INTO `tb...')
#2 G:\PROJECT\UNIFA\12-6-23-silajux.unifa.ac.id\vendor\codeigniter4\framework\system\Database\BaseConnection.php(647): CodeIgniter\Database\BaseConnection->simpleQuery('INSERT INTO `tb...')
#3 G:\PROJECT\UNIFA\12-6-23-silajux.unifa.ac.id\vendor\codeigniter4\framework\system\Database\BaseBuilder.php(2277): CodeIgniter\Database\BaseConnection->query('INSERT INTO `tb...', Array, false)
#4 G:\PROJECT\UNIFA\12-6-23-silajux.unifa.ac.id\vendor\codeigniter4\framework\system\Model.php(259): CodeIgniter\Database\BaseBuilder->insert()
#5 G:\PROJECT\UNIFA\12-6-23-silajux.unifa.ac.id\vendor\codeigniter4\framework\system\BaseModel.php(774): CodeIgniter\Model->doInsert(Array)
#6 G:\PROJECT\UNIFA\12-6-23-silajux.unifa.ac.id\vendor\codeigniter4\framework\system\Model.php(686): CodeIgniter\BaseModel->insert(Array, true)
#7 G:\PROJECT\UNIFA\12-6-23-silajux.unifa.ac.id\app\Controllers\Admin.php(2941): CodeIgniter\Model->insert(Array)
#8 G:\PROJECT\UNIFA\12-6-23-silajux.unifa.ac.id\vendor\codeigniter4\framework\system\CodeIgniter.php(931): App\Controllers\Admin->simpankons()
#9 G:\PROJECT\UNIFA\12-6-23-silajux.unifa.ac.id\vendor\codeigniter4\framework\system\CodeIgniter.php(439): CodeIgniter\CodeIgniter->runController(Object(App\Controllers\Admin))
#10 G:\PROJECT\UNIFA\12-6-23-silajux.unifa.ac.id\vendor\codeigniter4\framework\system\CodeIgniter.php(339): CodeIgniter\CodeIgniter->handleRequest(NULL, Object(Config\Cache), false)
#11 G:\PROJECT\UNIFA\12-6-23-silajux.unifa.ac.id\public\index.php(45): CodeIgniter\CodeIgniter->run()
#12 G:\PROJECT\UNIFA\12-6-23-silajux.unifa.ac.id\vendor\codeigniter4\framework\system\Commands\Server\rewrite.php(45): require_once('G:\\PROJECT\\UNIF...')
#13 {main}
CRITICAL - 2023-06-24 23:43:43 --> Duplicate entry '1232' for key 'PRIMARY'
#0 G:\PROJECT\UNIFA\12-6-23-silajux.unifa.ac.id\vendor\codeigniter4\framework\system\Database\MySQLi\Connection.php(329): mysqli->query('INSERT INTO `tb...')
#1 G:\PROJECT\UNIFA\12-6-23-silajux.unifa.ac.id\vendor\codeigniter4\framework\system\Database\BaseConnection.php(732): CodeIgniter\Database\MySQLi\Connection->execute('INSERT INTO `tb...')
#2 G:\PROJECT\UNIFA\12-6-23-silajux.unifa.ac.id\vendor\codeigniter4\framework\system\Database\BaseConnection.php(647): CodeIgniter\Database\BaseConnection->simpleQuery('INSERT INTO `tb...')
#3 G:\PROJECT\UNIFA\12-6-23-silajux.unifa.ac.id\vendor\codeigniter4\framework\system\Database\BaseBuilder.php(2277): CodeIgniter\Database\BaseConnection->query('INSERT INTO `tb...', Array, false)
#4 G:\PROJECT\UNIFA\12-6-23-silajux.unifa.ac.id\vendor\codeigniter4\framework\system\Model.php(259): CodeIgniter\Database\BaseBuilder->insert()
#5 G:\PROJECT\UNIFA\12-6-23-silajux.unifa.ac.id\vendor\codeigniter4\framework\system\BaseModel.php(774): CodeIgniter\Model->doInsert(Array)
#6 G:\PROJECT\UNIFA\12-6-23-silajux.unifa.ac.id\vendor\codeigniter4\framework\system\Model.php(686): CodeIgniter\BaseModel->insert(Array, true)
#7 G:\PROJECT\UNIFA\12-6-23-silajux.unifa.ac.id\app\Controllers\Admin.php(2941): CodeIgniter\Model->insert(Array)
#8 G:\PROJECT\UNIFA\12-6-23-silajux.unifa.ac.id\vendor\codeigniter4\framework\system\CodeIgniter.php(931): App\Controllers\Admin->simpankons()
#9 G:\PROJECT\UNIFA\12-6-23-silajux.unifa.ac.id\vendor\codeigniter4\framework\system\CodeIgniter.php(439): CodeIgniter\CodeIgniter->runController(Object(App\Controllers\Admin))
#10 G:\PROJECT\UNIFA\12-6-23-silajux.unifa.ac.id\vendor\codeigniter4\framework\system\CodeIgniter.php(339): CodeIgniter\CodeIgniter->handleRequest(NULL, Object(Config\Cache), false)
#11 G:\PROJECT\UNIFA\12-6-23-silajux.unifa.ac.id\public\index.php(45): CodeIgniter\CodeIgniter->run()
#12 G:\PROJECT\UNIFA\12-6-23-silajux.unifa.ac.id\vendor\codeigniter4\framework\system\Commands\Server\rewrite.php(45): require_once('G:\\PROJECT\\UNIF...')
#13 {main}
CRITICAL - 2023-06-24 23:43:47 --> Call to a member function result() on int
#0 G:\PROJECT\UNIFA\12-6-23-silajux.unifa.ac.id\vendor\codeigniter4\framework\system\CodeIgniter.php(931): App\Controllers\Admin->simpankons()
#1 G:\PROJECT\UNIFA\12-6-23-silajux.unifa.ac.id\vendor\codeigniter4\framework\system\CodeIgniter.php(439): CodeIgniter\CodeIgniter->runController(Object(App\Controllers\Admin))
#2 G:\PROJECT\UNIFA\12-6-23-silajux.unifa.ac.id\vendor\codeigniter4\framework\system\CodeIgniter.php(339): CodeIgniter\CodeIgniter->handleRequest(NULL, Object(Config\Cache), false)
#3 G:\PROJECT\UNIFA\12-6-23-silajux.unifa.ac.id\public\index.php(45): CodeIgniter\CodeIgniter->run()
#4 G:\PROJECT\UNIFA\12-6-23-silajux.unifa.ac.id\vendor\codeigniter4\framework\system\Commands\Server\rewrite.php(45): require_once('G:\\PROJECT\\UNIF...')
#5 {main}
CRITICAL - 2023-06-24 23:43:52 --> Call to a member function result() on int
#0 G:\PROJECT\UNIFA\12-6-23-silajux.unifa.ac.id\vendor\codeigniter4\framework\system\CodeIgniter.php(931): App\Controllers\Admin->simpankons()
#1 G:\PROJECT\UNIFA\12-6-23-silajux.unifa.ac.id\vendor\codeigniter4\framework\system\CodeIgniter.php(439): CodeIgniter\CodeIgniter->runController(Object(App\Controllers\Admin))
#2 G:\PROJECT\UNIFA\12-6-23-silajux.unifa.ac.id\vendor\codeigniter4\framework\system\CodeIgniter.php(339): CodeIgniter\CodeIgniter->handleRequest(NULL, Object(Config\Cache), false)
#3 G:\PROJECT\UNIFA\12-6-23-silajux.unifa.ac.id\public\index.php(45): CodeIgniter\CodeIgniter->run()
#4 G:\PROJECT\UNIFA\12-6-23-silajux.unifa.ac.id\vendor\codeigniter4\framework\system\Commands\Server\rewrite.php(45): require_once('G:\\PROJECT\\UNIF...')
#5 {main}
CRITICAL - 2023-06-24 23:46:14 --> Duplicate entry '12' for key 'PRIMARY'
#0 G:\PROJECT\UNIFA\12-6-23-silajux.unifa.ac.id\vendor\codeigniter4\framework\system\Database\MySQLi\Connection.php(329): mysqli->query('INSERT INTO `tb...')
#1 G:\PROJECT\UNIFA\12-6-23-silajux.unifa.ac.id\vendor\codeigniter4\framework\system\Database\BaseConnection.php(732): CodeIgniter\Database\MySQLi\Connection->execute('INSERT INTO `tb...')
#2 G:\PROJECT\UNIFA\12-6-23-silajux.unifa.ac.id\vendor\codeigniter4\framework\system\Database\BaseConnection.php(647): CodeIgniter\Database\BaseConnection->simpleQuery('INSERT INTO `tb...')
#3 G:\PROJECT\UNIFA\12-6-23-silajux.unifa.ac.id\vendor\codeigniter4\framework\system\Database\BaseBuilder.php(2277): CodeIgniter\Database\BaseConnection->query('INSERT INTO `tb...', Array, false)
#4 G:\PROJECT\UNIFA\12-6-23-silajux.unifa.ac.id\vendor\codeigniter4\framework\system\Model.php(259): CodeIgniter\Database\BaseBuilder->insert()
#5 G:\PROJECT\UNIFA\12-6-23-silajux.unifa.ac.id\vendor\codeigniter4\framework\system\BaseModel.php(774): CodeIgniter\Model->doInsert(Array)
#6 G:\PROJECT\UNIFA\12-6-23-silajux.unifa.ac.id\vendor\codeigniter4\framework\system\Model.php(686): CodeIgniter\BaseModel->insert(Array, true)
#7 G:\PROJECT\UNIFA\12-6-23-silajux.unifa.ac.id\app\Controllers\Admin.php(2941): CodeIgniter\Model->insert(Array)
#8 G:\PROJECT\UNIFA\12-6-23-silajux.unifa.ac.id\vendor\codeigniter4\framework\system\CodeIgniter.php(931): App\Controllers\Admin->simpankons()
#9 G:\PROJECT\UNIFA\12-6-23-silajux.unifa.ac.id\vendor\codeigniter4\framework\system\CodeIgniter.php(439): CodeIgniter\CodeIgniter->runController(Object(App\Controllers\Admin))
#10 G:\PROJECT\UNIFA\12-6-23-silajux.unifa.ac.id\vendor\codeigniter4\framework\system\CodeIgniter.php(339): CodeIgniter\CodeIgniter->handleRequest(NULL, Object(Config\Cache), false)
#11 G:\PROJECT\UNIFA\12-6-23-silajux.unifa.ac.id\public\index.php(45): CodeIgniter\CodeIgniter->run()
#12 G:\PROJECT\UNIFA\12-6-23-silajux.unifa.ac.id\vendor\codeigniter4\framework\system\Commands\Server\rewrite.php(45): require_once('G:\\PROJECT\\UNIF...')
#13 {main}
CRITICAL - 2023-06-24 23:46:27 --> Call to a member function result() on int
#0 G:\PROJECT\UNIFA\12-6-23-silajux.unifa.ac.id\vendor\codeigniter4\framework\system\CodeIgniter.php(931): App\Controllers\Admin->simpankons()
#1 G:\PROJECT\UNIFA\12-6-23-silajux.unifa.ac.id\vendor\codeigniter4\framework\system\CodeIgniter.php(439): CodeIgniter\CodeIgniter->runController(Object(App\Controllers\Admin))
#2 G:\PROJECT\UNIFA\12-6-23-silajux.unifa.ac.id\vendor\codeigniter4\framework\system\CodeIgniter.php(339): CodeIgniter\CodeIgniter->handleRequest(NULL, Object(Config\Cache), false)
#3 G:\PROJECT\UNIFA\12-6-23-silajux.unifa.ac.id\public\index.php(45): CodeIgniter\CodeIgniter->run()
#4 G:\PROJECT\UNIFA\12-6-23-silajux.unifa.ac.id\vendor\codeigniter4\framework\system\Commands\Server\rewrite.php(45): require_once('G:\\PROJECT\\UNIF...')
#5 {main}
CRITICAL - 2023-06-24 23:46:44 --> Duplicate entry '321' for key 'PRIMARY'
#0 G:\PROJECT\UNIFA\12-6-23-silajux.unifa.ac.id\vendor\codeigniter4\framework\system\Database\MySQLi\Connection.php(329): mysqli->query('INSERT INTO `tb...')
#1 G:\PROJECT\UNIFA\12-6-23-silajux.unifa.ac.id\vendor\codeigniter4\framework\system\Database\BaseConnection.php(732): CodeIgniter\Database\MySQLi\Connection->execute('INSERT INTO `tb...')
#2 G:\PROJECT\UNIFA\12-6-23-silajux.unifa.ac.id\vendor\codeigniter4\framework\system\Database\BaseConnection.php(647): CodeIgniter\Database\BaseConnection->simpleQuery('INSERT INTO `tb...')
#3 G:\PROJECT\UNIFA\12-6-23-silajux.unifa.ac.id\vendor\codeigniter4\framework\system\Database\BaseBuilder.php(2277): CodeIgniter\Database\BaseConnection->query('INSERT INTO `tb...', Array, false)
#4 G:\PROJECT\UNIFA\12-6-23-silajux.unifa.ac.id\vendor\codeigniter4\framework\system\Model.php(259): CodeIgniter\Database\BaseBuilder->insert()
#5 G:\PROJECT\UNIFA\12-6-23-silajux.unifa.ac.id\vendor\codeigniter4\framework\system\BaseModel.php(774): CodeIgniter\Model->doInsert(Array)
#6 G:\PROJECT\UNIFA\12-6-23-silajux.unifa.ac.id\vendor\codeigniter4\framework\system\Model.php(686): CodeIgniter\BaseModel->insert(Array, true)
#7 G:\PROJECT\UNIFA\12-6-23-silajux.unifa.ac.id\app\Controllers\Admin.php(2941): CodeIgniter\Model->insert(Array)
#8 G:\PROJECT\UNIFA\12-6-23-silajux.unifa.ac.id\vendor\codeigniter4\framework\system\CodeIgniter.php(931): App\Controllers\Admin->simpankons()
#9 G:\PROJECT\UNIFA\12-6-23-silajux.unifa.ac.id\vendor\codeigniter4\framework\system\CodeIgniter.php(439): CodeIgniter\CodeIgniter->runController(Object(App\Controllers\Admin))
#10 G:\PROJECT\UNIFA\12-6-23-silajux.unifa.ac.id\vendor\codeigniter4\framework\system\CodeIgniter.php(339): CodeIgniter\CodeIgniter->handleRequest(NULL, Object(Config\Cache), false)
#11 G:\PROJECT\UNIFA\12-6-23-silajux.unifa.ac.id\public\index.php(45): CodeIgniter\CodeIgniter->run()
#12 G:\PROJECT\UNIFA\12-6-23-silajux.unifa.ac.id\vendor\codeigniter4\framework\system\Commands\Server\rewrite.php(45): require_once('G:\\PROJECT\\UNIF...')
#13 {main}
CRITICAL - 2023-06-24 23:48:19 --> Array to string conversion
#0 G:\PROJECT\UNIFA\12-6-23-silajux.unifa.ac.id\app\Controllers\Admin.php(2944): CodeIgniter\Debug\Exceptions->errorHandler(8, 'Array to string...', 'G:\\PROJECT\\UNIF...', 2944, Array)
#1 G:\PROJECT\UNIFA\12-6-23-silajux.unifa.ac.id\vendor\codeigniter4\framework\system\CodeIgniter.php(931): App\Controllers\Admin->simpankons()
#2 G:\PROJECT\UNIFA\12-6-23-silajux.unifa.ac.id\vendor\codeigniter4\framework\system\CodeIgniter.php(439): CodeIgniter\CodeIgniter->runController(Object(App\Controllers\Admin))
#3 G:\PROJECT\UNIFA\12-6-23-silajux.unifa.ac.id\vendor\codeigniter4\framework\system\CodeIgniter.php(339): CodeIgniter\CodeIgniter->handleRequest(NULL, Object(Config\Cache), false)
#4 G:\PROJECT\UNIFA\12-6-23-silajux.unifa.ac.id\public\index.php(45): CodeIgniter\CodeIgniter->run()
#5 G:\PROJECT\UNIFA\12-6-23-silajux.unifa.ac.id\vendor\codeigniter4\framework\system\Commands\Server\rewrite.php(45): require_once('G:\\PROJECT\\UNIF...')
#6 {main}
CRITICAL - 2023-06-24 23:48:54 --> Call to undefined function App\Controllers\json_endcode()
#0 G:\PROJECT\UNIFA\12-6-23-silajux.unifa.ac.id\vendor\codeigniter4\framework\system\CodeIgniter.php(931): App\Controllers\Admin->simpankons()
#1 G:\PROJECT\UNIFA\12-6-23-silajux.unifa.ac.id\vendor\codeigniter4\framework\system\CodeIgniter.php(439): CodeIgniter\CodeIgniter->runController(Object(App\Controllers\Admin))
#2 G:\PROJECT\UNIFA\12-6-23-silajux.unifa.ac.id\vendor\codeigniter4\framework\system\CodeIgniter.php(339): CodeIgniter\CodeIgniter->handleRequest(NULL, Object(Config\Cache), false)
#3 G:\PROJECT\UNIFA\12-6-23-silajux.unifa.ac.id\public\index.php(45): CodeIgniter\CodeIgniter->run()
#4 G:\PROJECT\UNIFA\12-6-23-silajux.unifa.ac.id\vendor\codeigniter4\framework\system\Commands\Server\rewrite.php(45): require_once('G:\\PROJECT\\UNIF...')
#5 {main}
