CRITICAL - 2023-02-21 23:42:30 --> Call to a member function getResult() on bool
#0 /www/wwwroot/silaju.unifa.ac.id/app/Controllers/Front.php(21): App\Models\ModelProv->getProv()
#1 /www/wwwroot/silaju.unifa.ac.id/vendor/codeigniter4/framework/system/CodeIgniter.php(931): App\Controllers\Front->index()
#2 /www/wwwroot/silaju.unifa.ac.id/vendor/codeigniter4/framework/system/CodeIgniter.php(439): CodeIgniter\CodeIgniter->runController()
#3 /www/wwwroot/silaju.unifa.ac.id/vendor/codeigniter4/framework/system/CodeIgniter.php(339): CodeIgniter\CodeIgniter->handleRequest()
#4 /www/wwwroot/silaju.unifa.ac.id/public/index.php(45): CodeIgniter\CodeIgniter->run()
#5 {main}
CRITICAL - 2023-02-21 23:45:50 --> Call to a member function getResult() on bool
#0 /www/wwwroot/silaju.unifa.ac.id/app/Controllers/Front.php(21): App\Models\ModelProv->getProv()
#1 /www/wwwroot/silaju.unifa.ac.id/vendor/codeigniter4/framework/system/CodeIgniter.php(931): App\Controllers\Front->index()
#2 /www/wwwroot/silaju.unifa.ac.id/vendor/codeigniter4/framework/system/CodeIgniter.php(439): CodeIgniter\CodeIgniter->runController()
#3 /www/wwwroot/silaju.unifa.ac.id/vendor/codeigniter4/framework/system/CodeIgniter.php(339): CodeIgniter\CodeIgniter->handleRequest()
#4 /www/wwwroot/silaju.unifa.ac.id/public/index.php(45): CodeIgniter\CodeIgniter->run()
#5 {main}
CRITICAL - 2023-02-21 23:46:09 --> Call to a member function getResult() on bool
#0 /www/wwwroot/silaju.unifa.ac.id/app/Controllers/Front.php(21): App\Models\ModelProv->getProv()
#1 /www/wwwroot/silaju.unifa.ac.id/vendor/codeigniter4/framework/system/CodeIgniter.php(931): App\Controllers\Front->index()
#2 /www/wwwroot/silaju.unifa.ac.id/vendor/codeigniter4/framework/system/CodeIgniter.php(439): CodeIgniter\CodeIgniter->runController()
#3 /www/wwwroot/silaju.unifa.ac.id/vendor/codeigniter4/framework/system/CodeIgniter.php(339): CodeIgniter\CodeIgniter->handleRequest()
#4 /www/wwwroot/silaju.unifa.ac.id/public/index.php(45): CodeIgniter\CodeIgniter->run()
#5 {main}
CRITICAL - 2023-02-21 23:46:45 --> Table 'rpl.uf.dikti_tb_tbpro' doesn't exist
#0 /www/wwwroot/silaju.unifa.ac.id/vendor/codeigniter4/framework/system/Database/MySQLi/Connection.php(329): mysqli->query()
#1 /www/wwwroot/silaju.unifa.ac.id/vendor/codeigniter4/framework/system/Database/BaseConnection.php(732): CodeIgniter\Database\MySQLi\Connection->execute()
#2 /www/wwwroot/silaju.unifa.ac.id/vendor/codeigniter4/framework/system/Database/BaseConnection.php(647): CodeIgniter\Database\BaseConnection->simpleQuery()
#3 /www/wwwroot/silaju.unifa.ac.id/vendor/codeigniter4/framework/system/Database/BaseBuilder.php(1881): CodeIgniter\Database\BaseConnection->query()
#4 /www/wwwroot/silaju.unifa.ac.id/vendor/codeigniter4/framework/system/Model.php(800): CodeIgniter\Database\BaseBuilder->get()
#5 /www/wwwroot/silaju.unifa.ac.id/app/Models/ModelProv.php(28): CodeIgniter\Model->__call()
#6 /www/wwwroot/silaju.unifa.ac.id/app/Controllers/Front.php(21): App\Models\ModelProv->getProv()
#7 /www/wwwroot/silaju.unifa.ac.id/vendor/codeigniter4/framework/system/CodeIgniter.php(931): App\Controllers\Front->index()
#8 /www/wwwroot/silaju.unifa.ac.id/vendor/codeigniter4/framework/system/CodeIgniter.php(439): CodeIgniter\CodeIgniter->runController()
#9 /www/wwwroot/silaju.unifa.ac.id/vendor/codeigniter4/framework/system/CodeIgniter.php(339): CodeIgniter\CodeIgniter->handleRequest()
#10 /www/wwwroot/silaju.unifa.ac.id/public/index.php(45): CodeIgniter\CodeIgniter->run()
#11 {main}
CRITICAL - 2023-02-21 23:50:07 --> Table 'rpl.uf.dikti_tb_tbpro' doesn't exist
#0 /www/wwwroot/silaju.unifa.ac.id/vendor/codeigniter4/framework/system/Database/MySQLi/Connection.php(329): mysqli->query()
#1 /www/wwwroot/silaju.unifa.ac.id/vendor/codeigniter4/framework/system/Database/BaseConnection.php(732): CodeIgniter\Database\MySQLi\Connection->execute()
#2 /www/wwwroot/silaju.unifa.ac.id/vendor/codeigniter4/framework/system/Database/BaseConnection.php(647): CodeIgniter\Database\BaseConnection->simpleQuery()
#3 /www/wwwroot/silaju.unifa.ac.id/vendor/codeigniter4/framework/system/Database/BaseBuilder.php(1881): CodeIgniter\Database\BaseConnection->query()
#4 /www/wwwroot/silaju.unifa.ac.id/vendor/codeigniter4/framework/system/Model.php(800): CodeIgniter\Database\BaseBuilder->get()
#5 /www/wwwroot/silaju.unifa.ac.id/app/Models/ModelProv.php(28): CodeIgniter\Model->__call()
#6 /www/wwwroot/silaju.unifa.ac.id/app/Controllers/Front.php(21): App\Models\ModelProv->getProv()
#7 /www/wwwroot/silaju.unifa.ac.id/vendor/codeigniter4/framework/system/CodeIgniter.php(931): App\Controllers\Front->index()
#8 /www/wwwroot/silaju.unifa.ac.id/vendor/codeigniter4/framework/system/CodeIgniter.php(439): CodeIgniter\CodeIgniter->runController()
#9 /www/wwwroot/silaju.unifa.ac.id/vendor/codeigniter4/framework/system/CodeIgniter.php(339): CodeIgniter\CodeIgniter->handleRequest()
#10 /www/wwwroot/silaju.unifa.ac.id/public/index.php(45): CodeIgniter\CodeIgniter->run()
#11 {main}
CRITICAL - 2023-02-21 23:50:09 --> Table 'rpl.uf.dikti_tb_tbpro' doesn't exist
#0 /www/wwwroot/silaju.unifa.ac.id/vendor/codeigniter4/framework/system/Database/MySQLi/Connection.php(329): mysqli->query()
#1 /www/wwwroot/silaju.unifa.ac.id/vendor/codeigniter4/framework/system/Database/BaseConnection.php(732): CodeIgniter\Database\MySQLi\Connection->execute()
#2 /www/wwwroot/silaju.unifa.ac.id/vendor/codeigniter4/framework/system/Database/BaseConnection.php(647): CodeIgniter\Database\BaseConnection->simpleQuery()
#3 /www/wwwroot/silaju.unifa.ac.id/vendor/codeigniter4/framework/system/Database/BaseBuilder.php(1881): CodeIgniter\Database\BaseConnection->query()
#4 /www/wwwroot/silaju.unifa.ac.id/vendor/codeigniter4/framework/system/Model.php(800): CodeIgniter\Database\BaseBuilder->get()
#5 /www/wwwroot/silaju.unifa.ac.id/app/Models/ModelProv.php(28): CodeIgniter\Model->__call()
#6 /www/wwwroot/silaju.unifa.ac.id/app/Controllers/Front.php(21): App\Models\ModelProv->getProv()
#7 /www/wwwroot/silaju.unifa.ac.id/vendor/codeigniter4/framework/system/CodeIgniter.php(931): App\Controllers\Front->index()
#8 /www/wwwroot/silaju.unifa.ac.id/vendor/codeigniter4/framework/system/CodeIgniter.php(439): CodeIgniter\CodeIgniter->runController()
#9 /www/wwwroot/silaju.unifa.ac.id/vendor/codeigniter4/framework/system/CodeIgniter.php(339): CodeIgniter\CodeIgniter->handleRequest()
#10 /www/wwwroot/silaju.unifa.ac.id/public/index.php(45): CodeIgniter\CodeIgniter->run()
#11 {main}
CRITICAL - 2023-02-21 23:55:26 --> Table 'rpl.uf.dikti_tb_tbpro' doesn't exist
#0 /www/wwwroot/silaju.unifa.ac.id/vendor/codeigniter4/framework/system/Database/MySQLi/Connection.php(329): mysqli->query()
#1 /www/wwwroot/silaju.unifa.ac.id/vendor/codeigniter4/framework/system/Database/BaseConnection.php(732): CodeIgniter\Database\MySQLi\Connection->execute()
#2 /www/wwwroot/silaju.unifa.ac.id/vendor/codeigniter4/framework/system/Database/BaseConnection.php(647): CodeIgniter\Database\BaseConnection->simpleQuery()
#3 /www/wwwroot/silaju.unifa.ac.id/vendor/codeigniter4/framework/system/Database/BaseBuilder.php(1881): CodeIgniter\Database\BaseConnection->query()
#4 /www/wwwroot/silaju.unifa.ac.id/vendor/codeigniter4/framework/system/Model.php(800): CodeIgniter\Database\BaseBuilder->get()
#5 /www/wwwroot/silaju.unifa.ac.id/app/Models/ModelProv.php(28): CodeIgniter\Model->__call()
#6 /www/wwwroot/silaju.unifa.ac.id/app/Controllers/Front.php(21): App\Models\ModelProv->getProv()
#7 /www/wwwroot/silaju.unifa.ac.id/vendor/codeigniter4/framework/system/CodeIgniter.php(931): App\Controllers\Front->index()
#8 /www/wwwroot/silaju.unifa.ac.id/vendor/codeigniter4/framework/system/CodeIgniter.php(439): CodeIgniter\CodeIgniter->runController()
#9 /www/wwwroot/silaju.unifa.ac.id/vendor/codeigniter4/framework/system/CodeIgniter.php(339): CodeIgniter\CodeIgniter->handleRequest()
#10 /www/wwwroot/silaju.unifa.ac.id/public/index.php(45): CodeIgniter\CodeIgniter->run()
#11 {main}
CRITICAL - 2023-02-21 23:55:32 --> Table 'rpl.uf.dikti_tb_tbpro' doesn't exist
#0 /www/wwwroot/silaju.unifa.ac.id/vendor/codeigniter4/framework/system/Database/MySQLi/Connection.php(329): mysqli->query()
#1 /www/wwwroot/silaju.unifa.ac.id/vendor/codeigniter4/framework/system/Database/BaseConnection.php(732): CodeIgniter\Database\MySQLi\Connection->execute()
#2 /www/wwwroot/silaju.unifa.ac.id/vendor/codeigniter4/framework/system/Database/BaseConnection.php(647): CodeIgniter\Database\BaseConnection->simpleQuery()
#3 /www/wwwroot/silaju.unifa.ac.id/vendor/codeigniter4/framework/system/Database/BaseBuilder.php(1881): CodeIgniter\Database\BaseConnection->query()
#4 /www/wwwroot/silaju.unifa.ac.id/vendor/codeigniter4/framework/system/Model.php(800): CodeIgniter\Database\BaseBuilder->get()
#5 /www/wwwroot/silaju.unifa.ac.id/app/Models/ModelProv.php(28): CodeIgniter\Model->__call()
#6 /www/wwwroot/silaju.unifa.ac.id/app/Controllers/Front.php(21): App\Models\ModelProv->getProv()
#7 /www/wwwroot/silaju.unifa.ac.id/vendor/codeigniter4/framework/system/CodeIgniter.php(931): App\Controllers\Front->index()
#8 /www/wwwroot/silaju.unifa.ac.id/vendor/codeigniter4/framework/system/CodeIgniter.php(439): CodeIgniter\CodeIgniter->runController()
#9 /www/wwwroot/silaju.unifa.ac.id/vendor/codeigniter4/framework/system/CodeIgniter.php(339): CodeIgniter\CodeIgniter->handleRequest()
#10 /www/wwwroot/silaju.unifa.ac.id/public/index.php(45): CodeIgniter\CodeIgniter->run()
#11 {main}
