CRITICAL - 2023-01-31 02:25:01 --> Argument 1 passed to CodeIgniter\Database\MySQLi\Connection::_escapeString() must be of the type string, null given, called in G:\PROJECT\UNIFA\RPL-UF\vendor\codeigniter4\framework\system\Database\BaseConnection.php on line 1429
#0 G:\PROJECT\UNIFA\RPL-UF\vendor\codeigniter4\framework\system\Database\BaseConnection.php(1429): CodeIgniter\Database\MySQLi\Connection->_escapeString(NULL)
#1 G:\PROJECT\UNIFA\RPL-UF\app\Controllers\Front.php(285): CodeIgniter\Database\BaseConnection->escapeString(NULL)
#2 G:\PROJECT\UNIFA\RPL-UF\vendor\codeigniter4\framework\system\CodeIgniter.php(931): App\Controllers\Front->Simpanberkas()
#3 G:\PROJECT\UNIFA\RPL-UF\vendor\codeigniter4\framework\system\CodeIgniter.php(439): CodeIgniter\CodeIgniter->runController(Object(App\Controllers\Front))
#4 G:\PROJECT\UNIFA\RPL-UF\vendor\codeigniter4\framework\system\CodeIgniter.php(339): CodeIgniter\CodeIgniter->handleRequest(NULL, Object(Config\Cache), false)
#5 G:\PROJECT\UNIFA\RPL-UF\public\index.php(45): CodeIgniter\CodeIgniter->run()
#6 G:\PROJECT\UNIFA\RPL-UF\vendor\codeigniter4\framework\system\Commands\Server\rewrite.php(45): require_once('G:\\PROJECT\\UNIF...')
#7 {main}
CRITICAL - 2023-01-31 02:33:08 --> Argument 1 passed to CodeIgniter\Database\MySQLi\Connection::_escapeString() must be of the type string, null given, called in G:\PROJECT\UNIFA\RPL-UF\vendor\codeigniter4\framework\system\Database\BaseConnection.php on line 1429
#0 G:\PROJECT\UNIFA\RPL-UF\vendor\codeigniter4\framework\system\Database\BaseConnection.php(1429): CodeIgniter\Database\MySQLi\Connection->_escapeString(NULL)
#1 G:\PROJECT\UNIFA\RPL-UF\app\Controllers\Admin.php(282): CodeIgniter\Database\BaseConnection->escapeString(NULL)
#2 G:\PROJECT\UNIFA\RPL-UF\vendor\codeigniter4\framework\system\CodeIgniter.php(931): App\Controllers\Admin->getdatamahsiswaBelumPunyaAsessor()
#3 G:\PROJECT\UNIFA\RPL-UF\vendor\codeigniter4\framework\system\CodeIgniter.php(439): CodeIgniter\CodeIgniter->runController(Object(App\Controllers\Admin))
#4 G:\PROJECT\UNIFA\RPL-UF\vendor\codeigniter4\framework\system\CodeIgniter.php(339): CodeIgniter\CodeIgniter->handleRequest(NULL, Object(Config\Cache), false)
#5 G:\PROJECT\UNIFA\RPL-UF\public\index.php(45): CodeIgniter\CodeIgniter->run()
#6 G:\PROJECT\UNIFA\RPL-UF\vendor\codeigniter4\framework\system\Commands\Server\rewrite.php(45): require_once('G:\\PROJECT\\UNIF...')
#7 {main}
CRITICAL - 2023-01-31 02:53:22 --> Argument 1 passed to CodeIgniter\Database\MySQLi\Connection::_escapeString() must be of the type string, null given, called in G:\PROJECT\UNIFA\RPL-UF\vendor\codeigniter4\framework\system\Database\BaseConnection.php on line 1429
#0 G:\PROJECT\UNIFA\RPL-UF\vendor\codeigniter4\framework\system\Database\BaseConnection.php(1429): CodeIgniter\Database\MySQLi\Connection->_escapeString(NULL)
#1 G:\PROJECT\UNIFA\RPL-UF\app\Controllers\Admin.php(299): CodeIgniter\Database\BaseConnection->escapeString(NULL)
#2 G:\PROJECT\UNIFA\RPL-UF\vendor\codeigniter4\framework\system\CodeIgniter.php(931): App\Controllers\Admin->simpanpesertaasessor()
#3 G:\PROJECT\UNIFA\RPL-UF\vendor\codeigniter4\framework\system\CodeIgniter.php(439): CodeIgniter\CodeIgniter->runController(Object(App\Controllers\Admin))
#4 G:\PROJECT\UNIFA\RPL-UF\vendor\codeigniter4\framework\system\CodeIgniter.php(339): CodeIgniter\CodeIgniter->handleRequest(NULL, Object(Config\Cache), false)
#5 G:\PROJECT\UNIFA\RPL-UF\public\index.php(45): CodeIgniter\CodeIgniter->run()
#6 G:\PROJECT\UNIFA\RPL-UF\vendor\codeigniter4\framework\system\Commands\Server\rewrite.php(45): require_once('G:\\PROJECT\\UNIF...')
#7 {main}
CRITICAL - 2023-01-31 02:53:29 --> Argument 1 passed to CodeIgniter\Database\MySQLi\Connection::_escapeString() must be of the type string, null given, called in G:\PROJECT\UNIFA\RPL-UF\vendor\codeigniter4\framework\system\Database\BaseConnection.php on line 1429
#0 G:\PROJECT\UNIFA\RPL-UF\vendor\codeigniter4\framework\system\Database\BaseConnection.php(1429): CodeIgniter\Database\MySQLi\Connection->_escapeString(NULL)
#1 G:\PROJECT\UNIFA\RPL-UF\app\Controllers\Admin.php(282): CodeIgniter\Database\BaseConnection->escapeString(NULL)
#2 G:\PROJECT\UNIFA\RPL-UF\vendor\codeigniter4\framework\system\CodeIgniter.php(931): App\Controllers\Admin->getdatamahsiswaBelumPunyaAsessor()
#3 G:\PROJECT\UNIFA\RPL-UF\vendor\codeigniter4\framework\system\CodeIgniter.php(439): CodeIgniter\CodeIgniter->runController(Object(App\Controllers\Admin))
#4 G:\PROJECT\UNIFA\RPL-UF\vendor\codeigniter4\framework\system\CodeIgniter.php(339): CodeIgniter\CodeIgniter->handleRequest(NULL, Object(Config\Cache), false)
#5 G:\PROJECT\UNIFA\RPL-UF\public\index.php(45): CodeIgniter\CodeIgniter->run()
#6 G:\PROJECT\UNIFA\RPL-UF\vendor\codeigniter4\framework\system\Commands\Server\rewrite.php(45): require_once('G:\\PROJECT\\UNIF...')
#7 {main}
CRITICAL - 2023-01-31 02:57:03 --> Argument 1 passed to CodeIgniter\Database\MySQLi\Connection::_escapeString() must be of the type string, null given, called in G:\PROJECT\UNIFA\RPL-UF\vendor\codeigniter4\framework\system\Database\BaseConnection.php on line 1429
#0 G:\PROJECT\UNIFA\RPL-UF\vendor\codeigniter4\framework\system\Database\BaseConnection.php(1429): CodeIgniter\Database\MySQLi\Connection->_escapeString(NULL)
#1 G:\PROJECT\UNIFA\RPL-UF\app\Controllers\Admin.php(299): CodeIgniter\Database\BaseConnection->escapeString(NULL)
#2 G:\PROJECT\UNIFA\RPL-UF\vendor\codeigniter4\framework\system\CodeIgniter.php(931): App\Controllers\Admin->simpanpesertaasessor()
#3 G:\PROJECT\UNIFA\RPL-UF\vendor\codeigniter4\framework\system\CodeIgniter.php(439): CodeIgniter\CodeIgniter->runController(Object(App\Controllers\Admin))
#4 G:\PROJECT\UNIFA\RPL-UF\vendor\codeigniter4\framework\system\CodeIgniter.php(339): CodeIgniter\CodeIgniter->handleRequest(NULL, Object(Config\Cache), false)
#5 G:\PROJECT\UNIFA\RPL-UF\public\index.php(45): CodeIgniter\CodeIgniter->run()
#6 G:\PROJECT\UNIFA\RPL-UF\vendor\codeigniter4\framework\system\Commands\Server\rewrite.php(45): require_once('G:\\PROJECT\\UNIF...')
#7 {main}
CRITICAL - 2023-01-31 03:24:38 --> Argument 1 passed to CodeIgniter\Database\MySQLi\Connection::_escapeString() must be of the type string, null given, called in G:\PROJECT\UNIFA\RPL-UF\vendor\codeigniter4\framework\system\Database\BaseConnection.php on line 1429
#0 G:\PROJECT\UNIFA\RPL-UF\vendor\codeigniter4\framework\system\Database\BaseConnection.php(1429): CodeIgniter\Database\MySQLi\Connection->_escapeString(NULL)
#1 G:\PROJECT\UNIFA\RPL-UF\app\Controllers\Admin.php(299): CodeIgniter\Database\BaseConnection->escapeString(NULL)
#2 G:\PROJECT\UNIFA\RPL-UF\vendor\codeigniter4\framework\system\CodeIgniter.php(931): App\Controllers\Admin->simpanpesertaasessor()
#3 G:\PROJECT\UNIFA\RPL-UF\vendor\codeigniter4\framework\system\CodeIgniter.php(439): CodeIgniter\CodeIgniter->runController(Object(App\Controllers\Admin))
#4 G:\PROJECT\UNIFA\RPL-UF\vendor\codeigniter4\framework\system\CodeIgniter.php(339): CodeIgniter\CodeIgniter->handleRequest(NULL, Object(Config\Cache), false)
#5 G:\PROJECT\UNIFA\RPL-UF\public\index.php(45): CodeIgniter\CodeIgniter->run()
#6 G:\PROJECT\UNIFA\RPL-UF\vendor\codeigniter4\framework\system\Commands\Server\rewrite.php(45): require_once('G:\\PROJECT\\UNIF...')
#7 {main}
CRITICAL - 2023-01-31 03:24:43 --> Argument 1 passed to CodeIgniter\Database\MySQLi\Connection::_escapeString() must be of the type string, null given, called in G:\PROJECT\UNIFA\RPL-UF\vendor\codeigniter4\framework\system\Database\BaseConnection.php on line 1429
#0 G:\PROJECT\UNIFA\RPL-UF\vendor\codeigniter4\framework\system\Database\BaseConnection.php(1429): CodeIgniter\Database\MySQLi\Connection->_escapeString(NULL)
#1 G:\PROJECT\UNIFA\RPL-UF\app\Controllers\Admin.php(299): CodeIgniter\Database\BaseConnection->escapeString(NULL)
#2 G:\PROJECT\UNIFA\RPL-UF\vendor\codeigniter4\framework\system\CodeIgniter.php(931): App\Controllers\Admin->simpanpesertaasessor()
#3 G:\PROJECT\UNIFA\RPL-UF\vendor\codeigniter4\framework\system\CodeIgniter.php(439): CodeIgniter\CodeIgniter->runController(Object(App\Controllers\Admin))
#4 G:\PROJECT\UNIFA\RPL-UF\vendor\codeigniter4\framework\system\CodeIgniter.php(339): CodeIgniter\CodeIgniter->handleRequest(NULL, Object(Config\Cache), false)
#5 G:\PROJECT\UNIFA\RPL-UF\public\index.php(45): CodeIgniter\CodeIgniter->run()
#6 G:\PROJECT\UNIFA\RPL-UF\vendor\codeigniter4\framework\system\Commands\Server\rewrite.php(45): require_once('G:\\PROJECT\\UNIF...')
#7 {main}
CRITICAL - 2023-01-31 03:24:52 --> Argument 1 passed to CodeIgniter\Database\MySQLi\Connection::_escapeString() must be of the type string, null given, called in G:\PROJECT\UNIFA\RPL-UF\vendor\codeigniter4\framework\system\Database\BaseConnection.php on line 1429
#0 G:\PROJECT\UNIFA\RPL-UF\vendor\codeigniter4\framework\system\Database\BaseConnection.php(1429): CodeIgniter\Database\MySQLi\Connection->_escapeString(NULL)
#1 G:\PROJECT\UNIFA\RPL-UF\app\Controllers\Admin.php(282): CodeIgniter\Database\BaseConnection->escapeString(NULL)
#2 G:\PROJECT\UNIFA\RPL-UF\vendor\codeigniter4\framework\system\CodeIgniter.php(931): App\Controllers\Admin->getdatamahsiswaBelumPunyaAsessor()
#3 G:\PROJECT\UNIFA\RPL-UF\vendor\codeigniter4\framework\system\CodeIgniter.php(439): CodeIgniter\CodeIgniter->runController(Object(App\Controllers\Admin))
#4 G:\PROJECT\UNIFA\RPL-UF\vendor\codeigniter4\framework\system\CodeIgniter.php(339): CodeIgniter\CodeIgniter->handleRequest(NULL, Object(Config\Cache), false)
#5 G:\PROJECT\UNIFA\RPL-UF\public\index.php(45): CodeIgniter\CodeIgniter->run()
#6 G:\PROJECT\UNIFA\RPL-UF\vendor\codeigniter4\framework\system\Commands\Server\rewrite.php(45): require_once('G:\\PROJECT\\UNIF...')
#7 {main}
CRITICAL - 2023-01-31 03:35:04 --> Duplicate entry '12023-0002' for key 'PRIMARY'
#0 G:\PROJECT\UNIFA\RPL-UF\vendor\codeigniter4\framework\system\Database\MySQLi\Connection.php(329): mysqli->query('INSERT INTO `tb...')
#1 G:\PROJECT\UNIFA\RPL-UF\vendor\codeigniter4\framework\system\Database\BaseConnection.php(732): CodeIgniter\Database\MySQLi\Connection->execute('INSERT INTO `tb...')
#2 G:\PROJECT\UNIFA\RPL-UF\vendor\codeigniter4\framework\system\Database\BaseConnection.php(647): CodeIgniter\Database\BaseConnection->simpleQuery('INSERT INTO `tb...')
#3 G:\PROJECT\UNIFA\RPL-UF\vendor\codeigniter4\framework\system\Database\BaseBuilder.php(2277): CodeIgniter\Database\BaseConnection->query('INSERT INTO `tb...', Array, false)
#4 G:\PROJECT\UNIFA\RPL-UF\vendor\codeigniter4\framework\system\Model.php(259): CodeIgniter\Database\BaseBuilder->insert()
#5 G:\PROJECT\UNIFA\RPL-UF\vendor\codeigniter4\framework\system\BaseModel.php(774): CodeIgniter\Model->doInsert(Array)
#6 G:\PROJECT\UNIFA\RPL-UF\vendor\codeigniter4\framework\system\Model.php(686): CodeIgniter\BaseModel->insert(Array, true)
#7 G:\PROJECT\UNIFA\RPL-UF\app\Controllers\Admin.php(308): CodeIgniter\Model->insert(Array)
#8 G:\PROJECT\UNIFA\RPL-UF\vendor\codeigniter4\framework\system\CodeIgniter.php(931): App\Controllers\Admin->simpanpesertaasessor()
#9 G:\PROJECT\UNIFA\RPL-UF\vendor\codeigniter4\framework\system\CodeIgniter.php(439): CodeIgniter\CodeIgniter->runController(Object(App\Controllers\Admin))
#10 G:\PROJECT\UNIFA\RPL-UF\vendor\codeigniter4\framework\system\CodeIgniter.php(339): CodeIgniter\CodeIgniter->handleRequest(NULL, Object(Config\Cache), false)
#11 G:\PROJECT\UNIFA\RPL-UF\public\index.php(45): CodeIgniter\CodeIgniter->run()
#12 G:\PROJECT\UNIFA\RPL-UF\vendor\codeigniter4\framework\system\Commands\Server\rewrite.php(45): require_once('G:\\PROJECT\\UNIF...')
#13 {main}
CRITICAL - 2023-01-31 03:37:12 --> Call to undefined method App\Models\ModelPesertaAsessor::getdataPesertaBelumPunyaAsessorByProdi
#0 G:\PROJECT\UNIFA\RPL-UF\app\Controllers\Admin.php(284): CodeIgniter\Model->__call('getdataPesertaB...', Array)
#1 G:\PROJECT\UNIFA\RPL-UF\vendor\codeigniter4\framework\system\CodeIgniter.php(931): App\Controllers\Admin->getdatamahsiswaBelumPunyaAsessor()
#2 G:\PROJECT\UNIFA\RPL-UF\vendor\codeigniter4\framework\system\CodeIgniter.php(439): CodeIgniter\CodeIgniter->runController(Object(App\Controllers\Admin))
#3 G:\PROJECT\UNIFA\RPL-UF\vendor\codeigniter4\framework\system\CodeIgniter.php(339): CodeIgniter\CodeIgniter->handleRequest(NULL, Object(Config\Cache), false)
#4 G:\PROJECT\UNIFA\RPL-UF\public\index.php(45): CodeIgniter\CodeIgniter->run()
#5 G:\PROJECT\UNIFA\RPL-UF\vendor\codeigniter4\framework\system\Commands\Server\rewrite.php(45): require_once('G:\\PROJECT\\UNIF...')
#6 {main}
CRITICAL - 2023-01-31 03:37:12 --> Call to undefined method App\Models\ModelPesertaAsessor::getDataPesertaByAsessor
#0 G:\PROJECT\UNIFA\RPL-UF\app\Controllers\Admin.php(414): CodeIgniter\Model->__call('getDataPesertaB...', Array)
#1 G:\PROJECT\UNIFA\RPL-UF\vendor\codeigniter4\framework\system\CodeIgniter.php(931): App\Controllers\Admin->getDataMhsPerAsessor()
#2 G:\PROJECT\UNIFA\RPL-UF\vendor\codeigniter4\framework\system\CodeIgniter.php(439): CodeIgniter\CodeIgniter->runController(Object(App\Controllers\Admin))
#3 G:\PROJECT\UNIFA\RPL-UF\vendor\codeigniter4\framework\system\CodeIgniter.php(339): CodeIgniter\CodeIgniter->handleRequest(NULL, Object(Config\Cache), false)
#4 G:\PROJECT\UNIFA\RPL-UF\public\index.php(45): CodeIgniter\CodeIgniter->run()
#5 G:\PROJECT\UNIFA\RPL-UF\vendor\codeigniter4\framework\system\Commands\Server\rewrite.php(45): require_once('G:\\PROJECT\\UNIF...')
#6 {main}
CRITICAL - 2023-01-31 03:37:17 --> Call to undefined method App\Models\ModelPesertaAsessor::getdataPesertaBelumPunyaAsessorByProdi
#0 G:\PROJECT\UNIFA\RPL-UF\app\Controllers\Admin.php(284): CodeIgniter\Model->__call('getdataPesertaB...', Array)
#1 G:\PROJECT\UNIFA\RPL-UF\vendor\codeigniter4\framework\system\CodeIgniter.php(931): App\Controllers\Admin->getdatamahsiswaBelumPunyaAsessor()
#2 G:\PROJECT\UNIFA\RPL-UF\vendor\codeigniter4\framework\system\CodeIgniter.php(439): CodeIgniter\CodeIgniter->runController(Object(App\Controllers\Admin))
#3 G:\PROJECT\UNIFA\RPL-UF\vendor\codeigniter4\framework\system\CodeIgniter.php(339): CodeIgniter\CodeIgniter->handleRequest(NULL, Object(Config\Cache), false)
#4 G:\PROJECT\UNIFA\RPL-UF\public\index.php(45): CodeIgniter\CodeIgniter->run()
#5 G:\PROJECT\UNIFA\RPL-UF\vendor\codeigniter4\framework\system\Commands\Server\rewrite.php(45): require_once('G:\\PROJECT\\UNIF...')
#6 {main}
CRITICAL - 2023-01-31 03:37:18 --> Call to undefined method App\Models\ModelPesertaAsessor::getDataPesertaByAsessor
#0 G:\PROJECT\UNIFA\RPL-UF\app\Controllers\Admin.php(414): CodeIgniter\Model->__call('getDataPesertaB...', Array)
#1 G:\PROJECT\UNIFA\RPL-UF\vendor\codeigniter4\framework\system\CodeIgniter.php(931): App\Controllers\Admin->getDataMhsPerAsessor()
#2 G:\PROJECT\UNIFA\RPL-UF\vendor\codeigniter4\framework\system\CodeIgniter.php(439): CodeIgniter\CodeIgniter->runController(Object(App\Controllers\Admin))
#3 G:\PROJECT\UNIFA\RPL-UF\vendor\codeigniter4\framework\system\CodeIgniter.php(339): CodeIgniter\CodeIgniter->handleRequest(NULL, Object(Config\Cache), false)
#4 G:\PROJECT\UNIFA\RPL-UF\public\index.php(45): CodeIgniter\CodeIgniter->run()
#5 G:\PROJECT\UNIFA\RPL-UF\vendor\codeigniter4\framework\system\Commands\Server\rewrite.php(45): require_once('G:\\PROJECT\\UNIF...')
#6 {main}
CRITICAL - 2023-01-31 04:14:57 --> Table 'rpl-uf.df' doesn't exist
#0 G:\PROJECT\UNIFA\RPL-UF\vendor\codeigniter4\framework\system\Database\MySQLi\Connection.php(329): mysqli->query('SELECT 1\nFROM `...')
#1 G:\PROJECT\UNIFA\RPL-UF\vendor\codeigniter4\framework\system\Database\BaseConnection.php(732): CodeIgniter\Database\MySQLi\Connection->execute('SELECT 1\nFROM `...')
#2 G:\PROJECT\UNIFA\RPL-UF\vendor\codeigniter4\framework\system\Database\BaseConnection.php(647): CodeIgniter\Database\BaseConnection->simpleQuery('SELECT 1\nFROM `...')
#3 G:\PROJECT\UNIFA\RPL-UF\vendor\codeigniter4\framework\system\Database\BaseBuilder.php(1881): CodeIgniter\Database\BaseConnection->query('SELECT 1\nFROM `...', Array, false)
#4 G:\PROJECT\UNIFA\RPL-UF\vendor\codeigniter4\framework\system\Validation\Rules.php(206): CodeIgniter\Database\BaseBuilder->get()
#5 G:\PROJECT\UNIFA\RPL-UF\vendor\codeigniter4\framework\system\Validation\Validation.php(312): CodeIgniter\Validation\Rules->is_unique('12023-0002 : Zu...', 'no_peserta', Array, NULL)
#6 G:\PROJECT\UNIFA\RPL-UF\vendor\codeigniter4\framework\system\Validation\Validation.php(159): CodeIgniter\Validation\Validation->processRules('no_peserta', 'no_peserta', '12023-0002 : Zu...', Array, Array)
#7 G:\PROJECT\UNIFA\RPL-UF\vendor\codeigniter4\framework\system\BaseModel.php(1416): CodeIgniter\Validation\Validation->run(Array, NULL, NULL)
#8 G:\PROJECT\UNIFA\RPL-UF\vendor\codeigniter4\framework\system\BaseModel.php(738): CodeIgniter\BaseModel->validate(Array)
#9 G:\PROJECT\UNIFA\RPL-UF\vendor\codeigniter4\framework\system\Model.php(686): CodeIgniter\BaseModel->insert(Array, true)
#10 G:\PROJECT\UNIFA\RPL-UF\app\Controllers\Admin.php(308): CodeIgniter\Model->insert(Array)
#11 G:\PROJECT\UNIFA\RPL-UF\vendor\codeigniter4\framework\system\CodeIgniter.php(931): App\Controllers\Admin->simpanpesertaasessor()
#12 G:\PROJECT\UNIFA\RPL-UF\vendor\codeigniter4\framework\system\CodeIgniter.php(439): CodeIgniter\CodeIgniter->runController(Object(App\Controllers\Admin))
#13 G:\PROJECT\UNIFA\RPL-UF\vendor\codeigniter4\framework\system\CodeIgniter.php(339): CodeIgniter\CodeIgniter->handleRequest(NULL, Object(Config\Cache), false)
#14 G:\PROJECT\UNIFA\RPL-UF\public\index.php(45): CodeIgniter\CodeIgniter->run()
#15 G:\PROJECT\UNIFA\RPL-UF\vendor\codeigniter4\framework\system\Commands\Server\rewrite.php(45): require_once('G:\\PROJECT\\UNIF...')
#16 {main}
CRITICAL - 2023-01-31 04:15:11 --> Array to string conversion
#0 G:\PROJECT\UNIFA\RPL-UF\app\Controllers\Admin.php(310): CodeIgniter\Debug\Exceptions->errorHandler(8, 'Array to string...', 'G:\\PROJECT\\UNIF...', 310, Array)
#1 G:\PROJECT\UNIFA\RPL-UF\vendor\codeigniter4\framework\system\CodeIgniter.php(931): App\Controllers\Admin->simpanpesertaasessor()
#2 G:\PROJECT\UNIFA\RPL-UF\vendor\codeigniter4\framework\system\CodeIgniter.php(439): CodeIgniter\CodeIgniter->runController(Object(App\Controllers\Admin))
#3 G:\PROJECT\UNIFA\RPL-UF\vendor\codeigniter4\framework\system\CodeIgniter.php(339): CodeIgniter\CodeIgniter->handleRequest(NULL, Object(Config\Cache), false)
#4 G:\PROJECT\UNIFA\RPL-UF\public\index.php(45): CodeIgniter\CodeIgniter->run()
#5 G:\PROJECT\UNIFA\RPL-UF\vendor\codeigniter4\framework\system\Commands\Server\rewrite.php(45): require_once('G:\\PROJECT\\UNIF...')
#6 {main}
CRITICAL - 2023-01-31 04:23:38 --> required  is not a valid rule.
#0 G:\PROJECT\UNIFA\RPL-UF\vendor\codeigniter4\framework\system\Validation\Validation.php(321): CodeIgniter\Validation\Exceptions\ValidationException::forRuleNotFound('required ')
#1 G:\PROJECT\UNIFA\RPL-UF\vendor\codeigniter4\framework\system\Validation\Validation.php(159): CodeIgniter\Validation\Validation->processRules('no_peserta', 'no_peserta', '12023-0002 : Zu...', Array, Array)
#2 G:\PROJECT\UNIFA\RPL-UF\vendor\codeigniter4\framework\system\BaseModel.php(1416): CodeIgniter\Validation\Validation->run(Array, NULL, NULL)
#3 G:\PROJECT\UNIFA\RPL-UF\vendor\codeigniter4\framework\system\BaseModel.php(738): CodeIgniter\BaseModel->validate(Array)
#4 G:\PROJECT\UNIFA\RPL-UF\vendor\codeigniter4\framework\system\Model.php(686): CodeIgniter\BaseModel->insert(Array, true)
#5 G:\PROJECT\UNIFA\RPL-UF\app\Controllers\Admin.php(308): CodeIgniter\Model->insert(Array)
#6 G:\PROJECT\UNIFA\RPL-UF\vendor\codeigniter4\framework\system\CodeIgniter.php(931): App\Controllers\Admin->simpanpesertaasessor()
#7 G:\PROJECT\UNIFA\RPL-UF\vendor\codeigniter4\framework\system\CodeIgniter.php(439): CodeIgniter\CodeIgniter->runController(Object(App\Controllers\Admin))
#8 G:\PROJECT\UNIFA\RPL-UF\vendor\codeigniter4\framework\system\CodeIgniter.php(339): CodeIgniter\CodeIgniter->handleRequest(NULL, Object(Config\Cache), false)
#9 G:\PROJECT\UNIFA\RPL-UF\public\index.php(45): CodeIgniter\CodeIgniter->run()
#10 G:\PROJECT\UNIFA\RPL-UF\vendor\codeigniter4\framework\system\Commands\Server\rewrite.php(45): require_once('G:\\PROJECT\\UNIF...')
#11 {main}
CRITICAL - 2023-01-31 04:26:48 --> Argument 1 passed to CodeIgniter\Database\MySQLi\Connection::_escapeString() must be of the type string, null given, called in G:\PROJECT\UNIFA\RPL-UF\vendor\codeigniter4\framework\system\Database\BaseConnection.php on line 1429
#0 G:\PROJECT\UNIFA\RPL-UF\vendor\codeigniter4\framework\system\Database\BaseConnection.php(1429): CodeIgniter\Database\MySQLi\Connection->_escapeString(NULL)
#1 G:\PROJECT\UNIFA\RPL-UF\app\Controllers\Admin.php(282): CodeIgniter\Database\BaseConnection->escapeString(NULL)
#2 G:\PROJECT\UNIFA\RPL-UF\vendor\codeigniter4\framework\system\CodeIgniter.php(931): App\Controllers\Admin->getdatamahsiswaBelumPunyaAsessor()
#3 G:\PROJECT\UNIFA\RPL-UF\vendor\codeigniter4\framework\system\CodeIgniter.php(439): CodeIgniter\CodeIgniter->runController(Object(App\Controllers\Admin))
#4 G:\PROJECT\UNIFA\RPL-UF\vendor\codeigniter4\framework\system\CodeIgniter.php(339): CodeIgniter\CodeIgniter->handleRequest(NULL, Object(Config\Cache), false)
#5 G:\PROJECT\UNIFA\RPL-UF\public\index.php(45): CodeIgniter\CodeIgniter->run()
#6 G:\PROJECT\UNIFA\RPL-UF\vendor\codeigniter4\framework\system\Commands\Server\rewrite.php(45): require_once('G:\\PROJECT\\UNIF...')
#7 {main}
CRITICAL - 2023-01-31 04:36:13 --> xss_clean is not a valid rule.
#0 G:\PROJECT\UNIFA\RPL-UF\vendor\codeigniter4\framework\system\Validation\Validation.php(321): CodeIgniter\Validation\Exceptions\ValidationException::forRuleNotFound('xss_clean')
#1 G:\PROJECT\UNIFA\RPL-UF\vendor\codeigniter4\framework\system\Validation\Validation.php(159): CodeIgniter\Validation\Validation->processRules('no_peserta', 'no_peserta', '12023-0002', Array, Array)
#2 G:\PROJECT\UNIFA\RPL-UF\vendor\codeigniter4\framework\system\BaseModel.php(1416): CodeIgniter\Validation\Validation->run(Array, NULL, NULL)
#3 G:\PROJECT\UNIFA\RPL-UF\vendor\codeigniter4\framework\system\BaseModel.php(738): CodeIgniter\BaseModel->validate(Array)
#4 G:\PROJECT\UNIFA\RPL-UF\vendor\codeigniter4\framework\system\Model.php(686): CodeIgniter\BaseModel->insert(Array, true)
#5 G:\PROJECT\UNIFA\RPL-UF\app\Controllers\Admin.php(307): CodeIgniter\Model->insert(Array)
#6 G:\PROJECT\UNIFA\RPL-UF\vendor\codeigniter4\framework\system\CodeIgniter.php(931): App\Controllers\Admin->simpanpesertaasessor()
#7 G:\PROJECT\UNIFA\RPL-UF\vendor\codeigniter4\framework\system\CodeIgniter.php(439): CodeIgniter\CodeIgniter->runController(Object(App\Controllers\Admin))
#8 G:\PROJECT\UNIFA\RPL-UF\vendor\codeigniter4\framework\system\CodeIgniter.php(339): CodeIgniter\CodeIgniter->handleRequest(NULL, Object(Config\Cache), false)
#9 G:\PROJECT\UNIFA\RPL-UF\public\index.php(45): CodeIgniter\CodeIgniter->run()
#10 G:\PROJECT\UNIFA\RPL-UF\vendor\codeigniter4\framework\system\Commands\Server\rewrite.php(45): require_once('G:\\PROJECT\\UNIF...')
#11 {main}
CRITICAL - 2023-01-31 04:49:16 --> Cannot re-assign $this
#0 G:\PROJECT\UNIFA\RPL-UF\vendor\codeigniter4\framework\system\View\View.php(228): extract(Array)
#1 G:\PROJECT\UNIFA\RPL-UF\vendor\codeigniter4\framework\system\View\View.php(232): CodeIgniter\View\View->CodeIgniter\View\{closure}()
#2 G:\PROJECT\UNIFA\RPL-UF\vendor\codeigniter4\framework\system\Common.php(1250): CodeIgniter\View\View->render('Admin/rpl-data-...', Array, true)
#3 G:\PROJECT\UNIFA\RPL-UF\app\Controllers\Admin.php(174): view('Admin/rpl-data-...', Array)
#4 G:\PROJECT\UNIFA\RPL-UF\vendor\codeigniter4\framework\system\CodeIgniter.php(931): App\Controllers\Admin->SimpanPengguna()
#5 G:\PROJECT\UNIFA\RPL-UF\vendor\codeigniter4\framework\system\CodeIgniter.php(439): CodeIgniter\CodeIgniter->runController(Object(App\Controllers\Admin))
#6 G:\PROJECT\UNIFA\RPL-UF\vendor\codeigniter4\framework\system\CodeIgniter.php(339): CodeIgniter\CodeIgniter->handleRequest(NULL, Object(Config\Cache), false)
#7 G:\PROJECT\UNIFA\RPL-UF\public\index.php(45): CodeIgniter\CodeIgniter->run()
#8 G:\PROJECT\UNIFA\RPL-UF\vendor\codeigniter4\framework\system\Commands\Server\rewrite.php(45): require_once('G:\\PROJECT\\UNIF...')
#9 {main}
CRITICAL - 2023-01-31 04:57:15 --> Cannot re-assign $this
#0 G:\PROJECT\UNIFA\RPL-UF\vendor\codeigniter4\framework\system\View\View.php(228): extract(Array)
#1 G:\PROJECT\UNIFA\RPL-UF\vendor\codeigniter4\framework\system\View\View.php(232): CodeIgniter\View\View->CodeIgniter\View\{closure}()
#2 G:\PROJECT\UNIFA\RPL-UF\vendor\codeigniter4\framework\system\Common.php(1250): CodeIgniter\View\View->render('Admin/rpl-data-...', Array, true)
#3 G:\PROJECT\UNIFA\RPL-UF\app\Controllers\Admin.php(174): view('Admin/rpl-data-...', Array)
#4 G:\PROJECT\UNIFA\RPL-UF\vendor\codeigniter4\framework\system\CodeIgniter.php(931): App\Controllers\Admin->SimpanPengguna()
#5 G:\PROJECT\UNIFA\RPL-UF\vendor\codeigniter4\framework\system\CodeIgniter.php(439): CodeIgniter\CodeIgniter->runController(Object(App\Controllers\Admin))
#6 G:\PROJECT\UNIFA\RPL-UF\vendor\codeigniter4\framework\system\CodeIgniter.php(339): CodeIgniter\CodeIgniter->handleRequest(NULL, Object(Config\Cache), false)
#7 G:\PROJECT\UNIFA\RPL-UF\public\index.php(45): CodeIgniter\CodeIgniter->run()
#8 G:\PROJECT\UNIFA\RPL-UF\vendor\codeigniter4\framework\system\Commands\Server\rewrite.php(45): require_once('G:\\PROJECT\\UNIF...')
#9 {main}
CRITICAL - 2023-01-31 05:05:18 --> Undefined offset: 0
#0 G:\PROJECT\UNIFA\RPL-UF\app\Controllers\Admin.php(375): CodeIgniter\Debug\Exceptions->errorHandler(8, 'Undefined offse...', 'G:\\PROJECT\\UNIF...', 375, Array)
#1 G:\PROJECT\UNIFA\RPL-UF\vendor\codeigniter4\framework\system\CodeIgniter.php(931): App\Controllers\Admin->tanggapanAsessor('assets', 'images', 'logo.svg')
#2 G:\PROJECT\UNIFA\RPL-UF\vendor\codeigniter4\framework\system\CodeIgniter.php(439): CodeIgniter\CodeIgniter->runController(Object(App\Controllers\Admin))
#3 G:\PROJECT\UNIFA\RPL-UF\vendor\codeigniter4\framework\system\CodeIgniter.php(339): CodeIgniter\CodeIgniter->handleRequest(NULL, Object(Config\Cache), false)
#4 G:\PROJECT\UNIFA\RPL-UF\public\index.php(45): CodeIgniter\CodeIgniter->run()
#5 G:\PROJECT\UNIFA\RPL-UF\vendor\codeigniter4\framework\system\Commands\Server\rewrite.php(45): require_once('G:\\PROJECT\\UNIF...')
#6 {main}
CRITICAL - 2023-01-31 05:05:18 --> Undefined offset: 0
#0 G:\PROJECT\UNIFA\RPL-UF\app\Controllers\Admin.php(375): CodeIgniter\Debug\Exceptions->errorHandler(8, 'Undefined offse...', 'G:\\PROJECT\\UNIF...', 375, Array)
#1 G:\PROJECT\UNIFA\RPL-UF\vendor\codeigniter4\framework\system\CodeIgniter.php(931): App\Controllers\Admin->tanggapanAsessor('assets', 'images', 'logo-dark.png')
#2 G:\PROJECT\UNIFA\RPL-UF\vendor\codeigniter4\framework\system\CodeIgniter.php(439): CodeIgniter\CodeIgniter->runController(Object(App\Controllers\Admin))
#3 G:\PROJECT\UNIFA\RPL-UF\vendor\codeigniter4\framework\system\CodeIgniter.php(339): CodeIgniter\CodeIgniter->handleRequest(NULL, Object(Config\Cache), false)
#4 G:\PROJECT\UNIFA\RPL-UF\public\index.php(45): CodeIgniter\CodeIgniter->run()
#5 G:\PROJECT\UNIFA\RPL-UF\vendor\codeigniter4\framework\system\Commands\Server\rewrite.php(45): require_once('G:\\PROJECT\\UNIF...')
#6 {main}
CRITICAL - 2023-01-31 05:05:26 --> Undefined offset: 0
#0 G:\PROJECT\UNIFA\RPL-UF\app\Controllers\Admin.php(375): CodeIgniter\Debug\Exceptions->errorHandler(8, 'Undefined offse...', 'G:\\PROJECT\\UNIF...', 375, Array)
#1 G:\PROJECT\UNIFA\RPL-UF\vendor\codeigniter4\framework\system\CodeIgniter.php(931): App\Controllers\Admin->tanggapanAsessor('assets', 'images', 'logo.svg')
#2 G:\PROJECT\UNIFA\RPL-UF\vendor\codeigniter4\framework\system\CodeIgniter.php(439): CodeIgniter\CodeIgniter->runController(Object(App\Controllers\Admin))
#3 G:\PROJECT\UNIFA\RPL-UF\vendor\codeigniter4\framework\system\CodeIgniter.php(339): CodeIgniter\CodeIgniter->handleRequest(NULL, Object(Config\Cache), false)
#4 G:\PROJECT\UNIFA\RPL-UF\public\index.php(45): CodeIgniter\CodeIgniter->run()
#5 G:\PROJECT\UNIFA\RPL-UF\vendor\codeigniter4\framework\system\Commands\Server\rewrite.php(45): require_once('G:\\PROJECT\\UNIF...')
#6 {main}
CRITICAL - 2023-01-31 05:05:26 --> Undefined offset: 0
#0 G:\PROJECT\UNIFA\RPL-UF\app\Controllers\Admin.php(375): CodeIgniter\Debug\Exceptions->errorHandler(8, 'Undefined offse...', 'G:\\PROJECT\\UNIF...', 375, Array)
#1 G:\PROJECT\UNIFA\RPL-UF\vendor\codeigniter4\framework\system\CodeIgniter.php(931): App\Controllers\Admin->tanggapanAsessor('assets', 'images', 'logo-dark.png')
#2 G:\PROJECT\UNIFA\RPL-UF\vendor\codeigniter4\framework\system\CodeIgniter.php(439): CodeIgniter\CodeIgniter->runController(Object(App\Controllers\Admin))
#3 G:\PROJECT\UNIFA\RPL-UF\vendor\codeigniter4\framework\system\CodeIgniter.php(339): CodeIgniter\CodeIgniter->handleRequest(NULL, Object(Config\Cache), false)
#4 G:\PROJECT\UNIFA\RPL-UF\public\index.php(45): CodeIgniter\CodeIgniter->run()
#5 G:\PROJECT\UNIFA\RPL-UF\vendor\codeigniter4\framework\system\Commands\Server\rewrite.php(45): require_once('G:\\PROJECT\\UNIF...')
#6 {main}
CRITICAL - 2023-01-31 05:05:41 --> Undefined offset: 0
#0 G:\PROJECT\UNIFA\RPL-UF\app\Controllers\Admin.php(375): CodeIgniter\Debug\Exceptions->errorHandler(8, 'Undefined offse...', 'G:\\PROJECT\\UNIF...', 375, Array)
#1 G:\PROJECT\UNIFA\RPL-UF\vendor\codeigniter4\framework\system\CodeIgniter.php(931): App\Controllers\Admin->tanggapanAsessor('assets', 'images', 'logo.svg')
#2 G:\PROJECT\UNIFA\RPL-UF\vendor\codeigniter4\framework\system\CodeIgniter.php(439): CodeIgniter\CodeIgniter->runController(Object(App\Controllers\Admin))
#3 G:\PROJECT\UNIFA\RPL-UF\vendor\codeigniter4\framework\system\CodeIgniter.php(339): CodeIgniter\CodeIgniter->handleRequest(NULL, Object(Config\Cache), false)
#4 G:\PROJECT\UNIFA\RPL-UF\public\index.php(45): CodeIgniter\CodeIgniter->run()
#5 G:\PROJECT\UNIFA\RPL-UF\vendor\codeigniter4\framework\system\Commands\Server\rewrite.php(45): require_once('G:\\PROJECT\\UNIF...')
#6 {main}
CRITICAL - 2023-01-31 05:05:41 --> Undefined offset: 0
#0 G:\PROJECT\UNIFA\RPL-UF\app\Controllers\Admin.php(375): CodeIgniter\Debug\Exceptions->errorHandler(8, 'Undefined offse...', 'G:\\PROJECT\\UNIF...', 375, Array)
#1 G:\PROJECT\UNIFA\RPL-UF\vendor\codeigniter4\framework\system\CodeIgniter.php(931): App\Controllers\Admin->tanggapanAsessor('assets', 'images', 'logo-dark.png')
#2 G:\PROJECT\UNIFA\RPL-UF\vendor\codeigniter4\framework\system\CodeIgniter.php(439): CodeIgniter\CodeIgniter->runController(Object(App\Controllers\Admin))
#3 G:\PROJECT\UNIFA\RPL-UF\vendor\codeigniter4\framework\system\CodeIgniter.php(339): CodeIgniter\CodeIgniter->handleRequest(NULL, Object(Config\Cache), false)
#4 G:\PROJECT\UNIFA\RPL-UF\public\index.php(45): CodeIgniter\CodeIgniter->run()
#5 G:\PROJECT\UNIFA\RPL-UF\vendor\codeigniter4\framework\system\Commands\Server\rewrite.php(45): require_once('G:\\PROJECT\\UNIF...')
#6 {main}
CRITICAL - 2023-01-31 05:05:43 --> Undefined offset: 0
#0 G:\PROJECT\UNIFA\RPL-UF\app\Controllers\Admin.php(375): CodeIgniter\Debug\Exceptions->errorHandler(8, 'Undefined offse...', 'G:\\PROJECT\\UNIF...', 375, Array)
#1 G:\PROJECT\UNIFA\RPL-UF\vendor\codeigniter4\framework\system\CodeIgniter.php(931): App\Controllers\Admin->tanggapanAsessor('assets', 'images', 'logo.svg')
#2 G:\PROJECT\UNIFA\RPL-UF\vendor\codeigniter4\framework\system\CodeIgniter.php(439): CodeIgniter\CodeIgniter->runController(Object(App\Controllers\Admin))
#3 G:\PROJECT\UNIFA\RPL-UF\vendor\codeigniter4\framework\system\CodeIgniter.php(339): CodeIgniter\CodeIgniter->handleRequest(NULL, Object(Config\Cache), false)
#4 G:\PROJECT\UNIFA\RPL-UF\public\index.php(45): CodeIgniter\CodeIgniter->run()
#5 G:\PROJECT\UNIFA\RPL-UF\vendor\codeigniter4\framework\system\Commands\Server\rewrite.php(45): require_once('G:\\PROJECT\\UNIF...')
#6 {main}
CRITICAL - 2023-01-31 05:05:43 --> Undefined offset: 0
#0 G:\PROJECT\UNIFA\RPL-UF\app\Controllers\Admin.php(375): CodeIgniter\Debug\Exceptions->errorHandler(8, 'Undefined offse...', 'G:\\PROJECT\\UNIF...', 375, Array)
#1 G:\PROJECT\UNIFA\RPL-UF\vendor\codeigniter4\framework\system\CodeIgniter.php(931): App\Controllers\Admin->tanggapanAsessor('assets', 'images', 'logo-dark.png')
#2 G:\PROJECT\UNIFA\RPL-UF\vendor\codeigniter4\framework\system\CodeIgniter.php(439): CodeIgniter\CodeIgniter->runController(Object(App\Controllers\Admin))
#3 G:\PROJECT\UNIFA\RPL-UF\vendor\codeigniter4\framework\system\CodeIgniter.php(339): CodeIgniter\CodeIgniter->handleRequest(NULL, Object(Config\Cache), false)
#4 G:\PROJECT\UNIFA\RPL-UF\public\index.php(45): CodeIgniter\CodeIgniter->run()
#5 G:\PROJECT\UNIFA\RPL-UF\vendor\codeigniter4\framework\system\Commands\Server\rewrite.php(45): require_once('G:\\PROJECT\\UNIF...')
#6 {main}
CRITICAL - 2023-01-31 05:05:46 --> Undefined offset: 0
#0 G:\PROJECT\UNIFA\RPL-UF\app\Controllers\Admin.php(375): CodeIgniter\Debug\Exceptions->errorHandler(8, 'Undefined offse...', 'G:\\PROJECT\\UNIF...', 375, Array)
#1 G:\PROJECT\UNIFA\RPL-UF\vendor\codeigniter4\framework\system\CodeIgniter.php(931): App\Controllers\Admin->tanggapanAsessor('assets', 'images', 'logo.svg')
#2 G:\PROJECT\UNIFA\RPL-UF\vendor\codeigniter4\framework\system\CodeIgniter.php(439): CodeIgniter\CodeIgniter->runController(Object(App\Controllers\Admin))
#3 G:\PROJECT\UNIFA\RPL-UF\vendor\codeigniter4\framework\system\CodeIgniter.php(339): CodeIgniter\CodeIgniter->handleRequest(NULL, Object(Config\Cache), false)
#4 G:\PROJECT\UNIFA\RPL-UF\public\index.php(45): CodeIgniter\CodeIgniter->run()
#5 G:\PROJECT\UNIFA\RPL-UF\vendor\codeigniter4\framework\system\Commands\Server\rewrite.php(45): require_once('G:\\PROJECT\\UNIF...')
#6 {main}
CRITICAL - 2023-01-31 05:05:46 --> Undefined offset: 0
#0 G:\PROJECT\UNIFA\RPL-UF\app\Controllers\Admin.php(375): CodeIgniter\Debug\Exceptions->errorHandler(8, 'Undefined offse...', 'G:\\PROJECT\\UNIF...', 375, Array)
#1 G:\PROJECT\UNIFA\RPL-UF\vendor\codeigniter4\framework\system\CodeIgniter.php(931): App\Controllers\Admin->tanggapanAsessor('assets', 'images', 'logo-dark.png')
#2 G:\PROJECT\UNIFA\RPL-UF\vendor\codeigniter4\framework\system\CodeIgniter.php(439): CodeIgniter\CodeIgniter->runController(Object(App\Controllers\Admin))
#3 G:\PROJECT\UNIFA\RPL-UF\vendor\codeigniter4\framework\system\CodeIgniter.php(339): CodeIgniter\CodeIgniter->handleRequest(NULL, Object(Config\Cache), false)
#4 G:\PROJECT\UNIFA\RPL-UF\public\index.php(45): CodeIgniter\CodeIgniter->run()
#5 G:\PROJECT\UNIFA\RPL-UF\vendor\codeigniter4\framework\system\Commands\Server\rewrite.php(45): require_once('G:\\PROJECT\\UNIF...')
#6 {main}
CRITICAL - 2023-01-31 05:05:49 --> Undefined offset: 0
#0 G:\PROJECT\UNIFA\RPL-UF\app\Controllers\Admin.php(375): CodeIgniter\Debug\Exceptions->errorHandler(8, 'Undefined offse...', 'G:\\PROJECT\\UNIF...', 375, Array)
#1 G:\PROJECT\UNIFA\RPL-UF\vendor\codeigniter4\framework\system\CodeIgniter.php(931): App\Controllers\Admin->tanggapanAsessor('assets', 'images', 'logo.svg')
#2 G:\PROJECT\UNIFA\RPL-UF\vendor\codeigniter4\framework\system\CodeIgniter.php(439): CodeIgniter\CodeIgniter->runController(Object(App\Controllers\Admin))
#3 G:\PROJECT\UNIFA\RPL-UF\vendor\codeigniter4\framework\system\CodeIgniter.php(339): CodeIgniter\CodeIgniter->handleRequest(NULL, Object(Config\Cache), false)
#4 G:\PROJECT\UNIFA\RPL-UF\public\index.php(45): CodeIgniter\CodeIgniter->run()
#5 G:\PROJECT\UNIFA\RPL-UF\vendor\codeigniter4\framework\system\Commands\Server\rewrite.php(45): require_once('G:\\PROJECT\\UNIF...')
#6 {main}
CRITICAL - 2023-01-31 05:05:49 --> Undefined offset: 0
#0 G:\PROJECT\UNIFA\RPL-UF\app\Controllers\Admin.php(375): CodeIgniter\Debug\Exceptions->errorHandler(8, 'Undefined offse...', 'G:\\PROJECT\\UNIF...', 375, Array)
#1 G:\PROJECT\UNIFA\RPL-UF\vendor\codeigniter4\framework\system\CodeIgniter.php(931): App\Controllers\Admin->tanggapanAsessor('assets', 'images', 'logo-dark.png')
#2 G:\PROJECT\UNIFA\RPL-UF\vendor\codeigniter4\framework\system\CodeIgniter.php(439): CodeIgniter\CodeIgniter->runController(Object(App\Controllers\Admin))
#3 G:\PROJECT\UNIFA\RPL-UF\vendor\codeigniter4\framework\system\CodeIgniter.php(339): CodeIgniter\CodeIgniter->handleRequest(NULL, Object(Config\Cache), false)
#4 G:\PROJECT\UNIFA\RPL-UF\public\index.php(45): CodeIgniter\CodeIgniter->run()
#5 G:\PROJECT\UNIFA\RPL-UF\vendor\codeigniter4\framework\system\Commands\Server\rewrite.php(45): require_once('G:\\PROJECT\\UNIF...')
#6 {main}
CRITICAL - 2023-01-31 05:13:58 --> Trying to get property 'no_asessor' of non-object
#0 G:\PROJECT\UNIFA\RPL-UF\app\Controllers\Admin.php(362): CodeIgniter\Debug\Exceptions->errorHandler(8, 'Trying to get p...', 'G:\\PROJECT\\UNIF...', 362, Array)
#1 G:\PROJECT\UNIFA\RPL-UF\app\Controllers\Admin.php(372): App\Controllers\Admin->getasessorbynoregis('12023-0001')
#2 G:\PROJECT\UNIFA\RPL-UF\vendor\codeigniter4\framework\system\CodeIgniter.php(931): App\Controllers\Admin->tanggapanAsessor('12023-0001')
#3 G:\PROJECT\UNIFA\RPL-UF\vendor\codeigniter4\framework\system\CodeIgniter.php(439): CodeIgniter\CodeIgniter->runController(Object(App\Controllers\Admin))
#4 G:\PROJECT\UNIFA\RPL-UF\vendor\codeigniter4\framework\system\CodeIgniter.php(339): CodeIgniter\CodeIgniter->handleRequest(NULL, Object(Config\Cache), false)
#5 G:\PROJECT\UNIFA\RPL-UF\public\index.php(45): CodeIgniter\CodeIgniter->run()
#6 G:\PROJECT\UNIFA\RPL-UF\vendor\codeigniter4\framework\system\Commands\Server\rewrite.php(45): require_once('G:\\PROJECT\\UNIF...')
#7 {main}
CRITICAL - 2023-01-31 05:14:25 --> Trying to access array offset on value of type null
#0 G:\PROJECT\UNIFA\RPL-UF\app\Controllers\Admin.php(362): CodeIgniter\Debug\Exceptions->errorHandler(8, 'Trying to acces...', 'G:\\PROJECT\\UNIF...', 362, Array)
#1 G:\PROJECT\UNIFA\RPL-UF\app\Controllers\Admin.php(372): App\Controllers\Admin->getasessorbynoregis('12023-0001')
#2 G:\PROJECT\UNIFA\RPL-UF\vendor\codeigniter4\framework\system\CodeIgniter.php(931): App\Controllers\Admin->tanggapanAsessor('12023-0001')
#3 G:\PROJECT\UNIFA\RPL-UF\vendor\codeigniter4\framework\system\CodeIgniter.php(439): CodeIgniter\CodeIgniter->runController(Object(App\Controllers\Admin))
#4 G:\PROJECT\UNIFA\RPL-UF\vendor\codeigniter4\framework\system\CodeIgniter.php(339): CodeIgniter\CodeIgniter->handleRequest(NULL, Object(Config\Cache), false)
#5 G:\PROJECT\UNIFA\RPL-UF\public\index.php(45): CodeIgniter\CodeIgniter->run()
#6 G:\PROJECT\UNIFA\RPL-UF\vendor\codeigniter4\framework\system\Commands\Server\rewrite.php(45): require_once('G:\\PROJECT\\UNIF...')
#7 {main}
CRITICAL - 2023-01-31 05:14:27 --> Trying to access array offset on value of type null
#0 G:\PROJECT\UNIFA\RPL-UF\app\Controllers\Admin.php(362): CodeIgniter\Debug\Exceptions->errorHandler(8, 'Trying to acces...', 'G:\\PROJECT\\UNIF...', 362, Array)
#1 G:\PROJECT\UNIFA\RPL-UF\app\Controllers\Admin.php(372): App\Controllers\Admin->getasessorbynoregis('12023-0001')
#2 G:\PROJECT\UNIFA\RPL-UF\vendor\codeigniter4\framework\system\CodeIgniter.php(931): App\Controllers\Admin->tanggapanAsessor('12023-0001')
#3 G:\PROJECT\UNIFA\RPL-UF\vendor\codeigniter4\framework\system\CodeIgniter.php(439): CodeIgniter\CodeIgniter->runController(Object(App\Controllers\Admin))
#4 G:\PROJECT\UNIFA\RPL-UF\vendor\codeigniter4\framework\system\CodeIgniter.php(339): CodeIgniter\CodeIgniter->handleRequest(NULL, Object(Config\Cache), false)
#5 G:\PROJECT\UNIFA\RPL-UF\public\index.php(45): CodeIgniter\CodeIgniter->run()
#6 G:\PROJECT\UNIFA\RPL-UF\vendor\codeigniter4\framework\system\Commands\Server\rewrite.php(45): require_once('G:\\PROJECT\\UNIF...')
#7 {main}
CRITICAL - 2023-01-31 05:14:58 --> Trying to access array offset on value of type null
#0 G:\PROJECT\UNIFA\RPL-UF\app\Controllers\Admin.php(362): CodeIgniter\Debug\Exceptions->errorHandler(8, 'Trying to acces...', 'G:\\PROJECT\\UNIF...', 362, Array)
#1 G:\PROJECT\UNIFA\RPL-UF\app\Controllers\Admin.php(372): App\Controllers\Admin->getasessorbynoregis('12023-0001')
#2 G:\PROJECT\UNIFA\RPL-UF\vendor\codeigniter4\framework\system\CodeIgniter.php(931): App\Controllers\Admin->tanggapanAsessor('12023-0001')
#3 G:\PROJECT\UNIFA\RPL-UF\vendor\codeigniter4\framework\system\CodeIgniter.php(439): CodeIgniter\CodeIgniter->runController(Object(App\Controllers\Admin))
#4 G:\PROJECT\UNIFA\RPL-UF\vendor\codeigniter4\framework\system\CodeIgniter.php(339): CodeIgniter\CodeIgniter->handleRequest(NULL, Object(Config\Cache), false)
#5 G:\PROJECT\UNIFA\RPL-UF\public\index.php(45): CodeIgniter\CodeIgniter->run()
#6 G:\PROJECT\UNIFA\RPL-UF\vendor\codeigniter4\framework\system\Commands\Server\rewrite.php(45): require_once('G:\\PROJECT\\UNIF...')
#7 {main}
CRITICAL - 2023-01-31 05:15:01 --> Trying to access array offset on value of type null
#0 G:\PROJECT\UNIFA\RPL-UF\app\Controllers\Admin.php(362): CodeIgniter\Debug\Exceptions->errorHandler(8, 'Trying to acces...', 'G:\\PROJECT\\UNIF...', 362, Array)
#1 G:\PROJECT\UNIFA\RPL-UF\app\Controllers\Admin.php(372): App\Controllers\Admin->getasessorbynoregis('12023-0001')
#2 G:\PROJECT\UNIFA\RPL-UF\vendor\codeigniter4\framework\system\CodeIgniter.php(931): App\Controllers\Admin->tanggapanAsessor('12023-0001')
#3 G:\PROJECT\UNIFA\RPL-UF\vendor\codeigniter4\framework\system\CodeIgniter.php(439): CodeIgniter\CodeIgniter->runController(Object(App\Controllers\Admin))
#4 G:\PROJECT\UNIFA\RPL-UF\vendor\codeigniter4\framework\system\CodeIgniter.php(339): CodeIgniter\CodeIgniter->handleRequest(NULL, Object(Config\Cache), false)
#5 G:\PROJECT\UNIFA\RPL-UF\public\index.php(45): CodeIgniter\CodeIgniter->run()
#6 G:\PROJECT\UNIFA\RPL-UF\vendor\codeigniter4\framework\system\Commands\Server\rewrite.php(45): require_once('G:\\PROJECT\\UNIF...')
#7 {main}
CRITICAL - 2023-01-31 05:16:28 --> Trying to get property 'data_peserta' of non-object
#0 G:\PROJECT\UNIFA\RPL-UF\app\Controllers\Admin.php(361): CodeIgniter\Debug\Exceptions->errorHandler(8, 'Trying to get p...', 'G:\\PROJECT\\UNIF...', 361, Array)
#1 G:\PROJECT\UNIFA\RPL-UF\app\Controllers\Admin.php(371): App\Controllers\Admin->getasessorbynoregis('12023-0001')
#2 G:\PROJECT\UNIFA\RPL-UF\vendor\codeigniter4\framework\system\CodeIgniter.php(931): App\Controllers\Admin->tanggapanAsessor('12023-0001')
#3 G:\PROJECT\UNIFA\RPL-UF\vendor\codeigniter4\framework\system\CodeIgniter.php(439): CodeIgniter\CodeIgniter->runController(Object(App\Controllers\Admin))
#4 G:\PROJECT\UNIFA\RPL-UF\vendor\codeigniter4\framework\system\CodeIgniter.php(339): CodeIgniter\CodeIgniter->handleRequest(NULL, Object(Config\Cache), false)
#5 G:\PROJECT\UNIFA\RPL-UF\public\index.php(45): CodeIgniter\CodeIgniter->run()
#6 G:\PROJECT\UNIFA\RPL-UF\vendor\codeigniter4\framework\system\Commands\Server\rewrite.php(45): require_once('G:\\PROJECT\\UNIF...')
#7 {main}
CRITICAL - 2023-01-31 05:16:43 --> Undefined index: data_peserta
#0 G:\PROJECT\UNIFA\RPL-UF\app\Controllers\Admin.php(361): CodeIgniter\Debug\Exceptions->errorHandler(8, 'Undefined index...', 'G:\\PROJECT\\UNIF...', 361, Array)
#1 G:\PROJECT\UNIFA\RPL-UF\app\Controllers\Admin.php(371): App\Controllers\Admin->getasessorbynoregis('12023-0001')
#2 G:\PROJECT\UNIFA\RPL-UF\vendor\codeigniter4\framework\system\CodeIgniter.php(931): App\Controllers\Admin->tanggapanAsessor('12023-0001')
#3 G:\PROJECT\UNIFA\RPL-UF\vendor\codeigniter4\framework\system\CodeIgniter.php(439): CodeIgniter\CodeIgniter->runController(Object(App\Controllers\Admin))
#4 G:\PROJECT\UNIFA\RPL-UF\vendor\codeigniter4\framework\system\CodeIgniter.php(339): CodeIgniter\CodeIgniter->handleRequest(NULL, Object(Config\Cache), false)
#5 G:\PROJECT\UNIFA\RPL-UF\public\index.php(45): CodeIgniter\CodeIgniter->run()
#6 G:\PROJECT\UNIFA\RPL-UF\vendor\codeigniter4\framework\system\Commands\Server\rewrite.php(45): require_once('G:\\PROJECT\\UNIF...')
#7 {main}
CRITICAL - 2023-01-31 05:17:37 --> Undefined offset: 0
#0 G:\PROJECT\UNIFA\RPL-UF\app\Controllers\Admin.php(361): CodeIgniter\Debug\Exceptions->errorHandler(8, 'Undefined offse...', 'G:\\PROJECT\\UNIF...', 361, Array)
#1 G:\PROJECT\UNIFA\RPL-UF\app\Controllers\Admin.php(371): App\Controllers\Admin->getasessorbynoregis('Admin')
#2 G:\PROJECT\UNIFA\RPL-UF\vendor\codeigniter4\framework\system\CodeIgniter.php(931): App\Controllers\Admin->tanggapanAsessor('Admin')
#3 G:\PROJECT\UNIFA\RPL-UF\vendor\codeigniter4\framework\system\CodeIgniter.php(439): CodeIgniter\CodeIgniter->runController(Object(App\Controllers\Admin))
#4 G:\PROJECT\UNIFA\RPL-UF\vendor\codeigniter4\framework\system\CodeIgniter.php(339): CodeIgniter\CodeIgniter->handleRequest(NULL, Object(Config\Cache), false)
#5 G:\PROJECT\UNIFA\RPL-UF\public\index.php(45): CodeIgniter\CodeIgniter->run()
#6 G:\PROJECT\UNIFA\RPL-UF\vendor\codeigniter4\framework\system\Commands\Server\rewrite.php(45): require_once('G:\\PROJECT\\UNIF...')
#7 {main}
CRITICAL - 2023-01-31 05:18:08 --> Undefined offset: 0
#0 G:\PROJECT\UNIFA\RPL-UF\app\Controllers\Admin.php(361): CodeIgniter\Debug\Exceptions->errorHandler(8, 'Undefined offse...', 'G:\\PROJECT\\UNIF...', 361, Array)
#1 G:\PROJECT\UNIFA\RPL-UF\app\Controllers\Admin.php(371): App\Controllers\Admin->getasessorbynoregis('Admin')
#2 G:\PROJECT\UNIFA\RPL-UF\vendor\codeigniter4\framework\system\CodeIgniter.php(931): App\Controllers\Admin->tanggapanAsessor('Admin')
#3 G:\PROJECT\UNIFA\RPL-UF\vendor\codeigniter4\framework\system\CodeIgniter.php(439): CodeIgniter\CodeIgniter->runController(Object(App\Controllers\Admin))
#4 G:\PROJECT\UNIFA\RPL-UF\vendor\codeigniter4\framework\system\CodeIgniter.php(339): CodeIgniter\CodeIgniter->handleRequest(NULL, Object(Config\Cache), false)
#5 G:\PROJECT\UNIFA\RPL-UF\public\index.php(45): CodeIgniter\CodeIgniter->run()
#6 G:\PROJECT\UNIFA\RPL-UF\vendor\codeigniter4\framework\system\Commands\Server\rewrite.php(45): require_once('G:\\PROJECT\\UNIF...')
#7 {main}
CRITICAL - 2023-01-31 05:18:28 --> Undefined offset: 0
#0 G:\PROJECT\UNIFA\RPL-UF\app\Controllers\Admin.php(361): CodeIgniter\Debug\Exceptions->errorHandler(8, 'Undefined offse...', 'G:\\PROJECT\\UNIF...', 361, Array)
#1 G:\PROJECT\UNIFA\RPL-UF\app\Controllers\Admin.php(371): App\Controllers\Admin->getasessorbynoregis('assets')
#2 G:\PROJECT\UNIFA\RPL-UF\vendor\codeigniter4\framework\system\CodeIgniter.php(931): App\Controllers\Admin->tanggapanAsessor('assets', 'images', 'logo.svg')
#3 G:\PROJECT\UNIFA\RPL-UF\vendor\codeigniter4\framework\system\CodeIgniter.php(439): CodeIgniter\CodeIgniter->runController(Object(App\Controllers\Admin))
#4 G:\PROJECT\UNIFA\RPL-UF\vendor\codeigniter4\framework\system\CodeIgniter.php(339): CodeIgniter\CodeIgniter->handleRequest(NULL, Object(Config\Cache), false)
#5 G:\PROJECT\UNIFA\RPL-UF\public\index.php(45): CodeIgniter\CodeIgniter->run()
#6 G:\PROJECT\UNIFA\RPL-UF\vendor\codeigniter4\framework\system\Commands\Server\rewrite.php(45): require_once('G:\\PROJECT\\UNIF...')
#7 {main}
CRITICAL - 2023-01-31 05:18:28 --> Undefined offset: 0
#0 G:\PROJECT\UNIFA\RPL-UF\app\Controllers\Admin.php(361): CodeIgniter\Debug\Exceptions->errorHandler(8, 'Undefined offse...', 'G:\\PROJECT\\UNIF...', 361, Array)
#1 G:\PROJECT\UNIFA\RPL-UF\app\Controllers\Admin.php(371): App\Controllers\Admin->getasessorbynoregis('assets')
#2 G:\PROJECT\UNIFA\RPL-UF\vendor\codeigniter4\framework\system\CodeIgniter.php(931): App\Controllers\Admin->tanggapanAsessor('assets', 'images', 'logo-dark.png')
#3 G:\PROJECT\UNIFA\RPL-UF\vendor\codeigniter4\framework\system\CodeIgniter.php(439): CodeIgniter\CodeIgniter->runController(Object(App\Controllers\Admin))
#4 G:\PROJECT\UNIFA\RPL-UF\vendor\codeigniter4\framework\system\CodeIgniter.php(339): CodeIgniter\CodeIgniter->handleRequest(NULL, Object(Config\Cache), false)
#5 G:\PROJECT\UNIFA\RPL-UF\public\index.php(45): CodeIgniter\CodeIgniter->run()
#6 G:\PROJECT\UNIFA\RPL-UF\vendor\codeigniter4\framework\system\Commands\Server\rewrite.php(45): require_once('G:\\PROJECT\\UNIF...')
#7 {main}
CRITICAL - 2023-01-31 05:19:07 --> Undefined offset: 0
#0 G:\PROJECT\UNIFA\RPL-UF\app\Controllers\Admin.php(361): CodeIgniter\Debug\Exceptions->errorHandler(8, 'Undefined offse...', 'G:\\PROJECT\\UNIF...', 361, Array)
#1 G:\PROJECT\UNIFA\RPL-UF\app\Controllers\Admin.php(371): App\Controllers\Admin->getasessorbynoregis('assets')
#2 G:\PROJECT\UNIFA\RPL-UF\vendor\codeigniter4\framework\system\CodeIgniter.php(931): App\Controllers\Admin->tanggapanAsessor('assets', 'images', 'logo.svg')
#3 G:\PROJECT\UNIFA\RPL-UF\vendor\codeigniter4\framework\system\CodeIgniter.php(439): CodeIgniter\CodeIgniter->runController(Object(App\Controllers\Admin))
#4 G:\PROJECT\UNIFA\RPL-UF\vendor\codeigniter4\framework\system\CodeIgniter.php(339): CodeIgniter\CodeIgniter->handleRequest(NULL, Object(Config\Cache), false)
#5 G:\PROJECT\UNIFA\RPL-UF\public\index.php(45): CodeIgniter\CodeIgniter->run()
#6 G:\PROJECT\UNIFA\RPL-UF\vendor\codeigniter4\framework\system\Commands\Server\rewrite.php(45): require_once('G:\\PROJECT\\UNIF...')
#7 {main}
CRITICAL - 2023-01-31 05:19:07 --> Undefined offset: 0
#0 G:\PROJECT\UNIFA\RPL-UF\app\Controllers\Admin.php(361): CodeIgniter\Debug\Exceptions->errorHandler(8, 'Undefined offse...', 'G:\\PROJECT\\UNIF...', 361, Array)
#1 G:\PROJECT\UNIFA\RPL-UF\app\Controllers\Admin.php(371): App\Controllers\Admin->getasessorbynoregis('assets')
#2 G:\PROJECT\UNIFA\RPL-UF\vendor\codeigniter4\framework\system\CodeIgniter.php(931): App\Controllers\Admin->tanggapanAsessor('assets', 'images', 'logo-dark.png')
#3 G:\PROJECT\UNIFA\RPL-UF\vendor\codeigniter4\framework\system\CodeIgniter.php(439): CodeIgniter\CodeIgniter->runController(Object(App\Controllers\Admin))
#4 G:\PROJECT\UNIFA\RPL-UF\vendor\codeigniter4\framework\system\CodeIgniter.php(339): CodeIgniter\CodeIgniter->handleRequest(NULL, Object(Config\Cache), false)
#5 G:\PROJECT\UNIFA\RPL-UF\public\index.php(45): CodeIgniter\CodeIgniter->run()
#6 G:\PROJECT\UNIFA\RPL-UF\vendor\codeigniter4\framework\system\Commands\Server\rewrite.php(45): require_once('G:\\PROJECT\\UNIF...')
#7 {main}
CRITICAL - 2023-01-31 05:19:30 --> Undefined offset: 0
#0 G:\PROJECT\UNIFA\RPL-UF\app\Controllers\Admin.php(361): CodeIgniter\Debug\Exceptions->errorHandler(8, 'Undefined offse...', 'G:\\PROJECT\\UNIF...', 361, Array)
#1 G:\PROJECT\UNIFA\RPL-UF\app\Controllers\Admin.php(371): App\Controllers\Admin->getasessorbynoregis('assets')
#2 G:\PROJECT\UNIFA\RPL-UF\vendor\codeigniter4\framework\system\CodeIgniter.php(931): App\Controllers\Admin->tanggapanAsessor('assets', 'images', 'logo.svg')
#3 G:\PROJECT\UNIFA\RPL-UF\vendor\codeigniter4\framework\system\CodeIgniter.php(439): CodeIgniter\CodeIgniter->runController(Object(App\Controllers\Admin))
#4 G:\PROJECT\UNIFA\RPL-UF\vendor\codeigniter4\framework\system\CodeIgniter.php(339): CodeIgniter\CodeIgniter->handleRequest(NULL, Object(Config\Cache), false)
#5 G:\PROJECT\UNIFA\RPL-UF\public\index.php(45): CodeIgniter\CodeIgniter->run()
#6 G:\PROJECT\UNIFA\RPL-UF\vendor\codeigniter4\framework\system\Commands\Server\rewrite.php(45): require_once('G:\\PROJECT\\UNIF...')
#7 {main}
CRITICAL - 2023-01-31 05:19:31 --> Undefined offset: 0
#0 G:\PROJECT\UNIFA\RPL-UF\app\Controllers\Admin.php(361): CodeIgniter\Debug\Exceptions->errorHandler(8, 'Undefined offse...', 'G:\\PROJECT\\UNIF...', 361, Array)
#1 G:\PROJECT\UNIFA\RPL-UF\app\Controllers\Admin.php(371): App\Controllers\Admin->getasessorbynoregis('assets')
#2 G:\PROJECT\UNIFA\RPL-UF\vendor\codeigniter4\framework\system\CodeIgniter.php(931): App\Controllers\Admin->tanggapanAsessor('assets', 'images', 'logo-dark.png')
#3 G:\PROJECT\UNIFA\RPL-UF\vendor\codeigniter4\framework\system\CodeIgniter.php(439): CodeIgniter\CodeIgniter->runController(Object(App\Controllers\Admin))
#4 G:\PROJECT\UNIFA\RPL-UF\vendor\codeigniter4\framework\system\CodeIgniter.php(339): CodeIgniter\CodeIgniter->handleRequest(NULL, Object(Config\Cache), false)
#5 G:\PROJECT\UNIFA\RPL-UF\public\index.php(45): CodeIgniter\CodeIgniter->run()
#6 G:\PROJECT\UNIFA\RPL-UF\vendor\codeigniter4\framework\system\Commands\Server\rewrite.php(45): require_once('G:\\PROJECT\\UNIF...')
#7 {main}
CRITICAL - 2023-01-31 06:26:28 --> You have an error in your SQL syntax; check the manual that corresponds to your MariaDB server version for the right syntax to use near 'FROM
                                bio_peserta
                          ...' at line 15
#0 G:\PROJECT\UNIFA\RPL-UF\vendor\codeigniter4\framework\system\Database\MySQLi\Connection.php(329): mysqli->query('SELECT\r\n       ...')
#1 G:\PROJECT\UNIFA\RPL-UF\vendor\codeigniter4\framework\system\Database\BaseConnection.php(732): CodeIgniter\Database\MySQLi\Connection->execute('SELECT\r\n       ...')
#2 G:\PROJECT\UNIFA\RPL-UF\vendor\codeigniter4\framework\system\Database\BaseConnection.php(647): CodeIgniter\Database\BaseConnection->simpleQuery('SELECT\r\n       ...')
#3 G:\PROJECT\UNIFA\RPL-UF\app\Models\ModelPesertaAsessor.php(274): CodeIgniter\Database\BaseConnection->query('SELECT\r\n       ...')
#4 G:\PROJECT\UNIFA\RPL-UF\app\Controllers\Admin.php(54): App\Models\ModelPesertaAsessor->getDataPesertaAsessorSudahValidDekan('5', '12023')
#5 G:\PROJECT\UNIFA\RPL-UF\vendor\codeigniter4\framework\system\CodeIgniter.php(931): App\Controllers\Admin->index()
#6 G:\PROJECT\UNIFA\RPL-UF\vendor\codeigniter4\framework\system\CodeIgniter.php(439): CodeIgniter\CodeIgniter->runController(Object(App\Controllers\Admin))
#7 G:\PROJECT\UNIFA\RPL-UF\vendor\codeigniter4\framework\system\CodeIgniter.php(339): CodeIgniter\CodeIgniter->handleRequest(NULL, Object(Config\Cache), false)
#8 G:\PROJECT\UNIFA\RPL-UF\public\index.php(45): CodeIgniter\CodeIgniter->run()
#9 G:\PROJECT\UNIFA\RPL-UF\vendor\codeigniter4\framework\system\Commands\Server\rewrite.php(45): require_once('G:\\PROJECT\\UNIF...')
#10 {main}
