CRITICAL - 2024-05-27 05:39:37 --> Expression #1 of SELECT list is not in GROUP BY clause and contains nonaggregated column 'rpl.uf.01.11.23.bio_peserta.nama' which is not functionally dependent on columns in GROUP BY clause; this is incompatible with sql_mode=only_full_group_by
#0 /Users/macbookprom2/Desktop/PROJECT/silaju.unifa.ac.id/RPL-RF/vendor/codeigniter4/framework/system/Database/MySQLi/Connection.php(329): mysqli->query('SELECT\n        ...')
#1 /Users/macbookprom2/Desktop/PROJECT/silaju.unifa.ac.id/RPL-RF/vendor/codeigniter4/framework/system/Database/BaseConnection.php(732): CodeIgniter\Database\MySQLi\Connection->execute('SELECT\n        ...')
#2 /Users/macbookprom2/Desktop/PROJECT/silaju.unifa.ac.id/RPL-RF/vendor/codeigniter4/framework/system/Database/BaseConnection.php(647): CodeIgniter\Database\BaseConnection->simpleQuery('SELECT\n        ...')
#3 /Users/macbookprom2/Desktop/PROJECT/silaju.unifa.ac.id/RPL-RF/app/Models/ModelMkA1.php(140): CodeIgniter\Database\BaseConnection->query('SELECT\n        ...')
#4 /Users/macbookprom2/Desktop/PROJECT/silaju.unifa.ac.id/RPL-RF/app/Controllers/Admin.php(54): App\Models\ModelMkA1->dataMhsBelumUploadMk('20231')
#5 /Users/macbookprom2/Desktop/PROJECT/silaju.unifa.ac.id/RPL-RF/vendor/codeigniter4/framework/system/CodeIgniter.php(931): App\Controllers\Admin->index()
#6 /Users/macbookprom2/Desktop/PROJECT/silaju.unifa.ac.id/RPL-RF/vendor/codeigniter4/framework/system/CodeIgniter.php(439): CodeIgniter\CodeIgniter->runController(Object(App\Controllers\Admin))
#7 /Users/macbookprom2/Desktop/PROJECT/silaju.unifa.ac.id/RPL-RF/vendor/codeigniter4/framework/system/CodeIgniter.php(339): CodeIgniter\CodeIgniter->handleRequest(NULL, Object(Config\Cache), false)
#8 /Users/macbookprom2/Desktop/PROJECT/silaju.unifa.ac.id/RPL-RF/public/index.php(45): CodeIgniter\CodeIgniter->run()
#9 /Users/macbookprom2/Desktop/PROJECT/silaju.unifa.ac.id/RPL-RF/vendor/codeigniter4/framework/system/Commands/Server/rewrite.php(45): require_once('/Users/macbookp...')
#10 {main}
CRITICAL - 2024-05-27 05:41:04 --> Undefined variable: title_meta
#0 /Users/macbookprom2/Desktop/PROJECT/silaju.unifa.ac.id/RPL-RF/app/Views/auth/rpl-auth-login.php(6): CodeIgniter\Debug\Exceptions->errorHandler(8, 'Undefined varia...', '/Users/macbookp...', 6, Array)
#1 /Users/macbookprom2/Desktop/PROJECT/silaju.unifa.ac.id/RPL-RF/vendor/codeigniter4/framework/system/View/View.php(230): include('/Users/macbookp...')
#2 /Users/macbookprom2/Desktop/PROJECT/silaju.unifa.ac.id/RPL-RF/vendor/codeigniter4/framework/system/View/View.php(232): CodeIgniter\View\View->CodeIgniter\View\{closure}()
#3 /Users/macbookprom2/Desktop/PROJECT/silaju.unifa.ac.id/RPL-RF/vendor/codeigniter4/framework/system/Common.php(1250): CodeIgniter\View\View->render('auth/rpl-auth-l...', Array, true)
#4 /Users/macbookprom2/Desktop/PROJECT/silaju.unifa.ac.id/RPL-RF/app/Controllers/AuthController.php(121): view('auth/rpl-auth-l...', Array)
#5 /Users/macbookprom2/Desktop/PROJECT/silaju.unifa.ac.id/RPL-RF/vendor/codeigniter4/framework/system/CodeIgniter.php(931): App\Controllers\AuthController->login()
#6 /Users/macbookprom2/Desktop/PROJECT/silaju.unifa.ac.id/RPL-RF/vendor/codeigniter4/framework/system/CodeIgniter.php(439): CodeIgniter\CodeIgniter->runController(Object(App\Controllers\AuthController))
#7 /Users/macbookprom2/Desktop/PROJECT/silaju.unifa.ac.id/RPL-RF/vendor/codeigniter4/framework/system/CodeIgniter.php(339): CodeIgniter\CodeIgniter->handleRequest(NULL, Object(Config\Cache), false)
#8 /Users/macbookprom2/Desktop/PROJECT/silaju.unifa.ac.id/RPL-RF/public/index.php(45): CodeIgniter\CodeIgniter->run()
#9 /Users/macbookprom2/Desktop/PROJECT/silaju.unifa.ac.id/RPL-RF/vendor/codeigniter4/framework/system/Commands/Server/rewrite.php(45): require_once('/Users/macbookp...')
#10 {main}
CRITICAL - 2024-05-27 05:41:31 --> Undefined variable: title_meta
#0 /Users/macbookprom2/Desktop/PROJECT/silaju.unifa.ac.id/RPL-RF/app/Views/auth/rpl-auth-login.php(6): CodeIgniter\Debug\Exceptions->errorHandler(8, 'Undefined varia...', '/Users/macbookp...', 6, Array)
#1 /Users/macbookprom2/Desktop/PROJECT/silaju.unifa.ac.id/RPL-RF/vendor/codeigniter4/framework/system/View/View.php(230): include('/Users/macbookp...')
#2 /Users/macbookprom2/Desktop/PROJECT/silaju.unifa.ac.id/RPL-RF/vendor/codeigniter4/framework/system/View/View.php(232): CodeIgniter\View\View->CodeIgniter\View\{closure}()
#3 /Users/macbookprom2/Desktop/PROJECT/silaju.unifa.ac.id/RPL-RF/vendor/codeigniter4/framework/system/Common.php(1250): CodeIgniter\View\View->render('auth/rpl-auth-l...', Array, true)
#4 /Users/macbookprom2/Desktop/PROJECT/silaju.unifa.ac.id/RPL-RF/app/Controllers/AuthController.php(121): view('auth/rpl-auth-l...', Array)
#5 /Users/macbookprom2/Desktop/PROJECT/silaju.unifa.ac.id/RPL-RF/vendor/codeigniter4/framework/system/CodeIgniter.php(931): App\Controllers\AuthController->login()
#6 /Users/macbookprom2/Desktop/PROJECT/silaju.unifa.ac.id/RPL-RF/vendor/codeigniter4/framework/system/CodeIgniter.php(439): CodeIgniter\CodeIgniter->runController(Object(App\Controllers\AuthController))
#7 /Users/macbookprom2/Desktop/PROJECT/silaju.unifa.ac.id/RPL-RF/vendor/codeigniter4/framework/system/CodeIgniter.php(339): CodeIgniter\CodeIgniter->handleRequest(NULL, Object(Config\Cache), false)
#8 /Users/macbookprom2/Desktop/PROJECT/silaju.unifa.ac.id/RPL-RF/public/index.php(45): CodeIgniter\CodeIgniter->run()
#9 /Users/macbookprom2/Desktop/PROJECT/silaju.unifa.ac.id/RPL-RF/vendor/codeigniter4/framework/system/Commands/Server/rewrite.php(45): require_once('/Users/macbookp...')
#10 {main}
CRITICAL - 2024-05-27 05:57:49 --> Argument 1 passed to CodeIgniter\Database\MySQLi\Connection::_escapeString() must be of the type string, null given, called in /Users/macbookprom2/Desktop/PROJECT/silaju.unifa.ac.id/RPL-RF/vendor/codeigniter4/framework/system/Database/BaseConnection.php on line 1429
#0 /Users/macbookprom2/Desktop/PROJECT/silaju.unifa.ac.id/RPL-RF/vendor/codeigniter4/framework/system/Database/BaseConnection.php(1429): CodeIgniter\Database\MySQLi\Connection->_escapeString(NULL)
#1 /Users/macbookprom2/Desktop/PROJECT/silaju.unifa.ac.id/RPL-RF/app/Controllers/Front.php(710): CodeIgniter\Database\BaseConnection->escapeString(NULL)
#2 /Users/macbookprom2/Desktop/PROJECT/silaju.unifa.ac.id/RPL-RF/vendor/codeigniter4/framework/system/CodeIgniter.php(931): App\Controllers\Front->getKab()
#3 /Users/macbookprom2/Desktop/PROJECT/silaju.unifa.ac.id/RPL-RF/vendor/codeigniter4/framework/system/CodeIgniter.php(439): CodeIgniter\CodeIgniter->runController(Object(App\Controllers\Front))
#4 /Users/macbookprom2/Desktop/PROJECT/silaju.unifa.ac.id/RPL-RF/vendor/codeigniter4/framework/system/CodeIgniter.php(339): CodeIgniter\CodeIgniter->handleRequest(NULL, Object(Config\Cache), false)
#5 /Users/macbookprom2/Desktop/PROJECT/silaju.unifa.ac.id/RPL-RF/public/index.php(45): CodeIgniter\CodeIgniter->run()
#6 /Users/macbookprom2/Desktop/PROJECT/silaju.unifa.ac.id/RPL-RF/vendor/codeigniter4/framework/system/Commands/Server/rewrite.php(45): require_once('/Users/macbookp...')
#7 {main}
CRITICAL - 2024-05-27 05:58:17 --> Argument 1 passed to CodeIgniter\Database\MySQLi\Connection::_escapeString() must be of the type string, null given, called in /Users/macbookprom2/Desktop/PROJECT/silaju.unifa.ac.id/RPL-RF/vendor/codeigniter4/framework/system/Database/BaseConnection.php on line 1429
#0 /Users/macbookprom2/Desktop/PROJECT/silaju.unifa.ac.id/RPL-RF/vendor/codeigniter4/framework/system/Database/BaseConnection.php(1429): CodeIgniter\Database\MySQLi\Connection->_escapeString(NULL)
#1 /Users/macbookprom2/Desktop/PROJECT/silaju.unifa.ac.id/RPL-RF/app/Controllers/Front.php(710): CodeIgniter\Database\BaseConnection->escapeString(NULL)
#2 /Users/macbookprom2/Desktop/PROJECT/silaju.unifa.ac.id/RPL-RF/vendor/codeigniter4/framework/system/CodeIgniter.php(931): App\Controllers\Front->getKab()
#3 /Users/macbookprom2/Desktop/PROJECT/silaju.unifa.ac.id/RPL-RF/vendor/codeigniter4/framework/system/CodeIgniter.php(439): CodeIgniter\CodeIgniter->runController(Object(App\Controllers\Front))
#4 /Users/macbookprom2/Desktop/PROJECT/silaju.unifa.ac.id/RPL-RF/vendor/codeigniter4/framework/system/CodeIgniter.php(339): CodeIgniter\CodeIgniter->handleRequest(NULL, Object(Config\Cache), false)
#5 /Users/macbookprom2/Desktop/PROJECT/silaju.unifa.ac.id/RPL-RF/public/index.php(45): CodeIgniter\CodeIgniter->run()
#6 /Users/macbookprom2/Desktop/PROJECT/silaju.unifa.ac.id/RPL-RF/vendor/codeigniter4/framework/system/Commands/Server/rewrite.php(45): require_once('/Users/macbookp...')
#7 {main}
CRITICAL - 2024-05-27 05:58:23 --> Argument 1 passed to CodeIgniter\Database\MySQLi\Connection::_escapeString() must be of the type string, null given, called in /Users/macbookprom2/Desktop/PROJECT/silaju.unifa.ac.id/RPL-RF/vendor/codeigniter4/framework/system/Database/BaseConnection.php on line 1429
#0 /Users/macbookprom2/Desktop/PROJECT/silaju.unifa.ac.id/RPL-RF/vendor/codeigniter4/framework/system/Database/BaseConnection.php(1429): CodeIgniter\Database\MySQLi\Connection->_escapeString(NULL)
#1 /Users/macbookprom2/Desktop/PROJECT/silaju.unifa.ac.id/RPL-RF/app/Controllers/Front.php(710): CodeIgniter\Database\BaseConnection->escapeString(NULL)
#2 /Users/macbookprom2/Desktop/PROJECT/silaju.unifa.ac.id/RPL-RF/vendor/codeigniter4/framework/system/CodeIgniter.php(931): App\Controllers\Front->getKab()
#3 /Users/macbookprom2/Desktop/PROJECT/silaju.unifa.ac.id/RPL-RF/vendor/codeigniter4/framework/system/CodeIgniter.php(439): CodeIgniter\CodeIgniter->runController(Object(App\Controllers\Front))
#4 /Users/macbookprom2/Desktop/PROJECT/silaju.unifa.ac.id/RPL-RF/vendor/codeigniter4/framework/system/CodeIgniter.php(339): CodeIgniter\CodeIgniter->handleRequest(NULL, Object(Config\Cache), false)
#5 /Users/macbookprom2/Desktop/PROJECT/silaju.unifa.ac.id/RPL-RF/public/index.php(45): CodeIgniter\CodeIgniter->run()
#6 /Users/macbookprom2/Desktop/PROJECT/silaju.unifa.ac.id/RPL-RF/vendor/codeigniter4/framework/system/Commands/Server/rewrite.php(45): require_once('/Users/macbookp...')
#7 {main}
CRITICAL - 2024-05-27 06:00:41 --> Argument 1 passed to CodeIgniter\Database\MySQLi\Connection::_escapeString() must be of the type string, null given, called in /Users/macbookprom2/Desktop/PROJECT/silaju.unifa.ac.id/RPL-RF/vendor/codeigniter4/framework/system/Database/BaseConnection.php on line 1429
#0 /Users/macbookprom2/Desktop/PROJECT/silaju.unifa.ac.id/RPL-RF/vendor/codeigniter4/framework/system/Database/BaseConnection.php(1429): CodeIgniter\Database\MySQLi\Connection->_escapeString(NULL)
#1 /Users/macbookprom2/Desktop/PROJECT/silaju.unifa.ac.id/RPL-RF/app/Controllers/Front.php(710): CodeIgniter\Database\BaseConnection->escapeString(NULL)
#2 /Users/macbookprom2/Desktop/PROJECT/silaju.unifa.ac.id/RPL-RF/vendor/codeigniter4/framework/system/CodeIgniter.php(931): App\Controllers\Front->getKab()
#3 /Users/macbookprom2/Desktop/PROJECT/silaju.unifa.ac.id/RPL-RF/vendor/codeigniter4/framework/system/CodeIgniter.php(439): CodeIgniter\CodeIgniter->runController(Object(App\Controllers\Front))
#4 /Users/macbookprom2/Desktop/PROJECT/silaju.unifa.ac.id/RPL-RF/vendor/codeigniter4/framework/system/CodeIgniter.php(339): CodeIgniter\CodeIgniter->handleRequest(NULL, Object(Config\Cache), false)
#5 /Users/macbookprom2/Desktop/PROJECT/silaju.unifa.ac.id/RPL-RF/public/index.php(45): CodeIgniter\CodeIgniter->run()
#6 /Users/macbookprom2/Desktop/PROJECT/silaju.unifa.ac.id/RPL-RF/vendor/codeigniter4/framework/system/Commands/Server/rewrite.php(45): require_once('/Users/macbookp...')
#7 {main}
CRITICAL - 2024-05-27 06:55:06 --> Argument 1 passed to CodeIgniter\Database\MySQLi\Connection::_escapeString() must be of the type string, null given, called in /Users/macbookprom2/Desktop/PROJECT/silaju.unifa.ac.id/RPL-RF/vendor/codeigniter4/framework/system/Database/BaseConnection.php on line 1429
#0 /Users/macbookprom2/Desktop/PROJECT/silaju.unifa.ac.id/RPL-RF/vendor/codeigniter4/framework/system/Database/BaseConnection.php(1429): CodeIgniter\Database\MySQLi\Connection->_escapeString(NULL)
#1 /Users/macbookprom2/Desktop/PROJECT/silaju.unifa.ac.id/RPL-RF/app/Controllers/Front.php(710): CodeIgniter\Database\BaseConnection->escapeString(NULL)
#2 /Users/macbookprom2/Desktop/PROJECT/silaju.unifa.ac.id/RPL-RF/vendor/codeigniter4/framework/system/CodeIgniter.php(931): App\Controllers\Front->getKab()
#3 /Users/macbookprom2/Desktop/PROJECT/silaju.unifa.ac.id/RPL-RF/vendor/codeigniter4/framework/system/CodeIgniter.php(439): CodeIgniter\CodeIgniter->runController(Object(App\Controllers\Front))
#4 /Users/macbookprom2/Desktop/PROJECT/silaju.unifa.ac.id/RPL-RF/vendor/codeigniter4/framework/system/CodeIgniter.php(339): CodeIgniter\CodeIgniter->handleRequest(NULL, Object(Config\Cache), false)
#5 /Users/macbookprom2/Desktop/PROJECT/silaju.unifa.ac.id/RPL-RF/public/index.php(45): CodeIgniter\CodeIgniter->run()
#6 /Users/macbookprom2/Desktop/PROJECT/silaju.unifa.ac.id/RPL-RF/vendor/codeigniter4/framework/system/Commands/Server/rewrite.php(45): require_once('/Users/macbookp...')
#7 {main}
CRITICAL - 2024-05-27 06:55:32 --> Argument 1 passed to CodeIgniter\Database\MySQLi\Connection::_escapeString() must be of the type string, null given, called in /Users/macbookprom2/Desktop/PROJECT/silaju.unifa.ac.id/RPL-RF/vendor/codeigniter4/framework/system/Database/BaseConnection.php on line 1429
#0 /Users/macbookprom2/Desktop/PROJECT/silaju.unifa.ac.id/RPL-RF/vendor/codeigniter4/framework/system/Database/BaseConnection.php(1429): CodeIgniter\Database\MySQLi\Connection->_escapeString(NULL)
#1 /Users/macbookprom2/Desktop/PROJECT/silaju.unifa.ac.id/RPL-RF/app/Controllers/Front.php(710): CodeIgniter\Database\BaseConnection->escapeString(NULL)
#2 /Users/macbookprom2/Desktop/PROJECT/silaju.unifa.ac.id/RPL-RF/vendor/codeigniter4/framework/system/CodeIgniter.php(931): App\Controllers\Front->getKab()
#3 /Users/macbookprom2/Desktop/PROJECT/silaju.unifa.ac.id/RPL-RF/vendor/codeigniter4/framework/system/CodeIgniter.php(439): CodeIgniter\CodeIgniter->runController(Object(App\Controllers\Front))
#4 /Users/macbookprom2/Desktop/PROJECT/silaju.unifa.ac.id/RPL-RF/vendor/codeigniter4/framework/system/CodeIgniter.php(339): CodeIgniter\CodeIgniter->handleRequest(NULL, Object(Config\Cache), false)
#5 /Users/macbookprom2/Desktop/PROJECT/silaju.unifa.ac.id/RPL-RF/public/index.php(45): CodeIgniter\CodeIgniter->run()
#6 /Users/macbookprom2/Desktop/PROJECT/silaju.unifa.ac.id/RPL-RF/vendor/codeigniter4/framework/system/Commands/Server/rewrite.php(45): require_once('/Users/macbookp...')
#7 {main}
CRITICAL - 2024-05-27 06:55:35 --> Argument 1 passed to CodeIgniter\Database\MySQLi\Connection::_escapeString() must be of the type string, null given, called in /Users/macbookprom2/Desktop/PROJECT/silaju.unifa.ac.id/RPL-RF/vendor/codeigniter4/framework/system/Database/BaseConnection.php on line 1429
#0 /Users/macbookprom2/Desktop/PROJECT/silaju.unifa.ac.id/RPL-RF/vendor/codeigniter4/framework/system/Database/BaseConnection.php(1429): CodeIgniter\Database\MySQLi\Connection->_escapeString(NULL)
#1 /Users/macbookprom2/Desktop/PROJECT/silaju.unifa.ac.id/RPL-RF/app/Controllers/Front.php(710): CodeIgniter\Database\BaseConnection->escapeString(NULL)
#2 /Users/macbookprom2/Desktop/PROJECT/silaju.unifa.ac.id/RPL-RF/vendor/codeigniter4/framework/system/CodeIgniter.php(931): App\Controllers\Front->getKab()
#3 /Users/macbookprom2/Desktop/PROJECT/silaju.unifa.ac.id/RPL-RF/vendor/codeigniter4/framework/system/CodeIgniter.php(439): CodeIgniter\CodeIgniter->runController(Object(App\Controllers\Front))
#4 /Users/macbookprom2/Desktop/PROJECT/silaju.unifa.ac.id/RPL-RF/vendor/codeigniter4/framework/system/CodeIgniter.php(339): CodeIgniter\CodeIgniter->handleRequest(NULL, Object(Config\Cache), false)
#5 /Users/macbookprom2/Desktop/PROJECT/silaju.unifa.ac.id/RPL-RF/public/index.php(45): CodeIgniter\CodeIgniter->run()
#6 /Users/macbookprom2/Desktop/PROJECT/silaju.unifa.ac.id/RPL-RF/vendor/codeigniter4/framework/system/Commands/Server/rewrite.php(45): require_once('/Users/macbookp...')
#7 {main}
CRITICAL - 2024-05-27 06:55:47 --> Argument 1 passed to CodeIgniter\Database\MySQLi\Connection::_escapeString() must be of the type string, null given, called in /Users/macbookprom2/Desktop/PROJECT/silaju.unifa.ac.id/RPL-RF/vendor/codeigniter4/framework/system/Database/BaseConnection.php on line 1429
#0 /Users/macbookprom2/Desktop/PROJECT/silaju.unifa.ac.id/RPL-RF/vendor/codeigniter4/framework/system/Database/BaseConnection.php(1429): CodeIgniter\Database\MySQLi\Connection->_escapeString(NULL)
#1 /Users/macbookprom2/Desktop/PROJECT/silaju.unifa.ac.id/RPL-RF/app/Controllers/Front.php(710): CodeIgniter\Database\BaseConnection->escapeString(NULL)
#2 /Users/macbookprom2/Desktop/PROJECT/silaju.unifa.ac.id/RPL-RF/vendor/codeigniter4/framework/system/CodeIgniter.php(931): App\Controllers\Front->getKab()
#3 /Users/macbookprom2/Desktop/PROJECT/silaju.unifa.ac.id/RPL-RF/vendor/codeigniter4/framework/system/CodeIgniter.php(439): CodeIgniter\CodeIgniter->runController(Object(App\Controllers\Front))
#4 /Users/macbookprom2/Desktop/PROJECT/silaju.unifa.ac.id/RPL-RF/vendor/codeigniter4/framework/system/CodeIgniter.php(339): CodeIgniter\CodeIgniter->handleRequest(NULL, Object(Config\Cache), false)
#5 /Users/macbookprom2/Desktop/PROJECT/silaju.unifa.ac.id/RPL-RF/public/index.php(45): CodeIgniter\CodeIgniter->run()
#6 /Users/macbookprom2/Desktop/PROJECT/silaju.unifa.ac.id/RPL-RF/vendor/codeigniter4/framework/system/Commands/Server/rewrite.php(45): require_once('/Users/macbookp...')
#7 {main}
CRITICAL - 2024-05-27 06:55:53 --> Argument 1 passed to CodeIgniter\Database\MySQLi\Connection::_escapeString() must be of the type string, null given, called in /Users/macbookprom2/Desktop/PROJECT/silaju.unifa.ac.id/RPL-RF/vendor/codeigniter4/framework/system/Database/BaseConnection.php on line 1429
#0 /Users/macbookprom2/Desktop/PROJECT/silaju.unifa.ac.id/RPL-RF/vendor/codeigniter4/framework/system/Database/BaseConnection.php(1429): CodeIgniter\Database\MySQLi\Connection->_escapeString(NULL)
#1 /Users/macbookprom2/Desktop/PROJECT/silaju.unifa.ac.id/RPL-RF/app/Controllers/Front.php(710): CodeIgniter\Database\BaseConnection->escapeString(NULL)
#2 /Users/macbookprom2/Desktop/PROJECT/silaju.unifa.ac.id/RPL-RF/vendor/codeigniter4/framework/system/CodeIgniter.php(931): App\Controllers\Front->getKab()
#3 /Users/macbookprom2/Desktop/PROJECT/silaju.unifa.ac.id/RPL-RF/vendor/codeigniter4/framework/system/CodeIgniter.php(439): CodeIgniter\CodeIgniter->runController(Object(App\Controllers\Front))
#4 /Users/macbookprom2/Desktop/PROJECT/silaju.unifa.ac.id/RPL-RF/vendor/codeigniter4/framework/system/CodeIgniter.php(339): CodeIgniter\CodeIgniter->handleRequest(NULL, Object(Config\Cache), false)
#5 /Users/macbookprom2/Desktop/PROJECT/silaju.unifa.ac.id/RPL-RF/public/index.php(45): CodeIgniter\CodeIgniter->run()
#6 /Users/macbookprom2/Desktop/PROJECT/silaju.unifa.ac.id/RPL-RF/vendor/codeigniter4/framework/system/Commands/Server/rewrite.php(45): require_once('/Users/macbookp...')
#7 {main}
CRITICAL - 2024-05-27 06:55:55 --> Argument 1 passed to CodeIgniter\Database\MySQLi\Connection::_escapeString() must be of the type string, null given, called in /Users/macbookprom2/Desktop/PROJECT/silaju.unifa.ac.id/RPL-RF/vendor/codeigniter4/framework/system/Database/BaseConnection.php on line 1429
#0 /Users/macbookprom2/Desktop/PROJECT/silaju.unifa.ac.id/RPL-RF/vendor/codeigniter4/framework/system/Database/BaseConnection.php(1429): CodeIgniter\Database\MySQLi\Connection->_escapeString(NULL)
#1 /Users/macbookprom2/Desktop/PROJECT/silaju.unifa.ac.id/RPL-RF/app/Controllers/Front.php(710): CodeIgniter\Database\BaseConnection->escapeString(NULL)
#2 /Users/macbookprom2/Desktop/PROJECT/silaju.unifa.ac.id/RPL-RF/vendor/codeigniter4/framework/system/CodeIgniter.php(931): App\Controllers\Front->getKab()
#3 /Users/macbookprom2/Desktop/PROJECT/silaju.unifa.ac.id/RPL-RF/vendor/codeigniter4/framework/system/CodeIgniter.php(439): CodeIgniter\CodeIgniter->runController(Object(App\Controllers\Front))
#4 /Users/macbookprom2/Desktop/PROJECT/silaju.unifa.ac.id/RPL-RF/vendor/codeigniter4/framework/system/CodeIgniter.php(339): CodeIgniter\CodeIgniter->handleRequest(NULL, Object(Config\Cache), false)
#5 /Users/macbookprom2/Desktop/PROJECT/silaju.unifa.ac.id/RPL-RF/public/index.php(45): CodeIgniter\CodeIgniter->run()
#6 /Users/macbookprom2/Desktop/PROJECT/silaju.unifa.ac.id/RPL-RF/vendor/codeigniter4/framework/system/Commands/Server/rewrite.php(45): require_once('/Users/macbookp...')
#7 {main}
CRITICAL - 2024-05-27 06:56:22 --> Argument 1 passed to CodeIgniter\Database\MySQLi\Connection::_escapeString() must be of the type string, null given, called in /Users/macbookprom2/Desktop/PROJECT/silaju.unifa.ac.id/RPL-RF/vendor/codeigniter4/framework/system/Database/BaseConnection.php on line 1429
#0 /Users/macbookprom2/Desktop/PROJECT/silaju.unifa.ac.id/RPL-RF/vendor/codeigniter4/framework/system/Database/BaseConnection.php(1429): CodeIgniter\Database\MySQLi\Connection->_escapeString(NULL)
#1 /Users/macbookprom2/Desktop/PROJECT/silaju.unifa.ac.id/RPL-RF/app/Controllers/Front.php(710): CodeIgniter\Database\BaseConnection->escapeString(NULL)
#2 /Users/macbookprom2/Desktop/PROJECT/silaju.unifa.ac.id/RPL-RF/vendor/codeigniter4/framework/system/CodeIgniter.php(931): App\Controllers\Front->getKab()
#3 /Users/macbookprom2/Desktop/PROJECT/silaju.unifa.ac.id/RPL-RF/vendor/codeigniter4/framework/system/CodeIgniter.php(439): CodeIgniter\CodeIgniter->runController(Object(App\Controllers\Front))
#4 /Users/macbookprom2/Desktop/PROJECT/silaju.unifa.ac.id/RPL-RF/vendor/codeigniter4/framework/system/CodeIgniter.php(339): CodeIgniter\CodeIgniter->handleRequest(NULL, Object(Config\Cache), false)
#5 /Users/macbookprom2/Desktop/PROJECT/silaju.unifa.ac.id/RPL-RF/public/index.php(45): CodeIgniter\CodeIgniter->run()
#6 /Users/macbookprom2/Desktop/PROJECT/silaju.unifa.ac.id/RPL-RF/vendor/codeigniter4/framework/system/Commands/Server/rewrite.php(45): require_once('/Users/macbookp...')
#7 {main}
CRITICAL - 2024-05-27 06:56:40 --> Argument 1 passed to CodeIgniter\Database\MySQLi\Connection::_escapeString() must be of the type string, null given, called in /Users/macbookprom2/Desktop/PROJECT/silaju.unifa.ac.id/RPL-RF/vendor/codeigniter4/framework/system/Database/BaseConnection.php on line 1429
#0 /Users/macbookprom2/Desktop/PROJECT/silaju.unifa.ac.id/RPL-RF/vendor/codeigniter4/framework/system/Database/BaseConnection.php(1429): CodeIgniter\Database\MySQLi\Connection->_escapeString(NULL)
#1 /Users/macbookprom2/Desktop/PROJECT/silaju.unifa.ac.id/RPL-RF/app/Controllers/Front.php(710): CodeIgniter\Database\BaseConnection->escapeString(NULL)
#2 /Users/macbookprom2/Desktop/PROJECT/silaju.unifa.ac.id/RPL-RF/vendor/codeigniter4/framework/system/CodeIgniter.php(931): App\Controllers\Front->getKab()
#3 /Users/macbookprom2/Desktop/PROJECT/silaju.unifa.ac.id/RPL-RF/vendor/codeigniter4/framework/system/CodeIgniter.php(439): CodeIgniter\CodeIgniter->runController(Object(App\Controllers\Front))
#4 /Users/macbookprom2/Desktop/PROJECT/silaju.unifa.ac.id/RPL-RF/vendor/codeigniter4/framework/system/CodeIgniter.php(339): CodeIgniter\CodeIgniter->handleRequest(NULL, Object(Config\Cache), false)
#5 /Users/macbookprom2/Desktop/PROJECT/silaju.unifa.ac.id/RPL-RF/public/index.php(45): CodeIgniter\CodeIgniter->run()
#6 /Users/macbookprom2/Desktop/PROJECT/silaju.unifa.ac.id/RPL-RF/vendor/codeigniter4/framework/system/Commands/Server/rewrite.php(45): require_once('/Users/macbookp...')
#7 {main}
CRITICAL - 2024-05-27 06:56:56 --> Argument 1 passed to CodeIgniter\Database\MySQLi\Connection::_escapeString() must be of the type string, null given, called in /Users/macbookprom2/Desktop/PROJECT/silaju.unifa.ac.id/RPL-RF/vendor/codeigniter4/framework/system/Database/BaseConnection.php on line 1429
#0 /Users/macbookprom2/Desktop/PROJECT/silaju.unifa.ac.id/RPL-RF/vendor/codeigniter4/framework/system/Database/BaseConnection.php(1429): CodeIgniter\Database\MySQLi\Connection->_escapeString(NULL)
#1 /Users/macbookprom2/Desktop/PROJECT/silaju.unifa.ac.id/RPL-RF/app/Controllers/Front.php(710): CodeIgniter\Database\BaseConnection->escapeString(NULL)
#2 /Users/macbookprom2/Desktop/PROJECT/silaju.unifa.ac.id/RPL-RF/vendor/codeigniter4/framework/system/CodeIgniter.php(931): App\Controllers\Front->getKab()
#3 /Users/macbookprom2/Desktop/PROJECT/silaju.unifa.ac.id/RPL-RF/vendor/codeigniter4/framework/system/CodeIgniter.php(439): CodeIgniter\CodeIgniter->runController(Object(App\Controllers\Front))
#4 /Users/macbookprom2/Desktop/PROJECT/silaju.unifa.ac.id/RPL-RF/vendor/codeigniter4/framework/system/CodeIgniter.php(339): CodeIgniter\CodeIgniter->handleRequest(NULL, Object(Config\Cache), false)
#5 /Users/macbookprom2/Desktop/PROJECT/silaju.unifa.ac.id/RPL-RF/public/index.php(45): CodeIgniter\CodeIgniter->run()
#6 /Users/macbookprom2/Desktop/PROJECT/silaju.unifa.ac.id/RPL-RF/vendor/codeigniter4/framework/system/Commands/Server/rewrite.php(45): require_once('/Users/macbookp...')
#7 {main}
CRITICAL - 2024-05-27 06:57:56 --> Argument 1 passed to CodeIgniter\Database\MySQLi\Connection::_escapeString() must be of the type string, null given, called in /Users/macbookprom2/Desktop/PROJECT/silaju.unifa.ac.id/RPL-RF/vendor/codeigniter4/framework/system/Database/BaseConnection.php on line 1429
#0 /Users/macbookprom2/Desktop/PROJECT/silaju.unifa.ac.id/RPL-RF/vendor/codeigniter4/framework/system/Database/BaseConnection.php(1429): CodeIgniter\Database\MySQLi\Connection->_escapeString(NULL)
#1 /Users/macbookprom2/Desktop/PROJECT/silaju.unifa.ac.id/RPL-RF/app/Controllers/Front.php(710): CodeIgniter\Database\BaseConnection->escapeString(NULL)
#2 /Users/macbookprom2/Desktop/PROJECT/silaju.unifa.ac.id/RPL-RF/vendor/codeigniter4/framework/system/CodeIgniter.php(931): App\Controllers\Front->getKab()
#3 /Users/macbookprom2/Desktop/PROJECT/silaju.unifa.ac.id/RPL-RF/vendor/codeigniter4/framework/system/CodeIgniter.php(439): CodeIgniter\CodeIgniter->runController(Object(App\Controllers\Front))
#4 /Users/macbookprom2/Desktop/PROJECT/silaju.unifa.ac.id/RPL-RF/vendor/codeigniter4/framework/system/CodeIgniter.php(339): CodeIgniter\CodeIgniter->handleRequest(NULL, Object(Config\Cache), false)
#5 /Users/macbookprom2/Desktop/PROJECT/silaju.unifa.ac.id/RPL-RF/public/index.php(45): CodeIgniter\CodeIgniter->run()
#6 /Users/macbookprom2/Desktop/PROJECT/silaju.unifa.ac.id/RPL-RF/vendor/codeigniter4/framework/system/Commands/Server/rewrite.php(45): require_once('/Users/macbookp...')
#7 {main}
CRITICAL - 2024-05-27 06:59:40 --> Argument 1 passed to CodeIgniter\Database\MySQLi\Connection::_escapeString() must be of the type string, null given, called in /Users/macbookprom2/Desktop/PROJECT/silaju.unifa.ac.id/RPL-RF/vendor/codeigniter4/framework/system/Database/BaseConnection.php on line 1429
#0 /Users/macbookprom2/Desktop/PROJECT/silaju.unifa.ac.id/RPL-RF/vendor/codeigniter4/framework/system/Database/BaseConnection.php(1429): CodeIgniter\Database\MySQLi\Connection->_escapeString(NULL)
#1 /Users/macbookprom2/Desktop/PROJECT/silaju.unifa.ac.id/RPL-RF/app/Controllers/Front.php(710): CodeIgniter\Database\BaseConnection->escapeString(NULL)
#2 /Users/macbookprom2/Desktop/PROJECT/silaju.unifa.ac.id/RPL-RF/vendor/codeigniter4/framework/system/CodeIgniter.php(931): App\Controllers\Front->getKab()
#3 /Users/macbookprom2/Desktop/PROJECT/silaju.unifa.ac.id/RPL-RF/vendor/codeigniter4/framework/system/CodeIgniter.php(439): CodeIgniter\CodeIgniter->runController(Object(App\Controllers\Front))
#4 /Users/macbookprom2/Desktop/PROJECT/silaju.unifa.ac.id/RPL-RF/vendor/codeigniter4/framework/system/CodeIgniter.php(339): CodeIgniter\CodeIgniter->handleRequest(NULL, Object(Config\Cache), false)
#5 /Users/macbookprom2/Desktop/PROJECT/silaju.unifa.ac.id/RPL-RF/public/index.php(45): CodeIgniter\CodeIgniter->run()
#6 /Users/macbookprom2/Desktop/PROJECT/silaju.unifa.ac.id/RPL-RF/vendor/codeigniter4/framework/system/Commands/Server/rewrite.php(45): require_once('/Users/macbookp...')
#7 {main}
CRITICAL - 2024-05-27 07:10:56 --> Argument 1 passed to CodeIgniter\Database\MySQLi\Connection::_escapeString() must be of the type string, null given, called in /Users/macbookprom2/Desktop/PROJECT/silaju.unifa.ac.id/RPL-RF/vendor/codeigniter4/framework/system/Database/BaseConnection.php on line 1429
#0 /Users/macbookprom2/Desktop/PROJECT/silaju.unifa.ac.id/RPL-RF/vendor/codeigniter4/framework/system/Database/BaseConnection.php(1429): CodeIgniter\Database\MySQLi\Connection->_escapeString(NULL)
#1 /Users/macbookprom2/Desktop/PROJECT/silaju.unifa.ac.id/RPL-RF/app/Controllers/Front.php(710): CodeIgniter\Database\BaseConnection->escapeString(NULL)
#2 /Users/macbookprom2/Desktop/PROJECT/silaju.unifa.ac.id/RPL-RF/vendor/codeigniter4/framework/system/CodeIgniter.php(931): App\Controllers\Front->getKab()
#3 /Users/macbookprom2/Desktop/PROJECT/silaju.unifa.ac.id/RPL-RF/vendor/codeigniter4/framework/system/CodeIgniter.php(439): CodeIgniter\CodeIgniter->runController(Object(App\Controllers\Front))
#4 /Users/macbookprom2/Desktop/PROJECT/silaju.unifa.ac.id/RPL-RF/vendor/codeigniter4/framework/system/CodeIgniter.php(339): CodeIgniter\CodeIgniter->handleRequest(NULL, Object(Config\Cache), false)
#5 /Users/macbookprom2/Desktop/PROJECT/silaju.unifa.ac.id/RPL-RF/public/index.php(45): CodeIgniter\CodeIgniter->run()
#6 /Users/macbookprom2/Desktop/PROJECT/silaju.unifa.ac.id/RPL-RF/vendor/codeigniter4/framework/system/Commands/Server/rewrite.php(45): require_once('/Users/macbookp...')
#7 {main}
CRITICAL - 2024-05-27 08:06:33 --> Argument 1 passed to CodeIgniter\Database\MySQLi\Connection::_escapeString() must be of the type string, null given, called in /Users/macbookprom2/Desktop/PROJECT/silaju.unifa.ac.id/RPL-RF/vendor/codeigniter4/framework/system/Database/BaseConnection.php on line 1429
#0 /Users/macbookprom2/Desktop/PROJECT/silaju.unifa.ac.id/RPL-RF/vendor/codeigniter4/framework/system/Database/BaseConnection.php(1429): CodeIgniter\Database\MySQLi\Connection->_escapeString(NULL)
#1 /Users/macbookprom2/Desktop/PROJECT/silaju.unifa.ac.id/RPL-RF/app/Controllers/Front.php(710): CodeIgniter\Database\BaseConnection->escapeString(NULL)
#2 /Users/macbookprom2/Desktop/PROJECT/silaju.unifa.ac.id/RPL-RF/vendor/codeigniter4/framework/system/CodeIgniter.php(931): App\Controllers\Front->getKab()
#3 /Users/macbookprom2/Desktop/PROJECT/silaju.unifa.ac.id/RPL-RF/vendor/codeigniter4/framework/system/CodeIgniter.php(439): CodeIgniter\CodeIgniter->runController(Object(App\Controllers\Front))
#4 /Users/macbookprom2/Desktop/PROJECT/silaju.unifa.ac.id/RPL-RF/vendor/codeigniter4/framework/system/CodeIgniter.php(339): CodeIgniter\CodeIgniter->handleRequest(NULL, Object(Config\Cache), false)
#5 /Users/macbookprom2/Desktop/PROJECT/silaju.unifa.ac.id/RPL-RF/public/index.php(45): CodeIgniter\CodeIgniter->run()
#6 /Users/macbookprom2/Desktop/PROJECT/silaju.unifa.ac.id/RPL-RF/vendor/codeigniter4/framework/system/Commands/Server/rewrite.php(45): require_once('/Users/macbookp...')
#7 {main}
